<?xml version="1.0" encoding="UTF-8"?>
<robot generator="Robot 7.1.1 (Python 3.13.1 on win32)" generated="2025-02-07T19:18:29.205114" rpa="false" schemaversion="5">
<suite id="s1" name="CreateOrder create normal order ATG ClickandCollect TC 002" source="C:\automation\automationLvrplSL\LvrplSL\CreateOrder\CreateOrder_create_normal_order_ATG_ClickandCollect_TC_002">
<suite id="s1-s1" name="Test" source="C:\automation\automationLvrplSL\LvrplSL\CreateOrder\CreateOrder_create_normal_order_ATG_ClickandCollect_TC_002\test">
<suite id="s1-s1-s1" name="TC 002" source="C:\automation\automationLvrplSL\LvrplSL\CreateOrder\CreateOrder_create_normal_order_ATG_ClickandCollect_TC_002\test\TC_002.robot">
<test id="s1-s1-s1-t1" name="Create Order TC_001" line="13">
<kw name="Creating Session1" owner="createSession">
<kw name="Create List" owner="BuiltIn">
<msg time="2025-02-07T19:18:32.422591" level="INFO">${auth} = ['admin', 'ChangeIt4m3']</msg>
<var>${auth}</var>
<arg>${user}</arg>
<arg>${passwd}</arg>
<doc>Returns a list containing given items.</doc>
<status status="PASS" start="2025-02-07T19:18:32.422096" elapsed="0.000549"/>
</kw>
<kw name="Create Session" owner="RequestsLibrary">
<msg time="2025-02-07T19:18:32.423482" level="INFO">Creating Session using : alias=AddData, url=http://localhost:9080/smcfs/restapi/invoke/createOrder, headers={'Content-Type': 'application/xml', 'Authorization': 'Basic YWRtaW46cGFzc3dvcmQ='},                     cookies={}, auth=&lt;requests.auth.HTTPBasicAuth object at 0x00000229179316A0&gt;, timeout=None, proxies=None, verify=False,                     debug=0 </msg>
<arg>${AddData}</arg>
<arg>url=${base_url_api}${createOrder}</arg>
<arg>headers=${headers}</arg>
<arg>auth=${auth}</arg>
<doc>Create Session: create a HTTP session to a server</doc>
<status status="PASS" start="2025-02-07T19:18:32.422859" elapsed="0.000868"/>
</kw>
<arg>AddData</arg>
<status status="PASS" start="2025-02-07T19:18:32.420859" elapsed="0.002973"/>
</kw>
<kw name="Manage Item With Dynamic Item" owner="Prepare_Xml_Content">
<msg time="2025-02-07T19:18:34.444615" level="INFO">before mod &lt;ItemList&gt;
	&lt;Item Action="Manage" GlobalItemID="12439482" ItemID="$ItemID" OrganizationCode="Liverpool" UnitOfMeasure="UN"&gt;
		&lt;Extn ExtnActive="01" ExtnItemSF="Y" ExtnItemSFDesc="ACTIVO" ExtnSuggestedPackage="" ExtnSkuPackage=""/&gt;
		&lt;PrimaryInformation DefaultProductClass="SL" Description="CHAROLA GIRATORIA AILE, 48CM, NATURAL H" ShortDescription="CHAROLA GIRATORIA AILE, 48CM, NATURAL H" ExtendedDisplayDescription="CHAROLA GIRATORIA REDO, 48 CM, NATURAL (12439482)" IsDeliveryAllowed="Y" IsPickupAllowed="Y" IsShippingAllowed="Y" PrimaryEnterpriseCode="Liverpool" SerializedFlag="N" Status="3000" UnitCost="829" ItemType=""/&gt;
		&lt;ClassificationCodes ECCNNo="HAUS" Model="18917" NAICSCode="7502008630089" NMFCClass="152" NMFCCode="15204"/&gt;
		&lt;InventoryParameters ATPRule="Liverpool_ATP" InventoryMonitorRule="EPL_ATP_MONITOR_RULE" NodeLevelInventoryMonitorRule="EPL_ATP_MONITOR_RULE"/&gt;
		&lt;ItemAliasList Reset="Y"&gt;
			&lt;ItemAlias AliasName="EAN1" AliasValue="7502008630089"/&gt;
		&lt;/ItemAliasList&gt;
	&lt;/Item&gt;
&lt;/ItemList&gt;
after mod &lt;ItemList&gt;
	&lt;Item Action="Manage" GlobalItemID="12439482" ItemID="20250207191832443" OrganizationCode="Liverpool" UnitOfMeasure="UN"&gt;
		&lt;Extn ExtnActive="01" ExtnItemSF="Y" ExtnItemSFDesc="ACTIVO" ExtnSuggestedPackage="" ExtnSkuPackage=""/&gt;
		&lt;PrimaryInformation DefaultProductClass="SL" Description="CHAROLA GIRATORIA AILE, 48CM, NATURAL H" ShortDescription="CHAROLA GIRATORIA AILE, 48CM, NATURAL H" ExtendedDisplayDescription="CHAROLA GIRATORIA REDO, 48 CM, NATURAL (12439482)" IsDeliveryAllowed="Y" IsPickupAllowed="Y" IsShippingAllowed="Y" PrimaryEnterpriseCode="Liverpool" SerializedFlag="N" Status="3000" UnitCost="829" ItemType=""/&gt;
		&lt;ClassificationCodes ECCNNo="HAUS" Model="18917" NAICSCode="7502008630089" NMFCClass="152" NMFCCode="15204"/&gt;
		&lt;InventoryParameters ATPRule="Liverpool_ATP" InventoryMonitorRule="EPL_ATP_MONITOR_RULE" NodeLevelInventoryMonitorRule="EPL_ATP_MONITOR_RULE"/&gt;
		&lt;ItemAliasList Reset="Y"&gt;
			&lt;ItemAlias AliasName="EAN1" AliasValue="7502008630089"/&gt;
		&lt;/ItemAliasList&gt;
	&lt;/Item&gt;
&lt;/ItemList&gt;</msg>
<msg time="2025-02-07T19:18:34.444882" level="INFO">${manageItemJson} = &lt;ItemList&gt;
	&lt;Item Action="Manage" GlobalItemID="12439482" ItemID="20250207191832443" OrganizationCode="Liverpool" UnitOfMeasure="UN"&gt;
		&lt;Extn ExtnActive="01" ExtnItemSF="Y" ExtnItemSFDesc="ACTIVO" Ext...</msg>
<var>${manageItemJson}</var>
<arg>C:\\automation\\automationLvrplSL\\LvrplSL\\CreateOrder\\CreateOrder_create_normal_order_ATG_ClickandCollect_TC_002\\test</arg>
<status status="PASS" start="2025-02-07T19:18:32.424217" elapsed="2.020700"/>
</kw>
<kw name="POST On Session" owner="RequestsLibrary">
<msg time="2025-02-07T19:18:35.788469" level="INFO">POST Request : url=http://localhost:9080/smcfs/restapi/invoke/manageItem 
 path_url=/smcfs/restapi/invoke/manageItem 
 headers={'User-Agent': 'python-requests/2.32.3', 'Accept-Encoding': 'gzip, deflate', 'Accept': '*/*', 'Connection': 'keep-alive', 'Content-Type': 'application/xml', 'Authorization': 'Basic YWRtaW46Q2hhbmdlSXQ0bTM=', 'Content-Length': '1025'} 
 body=&lt;ItemList&gt;
	&lt;Item Action="Manage" GlobalItemID="12439482" ItemID="20250207191832443" OrganizationCode="Liverpool" UnitOfMeasure="UN"&gt;
		&lt;Extn ExtnActive="01" ExtnItemSF="Y" ExtnItemSFDesc="ACTIVO" ExtnSuggestedPackage="" ExtnSkuPackage=""/&gt;
		&lt;PrimaryInformation DefaultProductClass="SL" Description="CHAROLA GIRATORIA AILE, 48CM, NATURAL H" ShortDescription="CHAROLA GIRATORIA AILE, 48CM, NATURAL H" ExtendedDisplayDescription="CHAROLA GIRATORIA REDO, 48 CM, NATURAL (12439482)" IsDeliveryAllowed="Y" IsPickupAllowed="Y" IsShippingAllowed="Y" PrimaryEnterpriseCode="Liverpool" SerializedFlag="N" Status="3000" UnitCost="829" ItemType=""/&gt;
		&lt;ClassificationCodes ECCNNo="HAUS" Model="18917" NAICSCode="7502008630089" NMFCClass="152" NMFCCode="15204"/&gt;
		&lt;InventoryParameters ATPRule="Liverpool_ATP" InventoryMonitorRule="EPL_ATP_MONITOR_RULE" NodeLevelInventoryMonitorRule="EPL_ATP_MONITOR_RULE"/&gt;
		&lt;ItemAliasList Reset="Y"&gt;
			&lt;ItemAlias AliasName="EAN1" AliasValue="7502008630089"/&gt;
		&lt;/ItemAliasList&gt;
	&lt;/Item&gt;
&lt;/ItemList&gt; 
 </msg>
<msg time="2025-02-07T19:18:35.788721" level="INFO">POST Response : url=http://localhost:9080/smcfs/restapi/invoke/manageItem 
 status=204, reason=No Content 
 headers={'X-FRAME-OPTIONS': 'SAMEORIGIN', 'X-UA-Compatible': 'IE=EmulateIE8', 'Access-Control-Allow-Origin': '*', 'Access-Control-Max-Age': '3600', 'Access-Control-Allow-Credentials': 'true', 'Content-Language': 'en-US', 'Vary': 'Accept-Encoding', 'Content-Length': '0', 'Date': 'Fri, 07 Feb 2025 13:48:35 GMT'} 
 body=None 
 </msg>
<msg time="2025-02-07T19:18:35.788949" level="INFO">${manageItemResponse} = &lt;Response [204]&gt;</msg>
<var>${manageItemResponse}</var>
<arg>AddData</arg>
<arg>${base_url_api}${manageItem}</arg>
<arg>data=${manageItemJson}</arg>
<doc>Sends a POST request on a previously created HTTP Session.</doc>
<status status="PASS" start="2025-02-07T19:18:34.445301" elapsed="1.343699"/>
</kw>
<kw name="Status Should Be" owner="RequestsLibrary">
<arg>204</arg>
<arg>${manageItemResponse}</arg>
<doc>Fails if response status code is different than the expected.</doc>
<status status="PASS" start="2025-02-07T19:18:35.789538" elapsed="0.000309"/>
</kw>
<kw name="Manage Item With Dynamic Item1" owner="Prepare_Xml_Content">
<msg time="2025-02-07T19:18:35.805869" level="INFO">after mod &lt;ItemList&gt;
	&lt;Item Action="Manage" GlobalItemID="12439482" ItemID="20250207191832443" OrganizationCode="Liverpool" UnitOfMeasure="UN"&gt;
		&lt;Extn ExtnActive="01" ExtnItemSF="Y" ExtnItemSFDesc="ACTIVO" ExtnSuggestedPackage="" ExtnSkuPackage=""/&gt;
		&lt;PrimaryInformation DefaultProductClass="SL" Description="CHAROLA GIRATORIA AILE, 48CM, NATURAL H" ShortDescription="CHAROLA GIRATORIA AILE, 48CM, NATURAL H" ExtendedDisplayDescription="CHAROLA GIRATORIA REDO, 48 CM, NATURAL (12439482)" IsDeliveryAllowed="Y" IsPickupAllowed="Y" IsShippingAllowed="Y" PrimaryEnterpriseCode="Liverpool" SerializedFlag="N" Status="3000" UnitCost="829" ItemType=""/&gt;
		&lt;ClassificationCodes ECCNNo="HAUS" Model="18917" NAICSCode="7502008630089" NMFCClass="152" NMFCCode="15204"/&gt;
		&lt;InventoryParameters ATPRule="Liverpool_ATP" InventoryMonitorRule="EPL_ATP_MONITOR_RULE" NodeLevelInventoryMonitorRule="EPL_ATP_MONITOR_RULE"/&gt;
		&lt;ItemAliasList Reset="Y"&gt;
			&lt;ItemAlias AliasName="EAN1" AliasValue="7502008630089"/&gt;
		&lt;/ItemAliasList&gt;
	&lt;/Item&gt;
&lt;/ItemList&gt;</msg>
<msg time="2025-02-07T19:18:35.806377" level="INFO">${jsonItemId} = {'ItemList': {'Item': {'_Action': 'Manage', '_GlobalItemID': '12439482', '_ItemID': '20250207191832443', '_OrganizationCode': 'Liverpool', '_UnitOfMeasure': 'UN', 'Extn': {'_ExtnActive': '01', '_ExtnI...</msg>
<var>${jsonItemId}</var>
<arg>C:\\automation\\automationLvrplSL\\LvrplSL\\CreateOrder\\CreateOrder_create_normal_order_ATG_ClickandCollect_TC_002\\test</arg>
<status status="PASS" start="2025-02-07T19:18:35.790096" elapsed="0.016343"/>
</kw>
<kw name="Dictionary Should Contain Key" owner="Collections">
<arg>${jsonItemId}</arg>
<arg>ItemList</arg>
<doc>Fails if ``key`` is not found from ``dictionary``.</doc>
<status status="PASS" start="2025-02-07T19:18:35.806971" elapsed="0.000282"/>
</kw>
<kw name="Get From Dictionary" owner="Collections">
<msg time="2025-02-07T19:18:35.807835" level="INFO">${Item_ID_Path} = {'Item': {'_Action': 'Manage', '_GlobalItemID': '12439482', '_ItemID': '20250207191832443', '_OrganizationCode': 'Liverpool', '_UnitOfMeasure': 'UN', 'Extn': {'_ExtnActive': '01', '_ExtnItemSF': 'Y', ...</msg>
<var>${Item_ID_Path}</var>
<arg>${jsonItemId}</arg>
<arg>ItemList</arg>
<doc>Returns a value from the given ``dictionary`` based on the given ``key``.</doc>
<status status="PASS" start="2025-02-07T19:18:35.807551" elapsed="0.000320"/>
</kw>
<kw name="Adjust Inventory File" owner="Prepare_Xml_Content">
<msg time="2025-02-07T19:18:35.822452" level="INFO">${jsonAdjInv} = &lt;Items&gt;
	&lt;Item AdjustmentType="ABSOLUTE" Availability="TRACK" ItemID="20250207191832443" OrganizationCode="Liverpool" Quantity="100" ReasonCode="itemSLRTAMS19t2" ReasonText="Ajuste GoldenGate" ShipNod...</msg>
<var>${jsonAdjInv}</var>
<arg>${jsonItemId}[ItemList][Item][_ItemID]</arg>
<arg>C:\\automation\\automationLvrplSL\\LvrplSL\\CreateOrder\\CreateOrder_create_normal_order_ATG_ClickandCollect_TC_002\\test</arg>
<status status="PASS" start="2025-02-07T19:18:35.808157" elapsed="0.014348"/>
</kw>
<kw name="POST On Session" owner="RequestsLibrary">
<msg time="2025-02-07T19:18:36.483447" level="INFO">POST Request : url=http://localhost:9080/smcfs/restapi/invoke/adjustInventory 
 path_url=/smcfs/restapi/invoke/adjustInventory 
 headers={'User-Agent': 'python-requests/2.32.3', 'Accept-Encoding': 'gzip, deflate', 'Accept': '*/*', 'Connection': 'keep-alive', 'Content-Type': 'application/xml', 'Authorization': 'Basic YWRtaW46Q2hhbmdlSXQ0bTM=', 'Content-Length': '256'} 
 body=&lt;Items&gt;
	&lt;Item AdjustmentType="ABSOLUTE" Availability="TRACK" ItemID="20250207191832443" OrganizationCode="Liverpool" Quantity="100" ReasonCode="itemSLRTAMS19t2" ReasonText="Ajuste GoldenGate" ShipNode="77" SupplyType="ONHAND" UnitOfMeasure="UN"/&gt;
&lt;/Items&gt; 
 </msg>
<msg time="2025-02-07T19:18:36.483606" level="INFO">POST Response : url=http://localhost:9080/smcfs/restapi/invoke/adjustInventory 
 status=204, reason=No Content 
 headers={'X-FRAME-OPTIONS': 'SAMEORIGIN', 'X-UA-Compatible': 'IE=EmulateIE8', 'Access-Control-Allow-Origin': '*', 'Access-Control-Max-Age': '3600', 'Access-Control-Allow-Credentials': 'true', 'Content-Language': 'en-US', 'Vary': 'Accept-Encoding', 'Content-Length': '0', 'Date': 'Fri, 07 Feb 2025 13:48:36 GMT'} 
 body=None 
 </msg>
<msg time="2025-02-07T19:18:36.483850" level="INFO">${adjInvresponse} = &lt;Response [204]&gt;</msg>
<var>${adjInvresponse}</var>
<arg>AddData</arg>
<arg>${base_url_api}${adjustInventory}</arg>
<arg>data=${jsonAdjInv}</arg>
<arg>headers=${headers}</arg>
<doc>Sends a POST request on a previously created HTTP Session.</doc>
<status status="PASS" start="2025-02-07T19:18:35.822856" elapsed="0.661047"/>
</kw>
<kw name="Status Should Be" owner="RequestsLibrary">
<arg>204</arg>
<arg>${adjInvresponse}</arg>
<doc>Fails if response status code is different than the expected.</doc>
<status status="PASS" start="2025-02-07T19:18:36.484775" elapsed="0.000390"/>
</kw>
<kw name="Find Inventory File" owner="Prepare_Xml_Content">
<msg time="2025-02-07T19:18:36.502802" level="INFO">${jsonfindInventory} = &lt;Promise AllocationRuleID="FWD_RULES" CheckInventory="Y" EnterpriseCode="Liverpool" FulfillmentType="Fulfillment_Type_Liverpool"
 OrganizationCode="Liverpool"&gt;
	&lt;ShipToAddress Country="MX" ZipCode="98...</msg>
<var>${jsonfindInventory}</var>
<arg>${jsonItemId}[ItemList][Item][_ItemID]</arg>
<arg>C:\\automation\\automationLvrplSL\\LvrplSL\\CreateOrder\\CreateOrder_create_normal_order_ATG_ClickandCollect_TC_002\\test</arg>
<status status="PASS" start="2025-02-07T19:18:36.485524" elapsed="0.017359"/>
</kw>
<kw name="POST On Session" owner="RequestsLibrary">
<msg time="2025-02-07T19:18:49.791286" level="INFO">POST Request : url=http://localhost:9080/smcfs/restapi/invoke/findInventory 
 path_url=/smcfs/restapi/invoke/findInventory 
 headers={'User-Agent': 'python-requests/2.32.3', 'Accept-Encoding': 'gzip, deflate', 'Accept': '*/*', 'Connection': 'keep-alive', 'Content-Type': 'application/xml', 'Authorization': 'Basic YWRtaW46Q2hhbmdlSXQ0bTM=', 'Content-Length': '341'} 
 body=&lt;Promise AllocationRuleID="FWD_RULES" CheckInventory="Y" EnterpriseCode="Liverpool" FulfillmentType="Fulfillment_Type_Liverpool"
 OrganizationCode="Liverpool"&gt;
	&lt;ShipToAddress Country="MX" ZipCode="98047"/&gt;
	&lt;PromiseLines&gt;
		&lt;PromiseLine ItemID="20250207191832443" LineId="1" RequiredQty="20" UnitOfMeasure="UN"/&gt;
	&lt;/PromiseLines&gt;
&lt;/Promise&gt; 
 </msg>
<msg time="2025-02-07T19:18:49.791571" level="INFO">POST Response : url=http://localhost:9080/smcfs/restapi/invoke/findInventory 
 status=200, reason=OK 
 headers={'X-FRAME-OPTIONS': 'SAMEORIGIN', 'X-UA-Compatible': 'IE=EmulateIE8', 'Access-Control-Allow-Origin': '*', 'Access-Control-Max-Age': '3600', 'Access-Control-Allow-Credentials': 'true', 'Content-Type': 'application/json; charset=UTF-8', 'Content-Encoding': 'gzip', 'Content-Language': 'en-US', 'Vary': 'Accept-Encoding', 'Content-Length': '946', 'Date': 'Fri, 07 Feb 2025 13:48:49 GMT'} 
 body={"Options":{"TotalNumberOfRecords":"0"},"OptimizationType":"02","CheckInventory":"Y","AllocationRuleID":"FWD_RULES","SuggestedOption":{"Option":{"LastDate":"2025-02-07T13:48:36+00:00","OptionNo":"23","NodeQty":"20.00","FirstDate":"2025-02-07T13:48:36+00:00","AvailableFromUnplannedInventory":"N","TotalShipments":"1","Interactions":{"Interaction":[{"IsDelivery":"N","CarrierServiceCode":"","DeliveryMethod":"SHP","Node":"77","DeliveryDate":"2025-02-07T13:48:36+00:00","ShipDate":"2025-02-07T13:48:36+00:00","EarliestDate":"2025-02-07T00:00:00+00:00","LastDate":"2025-03-09T23:59:59+00:00","ItemGroupCode":"PROD","PersonInfoShipTo":{"VerificationStatus":"","Company":"","OtherPhone":"","UseCount":"0","EMailID":"","DayPhone":"","JobTitle":"","MobilePhone":"","Department":"","AlternateEmailID":"","PersonID":"","PreferredShipAddress":"","Beeper":"","FirstName":"","ZipCode":"98047","Title":"","City":"","MiddleName":"","DayFaxNo":"","HttpUrl":"","AddressLine3":"","AddressLine2":"","AddressLine1":"","Suffix":"","AddressLine6":"","AddressLine5":"","State":"","AddressLine4":"","EveningFaxNo":"","EveningPhone":"","Country":"MX","ErrorTxt":"","LastName":"","isHistory":"N"},"OrganizationCode":"","Carrier":"","TotalHandlingUnits":"0.00","InteractionNo":"1"}],"TotalNumberOfRecords":"1"},"LeastPriority":"10.00","PromiseLines":{"PromiseLine":[{"CarrierServiceCode":"","DeliveryMethod":"SHP","LineId":"1","UnitOfMeasure":"UN","Assignments":{"Assignment":[{"Procurements":{},"IsIdleAsset":"N","SegmentChangeQty":"0.00","ExternalNode":"N","ReservedQty":"0.00","AvailableFromUnplannedInventory":"N","ProcuredQty":"0.00","Quantity":"20.00","DeliveryDate":"2025-02-07T13:48:36+00:00","ShipDate":"2025-02-07T13:48:36+00:00","SubstituteItems":{},"MergeNode":"","SCAC":"","NodePriority":"10.00","ShipNode":"77","InteractionNo":"1","ProductAvailDate":"2025-02-07","Distance":"0.00","SubstitutedQty":"0.00"}],"TotalNumberOfRecords":"1"},"ReceivingNode":"","IsBundleParent":"N","ItemID":"20250207191832443","Segment":"","SegmentType":"","NewItemID":"","SCAC":"","BundleParentLineId":"","KitQty":"1","RequiredQty":"20","AutoReplacedByPreferredSubstitute":"N","DistributionRuleId":"","ShipNode":"","ProductClass":"","FulfillmentType":"Fulfillment_Type_Liverpool"}],"TotalNumberOfRecords":"1"},"MaxPriority":"10.00","PromiseServiceLines":{"TotalNumberOfRecords":"0"},"HasAnyUnavailableQty":"N"}},"OrganizationCode":"Liverpool","EnterpriseCode":"Liverpool","FulfillmentType":"Fulfillment_Type_Liverpool"} 
 </msg>
<msg time="2025-02-07T19:18:49.792306" level="INFO">${findInventoryResponse} = &lt;Response [200]&gt;</msg>
<var>${findInventoryResponse}</var>
<arg>AddData</arg>
<arg>${base_url_api}${findInventory}</arg>
<arg>data=${jsonfindInventory}</arg>
<arg>headers=${headers}</arg>
<doc>Sends a POST request on a previously created HTTP Session.</doc>
<status status="PASS" start="2025-02-07T19:18:36.503471" elapsed="13.288919"/>
</kw>
<kw name="Convert To String" owner="BuiltIn">
<msg time="2025-02-07T19:18:49.796038" level="INFO">${resp} = {'Options': {'TotalNumberOfRecords': '0'}, 'OptimizationType': '02', 'CheckInventory': 'Y', 'AllocationRuleID': 'FWD_RULES', 'SuggestedOption': {'Option': {'LastDate': '2025-02-07T13:48:36+00:00', 'Op...</msg>
<var>${resp}</var>
<arg>${findInventoryResponse.json()}</arg>
<doc>Converts the given item to a Unicode string.</doc>
<status status="PASS" start="2025-02-07T19:18:49.793192" elapsed="0.002931"/>
</kw>
<kw name="Write Output File" owner="Prepare_Xml_Content">
<arg>${resp}</arg>
<arg>'findInv'</arg>
<arg>C:\\automation\\automationLvrplSL\\LvrplSL\\CreateOrder\\CreateOrder_create_normal_order_ATG_ClickandCollect_TC_002\\test</arg>
<status status="PASS" start="2025-02-07T19:18:49.796789" elapsed="0.002589"/>
</kw>
<kw name="Create Order File" owner="Prepare_Xml_Content">
<msg time="2025-02-07T19:18:49.835437" level="INFO">${jsonCreateOrder} = &lt;Order AllocationRuleID="FWD_RULES" CustomerPONo="o1837376354" CustomerRewardsNo="2027498301" DocumentType="0001" DraftOrderFlag="Y" EnterpriseCode="Liverpool" OrderDate="2023-11-02T09:05:27-06:00" Or...</msg>
<var>${jsonCreateOrder}</var>
<arg>${jsonItemId}[ItemList][Item][_ItemID]</arg>
<arg>C:\\automation\\automationLvrplSL\\LvrplSL\\CreateOrder\\CreateOrder_create_normal_order_ATG_ClickandCollect_TC_002\\test</arg>
<status status="PASS" start="2025-02-07T19:18:49.800368" elapsed="0.035267"/>
</kw>
<kw name="POST On Session" owner="RequestsLibrary">
<msg time="2025-02-07T19:18:53.959989" level="INFO">POST Request : url=http://localhost:9080/smcfs/restapi/invoke/createOrder 
 path_url=/smcfs/restapi/invoke/createOrder 
 headers={'User-Agent': 'python-requests/2.32.3', 'Accept-Encoding': 'gzip, deflate', 'Accept': '*/*', 'Connection': 'keep-alive', 'Content-Type': 'application/xml', 'Authorization': 'Basic YWRtaW46Q2hhbmdlSXQ0bTM=', 'Content-Length': '1842'} 
 body=&lt;Order AllocationRuleID="FWD_RULES" CustomerPONo="o1837376354" CustomerRewardsNo="2027498301" DocumentType="0001" DraftOrderFlag="Y" EnterpriseCode="Liverpool" OrderDate="2023-11-02T09:05:27-06:00" OrderName="0904202401" OrderNo="20250207191832443" OrderType="Personal"&gt;
&lt;OrderLines&gt;
&lt;OrderLine Delivery="" FulfillmentType="Liverpool_CNC_PICK_PACK" OrderedQty="1" Store=""&gt;
&lt;Item ItemDesc=" " ItemID="20250207191832443" UnitOfMeasure="UN"/&gt;
&lt;LinePriceInfo IsPriceLocked="Y" ListPrice="279.3" UnitPrice="279.3"/&gt;
&lt;References&gt;
&lt;Reference Name="Promotion1" Value="30% de descuento"/&gt;
&lt;Reference Name="DiscountAmount" Value="119.69999999999999"/&gt;
&lt;/References&gt;
&lt;/OrderLine&gt;
&lt;/OrderLines&gt;
&lt;PersonInfoShipTo AddressLine1="0398 LIV Liverpool GalerÃ­as Insurgentes Av. Insurgentes Sur" AddressLine2="1310" AddressLine4="" AddressLine5="Benito JuÃ¡rez" AddressLine6="Entre calle Eje 7 FÃ©lix Cuevas y Parroquia" City="Col. Del Valle" Country="MX" DayPhone="5554801300" EMailID="iramosg@liverpool.com.mx" FirstName="ismael" LastName="avrilchiva" State="LÃ¡zaro CÃ¡rdenas" ZipCode="60955"/&gt;
&lt;PersonInfoBillTo AddressLine1="na" AddressLine2="na" AddressLine4="" AddressLine5="IZTAPALAPA" City="cdmx" Country="MX" DayPhone="555-2575722" FirstName="na na" LastName="" State="DISTRITO FEDERAL" ZipCode="06010"/&gt;
&lt;PersonInfoContact AddressLine1="20 palma" AddressLine2="20" AddressLine4="EL ARBOL" AddressLine5="ALVARO OBREGON" City="ALVARO OBREGON" Country="MX" DayPhone="56-21945242" EMailID="iramosg@liverpool.com.mx" FirstName="ismael" LastName="avrilchiva" State="CIUDAD DE MEXICO" ZipCode="52789"/&gt;
&lt;HeaderCharges&gt;
&lt;HeaderCharge ChargeAmount="0" ChargeCategory="Shipping" ChargeName="Shipping"/&gt;
&lt;/HeaderCharges&gt;
&lt;References&gt;
&lt;Reference Name="TicketNo" Value="3070000109"/&gt;
&lt;Reference Name="BankAuthNo" Value="897519"/&gt;
&lt;/References&gt;
&lt;/Order&gt; 
 </msg>
<msg time="2025-02-07T19:18:53.960155" level="INFO">POST Response : url=http://localhost:9080/smcfs/restapi/invoke/createOrder 
 status=200, reason=OK 
 headers={'X-FRAME-OPTIONS': 'SAMEORIGIN', 'X-UA-Compatible': 'IE=EmulateIE8', 'Access-Control-Allow-Origin': '*', 'Access-Control-Max-Age': '3600', 'Access-Control-Allow-Credentials': 'true', 'Content-Type': 'application/json; charset=UTF-8', 'Content-Encoding': 'gzip', 'Content-Language': 'en-US', 'Vary': 'Accept-Encoding', 'Content-Length': '120', 'Date': 'Fri, 07 Feb 2025 13:48:53 GMT'} 
 body={"DocumentType":"0001","OrderNo":"20250207191832443","OrderHeaderKey":"202502071348501042019","EnterpriseCode":"Liverpool"} 
 </msg>
<msg time="2025-02-07T19:18:53.960343" level="INFO">${createOrderResponse} = &lt;Response [200]&gt;</msg>
<var>${createOrderResponse}</var>
<arg>AddData</arg>
<arg>${base_url_api}${createOrder}</arg>
<arg>data=${jsonCreateOrder}</arg>
<arg>headers=${headers}</arg>
<doc>Sends a POST request on a previously created HTTP Session.</doc>
<status status="PASS" start="2025-02-07T19:18:49.836528" elapsed="4.123857"/>
</kw>
<kw name="Convert To String" owner="BuiltIn">
<msg time="2025-02-07T19:18:53.961884" level="INFO">${resp2} = {'DocumentType': '0001', 'OrderNo': '20250207191832443', 'OrderHeaderKey': '202502071348501042019', 'EnterpriseCode': 'Liverpool'}</msg>
<var>${resp2}</var>
<arg>${createOrderResponse.json()}</arg>
<doc>Converts the given item to a Unicode string.</doc>
<status status="PASS" start="2025-02-07T19:18:53.960757" elapsed="0.001164"/>
</kw>
<kw name="Write Output File" owner="Prepare_Xml_Content">
<arg>${resp2}</arg>
<arg>'createOrder'</arg>
<arg>C:\\automation\\automationLvrplSL\\LvrplSL\\CreateOrder\\CreateOrder_create_normal_order_ATG_ClickandCollect_TC_002\\test</arg>
<status status="PASS" start="2025-02-07T19:18:53.962393" elapsed="0.001041"/>
</kw>
<kw name="Log To Console" owner="BuiltIn">
<arg>${createOrderResponse}</arg>
<doc>Logs the given message to the console.</doc>
<status status="PASS" start="2025-02-07T19:18:53.963750" elapsed="0.000289"/>
</kw>
<kw name="Get Current Date" owner="DateTime">
<msg time="2025-02-07T19:18:53.964556" level="INFO">${timestamp} = 20250207-1918</msg>
<var>${timestamp}</var>
<arg>result_format=%Y%m%d-%H%M</arg>
<doc>Returns current local or UTC time with an optional increment.</doc>
<status status="PASS" start="2025-02-07T19:18:53.964281" elapsed="0.000311"/>
</kw>
<kw name="Dictionary Should Contain Key" owner="Collections">
<arg>${createOrderResponse.json()}</arg>
<arg>OrderNo</arg>
<doc>Fails if ``key`` is not found from ``dictionary``.</doc>
<status status="PASS" start="2025-02-07T19:18:53.964855" elapsed="0.000684"/>
</kw>
<kw name="Get From Dictionary" owner="Collections">
<msg time="2025-02-07T19:18:53.966333" level="INFO">${Order_No} = 20250207191832443</msg>
<var>${Order_No}</var>
<arg>${createOrderResponse.json()}</arg>
<arg>OrderNo</arg>
<doc>Returns a value from the given ``dictionary`` based on the given ``key``.</doc>
<status status="PASS" start="2025-02-07T19:18:53.965724" elapsed="0.000633"/>
</kw>
<kw name="Dictionary Should Contain Key" owner="Collections">
<arg>${createOrderResponse.json()}</arg>
<arg>OrderHeaderKey</arg>
<doc>Fails if ``key`` is not found from ``dictionary``.</doc>
<status status="PASS" start="2025-02-07T19:18:53.966586" elapsed="0.000629"/>
</kw>
<kw name="Get From Dictionary" owner="Collections">
<msg time="2025-02-07T19:18:53.967981" level="INFO">${Order_Header_Key} = 202502071348501042019</msg>
<var>${Order_Header_Key}</var>
<arg>${createOrderResponse.json()}</arg>
<arg>OrderHeaderKey</arg>
<doc>Returns a value from the given ``dictionary`` based on the given ``key``.</doc>
<status status="PASS" start="2025-02-07T19:18:53.967392" elapsed="0.000612"/>
</kw>
<kw name="Append Excel File1" owner="read_write_all_excel">
<arg>${file}</arg>
<arg>${Order_No}</arg>
<arg>${TEST NAME}</arg>
<arg>${timestamp}</arg>
<arg>${jsonCreateOrder}</arg>
<arg>${createOrderResponse.json()}</arg>
<status status="PASS" start="2025-02-07T19:18:53.968319" elapsed="0.002213"/>
</kw>
<tag>CREATEORDER</tag>
<tag>HAPPYFLOW</tag>
<tag>REGRESSION</tag>
<status status="PASS" start="2025-02-07T19:18:32.419581" elapsed="21.551367"/>
</test>
<status status="PASS" start="2025-02-07T19:18:29.253400" elapsed="24.718316"/>
</suite>
<status status="PASS" start="2025-02-07T19:18:29.251315" elapsed="24.721315"/>
</suite>
<status status="PASS" start="2025-02-07T19:18:29.207686" elapsed="24.765488"/>
</suite>
<statistics>
<total>
<stat pass="1" fail="0" skip="0">All Tests</stat>
</total>
<tag>
<stat pass="1" fail="0" skip="0">CREATEORDER</stat>
<stat pass="1" fail="0" skip="0">HAPPYFLOW</stat>
<stat pass="1" fail="0" skip="0">REGRESSION</stat>
</tag>
<suite>
<stat pass="1" fail="0" skip="0" id="s1" name="CreateOrder create normal order ATG ClickandCollect TC 002">CreateOrder create normal order ATG ClickandCollect TC 002</stat>
<stat pass="1" fail="0" skip="0" id="s1-s1" name="Test">CreateOrder create normal order ATG ClickandCollect TC 002.Test</stat>
<stat pass="1" fail="0" skip="0" id="s1-s1-s1" name="TC 002">CreateOrder create normal order ATG ClickandCollect TC 002.Test.TC 002</stat>
</suite>
</statistics>
<errors>
</errors>
</robot>
