<?xml version="1.0" encoding="UTF-8"?>
<robot generator="Robot 7.1.1 (Python 3.13.1 on win32)" generated="2025-03-09T22:18:05.153148" rpa="false" schemaversion="5">
<suite id="s1" name="LvrplSL" source="C:\automation\AutomationGeneric\LvrplSL">
<suite id="s1-s1" name="CreateOrder" source="C:\automation\AutomationGeneric\LvrplSL\CreateOrder">
<suite id="s1-s1-s1" name="CreateOrder -create normal order ATG example 2 items TC 001" source="C:\automation\AutomationGeneric\LvrplSL\CreateOrder\CreateOrder_-create_normal_order_ATG_example_2_items_TC_001">
<suite id="s1-s1-s1-s1" name="Test" source="C:\automation\AutomationGeneric\LvrplSL\CreateOrder\CreateOrder_-create_normal_order_ATG_example_2_items_TC_001\test">
<suite id="s1-s1-s1-s1-s1" name="bak TC 001" source="C:\automation\AutomationGeneric\LvrplSL\CreateOrder\CreateOrder_-create_normal_order_ATG_example_2_items_TC_001\test\bak_TC_001.robot">
<test id="s1-s1-s1-s1-s1-t1" name="Create Order TC_001" line="13">
<kw name="Creating Session1" owner="createSession">
<kw name="Create List" owner="BuiltIn">
<msg time="2025-03-09T22:18:05.981194" level="INFO">${auth} = ['admin', 'password']</msg>
<var>${auth}</var>
<arg>${user}</arg>
<arg>${passwd}</arg>
<doc>Returns a list containing given items.</doc>
<status status="PASS" start="2025-03-09T22:18:05.981051" elapsed="0.000168"/>
</kw>
<kw name="Create Session" owner="RequestsLibrary">
<msg time="2025-03-09T22:18:05.981575" level="INFO">Creating Session using : alias=AddData, url=http://9.30.26.220:9080/smcfs/restapi/invoke/createOrder, headers={'Content-Type': 'application/xml', 'Authorization': 'Basic YWRtaW46cGFzc3dvcmQ='},                     cookies={}, auth=&lt;requests.auth.HTTPBasicAuth object at 0x000001FD95BD17F0&gt;, timeout=None, proxies=None, verify=False,                     debug=0 </msg>
<arg>${AddData}</arg>
<arg>url=${base_url_api}${createOrder}</arg>
<arg>headers=${headers}</arg>
<arg>auth=${auth}</arg>
<doc>Create Session: create a HTTP session to a server</doc>
<status status="PASS" start="2025-03-09T22:18:05.981318" elapsed="0.000404"/>
</kw>
<arg>AddData</arg>
<status status="PASS" start="2025-03-09T22:18:05.980481" elapsed="0.001302"/>
</kw>
<kw name="Manage Item With Dynamic Item" owner="Prepare_Xml_Content">
<msg time="2025-03-09T22:18:07.984066" level="INFO">before mod &lt;ItemList&gt;
	&lt;Item Action="Manage" GlobalItemID="12439482" ItemID="$ItemID" OrganizationCode="Liverpool" UnitOfMeasure="UN"&gt;
		&lt;Extn ExtnActive="01" ExtnItemSF="Y" ExtnItemSFDesc="ACTIVO" ExtnSuggestedPackage="" ExtnSkuPackage=""/&gt;
		&lt;PrimaryInformation DefaultProductClass="SL" Description="CHAROLA GIRATORIA AILE, 48CM, NATURAL H" ShortDescription="CHAROLA GIRATORIA AILE, 48CM, NATURAL H" ExtendedDisplayDescription="CHAROLA GIRATORIA REDO, 48 CM, NATURAL (12439482)" IsDeliveryAllowed="Y" IsPickupAllowed="Y" IsShippingAllowed="Y" PrimaryEnterpriseCode="Liverpool" SerializedFlag="N" Status="3000" UnitCost="829" ItemType=""/&gt;
		&lt;ClassificationCodes ECCNNo="HAUS" Model="18917" NAICSCode="7502008630089" NMFCClass="152" NMFCCode="15204"/&gt;
		&lt;InventoryParameters ATPRule="Liverpool_ATP" InventoryMonitorRule="EPL_ATP_MONITOR_RULE" NodeLevelInventoryMonitorRule="EPL_ATP_MONITOR_RULE"/&gt;
		&lt;ItemAliasList Reset="Y"&gt;
			&lt;ItemAlias AliasName="EAN1" AliasValue="7502008630089"/&gt;
		&lt;/ItemAliasList&gt;
	&lt;/Item&gt;
&lt;/ItemList&gt;
after mod &lt;ItemList&gt;
	&lt;Item Action="Manage" GlobalItemID="12439482" ItemID="20250309221805982" OrganizationCode="Liverpool" UnitOfMeasure="UN"&gt;
		&lt;Extn ExtnActive="01" ExtnItemSF="Y" ExtnItemSFDesc="ACTIVO" ExtnSuggestedPackage="" ExtnSkuPackage=""/&gt;
		&lt;PrimaryInformation DefaultProductClass="SL" Description="CHAROLA GIRATORIA AILE, 48CM, NATURAL H" ShortDescription="CHAROLA GIRATORIA AILE, 48CM, NATURAL H" ExtendedDisplayDescription="CHAROLA GIRATORIA REDO, 48 CM, NATURAL (12439482)" IsDeliveryAllowed="Y" IsPickupAllowed="Y" IsShippingAllowed="Y" PrimaryEnterpriseCode="Liverpool" SerializedFlag="N" Status="3000" UnitCost="829" ItemType=""/&gt;
		&lt;ClassificationCodes ECCNNo="HAUS" Model="18917" NAICSCode="7502008630089" NMFCClass="152" NMFCCode="15204"/&gt;
		&lt;InventoryParameters ATPRule="Liverpool_ATP" InventoryMonitorRule="EPL_ATP_MONITOR_RULE" NodeLevelInventoryMonitorRule="EPL_ATP_MONITOR_RULE"/&gt;
		&lt;ItemAliasList Reset="Y"&gt;
			&lt;ItemAlias AliasName="EAN1" AliasValue="7502008630089"/&gt;
		&lt;/ItemAliasList&gt;
	&lt;/Item&gt;
&lt;/ItemList&gt;</msg>
<msg time="2025-03-09T22:18:07.984416" level="INFO">${manageItemJson} = &lt;ItemList&gt;
	&lt;Item Action="Manage" GlobalItemID="12439482" ItemID="20250309221805982" OrganizationCode="Liverpool" UnitOfMeasure="UN"&gt;
		&lt;Extn ExtnActive="01" ExtnItemSF="Y" ExtnItemSFDesc="ACTIVO" Ext...</msg>
<var>${manageItemJson}</var>
<arg>C:\\automation\\AutomationGeneric\\LvrplSL\\CreateOrder\\CreateOrder_-create_normal_order_ATG_example_2_items_TC_001\\test</arg>
<status status="PASS" start="2025-03-09T22:18:05.982092" elapsed="2.002393"/>
</kw>
<kw name="POST On Session" owner="RequestsLibrary">
<msg time="2025-03-09T22:18:08.782891" level="INFO">POST Request : url=http://9.30.26.220:9080/smcfs/restapi/invoke/manageItem 
 path_url=/smcfs/restapi/invoke/manageItem 
 headers={'User-Agent': 'python-requests/2.32.3', 'Accept-Encoding': 'gzip, deflate', 'Accept': '*/*', 'Connection': 'keep-alive', 'Content-Type': 'application/xml', 'Authorization': 'Basic YWRtaW46cGFzc3dvcmQ=', 'Content-Length': '1025'} 
 body=&lt;ItemList&gt;
	&lt;Item Action="Manage" GlobalItemID="12439482" ItemID="20250309221805982" OrganizationCode="Liverpool" UnitOfMeasure="UN"&gt;
		&lt;Extn ExtnActive="01" ExtnItemSF="Y" ExtnItemSFDesc="ACTIVO" ExtnSuggestedPackage="" ExtnSkuPackage=""/&gt;
		&lt;PrimaryInformation DefaultProductClass="SL" Description="CHAROLA GIRATORIA AILE, 48CM, NATURAL H" ShortDescription="CHAROLA GIRATORIA AILE, 48CM, NATURAL H" ExtendedDisplayDescription="CHAROLA GIRATORIA REDO, 48 CM, NATURAL (12439482)" IsDeliveryAllowed="Y" IsPickupAllowed="Y" IsShippingAllowed="Y" PrimaryEnterpriseCode="Liverpool" SerializedFlag="N" Status="3000" UnitCost="829" ItemType=""/&gt;
		&lt;ClassificationCodes ECCNNo="HAUS" Model="18917" NAICSCode="7502008630089" NMFCClass="152" NMFCCode="15204"/&gt;
		&lt;InventoryParameters ATPRule="Liverpool_ATP" InventoryMonitorRule="EPL_ATP_MONITOR_RULE" NodeLevelInventoryMonitorRule="EPL_ATP_MONITOR_RULE"/&gt;
		&lt;ItemAliasList Reset="Y"&gt;
			&lt;ItemAlias AliasName="EAN1" AliasValue="7502008630089"/&gt;
		&lt;/ItemAliasList&gt;
	&lt;/Item&gt;
&lt;/ItemList&gt; 
 </msg>
<msg time="2025-03-09T22:18:08.782964" level="INFO">POST Response : url=http://9.30.26.220:9080/smcfs/restapi/invoke/manageItem 
 status=204, reason=No Content 
 headers={'X-Powered-By': 'Servlet/4.0', 'X-FRAME-OPTIONS': 'SAMEORIGIN', 'X-UA-Compatible': 'IE=EmulateIE8', 'Access-Control-Allow-Origin': '*', 'Access-Control-Max-Age': '3600', 'Access-Control-Allow-Credentials': 'true', 'Content-Language': 'en-US', 'Content-Length': '0', 'Date': 'Sun, 09 Mar 2025 16:48:09 GMT'} 
 body=None 
 </msg>
<msg time="2025-03-09T22:18:08.783072" level="INFO">${manageItemResponse} = &lt;Response [204]&gt;</msg>
<var>${manageItemResponse}</var>
<arg>AddData</arg>
<arg>${base_url_api}${manageItem}</arg>
<arg>data=${manageItemJson}</arg>
<doc>Sends a POST request on a previously created HTTP Session.</doc>
<status status="PASS" start="2025-03-09T22:18:07.985324" elapsed="0.797765"/>
</kw>
<kw name="Status Should Be" owner="RequestsLibrary">
<arg>204</arg>
<arg>${manageItemResponse}</arg>
<doc>Fails if response status code is different than the expected.</doc>
<status status="PASS" start="2025-03-09T22:18:08.783497" elapsed="0.000305"/>
</kw>
<kw name="Manage Item With Dynamic Item1" owner="Prepare_Xml_Content">
<msg time="2025-03-09T22:18:08.792837" level="INFO">after mod &lt;ItemList&gt;
	&lt;Item Action="Manage" GlobalItemID="12439482" ItemID="20250309221805982" OrganizationCode="Liverpool" UnitOfMeasure="UN"&gt;
		&lt;Extn ExtnActive="01" ExtnItemSF="Y" ExtnItemSFDesc="ACTIVO" ExtnSuggestedPackage="" ExtnSkuPackage=""/&gt;
		&lt;PrimaryInformation DefaultProductClass="SL" Description="CHAROLA GIRATORIA AILE, 48CM, NATURAL H" ShortDescription="CHAROLA GIRATORIA AILE, 48CM, NATURAL H" ExtendedDisplayDescription="CHAROLA GIRATORIA REDO, 48 CM, NATURAL (12439482)" IsDeliveryAllowed="Y" IsPickupAllowed="Y" IsShippingAllowed="Y" PrimaryEnterpriseCode="Liverpool" SerializedFlag="N" Status="3000" UnitCost="829" ItemType=""/&gt;
		&lt;ClassificationCodes ECCNNo="HAUS" Model="18917" NAICSCode="7502008630089" NMFCClass="152" NMFCCode="15204"/&gt;
		&lt;InventoryParameters ATPRule="Liverpool_ATP" InventoryMonitorRule="EPL_ATP_MONITOR_RULE" NodeLevelInventoryMonitorRule="EPL_ATP_MONITOR_RULE"/&gt;
		&lt;ItemAliasList Reset="Y"&gt;
			&lt;ItemAlias AliasName="EAN1" AliasValue="7502008630089"/&gt;
		&lt;/ItemAliasList&gt;
	&lt;/Item&gt;
&lt;/ItemList&gt;</msg>
<msg time="2025-03-09T22:18:08.793085" level="INFO">${jsonItemId} = {'ItemList': {'Item': {'_Action': 'Manage', '_GlobalItemID': '12439482', '_ItemID': '20250309221805982', '_OrganizationCode': 'Liverpool', '_UnitOfMeasure': 'UN', 'Extn': {'_ExtnActive': '01', '_ExtnI...</msg>
<var>${jsonItemId}</var>
<arg>C:\\automation\\AutomationGeneric\\LvrplSL\\CreateOrder\\CreateOrder_-create_normal_order_ATG_example_2_items_TC_001\\test</arg>
<status status="PASS" start="2025-03-09T22:18:08.784178" elapsed="0.008931"/>
</kw>
<kw name="Dictionary Should Contain Key" owner="Collections">
<arg>${jsonItemId}</arg>
<arg>ItemList</arg>
<doc>Fails if ``key`` is not found from ``dictionary``.</doc>
<status status="PASS" start="2025-03-09T22:18:08.793430" elapsed="0.000133"/>
</kw>
<kw name="Get From Dictionary" owner="Collections">
<msg time="2025-03-09T22:18:08.793999" level="INFO">${Item_ID_Path} = {'Item': {'_Action': 'Manage', '_GlobalItemID': '12439482', '_ItemID': '20250309221805982', '_OrganizationCode': 'Liverpool', '_UnitOfMeasure': 'UN', 'Extn': {'_ExtnActive': '01', '_ExtnItemSF': 'Y', ...</msg>
<var>${Item_ID_Path}</var>
<arg>${jsonItemId}</arg>
<arg>ItemList</arg>
<doc>Returns a value from the given ``dictionary`` based on the given ``key``.</doc>
<status status="PASS" start="2025-03-09T22:18:08.793861" elapsed="0.000155"/>
</kw>
<kw name="Adjust Inventory File" owner="Prepare_Xml_Content">
<msg time="2025-03-09T22:18:08.794747" level="INFO">${jsonAdjInv} = &lt;Items&gt;
	&lt;Item AdjustmentType="ABSOLUTE" Availability="TRACK" ItemID="20250309221805982" OrganizationCode="Liverpool" Quantity="100" ReasonCode="itemSLRTAMS19t2" ReasonText="Ajuste GoldenGate" ShipNod...</msg>
<var>${jsonAdjInv}</var>
<arg>${jsonItemId}[ItemList][Item][_ItemID]</arg>
<arg>C:\\automation\\AutomationGeneric\\LvrplSL\\CreateOrder\\CreateOrder_-create_normal_order_ATG_example_2_items_TC_001\\test</arg>
<status status="PASS" start="2025-03-09T22:18:08.794312" elapsed="0.000467"/>
</kw>
<kw name="POST On Session" owner="RequestsLibrary">
<msg time="2025-03-09T22:18:09.161781" level="INFO">POST Request : url=http://9.30.26.220:9080/smcfs/restapi/invoke/adjustInventory 
 path_url=/smcfs/restapi/invoke/adjustInventory 
 headers={'User-Agent': 'python-requests/2.32.3', 'Accept-Encoding': 'gzip, deflate', 'Accept': '*/*', 'Connection': 'keep-alive', 'Content-Type': 'application/xml', 'Authorization': 'Basic YWRtaW46cGFzc3dvcmQ=', 'Content-Length': '256'} 
 body=&lt;Items&gt;
	&lt;Item AdjustmentType="ABSOLUTE" Availability="TRACK" ItemID="20250309221805982" OrganizationCode="Liverpool" Quantity="100" ReasonCode="itemSLRTAMS19t2" ReasonText="Ajuste GoldenGate" ShipNode="77" SupplyType="ONHAND" UnitOfMeasure="UN"/&gt;
&lt;/Items&gt; 
 </msg>
<msg time="2025-03-09T22:18:09.161852" level="INFO">POST Response : url=http://9.30.26.220:9080/smcfs/restapi/invoke/adjustInventory 
 status=204, reason=No Content 
 headers={'X-Powered-By': 'Servlet/4.0', 'X-FRAME-OPTIONS': 'SAMEORIGIN', 'X-UA-Compatible': 'IE=EmulateIE8', 'Access-Control-Allow-Origin': '*', 'Access-Control-Max-Age': '3600', 'Access-Control-Allow-Credentials': 'true', 'Content-Language': 'en-US', 'Content-Length': '0', 'Date': 'Sun, 09 Mar 2025 16:48:09 GMT'} 
 body=None 
 </msg>
<msg time="2025-03-09T22:18:09.161939" level="INFO">${adjInvresponse} = &lt;Response [204]&gt;</msg>
<var>${adjInvresponse}</var>
<arg>AddData</arg>
<arg>${base_url_api}${adjustInventory}</arg>
<arg>data=${jsonAdjInv}</arg>
<arg>headers=${headers}</arg>
<doc>Sends a POST request on a previously created HTTP Session.</doc>
<status status="PASS" start="2025-03-09T22:18:08.795039" elapsed="0.366916"/>
</kw>
<kw name="Status Should Be" owner="RequestsLibrary">
<arg>204</arg>
<arg>${adjInvresponse}</arg>
<doc>Fails if response status code is different than the expected.</doc>
<status status="PASS" start="2025-03-09T22:18:09.162566" elapsed="0.000173"/>
</kw>
<kw name="Find Inventory File" owner="Prepare_Xml_Content">
<msg time="2025-03-09T22:18:09.163452" level="INFO">${jsonfindInventory} = &lt;Promise AllocationRuleID="FWD_RULES" CheckInventory="Y" EnterpriseCode="Liverpool" FulfillmentType="Fulfillment_Type_Liverpool"
 OrganizationCode="Liverpool"&gt;
	&lt;ShipToAddress Country="MX" ZipCode="98...</msg>
<var>${jsonfindInventory}</var>
<arg>${jsonItemId}[ItemList][Item][_ItemID]</arg>
<arg>C:\\automation\\AutomationGeneric\\LvrplSL\\CreateOrder\\CreateOrder_-create_normal_order_ATG_example_2_items_TC_001\\test</arg>
<status status="PASS" start="2025-03-09T22:18:09.163054" elapsed="0.000420"/>
</kw>
<kw name="POST On Session" owner="RequestsLibrary">
<msg time="2025-03-09T22:18:09.768804" level="INFO">POST Request : url=http://9.30.26.220:9080/smcfs/restapi/invoke/findInventory 
 path_url=/smcfs/restapi/invoke/findInventory 
 headers={'User-Agent': 'python-requests/2.32.3', 'Accept-Encoding': 'gzip, deflate', 'Accept': '*/*', 'Connection': 'keep-alive', 'Content-Type': 'application/xml', 'Authorization': 'Basic YWRtaW46cGFzc3dvcmQ=', 'Content-Length': '341'} 
 body=&lt;Promise AllocationRuleID="FWD_RULES" CheckInventory="Y" EnterpriseCode="Liverpool" FulfillmentType="Fulfillment_Type_Liverpool"
 OrganizationCode="Liverpool"&gt;
	&lt;ShipToAddress Country="MX" ZipCode="98047"/&gt;
	&lt;PromiseLines&gt;
		&lt;PromiseLine ItemID="20250309221805982" LineId="1" RequiredQty="20" UnitOfMeasure="UN"/&gt;
	&lt;/PromiseLines&gt;
&lt;/Promise&gt; 
 </msg>
<msg time="2025-03-09T22:18:09.768978" level="INFO">POST Response : url=http://9.30.26.220:9080/smcfs/restapi/invoke/findInventory 
 status=400, reason=Bad Request 
 headers={'X-Powered-By': 'Servlet/4.0', 'X-FRAME-OPTIONS': 'SAMEORIGIN', 'X-UA-Compatible': 'IE=EmulateIE8', 'Access-Control-Allow-Origin': '*', 'Access-Control-Max-Age': '3600', 'Access-Control-Allow-Credentials': 'true', 'Content-Type': 'application/json; charset=UTF-8', 'Content-Encoding': 'gzip', 'Content-Language': 'en-US', 'Content-Length': '167', 'Connection': 'Close', 'Date': 'Sun, 09 Mar 2025 16:48:09 GMT'} 
 body={"errors":[{"ErrorDescription":"Error description not available","ErrorCode":"java.lang.NullPointerException","MoreInfo":{"UserExit":"yfs.ue.processRoutingExternally.class"},"httpcode":400}]} 
 </msg>
<msg time="2025-03-09T22:18:09.769269" level="FAIL">HTTPError: 400 Client Error: Bad Request for url: http://9.30.26.220:9080/smcfs/restapi/invoke/findInventory</msg>
<var>${findInventoryResponse}</var>
<arg>AddData</arg>
<arg>${base_url_api}${findInventory}</arg>
<arg>data=${jsonfindInventory}</arg>
<arg>headers=${headers}</arg>
<doc>Sends a POST request on a previously created HTTP Session.</doc>
<status status="FAIL" start="2025-03-09T22:18:09.163736" elapsed="0.609002">HTTPError: 400 Client Error: Bad Request for url: http://9.30.26.220:9080/smcfs/restapi/invoke/findInventory</status>
</kw>
<kw name="Convert To String" owner="BuiltIn">
<var>${resp}</var>
<arg>${findInventoryResponse.json()}</arg>
<doc>Converts the given item to a Unicode string.</doc>
<status status="NOT RUN" start="2025-03-09T22:18:09.773138" elapsed="0.000018"/>
</kw>
<kw name="Write Output File" owner="Prepare_Xml_Content">
<arg>${resp}</arg>
<arg>'findInv'</arg>
<arg>C:\\automation\\AutomationGeneric\\LvrplSL\\CreateOrder\\CreateOrder_-create_normal_order_ATG_example_2_items_TC_001\\test</arg>
<status status="NOT RUN" start="2025-03-09T22:18:09.773450" elapsed="0.000016"/>
</kw>
<kw name="Create Order File" owner="Prepare_Xml_Content">
<var>${jsonCreateOrder}</var>
<arg>${jsonItemId}[ItemList][Item][_ItemID]</arg>
<arg>C:\\automation\\AutomationGeneric\\LvrplSL\\CreateOrder\\CreateOrder_-create_normal_order_ATG_example_2_items_TC_001\\test</arg>
<status status="NOT RUN" start="2025-03-09T22:18:09.773713" elapsed="0.000015"/>
</kw>
<kw name="POST On Session" owner="RequestsLibrary">
<var>${createOrderResponse}</var>
<arg>AddData</arg>
<arg>${base_url_api}${createOrder}</arg>
<arg>data=${jsonCreateOrder}</arg>
<arg>headers=${headers}</arg>
<doc>Sends a POST request on a previously created HTTP Session.</doc>
<status status="NOT RUN" start="2025-03-09T22:18:09.773965" elapsed="0.000015"/>
</kw>
<kw name="Convert To String" owner="BuiltIn">
<var>${resp2}</var>
<arg>${createOrderResponse.json()}</arg>
<doc>Converts the given item to a Unicode string.</doc>
<status status="NOT RUN" start="2025-03-09T22:18:09.774348" elapsed="0.000018"/>
</kw>
<kw name="Write Output File" owner="Prepare_Xml_Content">
<arg>${resp2}</arg>
<arg>'createOrder'</arg>
<arg>C:\\automation\\AutomationGeneric\\LvrplSL\\CreateOrder\\CreateOrder_-create_normal_order_ATG_example_2_items_TC_001\\test</arg>
<status status="NOT RUN" start="2025-03-09T22:18:09.774885" elapsed="0.000016"/>
</kw>
<kw name="Log To Console" owner="BuiltIn">
<arg>${createOrderResponse}</arg>
<doc>Logs the given message to the console.</doc>
<status status="NOT RUN" start="2025-03-09T22:18:09.775129" elapsed="0.000017"/>
</kw>
<kw name="Get Current Date" owner="DateTime">
<var>${timestamp}</var>
<arg>result_format=%Y%m%d-%H%M</arg>
<doc>Returns current local or UTC time with an optional increment.</doc>
<status status="NOT RUN" start="2025-03-09T22:18:09.775378" elapsed="0.000016"/>
</kw>
<kw name="Dictionary Should Contain Key" owner="Collections">
<arg>${createOrderResponse.json()}</arg>
<arg>OrderNo</arg>
<doc>Fails if ``key`` is not found from ``dictionary``.</doc>
<status status="NOT RUN" start="2025-03-09T22:18:09.775622" elapsed="0.000017"/>
</kw>
<kw name="Get From Dictionary" owner="Collections">
<var>${Order_No}</var>
<arg>${createOrderResponse.json()}</arg>
<arg>OrderNo</arg>
<doc>Returns a value from the given ``dictionary`` based on the given ``key``.</doc>
<status status="NOT RUN" start="2025-03-09T22:18:09.775869" elapsed="0.000016"/>
</kw>
<kw name="Dictionary Should Contain Key" owner="Collections">
<arg>${createOrderResponse.json()}</arg>
<arg>OrderHeaderKey</arg>
<doc>Fails if ``key`` is not found from ``dictionary``.</doc>
<status status="NOT RUN" start="2025-03-09T22:18:09.776115" elapsed="0.000016"/>
</kw>
<kw name="Get From Dictionary" owner="Collections">
<var>${Order_Header_Key}</var>
<arg>${createOrderResponse.json()}</arg>
<arg>OrderHeaderKey</arg>
<doc>Returns a value from the given ``dictionary`` based on the given ``key``.</doc>
<status status="NOT RUN" start="2025-03-09T22:18:09.776357" elapsed="0.000018"/>
</kw>
<kw name="Append Excel File1" owner="read_write_all_excel">
<arg>${file}</arg>
<arg>${Order_No}</arg>
<arg>${TEST NAME}</arg>
<arg>${timestamp}</arg>
<arg>${jsonCreateOrder}</arg>
<arg>${createOrderResponse.json()}</arg>
<status status="NOT RUN" start="2025-03-09T22:18:09.776624" elapsed="0.000021"/>
</kw>
<tag>CREATEORDER</tag>
<tag>HAPPYFLOW</tag>
<tag>REGRESSION</tag>
<status status="FAIL" start="2025-03-09T22:18:05.979850" elapsed="3.797403">HTTPError: 400 Client Error: Bad Request for url: http://9.30.26.220:9080/smcfs/restapi/invoke/findInventory</status>
</test>
<status status="FAIL" start="2025-03-09T22:18:05.182895" elapsed="4.595460"/>
</suite>
<suite id="s1-s1-s1-s1-s2" name="TC 001" source="C:\automation\AutomationGeneric\LvrplSL\CreateOrder\CreateOrder_-create_normal_order_ATG_example_2_items_TC_001\test\TC_001.robot">
<test id="s1-s1-s1-s1-s2-t1" name="Create Order TC_001" line="10">
<kw name="Create Item Adjust and Fin Inv SL" owner="setUpForCreateOrder" type="SETUP">
<kw name="Creating Session1" owner="createSession">
<kw name="Create List" owner="BuiltIn">
<msg time="2025-03-09T22:18:09.791651" level="INFO">${auth} = ['admin', 'password']</msg>
<var>${auth}</var>
<arg>${user}</arg>
<arg>${passwd}</arg>
<doc>Returns a list containing given items.</doc>
<status status="PASS" start="2025-03-09T22:18:09.791543" elapsed="0.000132"/>
</kw>
<kw name="Create Session" owner="RequestsLibrary">
<msg time="2025-03-09T22:18:09.791969" level="INFO">Creating Session using : alias=AddData, url=http://9.30.26.220:9080/smcfs/restapi/invoke/createOrder, headers={'Content-Type': 'application/xml', 'Authorization': 'Basic YWRtaW46cGFzc3dvcmQ='},                     cookies={}, auth=&lt;requests.auth.HTTPBasicAuth object at 0x000001FD95BB2990&gt;, timeout=None, proxies=None, verify=False,                     debug=0 </msg>
<arg>${AddData}</arg>
<arg>url=${base_url_api}${createOrder}</arg>
<arg>headers=${headers}</arg>
<arg>auth=${auth}</arg>
<doc>Create Session: create a HTTP session to a server</doc>
<status status="PASS" start="2025-03-09T22:18:09.791765" elapsed="0.000313"/>
</kw>
<arg>AddData</arg>
<status status="PASS" start="2025-03-09T22:18:09.791389" elapsed="0.000740"/>
</kw>
<kw name="Manage Item With Dynamic Item" owner="Prepare_Xml_Content">
<msg time="2025-03-09T22:18:11.794119" level="INFO">before mod &lt;ItemList&gt;
	&lt;Item Action="Manage" GlobalItemID="12439482" ItemID="$ItemID" OrganizationCode="Liverpool" UnitOfMeasure="UN"&gt;
		&lt;Extn ExtnActive="01" ExtnItemSF="Y" ExtnItemSFDesc="ACTIVO" ExtnSuggestedPackage="" ExtnSkuPackage=""/&gt;
		&lt;PrimaryInformation DefaultProductClass="SL" Description="CHAROLA GIRATORIA AILE, 48CM, NATURAL H" ShortDescription="CHAROLA GIRATORIA AILE, 48CM, NATURAL H" ExtendedDisplayDescription="CHAROLA GIRATORIA REDO, 48 CM, NATURAL (12439482)" IsDeliveryAllowed="Y" IsPickupAllowed="Y" IsShippingAllowed="Y" PrimaryEnterpriseCode="Liverpool" SerializedFlag="N" Status="3000" UnitCost="829" ItemType=""/&gt;
		&lt;ClassificationCodes ECCNNo="HAUS" Model="18917" NAICSCode="7502008630089" NMFCClass="152" NMFCCode="15204"/&gt;
		&lt;InventoryParameters ATPRule="Liverpool_ATP" InventoryMonitorRule="EPL_ATP_MONITOR_RULE" NodeLevelInventoryMonitorRule="EPL_ATP_MONITOR_RULE"/&gt;
		&lt;ItemAliasList Reset="Y"&gt;
			&lt;ItemAlias AliasName="EAN1" AliasValue="7502008630089"/&gt;
		&lt;/ItemAliasList&gt;
	&lt;/Item&gt;
&lt;/ItemList&gt;
after mod &lt;ItemList&gt;
	&lt;Item Action="Manage" GlobalItemID="12439482" ItemID="20250309221809792" OrganizationCode="Liverpool" UnitOfMeasure="UN"&gt;
		&lt;Extn ExtnActive="01" ExtnItemSF="Y" ExtnItemSFDesc="ACTIVO" ExtnSuggestedPackage="" ExtnSkuPackage=""/&gt;
		&lt;PrimaryInformation DefaultProductClass="SL" Description="CHAROLA GIRATORIA AILE, 48CM, NATURAL H" ShortDescription="CHAROLA GIRATORIA AILE, 48CM, NATURAL H" ExtendedDisplayDescription="CHAROLA GIRATORIA REDO, 48 CM, NATURAL (12439482)" IsDeliveryAllowed="Y" IsPickupAllowed="Y" IsShippingAllowed="Y" PrimaryEnterpriseCode="Liverpool" SerializedFlag="N" Status="3000" UnitCost="829" ItemType=""/&gt;
		&lt;ClassificationCodes ECCNNo="HAUS" Model="18917" NAICSCode="7502008630089" NMFCClass="152" NMFCCode="15204"/&gt;
		&lt;InventoryParameters ATPRule="Liverpool_ATP" InventoryMonitorRule="EPL_ATP_MONITOR_RULE" NodeLevelInventoryMonitorRule="EPL_ATP_MONITOR_RULE"/&gt;
		&lt;ItemAliasList Reset="Y"&gt;
			&lt;ItemAlias AliasName="EAN1" AliasValue="7502008630089"/&gt;
		&lt;/ItemAliasList&gt;
	&lt;/Item&gt;
&lt;/ItemList&gt;</msg>
<msg time="2025-03-09T22:18:11.794490" level="INFO">${manageItemJson} = &lt;ItemList&gt;
	&lt;Item Action="Manage" GlobalItemID="12439482" ItemID="20250309221809792" OrganizationCode="Liverpool" UnitOfMeasure="UN"&gt;
		&lt;Extn ExtnActive="01" ExtnItemSF="Y" ExtnItemSFDesc="ACTIVO" Ext...</msg>
<var>${manageItemJson}</var>
<arg>C:\\automation\\AutomationGeneric\\LvrplSL\\CreateOrder\\CreateOrder_-create_normal_order_ATG_example_2_items_TC_001\\setUp</arg>
<status status="PASS" start="2025-03-09T22:18:09.792203" elapsed="2.002354"/>
</kw>
<kw name="POST On Session" owner="RequestsLibrary">
<msg time="2025-03-09T22:18:12.468253" level="INFO">POST Request : url=http://9.30.26.220:9080/smcfs/restapi/invoke/manageItem 
 path_url=/smcfs/restapi/invoke/manageItem 
 headers={'User-Agent': 'python-requests/2.32.3', 'Accept-Encoding': 'gzip, deflate', 'Accept': '*/*', 'Connection': 'keep-alive', 'Content-Type': 'application/xml', 'Authorization': 'Basic YWRtaW46cGFzc3dvcmQ=', 'Content-Length': '1025'} 
 body=&lt;ItemList&gt;
	&lt;Item Action="Manage" GlobalItemID="12439482" ItemID="20250309221809792" OrganizationCode="Liverpool" UnitOfMeasure="UN"&gt;
		&lt;Extn ExtnActive="01" ExtnItemSF="Y" ExtnItemSFDesc="ACTIVO" ExtnSuggestedPackage="" ExtnSkuPackage=""/&gt;
		&lt;PrimaryInformation DefaultProductClass="SL" Description="CHAROLA GIRATORIA AILE, 48CM, NATURAL H" ShortDescription="CHAROLA GIRATORIA AILE, 48CM, NATURAL H" ExtendedDisplayDescription="CHAROLA GIRATORIA REDO, 48 CM, NATURAL (12439482)" IsDeliveryAllowed="Y" IsPickupAllowed="Y" IsShippingAllowed="Y" PrimaryEnterpriseCode="Liverpool" SerializedFlag="N" Status="3000" UnitCost="829" ItemType=""/&gt;
		&lt;ClassificationCodes ECCNNo="HAUS" Model="18917" NAICSCode="7502008630089" NMFCClass="152" NMFCCode="15204"/&gt;
		&lt;InventoryParameters ATPRule="Liverpool_ATP" InventoryMonitorRule="EPL_ATP_MONITOR_RULE" NodeLevelInventoryMonitorRule="EPL_ATP_MONITOR_RULE"/&gt;
		&lt;ItemAliasList Reset="Y"&gt;
			&lt;ItemAlias AliasName="EAN1" AliasValue="7502008630089"/&gt;
		&lt;/ItemAliasList&gt;
	&lt;/Item&gt;
&lt;/ItemList&gt; 
 </msg>
<msg time="2025-03-09T22:18:12.468415" level="INFO">POST Response : url=http://9.30.26.220:9080/smcfs/restapi/invoke/manageItem 
 status=204, reason=No Content 
 headers={'X-Powered-By': 'Servlet/4.0', 'X-FRAME-OPTIONS': 'SAMEORIGIN', 'X-UA-Compatible': 'IE=EmulateIE8', 'Access-Control-Allow-Origin': '*', 'Access-Control-Max-Age': '3600', 'Access-Control-Allow-Credentials': 'true', 'Content-Language': 'en-US', 'Content-Length': '0', 'Date': 'Sun, 09 Mar 2025 16:48:12 GMT'} 
 body=None 
 </msg>
<msg time="2025-03-09T22:18:12.468533" level="INFO">${manageItemResponse} = &lt;Response [204]&gt;</msg>
<var>${manageItemResponse}</var>
<arg>AddData</arg>
<arg>${base_url_api}${manageItem}</arg>
<arg>data=${manageItemJson}</arg>
<doc>Sends a POST request on a previously created HTTP Session.</doc>
<status status="PASS" start="2025-03-09T22:18:11.794966" elapsed="0.673591"/>
</kw>
<kw name="Status Should Be" owner="RequestsLibrary">
<arg>204</arg>
<arg>${manageItemResponse}</arg>
<doc>Fails if response status code is different than the expected.</doc>
<status status="PASS" start="2025-03-09T22:18:12.468722" elapsed="0.000192"/>
</kw>
<kw name="Manage Item With Dynamic Item1" owner="Prepare_Xml_Content">
<msg time="2025-03-09T22:18:12.478242" level="INFO">after mod &lt;ItemList&gt;
	&lt;Item Action="Manage" GlobalItemID="12439482" ItemID="20250309221809792" OrganizationCode="Liverpool" UnitOfMeasure="UN"&gt;
		&lt;Extn ExtnActive="01" ExtnItemSF="Y" ExtnItemSFDesc="ACTIVO" ExtnSuggestedPackage="" ExtnSkuPackage=""/&gt;
		&lt;PrimaryInformation DefaultProductClass="SL" Description="CHAROLA GIRATORIA AILE, 48CM, NATURAL H" ShortDescription="CHAROLA GIRATORIA AILE, 48CM, NATURAL H" ExtendedDisplayDescription="CHAROLA GIRATORIA REDO, 48 CM, NATURAL (12439482)" IsDeliveryAllowed="Y" IsPickupAllowed="Y" IsShippingAllowed="Y" PrimaryEnterpriseCode="Liverpool" SerializedFlag="N" Status="3000" UnitCost="829" ItemType=""/&gt;
		&lt;ClassificationCodes ECCNNo="HAUS" Model="18917" NAICSCode="7502008630089" NMFCClass="152" NMFCCode="15204"/&gt;
		&lt;InventoryParameters ATPRule="Liverpool_ATP" InventoryMonitorRule="EPL_ATP_MONITOR_RULE" NodeLevelInventoryMonitorRule="EPL_ATP_MONITOR_RULE"/&gt;
		&lt;ItemAliasList Reset="Y"&gt;
			&lt;ItemAlias AliasName="EAN1" AliasValue="7502008630089"/&gt;
		&lt;/ItemAliasList&gt;
	&lt;/Item&gt;
&lt;/ItemList&gt;</msg>
<msg time="2025-03-09T22:18:12.478357" level="INFO">${jsonItemId} = {'ItemList': {'Item': {'_Action': 'Manage', '_GlobalItemID': '12439482', '_ItemID': '20250309221809792', '_OrganizationCode': 'Liverpool', '_UnitOfMeasure': 'UN', 'Extn': {'_ExtnActive': '01', '_ExtnI...</msg>
<var>${jsonItemId}</var>
<arg>C:\\automation\\AutomationGeneric\\LvrplSL\\CreateOrder\\CreateOrder_-create_normal_order_ATG_example_2_items_TC_001\\setUp</arg>
<status status="PASS" start="2025-03-09T22:18:12.469047" elapsed="0.009327"/>
</kw>
<kw name="Dictionary Should Contain Key" owner="Collections">
<arg>${jsonItemId}</arg>
<arg>ItemList</arg>
<doc>Fails if ``key`` is not found from ``dictionary``.</doc>
<status status="PASS" start="2025-03-09T22:18:12.478485" elapsed="0.000111"/>
</kw>
<kw name="Get From Dictionary" owner="Collections">
<msg time="2025-03-09T22:18:12.478765" level="INFO">${Item_ID_Path} = {'Item': {'_Action': 'Manage', '_GlobalItemID': '12439482', '_ItemID': '20250309221809792', '_OrganizationCode': 'Liverpool', '_UnitOfMeasure': 'UN', 'Extn': {'_ExtnActive': '01', '_ExtnItemSF': 'Y', ...</msg>
<var>${Item_ID_Path}</var>
<arg>${jsonItemId}</arg>
<arg>ItemList</arg>
<doc>Returns a value from the given ``dictionary`` based on the given ``key``.</doc>
<status status="PASS" start="2025-03-09T22:18:12.478666" elapsed="0.000112"/>
</kw>
<kw name="Adjust Inventory File" owner="Prepare_Xml_Content">
<msg time="2025-03-09T22:18:12.479160" level="INFO">${jsonAdjInv} = &lt;Items&gt;
	&lt;Item AdjustmentType="ABSOLUTE" Availability="TRACK" ItemID="20250309221809792" OrganizationCode="Liverpool" Quantity="100" ReasonCode="itemSLRTAMS19t2" ReasonText="Ajuste GoldenGate" ShipNod...</msg>
<var>${jsonAdjInv}</var>
<arg>${jsonItemId}[ItemList][Item][_ItemID]</arg>
<arg>C:\\automation\\AutomationGeneric\\LvrplSL\\CreateOrder\\CreateOrder_-create_normal_order_ATG_example_2_items_TC_001\\setUp</arg>
<status status="PASS" start="2025-03-09T22:18:12.478839" elapsed="0.000362"/>
</kw>
<kw name="POST On Session" owner="RequestsLibrary">
<msg time="2025-03-09T22:18:12.843766" level="INFO">POST Request : url=http://9.30.26.220:9080/smcfs/restapi/invoke/adjustInventory 
 path_url=/smcfs/restapi/invoke/adjustInventory 
 headers={'User-Agent': 'python-requests/2.32.3', 'Accept-Encoding': 'gzip, deflate', 'Accept': '*/*', 'Connection': 'keep-alive', 'Content-Type': 'application/xml', 'Authorization': 'Basic YWRtaW46cGFzc3dvcmQ=', 'Content-Length': '256'} 
 body=&lt;Items&gt;
	&lt;Item AdjustmentType="ABSOLUTE" Availability="TRACK" ItemID="20250309221809792" OrganizationCode="Liverpool" Quantity="100" ReasonCode="itemSLRTAMS19t2" ReasonText="Ajuste GoldenGate" ShipNode="77" SupplyType="ONHAND" UnitOfMeasure="UN"/&gt;
&lt;/Items&gt; 
 </msg>
<msg time="2025-03-09T22:18:12.843862" level="INFO">POST Response : url=http://9.30.26.220:9080/smcfs/restapi/invoke/adjustInventory 
 status=204, reason=No Content 
 headers={'X-Powered-By': 'Servlet/4.0', 'X-FRAME-OPTIONS': 'SAMEORIGIN', 'X-UA-Compatible': 'IE=EmulateIE8', 'Access-Control-Allow-Origin': '*', 'Access-Control-Max-Age': '3600', 'Access-Control-Allow-Credentials': 'true', 'Content-Language': 'en-US', 'Content-Length': '0', 'Date': 'Sun, 09 Mar 2025 16:48:13 GMT'} 
 body=None 
 </msg>
<msg time="2025-03-09T22:18:12.843994" level="INFO">${adjInvresponse} = &lt;Response [204]&gt;</msg>
<var>${adjInvresponse}</var>
<arg>AddData</arg>
<arg>${base_url_api}${adjustInventory}</arg>
<arg>data=${jsonAdjInv}</arg>
<arg>headers=${headers}</arg>
<doc>Sends a POST request on a previously created HTTP Session.</doc>
<status status="PASS" start="2025-03-09T22:18:12.479323" elapsed="0.364701"/>
</kw>
<kw name="Status Should Be" owner="RequestsLibrary">
<arg>204</arg>
<arg>${adjInvresponse}</arg>
<doc>Fails if response status code is different than the expected.</doc>
<status status="PASS" start="2025-03-09T22:18:12.844228" elapsed="0.000260"/>
</kw>
<return>
<value>${jsonItemId}</value>
<status status="PASS" start="2025-03-09T22:18:12.844572" elapsed="0.000058"/>
</return>
<status status="PASS" start="2025-03-09T22:18:09.791215" elapsed="3.053553"/>
</kw>
<kw name="Create Item Adjust and Fin Inv SL" owner="setUpForCreateOrder">
<kw name="Creating Session1" owner="createSession">
<kw name="Create List" owner="BuiltIn">
<msg time="2025-03-09T22:18:12.846070" level="INFO">${auth} = ['admin', 'password']</msg>
<var>${auth}</var>
<arg>${user}</arg>
<arg>${passwd}</arg>
<doc>Returns a list containing given items.</doc>
<status status="PASS" start="2025-03-09T22:18:12.845887" elapsed="0.000213"/>
</kw>
<kw name="Create Session" owner="RequestsLibrary">
<msg time="2025-03-09T22:18:12.847221" level="INFO">Creating Session using : alias=AddData, url=http://9.30.26.220:9080/smcfs/restapi/invoke/createOrder, headers={'Content-Type': 'application/xml', 'Authorization': 'Basic YWRtaW46cGFzc3dvcmQ='},                     cookies={}, auth=&lt;requests.auth.HTTPBasicAuth object at 0x000001FD95BB1950&gt;, timeout=None, proxies=None, verify=False,                     debug=0 </msg>
<arg>${AddData}</arg>
<arg>url=${base_url_api}${createOrder}</arg>
<arg>headers=${headers}</arg>
<arg>auth=${auth}</arg>
<doc>Create Session: create a HTTP session to a server</doc>
<status status="PASS" start="2025-03-09T22:18:12.846277" elapsed="0.001122"/>
</kw>
<arg>AddData</arg>
<status status="PASS" start="2025-03-09T22:18:12.845612" elapsed="0.001878"/>
</kw>
<kw name="Manage Item With Dynamic Item" owner="Prepare_Xml_Content">
<msg time="2025-03-09T22:18:14.849612" level="INFO">before mod &lt;ItemList&gt;
	&lt;Item Action="Manage" GlobalItemID="12439482" ItemID="$ItemID" OrganizationCode="Liverpool" UnitOfMeasure="UN"&gt;
		&lt;Extn ExtnActive="01" ExtnItemSF="Y" ExtnItemSFDesc="ACTIVO" ExtnSuggestedPackage="" ExtnSkuPackage=""/&gt;
		&lt;PrimaryInformation DefaultProductClass="SL" Description="CHAROLA GIRATORIA AILE, 48CM, NATURAL H" ShortDescription="CHAROLA GIRATORIA AILE, 48CM, NATURAL H" ExtendedDisplayDescription="CHAROLA GIRATORIA REDO, 48 CM, NATURAL (12439482)" IsDeliveryAllowed="Y" IsPickupAllowed="Y" IsShippingAllowed="Y" PrimaryEnterpriseCode="Liverpool" SerializedFlag="N" Status="3000" UnitCost="829" ItemType=""/&gt;
		&lt;ClassificationCodes ECCNNo="HAUS" Model="18917" NAICSCode="7502008630089" NMFCClass="152" NMFCCode="15204"/&gt;
		&lt;InventoryParameters ATPRule="Liverpool_ATP" InventoryMonitorRule="EPL_ATP_MONITOR_RULE" NodeLevelInventoryMonitorRule="EPL_ATP_MONITOR_RULE"/&gt;
		&lt;ItemAliasList Reset="Y"&gt;
			&lt;ItemAlias AliasName="EAN1" AliasValue="7502008630089"/&gt;
		&lt;/ItemAliasList&gt;
	&lt;/Item&gt;
&lt;/ItemList&gt;
after mod &lt;ItemList&gt;
	&lt;Item Action="Manage" GlobalItemID="12439482" ItemID="20250309221812848" OrganizationCode="Liverpool" UnitOfMeasure="UN"&gt;
		&lt;Extn ExtnActive="01" ExtnItemSF="Y" ExtnItemSFDesc="ACTIVO" ExtnSuggestedPackage="" ExtnSkuPackage=""/&gt;
		&lt;PrimaryInformation DefaultProductClass="SL" Description="CHAROLA GIRATORIA AILE, 48CM, NATURAL H" ShortDescription="CHAROLA GIRATORIA AILE, 48CM, NATURAL H" ExtendedDisplayDescription="CHAROLA GIRATORIA REDO, 48 CM, NATURAL (12439482)" IsDeliveryAllowed="Y" IsPickupAllowed="Y" IsShippingAllowed="Y" PrimaryEnterpriseCode="Liverpool" SerializedFlag="N" Status="3000" UnitCost="829" ItemType=""/&gt;
		&lt;ClassificationCodes ECCNNo="HAUS" Model="18917" NAICSCode="7502008630089" NMFCClass="152" NMFCCode="15204"/&gt;
		&lt;InventoryParameters ATPRule="Liverpool_ATP" InventoryMonitorRule="EPL_ATP_MONITOR_RULE" NodeLevelInventoryMonitorRule="EPL_ATP_MONITOR_RULE"/&gt;
		&lt;ItemAliasList Reset="Y"&gt;
			&lt;ItemAlias AliasName="EAN1" AliasValue="7502008630089"/&gt;
		&lt;/ItemAliasList&gt;
	&lt;/Item&gt;
&lt;/ItemList&gt;</msg>
<msg time="2025-03-09T22:18:14.850128" level="INFO">${manageItemJson} = &lt;ItemList&gt;
	&lt;Item Action="Manage" GlobalItemID="12439482" ItemID="20250309221812848" OrganizationCode="Liverpool" UnitOfMeasure="UN"&gt;
		&lt;Extn ExtnActive="01" ExtnItemSF="Y" ExtnItemSFDesc="ACTIVO" Ext...</msg>
<var>${manageItemJson}</var>
<arg>C:\\automation\\AutomationGeneric\\LvrplSL\\CreateOrder\\CreateOrder_-create_normal_order_ATG_example_2_items_TC_001\\setUp</arg>
<status status="PASS" start="2025-03-09T22:18:12.847627" elapsed="2.002564"/>
</kw>
<kw name="POST On Session" owner="RequestsLibrary">
<msg time="2025-03-09T22:18:15.518370" level="INFO">POST Request : url=http://9.30.26.220:9080/smcfs/restapi/invoke/manageItem 
 path_url=/smcfs/restapi/invoke/manageItem 
 headers={'User-Agent': 'python-requests/2.32.3', 'Accept-Encoding': 'gzip, deflate', 'Accept': '*/*', 'Connection': 'keep-alive', 'Content-Type': 'application/xml', 'Authorization': 'Basic YWRtaW46cGFzc3dvcmQ=', 'Content-Length': '1025'} 
 body=&lt;ItemList&gt;
	&lt;Item Action="Manage" GlobalItemID="12439482" ItemID="20250309221812848" OrganizationCode="Liverpool" UnitOfMeasure="UN"&gt;
		&lt;Extn ExtnActive="01" ExtnItemSF="Y" ExtnItemSFDesc="ACTIVO" ExtnSuggestedPackage="" ExtnSkuPackage=""/&gt;
		&lt;PrimaryInformation DefaultProductClass="SL" Description="CHAROLA GIRATORIA AILE, 48CM, NATURAL H" ShortDescription="CHAROLA GIRATORIA AILE, 48CM, NATURAL H" ExtendedDisplayDescription="CHAROLA GIRATORIA REDO, 48 CM, NATURAL (12439482)" IsDeliveryAllowed="Y" IsPickupAllowed="Y" IsShippingAllowed="Y" PrimaryEnterpriseCode="Liverpool" SerializedFlag="N" Status="3000" UnitCost="829" ItemType=""/&gt;
		&lt;ClassificationCodes ECCNNo="HAUS" Model="18917" NAICSCode="7502008630089" NMFCClass="152" NMFCCode="15204"/&gt;
		&lt;InventoryParameters ATPRule="Liverpool_ATP" InventoryMonitorRule="EPL_ATP_MONITOR_RULE" NodeLevelInventoryMonitorRule="EPL_ATP_MONITOR_RULE"/&gt;
		&lt;ItemAliasList Reset="Y"&gt;
			&lt;ItemAlias AliasName="EAN1" AliasValue="7502008630089"/&gt;
		&lt;/ItemAliasList&gt;
	&lt;/Item&gt;
&lt;/ItemList&gt; 
 </msg>
<msg time="2025-03-09T22:18:15.518439" level="INFO">POST Response : url=http://9.30.26.220:9080/smcfs/restapi/invoke/manageItem 
 status=204, reason=No Content 
 headers={'X-Powered-By': 'Servlet/4.0', 'X-FRAME-OPTIONS': 'SAMEORIGIN', 'X-UA-Compatible': 'IE=EmulateIE8', 'Access-Control-Allow-Origin': '*', 'Access-Control-Max-Age': '3600', 'Access-Control-Allow-Credentials': 'true', 'Content-Language': 'en-US', 'Content-Length': '0', 'Date': 'Sun, 09 Mar 2025 16:48:15 GMT'} 
 body=None 
 </msg>
<msg time="2025-03-09T22:18:15.518532" level="INFO">${manageItemResponse} = &lt;Response [204]&gt;</msg>
<var>${manageItemResponse}</var>
<arg>AddData</arg>
<arg>${base_url_api}${manageItem}</arg>
<arg>data=${manageItemJson}</arg>
<doc>Sends a POST request on a previously created HTTP Session.</doc>
<status status="PASS" start="2025-03-09T22:18:14.850508" elapsed="0.668056"/>
</kw>
<kw name="Status Should Be" owner="RequestsLibrary">
<arg>204</arg>
<arg>${manageItemResponse}</arg>
<doc>Fails if response status code is different than the expected.</doc>
<status status="PASS" start="2025-03-09T22:18:15.518711" elapsed="0.000159"/>
</kw>
<kw name="Manage Item With Dynamic Item1" owner="Prepare_Xml_Content">
<msg time="2025-03-09T22:18:15.527453" level="INFO">after mod &lt;ItemList&gt;
	&lt;Item Action="Manage" GlobalItemID="12439482" ItemID="20250309221812848" OrganizationCode="Liverpool" UnitOfMeasure="UN"&gt;
		&lt;Extn ExtnActive="01" ExtnItemSF="Y" ExtnItemSFDesc="ACTIVO" ExtnSuggestedPackage="" ExtnSkuPackage=""/&gt;
		&lt;PrimaryInformation DefaultProductClass="SL" Description="CHAROLA GIRATORIA AILE, 48CM, NATURAL H" ShortDescription="CHAROLA GIRATORIA AILE, 48CM, NATURAL H" ExtendedDisplayDescription="CHAROLA GIRATORIA REDO, 48 CM, NATURAL (12439482)" IsDeliveryAllowed="Y" IsPickupAllowed="Y" IsShippingAllowed="Y" PrimaryEnterpriseCode="Liverpool" SerializedFlag="N" Status="3000" UnitCost="829" ItemType=""/&gt;
		&lt;ClassificationCodes ECCNNo="HAUS" Model="18917" NAICSCode="7502008630089" NMFCClass="152" NMFCCode="15204"/&gt;
		&lt;InventoryParameters ATPRule="Liverpool_ATP" InventoryMonitorRule="EPL_ATP_MONITOR_RULE" NodeLevelInventoryMonitorRule="EPL_ATP_MONITOR_RULE"/&gt;
		&lt;ItemAliasList Reset="Y"&gt;
			&lt;ItemAlias AliasName="EAN1" AliasValue="7502008630089"/&gt;
		&lt;/ItemAliasList&gt;
	&lt;/Item&gt;
&lt;/ItemList&gt;</msg>
<msg time="2025-03-09T22:18:15.527579" level="INFO">${jsonItemId} = {'ItemList': {'Item': {'_Action': 'Manage', '_GlobalItemID': '12439482', '_ItemID': '20250309221812848', '_OrganizationCode': 'Liverpool', '_UnitOfMeasure': 'UN', 'Extn': {'_ExtnActive': '01', '_ExtnI...</msg>
<var>${jsonItemId}</var>
<arg>C:\\automation\\AutomationGeneric\\LvrplSL\\CreateOrder\\CreateOrder_-create_normal_order_ATG_example_2_items_TC_001\\setUp</arg>
<status status="PASS" start="2025-03-09T22:18:15.518962" elapsed="0.008635"/>
</kw>
<kw name="Dictionary Should Contain Key" owner="Collections">
<arg>${jsonItemId}</arg>
<arg>ItemList</arg>
<doc>Fails if ``key`` is not found from ``dictionary``.</doc>
<status status="PASS" start="2025-03-09T22:18:15.527721" elapsed="0.000122"/>
</kw>
<kw name="Get From Dictionary" owner="Collections">
<msg time="2025-03-09T22:18:15.528023" level="INFO">${Item_ID_Path} = {'Item': {'_Action': 'Manage', '_GlobalItemID': '12439482', '_ItemID': '20250309221812848', '_OrganizationCode': 'Liverpool', '_UnitOfMeasure': 'UN', 'Extn': {'_ExtnActive': '01', '_ExtnItemSF': 'Y', ...</msg>
<var>${Item_ID_Path}</var>
<arg>${jsonItemId}</arg>
<arg>ItemList</arg>
<doc>Returns a value from the given ``dictionary`` based on the given ``key``.</doc>
<status status="PASS" start="2025-03-09T22:18:15.527917" elapsed="0.000121"/>
</kw>
<kw name="Adjust Inventory File" owner="Prepare_Xml_Content">
<msg time="2025-03-09T22:18:15.528414" level="INFO">${jsonAdjInv} = &lt;Items&gt;
	&lt;Item AdjustmentType="ABSOLUTE" Availability="TRACK" ItemID="20250309221812848" OrganizationCode="Liverpool" Quantity="100" ReasonCode="itemSLRTAMS19t2" ReasonText="Ajuste GoldenGate" ShipNod...</msg>
<var>${jsonAdjInv}</var>
<arg>${jsonItemId}[ItemList][Item][_ItemID]</arg>
<arg>C:\\automation\\AutomationGeneric\\LvrplSL\\CreateOrder\\CreateOrder_-create_normal_order_ATG_example_2_items_TC_001\\setUp</arg>
<status status="PASS" start="2025-03-09T22:18:15.528105" elapsed="0.000334"/>
</kw>
<kw name="POST On Session" owner="RequestsLibrary">
<msg time="2025-03-09T22:18:16.056453" level="INFO">POST Request : url=http://9.30.26.220:9080/smcfs/restapi/invoke/adjustInventory 
 path_url=/smcfs/restapi/invoke/adjustInventory 
 headers={'User-Agent': 'python-requests/2.32.3', 'Accept-Encoding': 'gzip, deflate', 'Accept': '*/*', 'Connection': 'keep-alive', 'Content-Type': 'application/xml', 'Authorization': 'Basic YWRtaW46cGFzc3dvcmQ=', 'Content-Length': '256'} 
 body=&lt;Items&gt;
	&lt;Item AdjustmentType="ABSOLUTE" Availability="TRACK" ItemID="20250309221812848" OrganizationCode="Liverpool" Quantity="100" ReasonCode="itemSLRTAMS19t2" ReasonText="Ajuste GoldenGate" ShipNode="77" SupplyType="ONHAND" UnitOfMeasure="UN"/&gt;
&lt;/Items&gt; 
 </msg>
<msg time="2025-03-09T22:18:16.056548" level="INFO">POST Response : url=http://9.30.26.220:9080/smcfs/restapi/invoke/adjustInventory 
 status=204, reason=No Content 
 headers={'X-Powered-By': 'Servlet/4.0', 'X-FRAME-OPTIONS': 'SAMEORIGIN', 'X-UA-Compatible': 'IE=EmulateIE8', 'Access-Control-Allow-Origin': '*', 'Access-Control-Max-Age': '3600', 'Access-Control-Allow-Credentials': 'true', 'Content-Language': 'en-US', 'Content-Length': '0', 'Date': 'Sun, 09 Mar 2025 16:48:16 GMT'} 
 body=None 
 </msg>
<msg time="2025-03-09T22:18:16.056702" level="INFO">${adjInvresponse} = &lt;Response [204]&gt;</msg>
<var>${adjInvresponse}</var>
<arg>AddData</arg>
<arg>${base_url_api}${adjustInventory}</arg>
<arg>data=${jsonAdjInv}</arg>
<arg>headers=${headers}</arg>
<doc>Sends a POST request on a previously created HTTP Session.</doc>
<status status="PASS" start="2025-03-09T22:18:15.528577" elapsed="0.528153"/>
</kw>
<kw name="Status Should Be" owner="RequestsLibrary">
<arg>204</arg>
<arg>${adjInvresponse}</arg>
<doc>Fails if response status code is different than the expected.</doc>
<status status="PASS" start="2025-03-09T22:18:16.057012" elapsed="0.000210"/>
</kw>
<return>
<value>${jsonItemId}</value>
<status status="PASS" start="2025-03-09T22:18:16.057282" elapsed="0.000040"/>
</return>
<msg time="2025-03-09T22:18:16.057478" level="INFO">${jsonItemId} = {'ItemList': {'Item': {'_Action': 'Manage', '_GlobalItemID': '12439482', '_ItemID': '20250309221812848', '_OrganizationCode': 'Liverpool', '_UnitOfMeasure': 'UN', 'Extn': {'_ExtnActive': '01', '_ExtnI...</msg>
<var>${jsonItemId}</var>
<status status="PASS" start="2025-03-09T22:18:12.845312" elapsed="3.212191"/>
</kw>
<kw name="Create Order SL1" owner="CreateOrderKeyword">
<kw name="Creating Session XML" owner="createSession">
<kw name="Create List" owner="BuiltIn">
<msg time="2025-03-09T22:18:16.058669" level="INFO">${auth} = ['admin', 'password']</msg>
<var>${auth}</var>
<arg>${user}</arg>
<arg>${passwd}</arg>
<doc>Returns a list containing given items.</doc>
<status status="PASS" start="2025-03-09T22:18:16.058530" elapsed="0.000162"/>
</kw>
<kw name="Create Dictionary" owner="BuiltIn">
<msg time="2025-03-09T22:18:16.059008" level="INFO">${headers_dict_xml} = {'Authorization': 'Basic YWRtaW46cGFzc3dvcmQ=', 'Content-Type': 'application/xml'}</msg>
<var>${headers_dict_xml}</var>
<arg>Authorization=${AUTHORIZATION}</arg>
<arg>Content-Type=application/xml</arg>
<doc>Creates and returns a dictionary based on the given ``items``.</doc>
<status status="PASS" start="2025-03-09T22:18:16.058804" elapsed="0.000226"/>
</kw>
<kw name="Create Session" owner="RequestsLibrary">
<msg time="2025-03-09T22:18:16.059377" level="INFO">Creating Session using : alias=api, url=http://9.30.26.220:9080/smcfs/restapi/invoke/createOrder, headers={'Content-Type': 'application/xml', 'Authorization': 'Basic YWRtaW46cGFzc3dvcmQ='},                     cookies={}, auth=&lt;requests.auth.HTTPBasicAuth object at 0x000001FD95B5A8B0&gt;, timeout=None, proxies=None, verify=False,                     debug=0 </msg>
<arg>${AddData}</arg>
<arg>url=${base_url_api}${createOrder}</arg>
<arg>headers=${headers}</arg>
<arg>auth=${auth}</arg>
<doc>Create Session: create a HTTP session to a server</doc>
<status status="PASS" start="2025-03-09T22:18:16.059128" elapsed="0.000370"/>
</kw>
<arg>api</arg>
<status status="PASS" start="2025-03-09T22:18:16.058312" elapsed="0.001246"/>
</kw>
<kw name="Create Dictionary" owner="BuiltIn">
<msg time="2025-03-09T22:18:16.059836" level="INFO">${headers_dict_xml} = {'Authorization': 'Basic YWRtaW46cGFzc3dvcmQ=', 'Content-Type': 'application/xml'}</msg>
<var>${headers_dict_xml}</var>
<arg>Authorization=${AUTHORIZATION}</arg>
<arg>Content-Type=application/xml</arg>
<doc>Creates and returns a dictionary based on the given ``items``.</doc>
<status status="PASS" start="2025-03-09T22:18:16.059653" elapsed="0.000205"/>
</kw>
<kw name="Create Order File" owner="Prepare_Xml_Content">
<msg time="2025-03-09T22:18:16.060390" level="INFO">${jsonCreateOrder} = &lt;?xml version="1.0" encoding="ISO-8859-1" standalone="yes"?&gt;
&lt;Order AllocationRuleID="FWD_RULES" CustomerPONo="o13556164996" CustomerRewardsNo="5491060181" DocumentType="0001"
DraftOrderFlag="Y" Enter...</msg>
<var>${jsonCreateOrder}</var>
<arg>${jsonItemId}[ItemList][Item][_ItemID]</arg>
<arg>${CUR_DIR}</arg>
<status status="PASS" start="2025-03-09T22:18:16.059955" elapsed="0.000461"/>
</kw>
<kw name="POST On Session" owner="RequestsLibrary">
<msg time="2025-03-09T22:18:16.878374" level="INFO">POST Request : url=http://9.30.26.220:9080/smcfs/restapi/invoke/createOrder 
 path_url=/smcfs/restapi/invoke/createOrder 
 headers={'User-Agent': 'python-requests/2.32.3', 'Accept-Encoding': 'gzip, deflate', 'Accept': '*/*', 'Connection': 'keep-alive', 'Content-Type': 'application/xml', 'Authorization': 'Basic YWRtaW46cGFzc3dvcmQ=', 'Content-Length': '2522'} 
 body=&lt;?xml version="1.0" encoding="ISO-8859-1" standalone="yes"?&gt;
&lt;Order AllocationRuleID="FWD_RULES" CustomerPONo="o13556164996" CustomerRewardsNo="5491060181" DocumentType="0001"
DraftOrderFlag="Y" EnterpriseCode="Liverpool" OrderDate="2023-11-09T13:09:54-06:00" OrderName="N9300042969" OrderNo="20250309221812848"
OrderType="Personal"&gt;
	&lt;OrderLines&gt;
		&lt;OrderLine Delivery="" FulfillmentType="Fulfillment_Type_Liverpool" OrderedQty="1" Store=""&gt;
			&lt;Item ItemDesc=" " ItemID="20250309221812848" UnitOfMeasure="UN"/&gt;
			&lt;LinePriceInfo IsPriceLocked="Y" ListPrice="120.69" UnitPrice="120.69"/&gt;
			&lt;References&gt;
				&lt;Reference Name="Promotion1" Value="10% de descuento"/&gt;
				&lt;Reference Name="DiscountAmount" Value="164.9"/&gt;
			&lt;/References&gt;
		&lt;/OrderLine&gt;
		&lt;OrderLine Delivery="" FulfillmentType="Fulfillment_Type_Liverpool" OrderedQty="1" Store="" ShipNode=""&gt;
            &lt;Item ItemDesc="CHAROLA GIRATORIA AILE, 48CM HAUS" ItemID="20250309221812848" UnitOfMeasure="UN"/&gt;
            &lt;LinePriceInfo IsPriceLocked="Y" ListPrice="471.0" UnitPrice="471.0"/&gt;
            &lt;References&gt;
                &lt;Reference Name="Promotion1" Value="40% de descuento"/&gt;
                &lt;Reference Name="DiscountAmount" Value="314.0"/&gt;
            &lt;/References&gt;
        &lt;/OrderLine&gt;
	&lt;/OrderLines&gt;
	&lt;PersonInfoShipTo AddressLine1="Municipio Libre" AddressLine2="38" AddressLine4="LOMAS DE ATIZAPAN" AddressLine5="ATIZAPAN DE ZARAGOZA"
	AddressLine6="Entre calle El Oro y Acolman" City="Lopez Mateos" Country="MX" DayPhone="55-58249363" EMailID="espinosaquique@hotmail.com"
	FirstName="Jorge" LastName="Espinosa" MiddleName="Enrique" MobilePhone="5585367271" State="MEXICO" ZipCode="52977"/&gt;
	&lt;PersonInfoBillTo AddressLine1="MUNICIPIO LIBRE 38" AddressLine2="50169643" AddressLine4="LOMAS DE ATIZAPAN"
	AddressLine5="ATIZAPAN DE ZARAGOZA" City="ATIZAPAN DE ZARAGOZA" Country="MX" DayPhone="50169643"
	FirstName="JORGE ENRIQUE ESPINOSA" LastName="" State="EM" ZipCode="52977"/&gt;
	&lt;PersonInfoContact AddressLine1="Municipio Libre" AddressLine2="38" AddressLine4="LOMAS DE ATIZAPAN"
	AddressLine5="ATIZAPAN DE ZARAGOZA" City="Lopez Mateos" Country="MX" DayPhone="55-58249363"
	EMailID="espinosaquique@hotmail.com" FirstName="JORGE ENRIQUE" LastName="ESPINOSA" State="MEXICO" ZipCode="52977"/&gt;
	&lt;HeaderCharges&gt;
		&lt;HeaderCharge ChargeAmount="0" ChargeCategory="Shipping" ChargeName="Shipping"/&gt;
	&lt;/HeaderCharges&gt;
	&lt;References&gt;
		&lt;Reference Name="TicketNo" Value="4150016090"/&gt;
		&lt;Reference Name="BankAuthNo" Value="00050636"/&gt;
	&lt;/References&gt;
&lt;/Order&gt;

 
 </msg>
<msg time="2025-03-09T22:18:16.878599" level="INFO">POST Response : url=http://9.30.26.220:9080/smcfs/restapi/invoke/createOrder 
 status=200, reason=OK 
 headers={'X-Powered-By': 'Servlet/4.0', 'X-FRAME-OPTIONS': 'SAMEORIGIN', 'X-UA-Compatible': 'IE=EmulateIE8', 'Access-Control-Allow-Origin': '*', 'Access-Control-Max-Age': '3600', 'Access-Control-Allow-Credentials': 'true', 'Content-Type': 'application/json; charset=UTF-8', 'Content-Encoding': 'gzip', 'Content-Language': 'en-US', 'Content-Length': '120', 'Date': 'Sun, 09 Mar 2025 16:48:17 GMT'} 
 body={"DocumentType":"0001","OrderNo":"20250309221812848","OrderHeaderKey":"202503090948171359661","EnterpriseCode":"Liverpool"} 
 </msg>
<msg time="2025-03-09T22:18:16.878842" level="INFO">${createOrderResponse} = &lt;Response [200]&gt;</msg>
<var>${createOrderResponse}</var>
<arg>api</arg>
<arg>${base_url_api}${createOrder}</arg>
<arg>data=${jsonCreateOrder}</arg>
<arg>headers=${headers_dict_xml}</arg>
<doc>Sends a POST request on a previously created HTTP Session.</doc>
<status status="PASS" start="2025-03-09T22:18:16.060528" elapsed="0.818363"/>
</kw>
<kw name="Log To Console" owner="BuiltIn">
<arg>${createOrderResponse}</arg>
<doc>Logs the given message to the console.</doc>
<status status="PASS" start="2025-03-09T22:18:16.879210" elapsed="0.000745"/>
</kw>
<kw name="Get From Dictionary" owner="Collections">
<msg time="2025-03-09T22:18:16.882061" level="INFO">${content_type} = application/json; charset=UTF-8</msg>
<var>${content_type}</var>
<arg>${createOrderResponse.headers}</arg>
<arg>Content-Type</arg>
<doc>Returns a value from the given ``dictionary`` based on the given ``key``.</doc>
<status status="PASS" start="2025-03-09T22:18:16.880329" elapsed="0.001792"/>
</kw>
<kw name="Log To Console" owner="BuiltIn">
<arg>${content_type}</arg>
<doc>Logs the given message to the console.</doc>
<status status="PASS" start="2025-03-09T22:18:16.882382" elapsed="0.000721"/>
</kw>
<kw name="Log To Console" owner="BuiltIn">
<arg>'**************content type'</arg>
<doc>Logs the given message to the console.</doc>
<status status="PASS" start="2025-03-09T22:18:16.883400" elapsed="0.000634"/>
</kw>
<kw name="Log To Console" owner="BuiltIn">
<arg>Content-Type: ${content_type}</arg>
<doc>Logs the given message to the console.</doc>
<status status="PASS" start="2025-03-09T22:18:16.884333" elapsed="0.000718"/>
</kw>
<arg>${jsonItemId}</arg>
<arg>${CUR_DIR}</arg>
<status status="PASS" start="2025-03-09T22:18:16.057972" elapsed="0.827307"/>
</kw>
<tag>CREATEORDER</tag>
<tag>HAPPYFLOW</tag>
<tag>REGRESSION</tag>
<status status="PASS" start="2025-03-09T22:18:09.790749" elapsed="7.095205"/>
</test>
<status status="PASS" start="2025-03-09T22:18:09.779436" elapsed="7.108487"/>
</suite>
<status status="FAIL" start="2025-03-09T22:18:05.181911" elapsed="11.708670"/>
</suite>
<status status="FAIL" start="2025-03-09T22:18:05.180895" elapsed="11.710504"/>
</suite>
<suite id="s1-s1-s2" name="CreateOrder create normal order ATG ClickandCollect TC 002" source="C:\automation\AutomationGeneric\LvrplSL\CreateOrder\CreateOrder_create_normal_order_ATG_ClickandCollect_TC_002">
<suite id="s1-s1-s2-s1" name="Test" source="C:\automation\AutomationGeneric\LvrplSL\CreateOrder\CreateOrder_create_normal_order_ATG_ClickandCollect_TC_002\test">
<suite id="s1-s1-s2-s1-s1" name="TC 002" source="C:\automation\AutomationGeneric\LvrplSL\CreateOrder\CreateOrder_create_normal_order_ATG_ClickandCollect_TC_002\test\TC_002.robot">
<test id="s1-s1-s2-s1-s1-t1" name="Create Order TC_002" line="10">
<kw name="Create Item Adjust and Fin Inv SL" owner="suiteSetUpForCreateOrder" type="SETUP">
<kw name="Creating Session1" owner="createSession">
<kw name="Create List" owner="BuiltIn">
<msg time="2025-03-09T22:18:16.911004" level="INFO">${auth} = ['admin', 'password']</msg>
<var>${auth}</var>
<arg>${user}</arg>
<arg>${passwd}</arg>
<doc>Returns a list containing given items.</doc>
<status status="PASS" start="2025-03-09T22:18:16.910899" elapsed="0.000124"/>
</kw>
<kw name="Create Session" owner="RequestsLibrary">
<msg time="2025-03-09T22:18:16.911272" level="INFO">Creating Session using : alias=AddData, url=http://9.30.26.220:9080/smcfs/restapi/invoke/createOrder, headers={'Content-Type': 'application/xml', 'Authorization': 'Basic YWRtaW46cGFzc3dvcmQ='},                     cookies={}, auth=&lt;requests.auth.HTTPBasicAuth object at 0x000001FD85C042B0&gt;, timeout=None, proxies=None, verify=False,                     debug=0 </msg>
<arg>${AddData}</arg>
<arg>url=${base_url_api}${createOrder}</arg>
<arg>headers=${headers}</arg>
<arg>auth=${auth}</arg>
<doc>Create Session: create a HTTP session to a server</doc>
<status status="PASS" start="2025-03-09T22:18:16.911095" elapsed="0.000272"/>
</kw>
<arg>AddData</arg>
<status status="PASS" start="2025-03-09T22:18:16.910741" elapsed="0.000669"/>
</kw>
<kw name="Manage Item With Dynamic Item" owner="Prepare_Xml_Content">
<msg time="2025-03-09T22:18:18.913286" level="INFO">before mod &lt;ItemList&gt;
	&lt;Item Action="Manage" GlobalItemID="12439482" ItemID="$ItemID" OrganizationCode="Liverpool" UnitOfMeasure="UN"&gt;
		&lt;Extn ExtnActive="01" ExtnItemSF="Y" ExtnItemSFDesc="ACTIVO" ExtnSuggestedPackage="" ExtnSkuPackage=""/&gt;
		&lt;PrimaryInformation DefaultProductClass="SL" Description="CHAROLA GIRATORIA AILE, 48CM, NATURAL H" ShortDescription="CHAROLA GIRATORIA AILE, 48CM, NATURAL H" ExtendedDisplayDescription="CHAROLA GIRATORIA REDO, 48 CM, NATURAL (12439482)" IsDeliveryAllowed="Y" IsPickupAllowed="Y" IsShippingAllowed="Y" PrimaryEnterpriseCode="Liverpool" SerializedFlag="N" Status="3000" UnitCost="829" ItemType=""/&gt;
		&lt;ClassificationCodes ECCNNo="HAUS" Model="18917" NAICSCode="7502008630089" NMFCClass="152" NMFCCode="15204"/&gt;
		&lt;InventoryParameters ATPRule="Liverpool_ATP" InventoryMonitorRule="EPL_ATP_MONITOR_RULE" NodeLevelInventoryMonitorRule="EPL_ATP_MONITOR_RULE"/&gt;
		&lt;ItemAliasList Reset="Y"&gt;
			&lt;ItemAlias AliasName="EAN1" AliasValue="7502008630089"/&gt;
		&lt;/ItemAliasList&gt;
	&lt;/Item&gt;
&lt;/ItemList&gt;
after mod &lt;ItemList&gt;
	&lt;Item Action="Manage" GlobalItemID="12439482" ItemID="20250309221816911" OrganizationCode="Liverpool" UnitOfMeasure="UN"&gt;
		&lt;Extn ExtnActive="01" ExtnItemSF="Y" ExtnItemSFDesc="ACTIVO" ExtnSuggestedPackage="" ExtnSkuPackage=""/&gt;
		&lt;PrimaryInformation DefaultProductClass="SL" Description="CHAROLA GIRATORIA AILE, 48CM, NATURAL H" ShortDescription="CHAROLA GIRATORIA AILE, 48CM, NATURAL H" ExtendedDisplayDescription="CHAROLA GIRATORIA REDO, 48 CM, NATURAL (12439482)" IsDeliveryAllowed="Y" IsPickupAllowed="Y" IsShippingAllowed="Y" PrimaryEnterpriseCode="Liverpool" SerializedFlag="N" Status="3000" UnitCost="829" ItemType=""/&gt;
		&lt;ClassificationCodes ECCNNo="HAUS" Model="18917" NAICSCode="7502008630089" NMFCClass="152" NMFCCode="15204"/&gt;
		&lt;InventoryParameters ATPRule="Liverpool_ATP" InventoryMonitorRule="EPL_ATP_MONITOR_RULE" NodeLevelInventoryMonitorRule="EPL_ATP_MONITOR_RULE"/&gt;
		&lt;ItemAliasList Reset="Y"&gt;
			&lt;ItemAlias AliasName="EAN1" AliasValue="7502008630089"/&gt;
		&lt;/ItemAliasList&gt;
	&lt;/Item&gt;
&lt;/ItemList&gt;</msg>
<msg time="2025-03-09T22:18:18.913610" level="INFO">${manageItemJson} = &lt;ItemList&gt;
	&lt;Item Action="Manage" GlobalItemID="12439482" ItemID="20250309221816911" OrganizationCode="Liverpool" UnitOfMeasure="UN"&gt;
		&lt;Extn ExtnActive="01" ExtnItemSF="Y" ExtnItemSFDesc="ACTIVO" Ext...</msg>
<var>${manageItemJson}</var>
<arg>${CUR_DIR}</arg>
<status status="PASS" start="2025-03-09T22:18:16.911471" elapsed="2.002203"/>
</kw>
<kw name="POST On Session" owner="RequestsLibrary">
<msg time="2025-03-09T22:18:19.595414" level="INFO">POST Request : url=http://9.30.26.220:9080/smcfs/restapi/invoke/manageItem 
 path_url=/smcfs/restapi/invoke/manageItem 
 headers={'User-Agent': 'python-requests/2.32.3', 'Accept-Encoding': 'gzip, deflate', 'Accept': '*/*', 'Connection': 'keep-alive', 'Content-Type': 'application/xml', 'Authorization': 'Basic YWRtaW46cGFzc3dvcmQ=', 'Content-Length': '1025'} 
 body=&lt;ItemList&gt;
	&lt;Item Action="Manage" GlobalItemID="12439482" ItemID="20250309221816911" OrganizationCode="Liverpool" UnitOfMeasure="UN"&gt;
		&lt;Extn ExtnActive="01" ExtnItemSF="Y" ExtnItemSFDesc="ACTIVO" ExtnSuggestedPackage="" ExtnSkuPackage=""/&gt;
		&lt;PrimaryInformation DefaultProductClass="SL" Description="CHAROLA GIRATORIA AILE, 48CM, NATURAL H" ShortDescription="CHAROLA GIRATORIA AILE, 48CM, NATURAL H" ExtendedDisplayDescription="CHAROLA GIRATORIA REDO, 48 CM, NATURAL (12439482)" IsDeliveryAllowed="Y" IsPickupAllowed="Y" IsShippingAllowed="Y" PrimaryEnterpriseCode="Liverpool" SerializedFlag="N" Status="3000" UnitCost="829" ItemType=""/&gt;
		&lt;ClassificationCodes ECCNNo="HAUS" Model="18917" NAICSCode="7502008630089" NMFCClass="152" NMFCCode="15204"/&gt;
		&lt;InventoryParameters ATPRule="Liverpool_ATP" InventoryMonitorRule="EPL_ATP_MONITOR_RULE" NodeLevelInventoryMonitorRule="EPL_ATP_MONITOR_RULE"/&gt;
		&lt;ItemAliasList Reset="Y"&gt;
			&lt;ItemAlias AliasName="EAN1" AliasValue="7502008630089"/&gt;
		&lt;/ItemAliasList&gt;
	&lt;/Item&gt;
&lt;/ItemList&gt; 
 </msg>
<msg time="2025-03-09T22:18:19.595557" level="INFO">POST Response : url=http://9.30.26.220:9080/smcfs/restapi/invoke/manageItem 
 status=204, reason=No Content 
 headers={'X-Powered-By': 'Servlet/4.0', 'X-FRAME-OPTIONS': 'SAMEORIGIN', 'X-UA-Compatible': 'IE=EmulateIE8', 'Access-Control-Allow-Origin': '*', 'Access-Control-Max-Age': '3600', 'Access-Control-Allow-Credentials': 'true', 'Content-Language': 'en-US', 'Content-Length': '0', 'Date': 'Sun, 09 Mar 2025 16:48:19 GMT'} 
 body=None 
 </msg>
<msg time="2025-03-09T22:18:19.595849" level="INFO">${manageItemResponse} = &lt;Response [204]&gt;</msg>
<var>${manageItemResponse}</var>
<arg>AddData</arg>
<arg>${base_url_api}${manageItem}</arg>
<arg>data=${manageItemJson}</arg>
<doc>Sends a POST request on a previously created HTTP Session.</doc>
<status status="PASS" start="2025-03-09T22:18:18.914034" elapsed="0.681864"/>
</kw>
<kw name="Status Should Be" owner="RequestsLibrary">
<arg>204</arg>
<arg>${manageItemResponse}</arg>
<doc>Fails if response status code is different than the expected.</doc>
<status status="PASS" start="2025-03-09T22:18:19.596189" elapsed="0.005387"/>
</kw>
<kw name="Manage Item With Dynamic Item1" owner="Prepare_Xml_Content">
<msg time="2025-03-09T22:18:19.613671" level="INFO">after mod &lt;ItemList&gt;
	&lt;Item Action="Manage" GlobalItemID="12439482" ItemID="20250309221816911" OrganizationCode="Liverpool" UnitOfMeasure="UN"&gt;
		&lt;Extn ExtnActive="01" ExtnItemSF="Y" ExtnItemSFDesc="ACTIVO" ExtnSuggestedPackage="" ExtnSkuPackage=""/&gt;
		&lt;PrimaryInformation DefaultProductClass="SL" Description="CHAROLA GIRATORIA AILE, 48CM, NATURAL H" ShortDescription="CHAROLA GIRATORIA AILE, 48CM, NATURAL H" ExtendedDisplayDescription="CHAROLA GIRATORIA REDO, 48 CM, NATURAL (12439482)" IsDeliveryAllowed="Y" IsPickupAllowed="Y" IsShippingAllowed="Y" PrimaryEnterpriseCode="Liverpool" SerializedFlag="N" Status="3000" UnitCost="829" ItemType=""/&gt;
		&lt;ClassificationCodes ECCNNo="HAUS" Model="18917" NAICSCode="7502008630089" NMFCClass="152" NMFCCode="15204"/&gt;
		&lt;InventoryParameters ATPRule="Liverpool_ATP" InventoryMonitorRule="EPL_ATP_MONITOR_RULE" NodeLevelInventoryMonitorRule="EPL_ATP_MONITOR_RULE"/&gt;
		&lt;ItemAliasList Reset="Y"&gt;
			&lt;ItemAlias AliasName="EAN1" AliasValue="7502008630089"/&gt;
		&lt;/ItemAliasList&gt;
	&lt;/Item&gt;
&lt;/ItemList&gt;</msg>
<msg time="2025-03-09T22:18:19.613789" level="INFO">${jsonItemId} = {'ItemList': {'Item': {'_Action': 'Manage', '_GlobalItemID': '12439482', '_ItemID': '20250309221816911', '_OrganizationCode': 'Liverpool', '_UnitOfMeasure': 'UN', 'Extn': {'_ExtnActive': '01', '_ExtnI...</msg>
<var>${jsonItemId}</var>
<arg>${CUR_DIR}</arg>
<status status="PASS" start="2025-03-09T22:18:19.601854" elapsed="0.011951"/>
</kw>
<kw name="Dictionary Should Contain Key" owner="Collections">
<arg>${jsonItemId}</arg>
<arg>ItemList</arg>
<doc>Fails if ``key`` is not found from ``dictionary``.</doc>
<status status="PASS" start="2025-03-09T22:18:19.613923" elapsed="0.000120"/>
</kw>
<kw name="Get From Dictionary" owner="Collections">
<msg time="2025-03-09T22:18:19.614246" level="INFO">${Item_ID_Path} = {'Item': {'_Action': 'Manage', '_GlobalItemID': '12439482', '_ItemID': '20250309221816911', '_OrganizationCode': 'Liverpool', '_UnitOfMeasure': 'UN', 'Extn': {'_ExtnActive': '01', '_ExtnItemSF': 'Y', ...</msg>
<var>${Item_ID_Path}</var>
<arg>${jsonItemId}</arg>
<arg>ItemList</arg>
<doc>Returns a value from the given ``dictionary`` based on the given ``key``.</doc>
<status status="PASS" start="2025-03-09T22:18:19.614135" elapsed="0.000127"/>
</kw>
<kw name="Adjust Inventory File" owner="Prepare_Xml_Content">
<msg time="2025-03-09T22:18:19.614625" level="INFO">${jsonAdjInv} = &lt;Items&gt;
	&lt;Item AdjustmentType="ABSOLUTE" Availability="TRACK" ItemID="20250309221816911" OrganizationCode="Liverpool" Quantity="100" ReasonCode="itemSLRTAMS19t2" ReasonText="Ajuste GoldenGate" ShipNod...</msg>
<var>${jsonAdjInv}</var>
<arg>${jsonItemId}[ItemList][Item][_ItemID]</arg>
<arg>${CUR_DIR}</arg>
<status status="PASS" start="2025-03-09T22:18:19.614328" elapsed="0.000323"/>
</kw>
<kw name="POST On Session" owner="RequestsLibrary">
<msg time="2025-03-09T22:18:19.990614" level="INFO">POST Request : url=http://9.30.26.220:9080/smcfs/restapi/invoke/adjustInventory 
 path_url=/smcfs/restapi/invoke/adjustInventory 
 headers={'User-Agent': 'python-requests/2.32.3', 'Accept-Encoding': 'gzip, deflate', 'Accept': '*/*', 'Connection': 'keep-alive', 'Content-Type': 'application/xml', 'Authorization': 'Basic YWRtaW46cGFzc3dvcmQ=', 'Content-Length': '256'} 
 body=&lt;Items&gt;
	&lt;Item AdjustmentType="ABSOLUTE" Availability="TRACK" ItemID="20250309221816911" OrganizationCode="Liverpool" Quantity="100" ReasonCode="itemSLRTAMS19t2" ReasonText="Ajuste GoldenGate" ShipNode="77" SupplyType="ONHAND" UnitOfMeasure="UN"/&gt;
&lt;/Items&gt; 
 </msg>
<msg time="2025-03-09T22:18:19.990816" level="INFO">POST Response : url=http://9.30.26.220:9080/smcfs/restapi/invoke/adjustInventory 
 status=204, reason=No Content 
 headers={'X-Powered-By': 'Servlet/4.0', 'X-FRAME-OPTIONS': 'SAMEORIGIN', 'X-UA-Compatible': 'IE=EmulateIE8', 'Access-Control-Allow-Origin': '*', 'Access-Control-Max-Age': '3600', 'Access-Control-Allow-Credentials': 'true', 'Content-Language': 'en-US', 'Content-Length': '0', 'Date': 'Sun, 09 Mar 2025 16:48:19 GMT'} 
 body=None 
 </msg>
<msg time="2025-03-09T22:18:19.991045" level="INFO">${adjInvresponse} = &lt;Response [204]&gt;</msg>
<var>${adjInvresponse}</var>
<arg>AddData</arg>
<arg>${base_url_api}${adjustInventory}</arg>
<arg>data=${jsonAdjInv}</arg>
<arg>headers=${headers}</arg>
<doc>Sends a POST request on a previously created HTTP Session.</doc>
<status status="PASS" start="2025-03-09T22:18:19.614772" elapsed="0.376325"/>
</kw>
<kw name="Status Should Be" owner="RequestsLibrary">
<arg>204</arg>
<arg>${adjInvresponse}</arg>
<doc>Fails if response status code is different than the expected.</doc>
<status status="PASS" start="2025-03-09T22:18:19.991421" elapsed="0.000367"/>
</kw>
<return>
<value>${jsonItemId}</value>
<status status="PASS" start="2025-03-09T22:18:19.991902" elapsed="0.000070"/>
</return>
<status status="PASS" start="2025-03-09T22:18:16.910558" elapsed="3.081613"/>
</kw>
<kw name="Create Item Adjust and Fin Inv SL" owner="suiteSetUpForCreateOrder">
<kw name="Creating Session1" owner="createSession">
<kw name="Create List" owner="BuiltIn">
<msg time="2025-03-09T22:18:19.994296" level="INFO">${auth} = ['admin', 'password']</msg>
<var>${auth}</var>
<arg>${user}</arg>
<arg>${passwd}</arg>
<doc>Returns a list containing given items.</doc>
<status status="PASS" start="2025-03-09T22:18:19.993979" elapsed="0.000369"/>
</kw>
<kw name="Create Session" owner="RequestsLibrary">
<msg time="2025-03-09T22:18:19.995167" level="INFO">Creating Session using : alias=AddData, url=http://9.30.26.220:9080/smcfs/restapi/invoke/createOrder, headers={'Content-Type': 'application/xml', 'Authorization': 'Basic YWRtaW46cGFzc3dvcmQ='},                     cookies={}, auth=&lt;requests.auth.HTTPBasicAuth object at 0x000001FD95B57D10&gt;, timeout=None, proxies=None, verify=False,                     debug=0 </msg>
<arg>${AddData}</arg>
<arg>url=${base_url_api}${createOrder}</arg>
<arg>headers=${headers}</arg>
<arg>auth=${auth}</arg>
<doc>Create Session: create a HTTP session to a server</doc>
<status status="PASS" start="2025-03-09T22:18:19.994587" elapsed="0.000853"/>
</kw>
<arg>AddData</arg>
<status status="PASS" start="2025-03-09T22:18:19.993525" elapsed="0.001963"/>
</kw>
<kw name="Manage Item With Dynamic Item" owner="Prepare_Xml_Content">
<msg time="2025-03-09T22:18:21.997021" level="INFO">before mod &lt;ItemList&gt;
	&lt;Item Action="Manage" GlobalItemID="12439482" ItemID="$ItemID" OrganizationCode="Liverpool" UnitOfMeasure="UN"&gt;
		&lt;Extn ExtnActive="01" ExtnItemSF="Y" ExtnItemSFDesc="ACTIVO" ExtnSuggestedPackage="" ExtnSkuPackage=""/&gt;
		&lt;PrimaryInformation DefaultProductClass="SL" Description="CHAROLA GIRATORIA AILE, 48CM, NATURAL H" ShortDescription="CHAROLA GIRATORIA AILE, 48CM, NATURAL H" ExtendedDisplayDescription="CHAROLA GIRATORIA REDO, 48 CM, NATURAL (12439482)" IsDeliveryAllowed="Y" IsPickupAllowed="Y" IsShippingAllowed="Y" PrimaryEnterpriseCode="Liverpool" SerializedFlag="N" Status="3000" UnitCost="829" ItemType=""/&gt;
		&lt;ClassificationCodes ECCNNo="HAUS" Model="18917" NAICSCode="7502008630089" NMFCClass="152" NMFCCode="15204"/&gt;
		&lt;InventoryParameters ATPRule="Liverpool_ATP" InventoryMonitorRule="EPL_ATP_MONITOR_RULE" NodeLevelInventoryMonitorRule="EPL_ATP_MONITOR_RULE"/&gt;
		&lt;ItemAliasList Reset="Y"&gt;
			&lt;ItemAlias AliasName="EAN1" AliasValue="7502008630089"/&gt;
		&lt;/ItemAliasList&gt;
	&lt;/Item&gt;
&lt;/ItemList&gt;
after mod &lt;ItemList&gt;
	&lt;Item Action="Manage" GlobalItemID="12439482" ItemID="20250309221819995" OrganizationCode="Liverpool" UnitOfMeasure="UN"&gt;
		&lt;Extn ExtnActive="01" ExtnItemSF="Y" ExtnItemSFDesc="ACTIVO" ExtnSuggestedPackage="" ExtnSkuPackage=""/&gt;
		&lt;PrimaryInformation DefaultProductClass="SL" Description="CHAROLA GIRATORIA AILE, 48CM, NATURAL H" ShortDescription="CHAROLA GIRATORIA AILE, 48CM, NATURAL H" ExtendedDisplayDescription="CHAROLA GIRATORIA REDO, 48 CM, NATURAL (12439482)" IsDeliveryAllowed="Y" IsPickupAllowed="Y" IsShippingAllowed="Y" PrimaryEnterpriseCode="Liverpool" SerializedFlag="N" Status="3000" UnitCost="829" ItemType=""/&gt;
		&lt;ClassificationCodes ECCNNo="HAUS" Model="18917" NAICSCode="7502008630089" NMFCClass="152" NMFCCode="15204"/&gt;
		&lt;InventoryParameters ATPRule="Liverpool_ATP" InventoryMonitorRule="EPL_ATP_MONITOR_RULE" NodeLevelInventoryMonitorRule="EPL_ATP_MONITOR_RULE"/&gt;
		&lt;ItemAliasList Reset="Y"&gt;
			&lt;ItemAlias AliasName="EAN1" AliasValue="7502008630089"/&gt;
		&lt;/ItemAliasList&gt;
	&lt;/Item&gt;
&lt;/ItemList&gt;</msg>
<msg time="2025-03-09T22:18:21.997256" level="INFO">${manageItemJson} = &lt;ItemList&gt;
	&lt;Item Action="Manage" GlobalItemID="12439482" ItemID="20250309221819995" OrganizationCode="Liverpool" UnitOfMeasure="UN"&gt;
		&lt;Extn ExtnActive="01" ExtnItemSF="Y" ExtnItemSFDesc="ACTIVO" Ext...</msg>
<var>${manageItemJson}</var>
<arg>${CUR_DIR}</arg>
<status status="PASS" start="2025-03-09T22:18:19.995550" elapsed="2.001732"/>
</kw>
<kw name="POST On Session" owner="RequestsLibrary">
<msg time="2025-03-09T22:18:22.658620" level="INFO">POST Request : url=http://9.30.26.220:9080/smcfs/restapi/invoke/manageItem 
 path_url=/smcfs/restapi/invoke/manageItem 
 headers={'User-Agent': 'python-requests/2.32.3', 'Accept-Encoding': 'gzip, deflate', 'Accept': '*/*', 'Connection': 'keep-alive', 'Content-Type': 'application/xml', 'Authorization': 'Basic YWRtaW46cGFzc3dvcmQ=', 'Content-Length': '1025'} 
 body=&lt;ItemList&gt;
	&lt;Item Action="Manage" GlobalItemID="12439482" ItemID="20250309221819995" OrganizationCode="Liverpool" UnitOfMeasure="UN"&gt;
		&lt;Extn ExtnActive="01" ExtnItemSF="Y" ExtnItemSFDesc="ACTIVO" ExtnSuggestedPackage="" ExtnSkuPackage=""/&gt;
		&lt;PrimaryInformation DefaultProductClass="SL" Description="CHAROLA GIRATORIA AILE, 48CM, NATURAL H" ShortDescription="CHAROLA GIRATORIA AILE, 48CM, NATURAL H" ExtendedDisplayDescription="CHAROLA GIRATORIA REDO, 48 CM, NATURAL (12439482)" IsDeliveryAllowed="Y" IsPickupAllowed="Y" IsShippingAllowed="Y" PrimaryEnterpriseCode="Liverpool" SerializedFlag="N" Status="3000" UnitCost="829" ItemType=""/&gt;
		&lt;ClassificationCodes ECCNNo="HAUS" Model="18917" NAICSCode="7502008630089" NMFCClass="152" NMFCCode="15204"/&gt;
		&lt;InventoryParameters ATPRule="Liverpool_ATP" InventoryMonitorRule="EPL_ATP_MONITOR_RULE" NodeLevelInventoryMonitorRule="EPL_ATP_MONITOR_RULE"/&gt;
		&lt;ItemAliasList Reset="Y"&gt;
			&lt;ItemAlias AliasName="EAN1" AliasValue="7502008630089"/&gt;
		&lt;/ItemAliasList&gt;
	&lt;/Item&gt;
&lt;/ItemList&gt; 
 </msg>
<msg time="2025-03-09T22:18:22.658794" level="INFO">POST Response : url=http://9.30.26.220:9080/smcfs/restapi/invoke/manageItem 
 status=204, reason=No Content 
 headers={'X-Powered-By': 'Servlet/4.0', 'X-FRAME-OPTIONS': 'SAMEORIGIN', 'X-UA-Compatible': 'IE=EmulateIE8', 'Access-Control-Allow-Origin': '*', 'Access-Control-Max-Age': '3600', 'Access-Control-Allow-Credentials': 'true', 'Content-Language': 'en-US', 'Content-Length': '0', 'Date': 'Sun, 09 Mar 2025 16:48:23 GMT'} 
 body=None 
 </msg>
<msg time="2025-03-09T22:18:22.659011" level="INFO">${manageItemResponse} = &lt;Response [204]&gt;</msg>
<var>${manageItemResponse}</var>
<arg>AddData</arg>
<arg>${base_url_api}${manageItem}</arg>
<arg>data=${manageItemJson}</arg>
<doc>Sends a POST request on a previously created HTTP Session.</doc>
<status status="PASS" start="2025-03-09T22:18:21.997484" elapsed="0.661579"/>
</kw>
<kw name="Status Should Be" owner="RequestsLibrary">
<arg>204</arg>
<arg>${manageItemResponse}</arg>
<doc>Fails if response status code is different than the expected.</doc>
<status status="PASS" start="2025-03-09T22:18:22.659372" elapsed="0.000353"/>
</kw>
<kw name="Manage Item With Dynamic Item1" owner="Prepare_Xml_Content">
<msg time="2025-03-09T22:18:22.674212" level="INFO">after mod &lt;ItemList&gt;
	&lt;Item Action="Manage" GlobalItemID="12439482" ItemID="20250309221819995" OrganizationCode="Liverpool" UnitOfMeasure="UN"&gt;
		&lt;Extn ExtnActive="01" ExtnItemSF="Y" ExtnItemSFDesc="ACTIVO" ExtnSuggestedPackage="" ExtnSkuPackage=""/&gt;
		&lt;PrimaryInformation DefaultProductClass="SL" Description="CHAROLA GIRATORIA AILE, 48CM, NATURAL H" ShortDescription="CHAROLA GIRATORIA AILE, 48CM, NATURAL H" ExtendedDisplayDescription="CHAROLA GIRATORIA REDO, 48 CM, NATURAL (12439482)" IsDeliveryAllowed="Y" IsPickupAllowed="Y" IsShippingAllowed="Y" PrimaryEnterpriseCode="Liverpool" SerializedFlag="N" Status="3000" UnitCost="829" ItemType=""/&gt;
		&lt;ClassificationCodes ECCNNo="HAUS" Model="18917" NAICSCode="7502008630089" NMFCClass="152" NMFCCode="15204"/&gt;
		&lt;InventoryParameters ATPRule="Liverpool_ATP" InventoryMonitorRule="EPL_ATP_MONITOR_RULE" NodeLevelInventoryMonitorRule="EPL_ATP_MONITOR_RULE"/&gt;
		&lt;ItemAliasList Reset="Y"&gt;
			&lt;ItemAlias AliasName="EAN1" AliasValue="7502008630089"/&gt;
		&lt;/ItemAliasList&gt;
	&lt;/Item&gt;
&lt;/ItemList&gt;</msg>
<msg time="2025-03-09T22:18:22.674319" level="INFO">${jsonItemId} = {'ItemList': {'Item': {'_Action': 'Manage', '_GlobalItemID': '12439482', '_ItemID': '20250309221819995', '_OrganizationCode': 'Liverpool', '_UnitOfMeasure': 'UN', 'Extn': {'_ExtnActive': '01', '_ExtnI...</msg>
<var>${jsonItemId}</var>
<arg>${CUR_DIR}</arg>
<status status="PASS" start="2025-03-09T22:18:22.659954" elapsed="0.014381"/>
</kw>
<kw name="Dictionary Should Contain Key" owner="Collections">
<arg>${jsonItemId}</arg>
<arg>ItemList</arg>
<doc>Fails if ``key`` is not found from ``dictionary``.</doc>
<status status="PASS" start="2025-03-09T22:18:22.674450" elapsed="0.000114"/>
</kw>
<kw name="Get From Dictionary" owner="Collections">
<msg time="2025-03-09T22:18:22.674727" level="INFO">${Item_ID_Path} = {'Item': {'_Action': 'Manage', '_GlobalItemID': '12439482', '_ItemID': '20250309221819995', '_OrganizationCode': 'Liverpool', '_UnitOfMeasure': 'UN', 'Extn': {'_ExtnActive': '01', '_ExtnItemSF': 'Y', ...</msg>
<var>${Item_ID_Path}</var>
<arg>${jsonItemId}</arg>
<arg>ItemList</arg>
<doc>Returns a value from the given ``dictionary`` based on the given ``key``.</doc>
<status status="PASS" start="2025-03-09T22:18:22.674631" elapsed="0.000109"/>
</kw>
<kw name="Adjust Inventory File" owner="Prepare_Xml_Content">
<msg time="2025-03-09T22:18:22.675059" level="INFO">${jsonAdjInv} = &lt;Items&gt;
	&lt;Item AdjustmentType="ABSOLUTE" Availability="TRACK" ItemID="20250309221819995" OrganizationCode="Liverpool" Quantity="100" ReasonCode="itemSLRTAMS19t2" ReasonText="Ajuste GoldenGate" ShipNod...</msg>
<var>${jsonAdjInv}</var>
<arg>${jsonItemId}[ItemList][Item][_ItemID]</arg>
<arg>${CUR_DIR}</arg>
<status status="PASS" start="2025-03-09T22:18:22.674799" elapsed="0.000282"/>
</kw>
<kw name="POST On Session" owner="RequestsLibrary">
<msg time="2025-03-09T22:18:23.036427" level="INFO">POST Request : url=http://9.30.26.220:9080/smcfs/restapi/invoke/adjustInventory 
 path_url=/smcfs/restapi/invoke/adjustInventory 
 headers={'User-Agent': 'python-requests/2.32.3', 'Accept-Encoding': 'gzip, deflate', 'Accept': '*/*', 'Connection': 'keep-alive', 'Content-Type': 'application/xml', 'Authorization': 'Basic YWRtaW46cGFzc3dvcmQ=', 'Content-Length': '256'} 
 body=&lt;Items&gt;
	&lt;Item AdjustmentType="ABSOLUTE" Availability="TRACK" ItemID="20250309221819995" OrganizationCode="Liverpool" Quantity="100" ReasonCode="itemSLRTAMS19t2" ReasonText="Ajuste GoldenGate" ShipNode="77" SupplyType="ONHAND" UnitOfMeasure="UN"/&gt;
&lt;/Items&gt; 
 </msg>
<msg time="2025-03-09T22:18:23.036507" level="INFO">POST Response : url=http://9.30.26.220:9080/smcfs/restapi/invoke/adjustInventory 
 status=204, reason=No Content 
 headers={'X-Powered-By': 'Servlet/4.0', 'X-FRAME-OPTIONS': 'SAMEORIGIN', 'X-UA-Compatible': 'IE=EmulateIE8', 'Access-Control-Allow-Origin': '*', 'Access-Control-Max-Age': '3600', 'Access-Control-Allow-Credentials': 'true', 'Content-Language': 'en-US', 'Content-Length': '0', 'Date': 'Sun, 09 Mar 2025 16:48:23 GMT'} 
 body=None 
 </msg>
<msg time="2025-03-09T22:18:23.036590" level="INFO">${adjInvresponse} = &lt;Response [204]&gt;</msg>
<var>${adjInvresponse}</var>
<arg>AddData</arg>
<arg>${base_url_api}${adjustInventory}</arg>
<arg>data=${jsonAdjInv}</arg>
<arg>headers=${headers}</arg>
<doc>Sends a POST request on a previously created HTTP Session.</doc>
<status status="PASS" start="2025-03-09T22:18:22.675195" elapsed="0.361414"/>
</kw>
<kw name="Status Should Be" owner="RequestsLibrary">
<arg>204</arg>
<arg>${adjInvresponse}</arg>
<doc>Fails if response status code is different than the expected.</doc>
<status status="PASS" start="2025-03-09T22:18:23.036760" elapsed="0.000155"/>
</kw>
<return>
<value>${jsonItemId}</value>
<status status="PASS" start="2025-03-09T22:18:23.036957" elapsed="0.000099"/>
</return>
<msg time="2025-03-09T22:18:23.037223" level="INFO">${jsonItemId} = {'ItemList': {'Item': {'_Action': 'Manage', '_GlobalItemID': '12439482', '_ItemID': '20250309221819995', '_OrganizationCode': 'Liverpool', '_UnitOfMeasure': 'UN', 'Extn': {'_ExtnActive': '01', '_ExtnI...</msg>
<var>${jsonItemId}</var>
<status status="PASS" start="2025-03-09T22:18:19.993022" elapsed="3.044218"/>
</kw>
<kw name="Create Order SL" owner="CreateOrderKeyword">
<kw name="Create Order File" owner="Prepare_Xml_Content">
<msg time="2025-03-09T22:18:23.038233" level="INFO">${jsonCreateOrder} = &lt;Order AllocationRuleID="FWD_RULES" CustomerPONo="o1837376354" CustomerRewardsNo="2027498301" DocumentType="0001" DraftOrderFlag="Y" EnterpriseCode="Liverpool" OrderDate="2023-11-02T09:05:27-06:00" Or...</msg>
<var>${jsonCreateOrder}</var>
<arg>${jsonItemId}[ItemList][Item][_ItemID]</arg>
<arg>${CUR_DIR}</arg>
<status status="PASS" start="2025-03-09T22:18:23.037850" elapsed="0.000419"/>
</kw>
<kw name="POST On Session" owner="RequestsLibrary">
<msg time="2025-03-09T22:18:23.513420" level="INFO">POST Request : url=http://9.30.26.220:9080/smcfs/restapi/invoke/createOrder 
 path_url=/smcfs/restapi/invoke/createOrder 
 headers={'User-Agent': 'python-requests/2.32.3', 'Accept-Encoding': 'gzip, deflate', 'Accept': '*/*', 'Connection': 'keep-alive', 'Content-Type': 'application/xml', 'Authorization': 'Basic YWRtaW46cGFzc3dvcmQ=', 'Content-Length': '1842'} 
[...]
<arg>${Order_No1}</arg>
<doc>Logs the given message to the console.</doc>
<status status="NOT RUN" start="2025-03-09T22:19:37.860891" elapsed="0.000015"/>
</kw>
<kw name="POST On Session" owner="RequestsLibrary">
<var>${response1}</var>
<arg>AddData</arg>
<arg>${base_url_api}${releaseOrder}</arg>
<arg>data=${Order_No1}</arg>
<arg>headers=${headers}</arg>
<doc>Sends a POST request on a previously created HTTP Session.</doc>
<status status="NOT RUN" start="2025-03-09T22:19:37.861116" elapsed="0.000015"/>
</kw>
<kw name="Somsns Input File1" owner="Prepare_Xml_Content">
<var>${Order_No1}</var>
<arg>${Order_No}</arg>
<arg>"${values}[0]"</arg>
<arg>C:\\automation\\AutomationGeneric\\LvrplSL\\SmokeTest\\OrderFlow\\S07\\test</arg>
<status status="NOT RUN" start="2025-03-09T22:19:37.861378" elapsed="0.000021"/>
</kw>
<kw name="Log To Console" owner="BuiltIn">
<arg>'This is input for release'</arg>
<doc>Logs the given message to the console.</doc>
<status status="NOT RUN" start="2025-03-09T22:19:37.861896" elapsed="0.000017"/>
</kw>
<kw name="Log To Console" owner="BuiltIn">
<arg>'ord blk1'</arg>
<doc>Logs the given message to the console.</doc>
<status status="NOT RUN" start="2025-03-09T22:19:37.862214" elapsed="0.000022"/>
</kw>
<kw name="Log To Console" owner="BuiltIn">
<arg>${Order_No1}</arg>
<doc>Logs the given message to the console.</doc>
<status status="NOT RUN" start="2025-03-09T22:19:37.862561" elapsed="0.000022"/>
</kw>
<kw name="POST On Session" owner="RequestsLibrary">
<var>${response1}</var>
<arg>AddData</arg>
<arg>${base_url_flow}${SOMSNS}</arg>
<arg>data=${Order_No1}</arg>
<arg>headers=${headers}</arg>
<doc>Sends a POST request on a previously created HTTP Session.</doc>
<status status="NOT RUN" start="2025-03-09T22:19:37.862865" elapsed="0.000021"/>
</kw>
<kw name="Log" owner="BuiltIn">
<arg>${response1}</arg>
<doc>Logs the given message with the given level.</doc>
<status status="NOT RUN" start="2025-03-09T22:19:37.863156" elapsed="0.000015"/>
</kw>
<kw name="Log To Console" owner="BuiltIn">
<arg>${response1}</arg>
<doc>Logs the given message to the console.</doc>
<status status="NOT RUN" start="2025-03-09T22:19:37.863405" elapsed="0.000015"/>
</kw>
<kw name="Convert To String" owner="BuiltIn">
<var>${respSoms}</var>
<arg>${response1.json()}</arg>
<doc>Converts the given item to a Unicode string.</doc>
<status status="NOT RUN" start="2025-03-09T22:19:37.863640" elapsed="0.000015"/>
</kw>
<kw name="Write Output File" owner="Prepare_Xml_Content">
<arg>${respSoms}</arg>
<arg>${SOMSNS}</arg>
<arg>C:\\automation\\AutomationGeneric\\LvrplSL\\SmokeTest\\OrderFlow\\S07\\test</arg>
<status status="NOT RUN" start="2025-03-09T22:19:37.863858" elapsed="0.000014"/>
</kw>
<tag>HAPPYFLOW</tag>
<tag>SOMS</tag>
<status status="FAIL" start="2025-03-09T22:19:34.228312" elapsed="3.636053">HTTPError: 400 Client Error: Bad Request for url: http://9.30.26.220:9080/smcfs/restapi/invoke/findInventory</status>
</test>
<status status="FAIL" start="2025-03-09T22:19:34.219455" elapsed="3.645754"/>
</suite>
<status status="FAIL" start="2025-03-09T22:19:34.218194" elapsed="3.647999"/>
</suite>
<status status="FAIL" start="2025-03-09T22:19:34.217000" elapsed="3.650138"/>
</suite>
<status status="FAIL" start="2025-03-09T22:19:13.979017" elapsed="23.889069"/>
</suite>
<status status="FAIL" start="2025-03-09T22:19:13.977415" elapsed="23.891239"/>
</suite>
<status status="FAIL" start="2025-03-09T22:18:05.154856" elapsed="92.714368"/>
</suite>
<statistics>
<total>
<stat pass="16" fail="15" skip="0">All Tests</stat>
</total>
<tag>
<stat pass="1" fail="0" skip="0">ADJUSTiNVENTORY</stat>
<stat pass="7" fail="5" skip="0">CREATEORDER</stat>
<stat pass="1" fail="2" skip="0">ePLCreateFlashStoreSyncService</stat>
<stat pass="5" fail="4" skip="0">EPLFlashStoreLoadSyncService</stat>
<stat pass="1" fail="0" skip="0">ePLUpdateExtnFlashStoreSyncService</stat>
<stat pass="0" fail="1" skip="0">FINDINVENTORY</stat>
<stat pass="9" fail="9" skip="0">HAPPYFLOW</stat>
<stat pass="1" fail="0" skip="0">MANAGEITEM</stat>
<stat pass="14" fail="10" skip="0">REGRESSION</stat>
<stat pass="0" fail="1" skip="0">RELEASEORDER</stat>
<stat pass="0" fail="1" skip="0">SCHEDULEORDER</stat>
<stat pass="0" fail="1" skip="0">SOMS</stat>
</tag>
<suite>
<stat pass="16" fail="15" skip="0" id="s1" name="LvrplSL">LvrplSL</stat>
<stat pass="7" fail="4" skip="0" id="s1-s1" name="CreateOrder">LvrplSL.CreateOrder</stat>
<stat pass="1" fail="1" skip="0" id="s1-s1-s1" name="CreateOrder -create normal order ATG example 2 items TC 001">LvrplSL.CreateOrder.CreateOrder -create normal order ATG example 2 items TC 001</stat>
<stat pass="1" fail="1" skip="0" id="s1-s1-s1-s1" name="Test">LvrplSL.CreateOrder.CreateOrder -create normal order ATG example 2 items TC 001.Test</stat>
<stat pass="0" fail="1" skip="0" id="s1-s1-s1-s1-s1" name="bak TC 001">LvrplSL.CreateOrder.CreateOrder -create normal order ATG example 2 items TC 001.Test.bak TC 001</stat>
<stat pass="1" fail="0" skip="0" id="s1-s1-s1-s1-s2" name="TC 001">LvrplSL.CreateOrder.CreateOrder -create normal order ATG example 2 items TC 001.Test.TC 001</stat>
<stat pass="1" fail="0" skip="0" id="s1-s1-s2" name="CreateOrder create normal order ATG ClickandCollect TC 002">LvrplSL.CreateOrder.CreateOrder create normal order ATG ClickandCollect TC 002</stat>
<stat pass="1" fail="0" skip="0" id="s1-s1-s2-s1" name="Test">LvrplSL.CreateOrder.CreateOrder create normal order ATG ClickandCollect TC 002.Test</stat>
<stat pass="1" fail="0" skip="0" id="s1-s1-s2-s1-s1" name="TC 002">LvrplSL.CreateOrder.CreateOrder create normal order ATG ClickandCollect TC 002.Test.TC 002</stat>
<stat pass="1" fail="0" skip="0" id="s1-s1-s3" name="CreateOrder create normal order ATG example TC 003">LvrplSL.CreateOrder.CreateOrder create normal order ATG example TC 003</stat>
<stat pass="1" fail="0" skip="0" id="s1-s1-s3-s1" name="Test">LvrplSL.CreateOrder.CreateOrder create normal order ATG example TC 003.Test</stat>
<stat pass="1" fail="0" skip="0" id="s1-s1-s3-s1-s1" name="TC 003">LvrplSL.CreateOrder.CreateOrder create normal order ATG example TC 003.Test.TC 003</stat>
<stat pass="1" fail="0" skip="0" id="s1-s1-s4" name="CreateOrder create order ATG example CC0D ClickandCollect same day TC 004">LvrplSL.CreateOrder.CreateOrder create order ATG example CC0D ClickandCollect same day TC 004</stat>
<stat pass="1" fail="0" skip="0" id="s1-s1-s4-s1" name="Test">LvrplSL.CreateOrder.CreateOrder create order ATG example CC0D ClickandCollect same day TC 004.Test</stat>
<stat pass="1" fail="0" skip="0" id="s1-s1-s4-s1-s1" name="TC 004">LvrplSL.CreateOrder.CreateOrder create order ATG example CC0D ClickandCollect same day TC 004.Test.TC 004</stat>
<stat pass="1" fail="0" skip="0" id="s1-s1-s5" name="CreateOrder create order ATG example HD1D flash next day TC 005">LvrplSL.CreateOrder.CreateOrder create order ATG example HD1D flash next day TC 005</stat>
<stat pass="1" fail="0" skip="0" id="s1-s1-s5-s1" name="Test">LvrplSL.CreateOrder.CreateOrder create order ATG example HD1D flash next day TC 005.Test</stat>
<stat pass="1" fail="0" skip="0" id="s1-s1-s5-s1-s1" name="TC 005">LvrplSL.CreateOrder.CreateOrder create order ATG example HD1D flash next day TC 005.Test.TC 005</stat>
<stat pass="0" fail="1" skip="0" id="s1-s1-s6" name="CreateOrder create order ATG gift registry TC 006">LvrplSL.CreateOrder.CreateOrder create order ATG gift registry TC 006</stat>
<stat pass="0" fail="1" skip="0" id="s1-s1-s6-s1" name="Test">LvrplSL.CreateOrder.CreateOrder create order ATG gift registry TC 006.Test</stat>
<stat pass="0" fail="1" skip="0" id="s1-s1-s6-s1-s1" name="TC 006">LvrplSL.CreateOrder.CreateOrder create order ATG gift registry TC 006.Test.TC 006</stat>
<stat pass="0" fail="1" skip="0" id="s1-s1-s7" name="CreateOrderApp create normal order ClickandCollect TC 007">LvrplSL.CreateOrder.CreateOrderApp create normal order ClickandCollect TC 007</stat>
<stat pass="0" fail="1" skip="0" id="s1-s1-s7-s1" name="Test">LvrplSL.CreateOrder.CreateOrderApp create normal order ClickandCollect TC 007.Test</stat>
<stat pass="0" fail="1" skip="0" id="s1-s1-s7-s1-s1" name="TC 007">LvrplSL.CreateOrder.CreateOrderApp create normal order ClickandCollect TC 007.Test.TC 007</stat>
<stat pass="1" fail="0" skip="0" id="s1-s1-s8" name="CreateOrderApp create normal order TC 008">LvrplSL.CreateOrder.CreateOrderApp create normal order TC 008</stat>
<stat pass="1" fail="0" skip="0" id="s1-s1-s8-s1" name="Test">LvrplSL.CreateOrder.CreateOrderApp create normal order TC 008.Test</stat>
<stat pass="1" fail="0" skip="0" id="s1-s1-s8-s1-s1" name="TC 008">LvrplSL.CreateOrder.CreateOrderApp create normal order TC 008.Test.TC 008</stat>
<stat pass="0" fail="1" skip="0" id="s1-s1-s9" name="CreateOrderPos create normal order ClickandCollect TC 009">LvrplSL.CreateOrder.CreateOrderPos create normal order ClickandCollect TC 009</stat>
<stat pass="0" fail="1" skip="0" id="s1-s1-s9-s1" name="Test">LvrplSL.CreateOrder.CreateOrderPos create normal order ClickandCollect TC 009.Test</stat>
<stat pass="0" fail="1" skip="0" id="s1-s1-s9-s1-s1" name="TC 009">LvrplSL.CreateOrder.CreateOrderPos create normal order ClickandCollect TC 009.Test.TC 009</stat>
<stat pass="1" fail="0" skip="0" id="s1-s1-s10" name="CreateOrderPos create normal order TC 010">LvrplSL.CreateOrder.CreateOrderPos create normal order TC 010</stat>
<stat pass="1" fail="0" skip="0" id="s1-s1-s10-s1" name="Test">LvrplSL.CreateOrder.CreateOrderPos create normal order TC 010.Test</stat>
<stat pass="1" fail="0" skip="0" id="s1-s1-s10-s1-s1" name="TC 010">LvrplSL.CreateOrder.CreateOrderPos create normal order TC 010.Test.TC 010</stat>
<stat pass="2" fail="2" skip="0" id="s1-s2" name="SL24 18 DD Sourcing Flash Stores Load Flash Store for ZipCode through Integration">LvrplSL.SL24 18 DD Sourcing Flash Stores Load Flash Store for ZipCode through Integration</stat>
<stat pass="1" fail="0" skip="0" id="s1-s2-s1" name="SL24 18 TestCase 1">LvrplSL.SL24 18 DD Sourcing Flash Stores Load Flash Store for ZipCode through Integration.SL24 18 TestCase 1</stat>
<stat pass="1" fail="0" skip="0" id="s1-s2-s1-s1" name="Test">LvrplSL.SL24 18 DD Sourcing Flash Stores Load Flash Store for ZipCode through Integration.SL24 18 TestCase 1.Test</stat>
<stat pass="1" fail="0" skip="0" id="s1-s2-s1-s1-s1" name="TC 001 CreateFlashStoreSyncService">LvrplSL.SL24 18 DD Sourcing Flash Stores Load Flash Store for ZipCode through Integration.SL24 18 TestCase 1.Test.TC 001 CreateFlashStoreSyncService</stat>
<stat pass="1" fail="0" skip="0" id="s1-s2-s2" name="SL24 18 TestCase 2">LvrplSL.SL24 18 DD Sourcing Flash Stores Load Flash Store for ZipCode through Integration.SL24 18 TestCase 2</stat>
<stat pass="1" fail="0" skip="0" id="s1-s2-s2-s1" name="Test">LvrplSL.SL24 18 DD Sourcing Flash Stores Load Flash Store for ZipCode through Integration.SL24 18 TestCase 2.Test</stat>
<stat pass="1" fail="0" skip="0" id="s1-s2-s2-s1-s1" name="TC 002 UpdateExtnFlashStoreSyncService">LvrplSL.SL24 18 DD Sourcing Flash Stores Load Flash Store for ZipCode through Integration.SL24 18 TestCase 2.Test.TC 002 UpdateExtnFlashStoreSyncService</stat>
<stat pass="0" fail="1" skip="0" id="s1-s2-s3" name="SL24 18 TestCase 3">LvrplSL.SL24 18 DD Sourcing Flash Stores Load Flash Store for ZipCode through Integration.SL24 18 TestCase 3</stat>
<stat pass="0" fail="1" skip="0" id="s1-s2-s3-s1" name="Test">LvrplSL.SL24 18 DD Sourcing Flash Stores Load Flash Store for ZipCode through Integration.SL24 18 TestCase 3.Test</stat>
<stat pass="0" fail="1" skip="0" id="s1-s2-s3-s1-s1" name="TC 003 CreateFlashStoreSyncService">LvrplSL.SL24 18 DD Sourcing Flash Stores Load Flash Store for ZipCode through Integration.SL24 18 TestCase 3.Test.TC 003 CreateFlashStoreSyncService</stat>
<stat pass="0" fail="1" skip="0" id="s1-s2-s4" name="SL24 18 TestCase 4">LvrplSL.SL24 18 DD Sourcing Flash Stores Load Flash Store for ZipCode through Integration.SL24 18 TestCase 4</stat>
<stat pass="0" fail="1" skip="0" id="s1-s2-s4-s1" name="Test">LvrplSL.SL24 18 DD Sourcing Flash Stores Load Flash Store for ZipCode through Integration.SL24 18 TestCase 4.Test</stat>
<stat pass="0" fail="1" skip="0" id="s1-s2-s4-s1-s1" name="TC 004 CreateFlashStoreSyncService">LvrplSL.SL24 18 DD Sourcing Flash Stores Load Flash Store for ZipCode through Integration.SL24 18 TestCase 4.Test.TC 004 CreateFlashStoreSyncService</stat>
<stat pass="5" fail="4" skip="0" id="s1-s3" name="SL24 57 EPLFindInventory logic change for EPLChangeFlashStoreSyncService">LvrplSL.SL24 57 EPLFindInventory logic change for EPLChangeFlashStoreSyncService</stat>
<stat pass="0" fail="1" skip="0" id="s1-s3-s1" name="SL24 57 T 001">LvrplSL.SL24 57 EPLFindInventory logic change for EPLChangeFlashStoreSyncService.SL24 57 T 001</stat>
<stat pass="0" fail="1" skip="0" id="s1-s3-s1-s1" name="Test">LvrplSL.SL24 57 EPLFindInventory logic change for EPLChangeFlashStoreSyncService.SL24 57 T 001.Test</stat>
<stat pass="0" fail="1" skip="0" id="s1-s3-s1-s1-s1" name="TC 001">LvrplSL.SL24 57 EPLFindInventory logic change for EPLChangeFlashStoreSyncService.SL24 57 T 001.Test.TC 001</stat>
<stat pass="0" fail="1" skip="0" id="s1-s3-s2" name="SL24 57 T 002">LvrplSL.SL24 57 EPLFindInventory logic change for EPLChangeFlashStoreSyncService.SL24 57 T 002</stat>
<stat pass="0" fail="1" skip="0" id="s1-s3-s2-s1" name="Test">LvrplSL.SL24 57 EPLFindInventory logic change for EPLChangeFlashStoreSyncService.SL24 57 T 002.Test</stat>
<stat pass="0" fail="1" skip="0" id="s1-s3-s2-s1-s1" name="TC 002">LvrplSL.SL24 57 EPLFindInventory logic change for EPLChangeFlashStoreSyncService.SL24 57 T 002.Test.TC 002</stat>
<stat pass="1" fail="0" skip="0" id="s1-s3-s3" name="SL24 57 T 003">LvrplSL.SL24 57 EPLFindInventory logic change for EPLChangeFlashStoreSyncService.SL24 57 T 003</stat>
<stat pass="1" fail="0" skip="0" id="s1-s3-s3-s1" name="Test">LvrplSL.SL24 57 EPLFindInventory logic change for EPLChangeFlashStoreSyncService.SL24 57 T 003.Test</stat>
<stat pass="1" fail="0" skip="0" id="s1-s3-s3-s1-s1" name="TC 003">LvrplSL.SL24 57 EPLFindInventory logic change for EPLChangeFlashStoreSyncService.SL24 57 T 003.Test.TC 003</stat>
<stat pass="1" fail="0" skip="0" id="s1-s3-s4" name="SL24 57 T 004">LvrplSL.SL24 57 EPLFindInventory logic change for EPLChangeFlashStoreSyncService.SL24 57 T 004</stat>
<stat pass="1" fail="0" skip="0" id="s1-s3-s4-s1" name="Test">LvrplSL.SL24 57 EPLFindInventory logic change for EPLChangeFlashStoreSyncService.SL24 57 T 004.Test</stat>
<stat pass="1" fail="0" skip="0" id="s1-s3-s4-s1-s1" name="TC 004">LvrplSL.SL24 57 EPLFindInventory logic change for EPLChangeFlashStoreSyncService.SL24 57 T 004.Test.TC 004</stat>
<stat pass="1" fail="0" skip="0" id="s1-s3-s5" name="SL24 57 T 005">LvrplSL.SL24 57 EPLFindInventory logic change for EPLChangeFlashStoreSyncService.SL24 57 T 005</stat>
<stat pass="1" fail="0" skip="0" id="s1-s3-s5-s1" name="Test">LvrplSL.SL24 57 EPLFindInventory logic change for EPLChangeFlashStoreSyncService.SL24 57 T 005.Test</stat>
<stat pass="1" fail="0" skip="0" id="s1-s3-s5-s1-s1" name="TC 005">LvrplSL.SL24 57 EPLFindInventory logic change for EPLChangeFlashStoreSyncService.SL24 57 T 005.Test.TC 005</stat>
<stat pass="1" fail="0" skip="0" id="s1-s3-s6" name="SL24 57 T 008">LvrplSL.SL24 57 EPLFindInventory logic change for EPLChangeFlashStoreSyncService.SL24 57 T 008</stat>
<stat pass="1" fail="0" skip="0" id="s1-s3-s6-s1" name="Test">LvrplSL.SL24 57 EPLFindInventory logic change for EPLChangeFlashStoreSyncService.SL24 57 T 008.Test</stat>
<stat pass="1" fail="0" skip="0" id="s1-s3-s6-s1-s1" name="TC 008">LvrplSL.SL24 57 EPLFindInventory logic change for EPLChangeFlashStoreSyncService.SL24 57 T 008.Test.TC 008</stat>
<stat pass="1" fail="0" skip="0" id="s1-s3-s7" name="SL24 57 T 009">LvrplSL.SL24 57 EPLFindInventory logic change for EPLChangeFlashStoreSyncService.SL24 57 T 009</stat>
<stat pass="1" fail="0" skip="0" id="s1-s3-s7-s1" name="Test">LvrplSL.SL24 57 EPLFindInventory logic change for EPLChangeFlashStoreSyncService.SL24 57 T 009.Test</stat>
<stat pass="1" fail="0" skip="0" id="s1-s3-s7-s1-s1" name="TC 009">LvrplSL.SL24 57 EPLFindInventory logic change for EPLChangeFlashStoreSyncService.SL24 57 T 009.Test.TC 009</stat>
<stat pass="0" fail="1" skip="0" id="s1-s3-s8" name="TO DO SL24 57 T 006">LvrplSL.SL24 57 EPLFindInventory logic change for EPLChangeFlashStoreSyncService.TO DO SL24 57 T 006</stat>
<stat pass="0" fail="1" skip="0" id="s1-s3-s8-s1" name="Test">LvrplSL.SL24 57 EPLFindInventory logic change for EPLChangeFlashStoreSyncService.TO DO SL24 57 T 006.Test</stat>
<stat pass="0" fail="1" skip="0" id="s1-s3-s8-s1-s1" name="TC 006">LvrplSL.SL24 57 EPLFindInventory logic change for EPLChangeFlashStoreSyncService.TO DO SL24 57 T 006.Test.TC 006</stat>
<stat pass="0" fail="1" skip="0" id="s1-s3-s9" name="TO DO SL24 57 T 007">LvrplSL.SL24 57 EPLFindInventory logic change for EPLChangeFlashStoreSyncService.TO DO SL24 57 T 007</stat>
<stat pass="0" fail="1" skip="0" id="s1-s3-s9-s1" name="Test">LvrplSL.SL24 57 EPLFindInventory logic change for EPLChangeFlashStoreSyncService.TO DO SL24 57 T 007.Test</stat>
<stat pass="0" fail="1" skip="0" id="s1-s3-s9-s1-s1" name="TC 007">LvrplSL.SL24 57 EPLFindInventory logic change for EPLChangeFlashStoreSyncService.TO DO SL24 57 T 007.Test.TC 007</stat>
<stat pass="2" fail="5" skip="0" id="s1-s4" name="SmokeTest">LvrplSL.SmokeTest</stat>
<stat pass="2" fail="5" skip="0" id="s1-s4-s1" name="OrderFlow">LvrplSL.SmokeTest.OrderFlow</stat>
<stat pass="1" fail="0" skip="0" id="s1-s4-s1-s1" name="S01">LvrplSL.SmokeTest.OrderFlow.S01</stat>
<stat pass="1" fail="0" skip="0" id="s1-s4-s1-s1-s1" name="Test">LvrplSL.SmokeTest.OrderFlow.S01.Test</stat>
<stat pass="1" fail="0" skip="0" id="s1-s4-s1-s1-s1-s1" name="Manage Item TC 001">LvrplSL.SmokeTest.OrderFlow.S01.Test.Manage Item TC 001</stat>
<stat pass="1" fail="0" skip="0" id="s1-s4-s1-s2" name="S02">LvrplSL.SmokeTest.OrderFlow.S02</stat>
<stat pass="1" fail="0" skip="0" id="s1-s4-s1-s2-s1" name="Test">LvrplSL.SmokeTest.OrderFlow.S02.Test</stat>
<stat pass="1" fail="0" skip="0" id="s1-s4-s1-s2-s1-s1" name="adjustInventory">LvrplSL.SmokeTest.OrderFlow.S02.Test.adjustInventory</stat>
<stat pass="0" fail="1" skip="0" id="s1-s4-s1-s3" name="S03">LvrplSL.SmokeTest.OrderFlow.S03</stat>
<stat pass="0" fail="1" skip="0" id="s1-s4-s1-s3-s1" name="Test">LvrplSL.SmokeTest.OrderFlow.S03.Test</stat>
<stat pass="0" fail="1" skip="0" id="s1-s4-s1-s3-s1-s1" name="findInventoryWithoutCapacity">LvrplSL.SmokeTest.OrderFlow.S03.Test.findInventoryWithoutCapacity</stat>
<stat pass="0" fail="1" skip="0" id="s1-s4-s1-s4" name="S04">LvrplSL.SmokeTest.OrderFlow.S04</stat>
<stat pass="0" fail="1" skip="0" id="s1-s4-s1-s4-s1" name="Test">LvrplSL.SmokeTest.OrderFlow.S04.Test</stat>
<stat pass="0" fail="1" skip="0" id="s1-s4-s1-s4-s1-s1" name="createOrder">LvrplSL.SmokeTest.OrderFlow.S04.Test.createOrder</stat>
<stat pass="0" fail="1" skip="0" id="s1-s4-s1-s5" name="S05">LvrplSL.SmokeTest.OrderFlow.S05</stat>
<stat pass="0" fail="1" skip="0" id="s1-s4-s1-s5-s1" name="Test">LvrplSL.SmokeTest.OrderFlow.S05.Test</stat>
<stat pass="0" fail="1" skip="0" id="s1-s4-s1-s5-s1-s1" name="scheduleOrder">LvrplSL.SmokeTest.OrderFlow.S05.Test.scheduleOrder</stat>
<stat pass="0" fail="1" skip="0" id="s1-s4-s1-s6" name="S06">LvrplSL.SmokeTest.OrderFlow.S06</stat>
<stat pass="0" fail="1" skip="0" id="s1-s4-s1-s6-s1" name="Test">LvrplSL.SmokeTest.OrderFlow.S06.Test</stat>
<stat pass="0" fail="1" skip="0" id="s1-s4-s1-s6-s1-s1" name="releaseOrder">LvrplSL.SmokeTest.OrderFlow.S06.Test.releaseOrder</stat>
<stat pass="0" fail="1" skip="0" id="s1-s4-s1-s7" name="S07">LvrplSL.SmokeTest.OrderFlow.S07</stat>
<stat pass="0" fail="1" skip="0" id="s1-s4-s1-s7-s1" name="Test">LvrplSL.SmokeTest.OrderFlow.S07.Test</stat>
<stat pass="0" fail="1" skip="0" id="s1-s4-s1-s7-s1-s1" name="Soms">LvrplSL.SmokeTest.OrderFlow.S07.Test.Soms</stat>
</suite>
</statistics>
<errors>
</errors>
</robot>
