<?xml version="1.0" encoding="UTF-8"?>
<robot generator="Robot 7.1.1 (Python 3.13.1 on win32)" generated="2025-03-09T22:29:53.724615" rpa="false" schemaversion="5">
<suite id="s1" name="CreateOrder" source="C:\automation\AutomationGeneric\LvrplSL\CreateOrder">
<suite id="s1-s1" name="CreateOrder create normal order ATG ClickandCollect TC 002" source="C:\automation\AutomationGeneric\LvrplSL\CreateOrder\CreateOrder_create_normal_order_ATG_ClickandCollect_TC_002">
<suite id="s1-s1-s1" name="Test" source="C:\automation\AutomationGeneric\LvrplSL\CreateOrder\CreateOrder_create_normal_order_ATG_ClickandCollect_TC_002\test">
<suite id="s1-s1-s1-s1" name="TC 002" source="C:\automation\AutomationGeneric\LvrplSL\CreateOrder\CreateOrder_create_normal_order_ATG_ClickandCollect_TC_002\test\TC_002.robot">
<test id="s1-s1-s1-s1-t1" name="Create Order TC_002" line="10">
<kw name="Create Item Adjust and Fin Inv SL" owner="suiteSetUpForCreateOrder" type="SETUP">
<kw name="Creating Session1" owner="createSession">
<kw name="Create List" owner="BuiltIn">
<msg time="2025-03-09T22:29:55.350751" level="INFO">${auth} = ['admin', 'password']</msg>
<var>${auth}</var>
<arg>${user}</arg>
<arg>${passwd}</arg>
<doc>Returns a list containing given items.</doc>
<status status="PASS" start="2025-03-09T22:29:55.350013" elapsed="0.000798"/>
</kw>
<kw name="Create Session" owner="RequestsLibrary">
<msg time="2025-03-09T22:29:55.351569" level="INFO">Creating Session using : alias=AddData, url=http://9.30.26.220:9080/smcfs/restapi/invoke/createOrder, headers={'Content-Type': 'application/xml', 'Authorization': 'Basic YWRtaW46cGFzc3dvcmQ='},                     cookies={}, auth=&lt;requests.auth.HTTPBasicAuth object at 0x000002B646BA5D30&gt;, timeout=None, proxies=None, verify=False,                     debug=0 </msg>
<arg>${AddData}</arg>
<arg>url=${base_url_api}${createOrder}</arg>
<arg>headers=${headers}</arg>
<arg>auth=${auth}</arg>
<doc>Create Session: create a HTTP session to a server</doc>
<status status="PASS" start="2025-03-09T22:29:55.351011" elapsed="0.000860"/>
</kw>
<arg>AddData</arg>
<status status="PASS" start="2025-03-09T22:29:55.348832" elapsed="0.003186"/>
</kw>
<kw name="Manage Item With Dynamic Item" owner="Prepare_Xml_Content">
<msg time="2025-03-09T22:29:57.354209" level="INFO">before mod &lt;ItemList&gt;
	&lt;Item Action="Manage" GlobalItemID="12439482" ItemID="$ItemID" OrganizationCode="Liverpool" UnitOfMeasure="UN"&gt;
		&lt;Extn ExtnActive="01" ExtnItemSF="Y" ExtnItemSFDesc="ACTIVO" ExtnSuggestedPackage="" ExtnSkuPackage=""/&gt;
		&lt;PrimaryInformation DefaultProductClass="SL" Description="CHAROLA GIRATORIA AILE, 48CM, NATURAL H" ShortDescription="CHAROLA GIRATORIA AILE, 48CM, NATURAL H" ExtendedDisplayDescription="CHAROLA GIRATORIA REDO, 48 CM, NATURAL (12439482)" IsDeliveryAllowed="Y" IsPickupAllowed="Y" IsShippingAllowed="Y" PrimaryEnterpriseCode="Liverpool" SerializedFlag="N" Status="3000" UnitCost="829" ItemType=""/&gt;
		&lt;ClassificationCodes ECCNNo="HAUS" Model="18917" NAICSCode="7502008630089" NMFCClass="152" NMFCCode="15204"/&gt;
		&lt;InventoryParameters ATPRule="Liverpool_ATP" InventoryMonitorRule="EPL_ATP_MONITOR_RULE" NodeLevelInventoryMonitorRule="EPL_ATP_MONITOR_RULE"/&gt;
		&lt;ItemAliasList Reset="Y"&gt;
			&lt;ItemAlias AliasName="EAN1" AliasValue="7502008630089"/&gt;
		&lt;/ItemAliasList&gt;
	&lt;/Item&gt;
&lt;/ItemList&gt;
after mod &lt;ItemList&gt;
	&lt;Item Action="Manage" GlobalItemID="12439482" ItemID="20250309222955352" OrganizationCode="Liverpool" UnitOfMeasure="UN"&gt;
		&lt;Extn ExtnActive="01" ExtnItemSF="Y" ExtnItemSFDesc="ACTIVO" ExtnSuggestedPackage="" ExtnSkuPackage=""/&gt;
		&lt;PrimaryInformation DefaultProductClass="SL" Description="CHAROLA GIRATORIA AILE, 48CM, NATURAL H" ShortDescription="CHAROLA GIRATORIA AILE, 48CM, NATURAL H" ExtendedDisplayDescription="CHAROLA GIRATORIA REDO, 48 CM, NATURAL (12439482)" IsDeliveryAllowed="Y" IsPickupAllowed="Y" IsShippingAllowed="Y" PrimaryEnterpriseCode="Liverpool" SerializedFlag="N" Status="3000" UnitCost="829" ItemType=""/&gt;
		&lt;ClassificationCodes ECCNNo="HAUS" Model="18917" NAICSCode="7502008630089" NMFCClass="152" NMFCCode="15204"/&gt;
		&lt;InventoryParameters ATPRule="Liverpool_ATP" InventoryMonitorRule="EPL_ATP_MONITOR_RULE" NodeLevelInventoryMonitorRule="EPL_ATP_MONITOR_RULE"/&gt;
		&lt;ItemAliasList Reset="Y"&gt;
			&lt;ItemAlias AliasName="EAN1" AliasValue="7502008630089"/&gt;
		&lt;/ItemAliasList&gt;
	&lt;/Item&gt;
&lt;/ItemList&gt;</msg>
<msg time="2025-03-09T22:29:57.354594" level="INFO">${manageItemJson} = &lt;ItemList&gt;
	&lt;Item Action="Manage" GlobalItemID="12439482" ItemID="20250309222955352" OrganizationCode="Liverpool" UnitOfMeasure="UN"&gt;
		&lt;Extn ExtnActive="01" ExtnItemSF="Y" ExtnItemSFDesc="ACTIVO" Ext...</msg>
<var>${manageItemJson}</var>
<arg>${CUR_DIR}</arg>
<status status="PASS" start="2025-03-09T22:29:55.352184" elapsed="2.002487"/>
</kw>
<kw name="POST On Session" owner="RequestsLibrary">
<msg time="2025-03-09T22:29:58.414465" level="INFO">POST Request : url=http://9.30.26.220:9080/smcfs/restapi/invoke/manageItem 
 path_url=/smcfs/restapi/invoke/manageItem 
 headers={'User-Agent': 'python-requests/2.32.3', 'Accept-Encoding': 'gzip, deflate', 'Accept': '*/*', 'Connection': 'keep-alive', 'Content-Type': 'application/xml', 'Authorization': 'Basic YWRtaW46cGFzc3dvcmQ=', 'Content-Length': '1025'} 
 body=&lt;ItemList&gt;
	&lt;Item Action="Manage" GlobalItemID="12439482" ItemID="20250309222955352" OrganizationCode="Liverpool" UnitOfMeasure="UN"&gt;
		&lt;Extn ExtnActive="01" ExtnItemSF="Y" ExtnItemSFDesc="ACTIVO" ExtnSuggestedPackage="" ExtnSkuPackage=""/&gt;
		&lt;PrimaryInformation DefaultProductClass="SL" Description="CHAROLA GIRATORIA AILE, 48CM, NATURAL H" ShortDescription="CHAROLA GIRATORIA AILE, 48CM, NATURAL H" ExtendedDisplayDescription="CHAROLA GIRATORIA REDO, 48 CM, NATURAL (12439482)" IsDeliveryAllowed="Y" IsPickupAllowed="Y" IsShippingAllowed="Y" PrimaryEnterpriseCode="Liverpool" SerializedFlag="N" Status="3000" UnitCost="829" ItemType=""/&gt;
		&lt;ClassificationCodes ECCNNo="HAUS" Model="18917" NAICSCode="7502008630089" NMFCClass="152" NMFCCode="15204"/&gt;
		&lt;InventoryParameters ATPRule="Liverpool_ATP" InventoryMonitorRule="EPL_ATP_MONITOR_RULE" NodeLevelInventoryMonitorRule="EPL_ATP_MONITOR_RULE"/&gt;
		&lt;ItemAliasList Reset="Y"&gt;
			&lt;ItemAlias AliasName="EAN1" AliasValue="7502008630089"/&gt;
		&lt;/ItemAliasList&gt;
	&lt;/Item&gt;
&lt;/ItemList&gt; 
 </msg>
<msg time="2025-03-09T22:29:58.414681" level="INFO">POST Response : url=http://9.30.26.220:9080/smcfs/restapi/invoke/manageItem 
 status=204, reason=No Content 
 headers={'X-Powered-By': 'Servlet/4.0', 'X-FRAME-OPTIONS': 'SAMEORIGIN', 'X-UA-Compatible': 'IE=EmulateIE8', 'Access-Control-Allow-Origin': '*', 'Access-Control-Max-Age': '3600', 'Access-Control-Allow-Credentials': 'true', 'Content-Language': 'en-US', 'Content-Length': '0', 'Date': 'Sun, 09 Mar 2025 16:59:58 GMT'} 
 body=None 
 </msg>
<msg time="2025-03-09T22:29:58.414927" level="INFO">${manageItemResponse} = &lt;Response [204]&gt;</msg>
<var>${manageItemResponse}</var>
<arg>AddData</arg>
<arg>${base_url_api}${manageItem}</arg>
<arg>data=${manageItemJson}</arg>
<doc>Sends a POST request on a previously created HTTP Session.</doc>
<status status="PASS" start="2025-03-09T22:29:57.355036" elapsed="1.059967"/>
</kw>
<kw name="Status Should Be" owner="RequestsLibrary">
<arg>204</arg>
<arg>${manageItemResponse}</arg>
<doc>Fails if response status code is different than the expected.</doc>
<status status="PASS" start="2025-03-09T22:29:58.415408" elapsed="0.000820"/>
</kw>
<kw name="Manage Item With Dynamic Item1" owner="Prepare_Xml_Content">
<msg time="2025-03-09T22:29:58.418167" level="INFO">after mod &lt;ItemList&gt;
	&lt;Item Action="Manage" GlobalItemID="12439482" ItemID="20250309222955352" OrganizationCode="Liverpool" UnitOfMeasure="UN"&gt;
		&lt;Extn ExtnActive="01" ExtnItemSF="Y" ExtnItemSFDesc="ACTIVO" ExtnSuggestedPackage="" ExtnSkuPackage=""/&gt;
		&lt;PrimaryInformation DefaultProductClass="SL" Description="CHAROLA GIRATORIA AILE, 48CM, NATURAL H" ShortDescription="CHAROLA GIRATORIA AILE, 48CM, NATURAL H" ExtendedDisplayDescription="CHAROLA GIRATORIA REDO, 48 CM, NATURAL (12439482)" IsDeliveryAllowed="Y" IsPickupAllowed="Y" IsShippingAllowed="Y" PrimaryEnterpriseCode="Liverpool" SerializedFlag="N" Status="3000" UnitCost="829" ItemType=""/&gt;
		&lt;ClassificationCodes ECCNNo="HAUS" Model="18917" NAICSCode="7502008630089" NMFCClass="152" NMFCCode="15204"/&gt;
		&lt;InventoryParameters ATPRule="Liverpool_ATP" InventoryMonitorRule="EPL_ATP_MONITOR_RULE" NodeLevelInventoryMonitorRule="EPL_ATP_MONITOR_RULE"/&gt;
		&lt;ItemAliasList Reset="Y"&gt;
			&lt;ItemAlias AliasName="EAN1" AliasValue="7502008630089"/&gt;
		&lt;/ItemAliasList&gt;
	&lt;/Item&gt;
&lt;/ItemList&gt;</msg>
<msg time="2025-03-09T22:29:58.418444" level="INFO">${jsonItemId} = {'ItemList': {'Item': {'_Action': 'Manage', '_GlobalItemID': '12439482', '_ItemID': '20250309222955352', '_OrganizationCode': 'Liverpool', '_UnitOfMeasure': 'UN', 'Extn': {'_ExtnActive': '01', '_ExtnI...</msg>
<var>${jsonItemId}</var>
<arg>${CUR_DIR}</arg>
<status status="PASS" start="2025-03-09T22:29:58.416578" elapsed="0.001899"/>
</kw>
<kw name="Dictionary Should Contain Key" owner="Collections">
<arg>${jsonItemId}</arg>
<arg>ItemList</arg>
<doc>Fails if ``key`` is not found from ``dictionary``.</doc>
<status status="PASS" start="2025-03-09T22:29:58.418632" elapsed="0.000232"/>
</kw>
<kw name="Get From Dictionary" owner="Collections">
<msg time="2025-03-09T22:29:58.419225" level="INFO">${Item_ID_Path} = {'Item': {'_Action': 'Manage', '_GlobalItemID': '12439482', '_ItemID': '20250309222955352', '_OrganizationCode': 'Liverpool', '_UnitOfMeasure': 'UN', 'Extn': {'_ExtnActive': '01', '_ExtnItemSF': 'Y', ...</msg>
<var>${Item_ID_Path}</var>
<arg>${jsonItemId}</arg>
<arg>ItemList</arg>
<doc>Returns a value from the given ``dictionary`` based on the given ``key``.</doc>
<status status="PASS" start="2025-03-09T22:29:58.418995" elapsed="0.000259"/>
</kw>
<kw name="Adjust Inventory File" owner="Prepare_Xml_Content">
<msg time="2025-03-09T22:29:58.419770" level="INFO">${jsonAdjInv} = &lt;Items&gt;
	&lt;Item AdjustmentType="ABSOLUTE" Availability="TRACK" ItemID="20250309222955352" OrganizationCode="Liverpool" Quantity="100" ReasonCode="itemSLRTAMS19t2" ReasonText="Ajuste GoldenGate" ShipNod...</msg>
<var>${jsonAdjInv}</var>
<arg>${jsonItemId}[ItemList][Item][_ItemID]</arg>
<arg>${CUR_DIR}</arg>
<status status="PASS" start="2025-03-09T22:29:58.419380" elapsed="0.000423"/>
</kw>
<kw name="POST On Session" owner="RequestsLibrary">
<msg time="2025-03-09T22:29:58.840039" level="INFO">POST Request : url=http://9.30.26.220:9080/smcfs/restapi/invoke/adjustInventory 
 path_url=/smcfs/restapi/invoke/adjustInventory 
 headers={'User-Agent': 'python-requests/2.32.3', 'Accept-Encoding': 'gzip, deflate', 'Accept': '*/*', 'Connection': 'keep-alive', 'Content-Type': 'application/xml', 'Authorization': 'Basic YWRtaW46cGFzc3dvcmQ=', 'Content-Length': '256'} 
 body=&lt;Items&gt;
	&lt;Item AdjustmentType="ABSOLUTE" Availability="TRACK" ItemID="20250309222955352" OrganizationCode="Liverpool" Quantity="100" ReasonCode="itemSLRTAMS19t2" ReasonText="Ajuste GoldenGate" ShipNode="77" SupplyType="ONHAND" UnitOfMeasure="UN"/&gt;
&lt;/Items&gt; 
 </msg>
<msg time="2025-03-09T22:29:58.840131" level="INFO">POST Response : url=http://9.30.26.220:9080/smcfs/restapi/invoke/adjustInventory 
 status=204, reason=No Content 
 headers={'X-Powered-By': 'Servlet/4.0', 'X-FRAME-OPTIONS': 'SAMEORIGIN', 'X-UA-Compatible': 'IE=EmulateIE8', 'Access-Control-Allow-Origin': '*', 'Access-Control-Max-Age': '3600', 'Access-Control-Allow-Credentials': 'true', 'Content-Language': 'en-US', 'Content-Length': '0', 'Date': 'Sun, 09 Mar 2025 16:59:58 GMT'} 
 body=None 
 </msg>
<msg time="2025-03-09T22:29:58.840245" level="INFO">${adjInvresponse} = &lt;Response [204]&gt;</msg>
<var>${adjInvresponse}</var>
<arg>AddData</arg>
<arg>${base_url_api}${adjustInventory}</arg>
<arg>data=${jsonAdjInv}</arg>
<arg>headers=${headers}</arg>
<doc>Sends a POST request on a previously created HTTP Session.</doc>
<status status="PASS" start="2025-03-09T22:29:58.419934" elapsed="0.420334"/>
</kw>
<kw name="Status Should Be" owner="RequestsLibrary">
<arg>204</arg>
<arg>${adjInvresponse}</arg>
<doc>Fails if response status code is different than the expected.</doc>
<status status="PASS" start="2025-03-09T22:29:58.840437" elapsed="0.000318"/>
</kw>
<return>
<value>${jsonItemId}</value>
<status status="PASS" start="2025-03-09T22:29:58.840846" elapsed="0.000116"/>
</return>
<status status="PASS" start="2025-03-09T22:29:55.348271" elapsed="3.492816"/>
</kw>
<kw name="Create Item Adjust and Fin Inv SL" owner="suiteSetUpForCreateOrder">
<kw name="Creating Session1" owner="createSession">
<kw name="Create List" owner="BuiltIn">
<msg time="2025-03-09T22:29:58.842080" level="INFO">${auth} = ['admin', 'password']</msg>
<var>${auth}</var>
<arg>${user}</arg>
<arg>${passwd}</arg>
<doc>Returns a list containing given items.</doc>
<status status="PASS" start="2025-03-09T22:29:58.841891" elapsed="0.000215"/>
</kw>
<kw name="Create Session" owner="RequestsLibrary">
<msg time="2025-03-09T22:29:58.842522" level="INFO">Creating Session using : alias=AddData, url=http://9.30.26.220:9080/smcfs/restapi/invoke/createOrder, headers={'Content-Type': 'application/xml', 'Authorization': 'Basic YWRtaW46cGFzc3dvcmQ='},                     cookies={}, auth=&lt;requests.auth.HTTPBasicAuth object at 0x000002B646BB9950&gt;, timeout=None, proxies=None, verify=False,                     debug=0 </msg>
<arg>${AddData}</arg>
<arg>url=${base_url_api}${createOrder}</arg>
<arg>headers=${headers}</arg>
<arg>auth=${auth}</arg>
<doc>Create Session: create a HTTP session to a server</doc>
<status status="PASS" start="2025-03-09T22:29:58.842214" elapsed="0.000430"/>
</kw>
<arg>AddData</arg>
<status status="PASS" start="2025-03-09T22:29:58.841577" elapsed="0.001137"/>
</kw>
<kw name="Manage Item With Dynamic Item" owner="Prepare_Xml_Content">
<msg time="2025-03-09T22:30:00.844562" level="INFO">before mod &lt;ItemList&gt;
	&lt;Item Action="Manage" GlobalItemID="12439482" ItemID="$ItemID" OrganizationCode="Liverpool" UnitOfMeasure="UN"&gt;
		&lt;Extn ExtnActive="01" ExtnItemSF="Y" ExtnItemSFDesc="ACTIVO" ExtnSuggestedPackage="" ExtnSkuPackage=""/&gt;
		&lt;PrimaryInformation DefaultProductClass="SL" Description="CHAROLA GIRATORIA AILE, 48CM, NATURAL H" ShortDescription="CHAROLA GIRATORIA AILE, 48CM, NATURAL H" ExtendedDisplayDescription="CHAROLA GIRATORIA REDO, 48 CM, NATURAL (12439482)" IsDeliveryAllowed="Y" IsPickupAllowed="Y" IsShippingAllowed="Y" PrimaryEnterpriseCode="Liverpool" SerializedFlag="N" Status="3000" UnitCost="829" ItemType=""/&gt;
		&lt;ClassificationCodes ECCNNo="HAUS" Model="18917" NAICSCode="7502008630089" NMFCClass="152" NMFCCode="15204"/&gt;
		&lt;InventoryParameters ATPRule="Liverpool_ATP" InventoryMonitorRule="EPL_ATP_MONITOR_RULE" NodeLevelInventoryMonitorRule="EPL_ATP_MONITOR_RULE"/&gt;
		&lt;ItemAliasList Reset="Y"&gt;
			&lt;ItemAlias AliasName="EAN1" AliasValue="7502008630089"/&gt;
		&lt;/ItemAliasList&gt;
	&lt;/Item&gt;
&lt;/ItemList&gt;
after mod &lt;ItemList&gt;
	&lt;Item Action="Manage" GlobalItemID="12439482" ItemID="20250309222958843" OrganizationCode="Liverpool" UnitOfMeasure="UN"&gt;
		&lt;Extn ExtnActive="01" ExtnItemSF="Y" ExtnItemSFDesc="ACTIVO" ExtnSuggestedPackage="" ExtnSkuPackage=""/&gt;
		&lt;PrimaryInformation DefaultProductClass="SL" Description="CHAROLA GIRATORIA AILE, 48CM, NATURAL H" ShortDescription="CHAROLA GIRATORIA AILE, 48CM, NATURAL H" ExtendedDisplayDescription="CHAROLA GIRATORIA REDO, 48 CM, NATURAL (12439482)" IsDeliveryAllowed="Y" IsPickupAllowed="Y" IsShippingAllowed="Y" PrimaryEnterpriseCode="Liverpool" SerializedFlag="N" Status="3000" UnitCost="829" ItemType=""/&gt;
		&lt;ClassificationCodes ECCNNo="HAUS" Model="18917" NAICSCode="7502008630089" NMFCClass="152" NMFCCode="15204"/&gt;
		&lt;InventoryParameters ATPRule="Liverpool_ATP" InventoryMonitorRule="EPL_ATP_MONITOR_RULE" NodeLevelInventoryMonitorRule="EPL_ATP_MONITOR_RULE"/&gt;
		&lt;ItemAliasList Reset="Y"&gt;
			&lt;ItemAlias AliasName="EAN1" AliasValue="7502008630089"/&gt;
		&lt;/ItemAliasList&gt;
	&lt;/Item&gt;
&lt;/ItemList&gt;</msg>
<msg time="2025-03-09T22:30:00.844769" level="INFO">${manageItemJson} = &lt;ItemList&gt;
	&lt;Item Action="Manage" GlobalItemID="12439482" ItemID="20250309222958843" OrganizationCode="Liverpool" UnitOfMeasure="UN"&gt;
		&lt;Extn ExtnActive="01" ExtnItemSF="Y" ExtnItemSFDesc="ACTIVO" Ext...</msg>
<var>${manageItemJson}</var>
<arg>${CUR_DIR}</arg>
<status status="PASS" start="2025-03-09T22:29:58.842802" elapsed="2.002019"/>
</kw>
<kw name="POST On Session" owner="RequestsLibrary">
<msg time="2025-03-09T22:30:01.489279" level="INFO">POST Request : url=http://9.30.26.220:9080/smcfs/restapi/invoke/manageItem 
 path_url=/smcfs/restapi/invoke/manageItem 
 headers={'User-Agent': 'python-requests/2.32.3', 'Accept-Encoding': 'gzip, deflate', 'Accept': '*/*', 'Connection': 'keep-alive', 'Content-Type': 'application/xml', 'Authorization': 'Basic YWRtaW46cGFzc3dvcmQ=', 'Content-Length': '1025'} 
 body=&lt;ItemList&gt;
	&lt;Item Action="Manage" GlobalItemID="12439482" ItemID="20250309222958843" OrganizationCode="Liverpool" UnitOfMeasure="UN"&gt;
		&lt;Extn ExtnActive="01" ExtnItemSF="Y" ExtnItemSFDesc="ACTIVO" ExtnSuggestedPackage="" ExtnSkuPackage=""/&gt;
		&lt;PrimaryInformation DefaultProductClass="SL" Description="CHAROLA GIRATORIA AILE, 48CM, NATURAL H" ShortDescription="CHAROLA GIRATORIA AILE, 48CM, NATURAL H" ExtendedDisplayDescription="CHAROLA GIRATORIA REDO, 48 CM, NATURAL (12439482)" IsDeliveryAllowed="Y" IsPickupAllowed="Y" IsShippingAllowed="Y" PrimaryEnterpriseCode="Liverpool" SerializedFlag="N" Status="3000" UnitCost="829" ItemType=""/&gt;
		&lt;ClassificationCodes ECCNNo="HAUS" Model="18917" NAICSCode="7502008630089" NMFCClass="152" NMFCCode="15204"/&gt;
		&lt;InventoryParameters ATPRule="Liverpool_ATP" InventoryMonitorRule="EPL_ATP_MONITOR_RULE" NodeLevelInventoryMonitorRule="EPL_ATP_MONITOR_RULE"/&gt;
		&lt;ItemAliasList Reset="Y"&gt;
			&lt;ItemAlias AliasName="EAN1" AliasValue="7502008630089"/&gt;
		&lt;/ItemAliasList&gt;
	&lt;/Item&gt;
&lt;/ItemList&gt; 
 </msg>
<msg time="2025-03-09T22:30:01.489714" level="INFO">POST Response : url=http://9.30.26.220:9080/smcfs/restapi/invoke/manageItem 
 status=204, reason=No Content 
 headers={'X-Powered-By': 'Servlet/4.0', 'X-FRAME-OPTIONS': 'SAMEORIGIN', 'X-UA-Compatible': 'IE=EmulateIE8', 'Access-Control-Allow-Origin': '*', 'Access-Control-Max-Age': '3600', 'Access-Control-Allow-Credentials': 'true', 'Content-Language': 'en-US', 'Content-Length': '0', 'Date': 'Sun, 09 Mar 2025 17:00:01 GMT'} 
 body=None 
 </msg>
<msg time="2025-03-09T22:30:01.489970" level="INFO">${manageItemResponse} = &lt;Response [204]&gt;</msg>
<var>${manageItemResponse}</var>
<arg>AddData</arg>
<arg>${base_url_api}${manageItem}</arg>
<arg>data=${manageItemJson}</arg>
<doc>Sends a POST request on a previously created HTTP Session.</doc>
<status status="PASS" start="2025-03-09T22:30:00.845064" elapsed="0.644972"/>
</kw>
<kw name="Status Should Be" owner="RequestsLibrary">
<arg>204</arg>
<arg>${manageItemResponse}</arg>
<doc>Fails if response status code is different than the expected.</doc>
<status status="PASS" start="2025-03-09T22:30:01.490396" elapsed="0.000648"/>
</kw>
<kw name="Manage Item With Dynamic Item1" owner="Prepare_Xml_Content">
<msg time="2025-03-09T22:30:01.492843" level="INFO">after mod &lt;ItemList&gt;
	&lt;Item Action="Manage" GlobalItemID="12439482" ItemID="20250309222958843" OrganizationCode="Liverpool" UnitOfMeasure="UN"&gt;
		&lt;Extn ExtnActive="01" ExtnItemSF="Y" ExtnItemSFDesc="ACTIVO" ExtnSuggestedPackage="" ExtnSkuPackage=""/&gt;
		&lt;PrimaryInformation DefaultProductClass="SL" Description="CHAROLA GIRATORIA AILE, 48CM, NATURAL H" ShortDescription="CHAROLA GIRATORIA AILE, 48CM, NATURAL H" ExtendedDisplayDescription="CHAROLA GIRATORIA REDO, 48 CM, NATURAL (12439482)" IsDeliveryAllowed="Y" IsPickupAllowed="Y" IsShippingAllowed="Y" PrimaryEnterpriseCode="Liverpool" SerializedFlag="N" Status="3000" UnitCost="829" ItemType=""/&gt;
		&lt;ClassificationCodes ECCNNo="HAUS" Model="18917" NAICSCode="7502008630089" NMFCClass="152" NMFCCode="15204"/&gt;
		&lt;InventoryParameters ATPRule="Liverpool_ATP" InventoryMonitorRule="EPL_ATP_MONITOR_RULE" NodeLevelInventoryMonitorRule="EPL_ATP_MONITOR_RULE"/&gt;
		&lt;ItemAliasList Reset="Y"&gt;
			&lt;ItemAlias AliasName="EAN1" AliasValue="7502008630089"/&gt;
		&lt;/ItemAliasList&gt;
	&lt;/Item&gt;
&lt;/ItemList&gt;</msg>
<msg time="2025-03-09T22:30:01.493115" level="INFO">${jsonItemId} = {'ItemList': {'Item': {'_Action': 'Manage', '_GlobalItemID': '12439482', '_ItemID': '20250309222958843', '_OrganizationCode': 'Liverpool', '_UnitOfMeasure': 'UN', 'Extn': {'_ExtnActive': '01', '_ExtnI...</msg>
<var>${jsonItemId}</var>
<arg>${CUR_DIR}</arg>
<status status="PASS" start="2025-03-09T22:30:01.491422" elapsed="0.001754"/>
</kw>
<kw name="Dictionary Should Contain Key" owner="Collections">
<arg>${jsonItemId}</arg>
<arg>ItemList</arg>
<doc>Fails if ``key`` is not found from ``dictionary``.</doc>
<status status="PASS" start="2025-03-09T22:30:01.493460" elapsed="0.000575"/>
</kw>
<kw name="Get From Dictionary" owner="Collections">
<msg time="2025-03-09T22:30:01.494615" level="INFO">${Item_ID_Path} = {'Item': {'_Action': 'Manage', '_GlobalItemID': '12439482', '_ItemID': '20250309222958843', '_OrganizationCode': 'Liverpool', '_UnitOfMeasure': 'UN', 'Extn': {'_ExtnActive': '01', '_ExtnItemSF': 'Y', ...</msg>
<var>${Item_ID_Path}</var>
<arg>${jsonItemId}</arg>
<arg>ItemList</arg>
<doc>Returns a value from the given ``dictionary`` based on the given ``key``.</doc>
<status status="PASS" start="2025-03-09T22:30:01.494380" elapsed="0.000269"/>
</kw>
<kw name="Adjust Inventory File" owner="Prepare_Xml_Content">
<msg time="2025-03-09T22:30:01.495117" level="INFO">${jsonAdjInv} = &lt;Items&gt;
	&lt;Item AdjustmentType="ABSOLUTE" Availability="TRACK" ItemID="20250309222958843" OrganizationCode="Liverpool" Quantity="100" ReasonCode="itemSLRTAMS19t2" ReasonText="Ajuste GoldenGate" ShipNod...</msg>
<var>${jsonAdjInv}</var>
<arg>${jsonItemId}[ItemList][Item][_ItemID]</arg>
<arg>${CUR_DIR}</arg>
<status status="PASS" start="2025-03-09T22:30:01.494745" elapsed="0.000413"/>
</kw>
<kw name="POST On Session" owner="RequestsLibrary">
<msg time="2025-03-09T22:30:01.840495" level="INFO">POST Request : url=http://9.30.26.220:9080/smcfs/restapi/invoke/adjustInventory 
 path_url=/smcfs/restapi/invoke/adjustInventory 
 headers={'User-Agent': 'python-requests/2.32.3', 'Accept-Encoding': 'gzip, deflate', 'Accept': '*/*', 'Connection': 'keep-alive', 'Content-Type': 'application/xml', 'Authorization': 'Basic YWRtaW46cGFzc3dvcmQ=', 'Content-Length': '256'} 
 body=&lt;Items&gt;
	&lt;Item AdjustmentType="ABSOLUTE" Availability="TRACK" ItemID="20250309222958843" OrganizationCode="Liverpool" Quantity="100" ReasonCode="itemSLRTAMS19t2" ReasonText="Ajuste GoldenGate" ShipNode="77" SupplyType="ONHAND" UnitOfMeasure="UN"/&gt;
&lt;/Items&gt; 
 </msg>
<msg time="2025-03-09T22:30:01.840683" level="INFO">POST Response : url=http://9.30.26.220:9080/smcfs/restapi/invoke/adjustInventory 
 status=204, reason=No Content 
 headers={'X-Powered-By': 'Servlet/4.0', 'X-FRAME-OPTIONS': 'SAMEORIGIN', 'X-UA-Compatible': 'IE=EmulateIE8', 'Access-Control-Allow-Origin': '*', 'Access-Control-Max-Age': '3600', 'Access-Control-Allow-Credentials': 'true', 'Content-Language': 'en-US', 'Content-Length': '0', 'Date': 'Sun, 09 Mar 2025 17:00:02 GMT'} 
 body=None 
 </msg>
<msg time="2025-03-09T22:30:01.840926" level="INFO">${adjInvresponse} = &lt;Response [204]&gt;</msg>
<var>${adjInvresponse}</var>
<arg>AddData</arg>
<arg>${base_url_api}${adjustInventory}</arg>
<arg>data=${jsonAdjInv}</arg>
<arg>headers=${headers}</arg>
<doc>Sends a POST request on a previously created HTTP Session.</doc>
<status status="PASS" start="2025-03-09T22:30:01.495262" elapsed="0.345727"/>
</kw>
<kw name="Status Should Be" owner="RequestsLibrary">
<arg>204</arg>
<arg>${adjInvresponse}</arg>
<doc>Fails if response status code is different than the expected.</doc>
<status status="PASS" start="2025-03-09T22:30:01.841585" elapsed="0.000726"/>
</kw>
<return>
<value>${jsonItemId}</value>
<status status="PASS" start="2025-03-09T22:30:01.842477" elapsed="0.000243"/>
</return>
<msg time="2025-03-09T22:30:01.843104" level="INFO">${jsonItemId} = {'ItemList': {'Item': {'_Action': 'Manage', '_GlobalItemID': '12439482', '_ItemID': '20250309222958843', '_OrganizationCode': 'Liverpool', '_UnitOfMeasure': 'UN', 'Extn': {'_ExtnActive': '01', '_ExtnI...</msg>
<var>${jsonItemId}</var>
<status status="PASS" start="2025-03-09T22:29:58.841273" elapsed="3.001895"/>
</kw>
<kw name="Create Order SL" owner="CreateOrderKeyword">
<kw name="Create Order File" owner="Prepare_Xml_Content">
<msg time="2025-03-09T22:30:01.846110" level="INFO">${jsonCreateOrder} = &lt;Order AllocationRuleID="FWD_RULES" CustomerPONo="o1837376354" CustomerRewardsNo="2027498301" DocumentType="0001" DraftOrderFlag="Y" EnterpriseCode="Liverpool" OrderDate="2023-11-02T09:05:27-06:00" Or...</msg>
<var>${jsonCreateOrder}</var>
<arg>${jsonItemId}[ItemList][Item][_ItemID]</arg>
<arg>${CUR_DIR}</arg>
<status status="PASS" start="2025-03-09T22:30:01.844569" elapsed="0.001672"/>
</kw>
<kw name="POST On Session" owner="RequestsLibrary">
<msg time="2025-03-09T22:30:02.403513" level="INFO">POST Request : url=http://9.30.26.220:9080/smcfs/restapi/invoke/createOrder 
 path_url=/smcfs/restapi/invoke/createOrder 
 headers={'User-Agent': 'python-requests/2.32.3', 'Accept-Encoding': 'gzip, deflate', 'Accept': '*/*', 'Connection': 'keep-alive', 'Content-Type': 'application/xml', 'Authorization': 'Basic YWRtaW46cGFzc3dvcmQ=', 'Content-Length': '1842'} 
 body=&lt;Order AllocationRuleID="FWD_RULES" CustomerPONo="o1837376354" CustomerRewardsNo="2027498301" DocumentType="0001" DraftOrderFlag="Y" EnterpriseCode="Liverpool" OrderDate="2023-11-02T09:05:27-06:00" OrderName="0904202401" OrderNo="20250309222958843" OrderType="Personal"&gt;
&lt;OrderLines&gt;
&lt;OrderLine Delivery="" FulfillmentType="Liverpool_CNC_PICK_PACK" OrderedQty="1" Store=""&gt;
&lt;Item ItemDesc=" " ItemID="20250309222958843" UnitOfMeasure="UN"/&gt;
&lt;LinePriceInfo IsPriceLocked="Y" ListPrice="279.3" UnitPrice="279.3"/&gt;
&lt;References&gt;
&lt;Reference Name="Promotion1" Value="30% de descuento"/&gt;
&lt;Reference Name="DiscountAmount" Value="119.69999999999999"/&gt;
&lt;/References&gt;
&lt;/OrderLine&gt;
&lt;/OrderLines&gt;
&lt;PersonInfoShipTo AddressLine1="0398 LIV Liverpool GalerÃ­as Insurgentes Av. Insurgentes Sur" AddressLine2="1310" AddressLine4="" AddressLine5="Benito JuÃ¡rez" AddressLine6="Entre calle Eje 7 FÃ©lix Cuevas y Parroquia" City="Col. Del Valle" Country="MX" DayPhone="5554801300" EMailID="iramosg@liverpool.com.mx" FirstName="ismael" LastName="avrilchiva" State="LÃ¡zaro CÃ¡rdenas" ZipCode="60955"/&gt;
&lt;PersonInfoBillTo AddressLine1="na" AddressLine2="na" AddressLine4="" AddressLine5="IZTAPALAPA" City="cdmx" Country="MX" DayPhone="555-2575722" FirstName="na na" LastName="" State="DISTRITO FEDERAL" ZipCode="06010"/&gt;
&lt;PersonInfoContact AddressLine1="20 palma" AddressLine2="20" AddressLine4="EL ARBOL" AddressLine5="ALVARO OBREGON" City="ALVARO OBREGON" Country="MX" DayPhone="56-21945242" EMailID="iramosg@liverpool.com.mx" FirstName="ismael" LastName="avrilchiva" State="CIUDAD DE MEXICO" ZipCode="52789"/&gt;
&lt;HeaderCharges&gt;
&lt;HeaderCharge ChargeAmount="0" ChargeCategory="Shipping" ChargeName="Shipping"/&gt;
&lt;/HeaderCharges&gt;
&lt;References&gt;
&lt;Reference Name="TicketNo" Value="3070000109"/&gt;
&lt;Reference Name="BankAuthNo" Value="897519"/&gt;
&lt;/References&gt;
&lt;/Order&gt; 
 </msg>
<msg time="2025-03-09T22:30:02.403874" level="INFO">POST Response : url=http://9.30.26.220:9080/smcfs/restapi/invoke/createOrder 
 status=200, reason=OK 
 headers={'X-Powered-By': 'Servlet/4.0', 'X-FRAME-OPTIONS': 'SAMEORIGIN', 'X-UA-Compatible': 'IE=EmulateIE8', 'Access-Control-Allow-Origin': '*', 'Access-Control-Max-Age': '3600', 'Access-Control-Allow-Credentials': 'true', 'Content-Type': 'application/json; charset=UTF-8', 'Content-Encoding': 'gzip', 'Content-Language': 'en-US', 'Content-Length': '120', 'Date': 'Sun, 09 Mar 2025 17:00:02 GMT'} 
 body={"DocumentType":"0001","OrderNo":"20250309222958843","OrderHeaderKey":"202503091000021360182","EnterpriseCode":"Liverpool"} 
 </msg>
<msg time="2025-03-09T22:30:02.404132" level="INFO">${createOrderResponse} = &lt;Response [200]&gt;</msg>
<var>${createOrderResponse}</var>
<arg>AddData</arg>
<arg>${base_url_api}${createOrder}</arg>
<arg>data=${jsonCreateOrder}</arg>
<arg>headers=${headers}</arg>
<doc>Sends a POST request on a previously created HTTP Session.</doc>
<status status="PASS" start="2025-03-09T22:30:01.846732" elapsed="0.557466"/>
</kw>
<kw name="Convert To String" owner="BuiltIn">
<msg time="2025-03-09T22:30:02.406377" level="INFO">${resp2} = {'DocumentType': '0001', 'OrderNo': '20250309222958843', 'OrderHeaderKey': '202503091000021360182', 'EnterpriseCode': 'Liverpool'}</msg>
<var>${resp2}</var>
<arg>${createOrderResponse.json()}</arg>
<doc>Converts the given item to a Unicode string.</doc>
<status status="PASS" start="2025-03-09T22:30:02.404558" elapsed="0.001885"/>
</kw>
<kw name="Write Output File" owner="Prepare_Xml_Content">
<arg>${resp2}</arg>
<arg>'createOrder'</arg>
<arg>${CUR_DIR}</arg>
<status status="PASS" start="2025-03-09T22:30:02.406703" elapsed="0.000720"/>
</kw>
<kw name="Get Current Date" owner="DateTime">
<msg time="2025-03-09T22:30:02.407741" level="INFO">${timestamp} = 20250309-2230</msg>
<var>${timestamp}</var>
<arg>result_format=%Y%m%d-%H%M</arg>
<doc>Returns current local or UTC time with an optional increment.</doc>
<status status="PASS" start="2025-03-09T22:30:02.407535" elapsed="0.000233"/>
</kw>
<kw name="Dictionary Should Contain Key" owner="Collections">
<arg>${createOrderResponse.json()}</arg>
<arg>OrderNo</arg>
<doc>Fails if ``key`` is not found from ``dictionary``.</doc>
<status status="PASS" start="2025-03-09T22:30:02.407856" elapsed="0.000570"/>
</kw>
<kw name="Get From Dictionary" owner="Collections">
<msg time="2025-03-09T22:30:02.409121" level="INFO">${Order_No} = 20250309222958843</msg>
<var>${Order_No}</var>
<arg>${createOrderResponse.json()}</arg>
<arg>OrderNo</arg>
<doc>Returns a value from the given ``dictionary`` based on the given ``key``.</doc>
<status status="PASS" start="2025-03-09T22:30:02.408526" elapsed="0.000618"/>
</kw>
<kw name="Dictionary Should Contain Key" owner="Collections">
<arg>${createOrderResponse.json()}</arg>
<arg>OrderHeaderKey</arg>
<doc>Fails if ``key`` is not found from ``dictionary``.</doc>
<status status="PASS" start="2025-03-09T22:30:02.409237" elapsed="0.000524"/>
</kw>
<kw name="Get From Dictionary" owner="Collections">
<msg time="2025-03-09T22:30:02.410266" level="INFO">${Order_Header_Key} = 202503091000021360182</msg>
<var>${Order_Header_Key}</var>
<arg>${createOrderResponse.json()}</arg>
<arg>OrderHeaderKey</arg>
<doc>Returns a value from the given ``dictionary`` based on the given ``key``.</doc>
<status status="PASS" start="2025-03-09T22:30:02.409843" elapsed="0.000441"/>
</kw>
<kw name="Append Excel File1" owner="read_write_all_excel">
<arg>${file}</arg>
<arg>${Order_No}</arg>
<arg>${TEST NAME}</arg>
<arg>${timestamp}</arg>
<arg>${jsonCreateOrder}</arg>
<arg>${createOrderResponse.json()}</arg>
<status status="PASS" start="2025-03-09T22:30:02.410359" elapsed="0.000829"/>
</kw>
<arg>${jsonItemId}</arg>
<arg>${CUR_DIR}</arg>
<status status="PASS" start="2025-03-09T22:30:01.843566" elapsed="0.567706"/>
</kw>
<tag>CREATEORDER</tag>
<tag>HAPPYFLOW</tag>
<tag>REGRESSION</tag>
<status status="PASS" start="2025-03-09T22:29:55.346976" elapsed="7.064394"/>
</test>
<status status="PASS" start="2025-03-09T22:29:53.777718" elapsed="8.634057"/>
</suite>
<status status="PASS" start="2025-03-09T22:29:53.776016" elapsed="8.636205"/>
</suite>
<status status="PASS" start="2025-03-09T22:29:53.774054" elapsed="8.638630"/>
</suite>
<status status="PASS" start="2025-03-09T22:29:53.755234" elapsed="8.657775"/>
</suite>
<statistics>
<total>
<stat pass="1" fail="0" skip="0">All Tests</stat>
</total>
<tag>
<stat pass="1" fail="0" skip="0">CREATEORDER</stat>
<stat pass="1" fail="0" skip="0">HAPPYFLOW</stat>
<stat pass="1" fail="0" skip="0">REGRESSION</stat>
</tag>
<suite>
<stat pass="1" fail="0" skip="0" id="s1" name="CreateOrder">CreateOrder</stat>
<stat pass="1" fail="0" skip="0" id="s1-s1" name="CreateOrder create normal order ATG ClickandCollect TC 002">CreateOrder.CreateOrder create normal order ATG ClickandCollect TC 002</stat>
<stat pass="1" fail="0" skip="0" id="s1-s1-s1" name="Test">CreateOrder.CreateOrder create normal order ATG ClickandCollect TC 002.Test</stat>
<stat pass="1" fail="0" skip="0" id="s1-s1-s1-s1" name="TC 002">CreateOrder.CreateOrder create normal order ATG ClickandCollect TC 002.Test.TC 002</stat>
</suite>
</statistics>
<errors>
</errors>
</robot>
