<?xml version="1.0" encoding="UTF-8"?>
<robot generator="Robot 7.1.1 (Python 3.13.1 on win32)" generated="2025-02-12T21:39:08.981105" rpa="false" schemaversion="5">
<suite id="s1" name="Test" source="C:\automation\automationLvrplSL\LvrplSL\CreateOrder\CreateOrder_-create_normal_order_ATG_example_2_items_TC_001\test">
<suite id="s1-s1" name="bak TC 001" source="C:\automation\automationLvrplSL\LvrplSL\CreateOrder\CreateOrder_-create_normal_order_ATG_example_2_items_TC_001\test\bak_TC_001.robot">
<test id="s1-s1-t1" name="Create Order TC_001" line="13">
<kw name="Creating Session1" owner="createSession">
<kw name="Create List" owner="BuiltIn">
<msg time="2025-02-12T21:39:10.473487" level="INFO">${auth} = ['admin', 'ChangeIt4m3']</msg>
<var>${auth}</var>
<arg>${user}</arg>
<arg>${passwd}</arg>
<doc>Returns a list containing given items.</doc>
<status status="PASS" start="2025-02-12T21:39:10.473322" elapsed="0.000195"/>
</kw>
<kw name="Create Session" owner="RequestsLibrary">
<msg time="2025-02-12T21:39:10.473858" level="INFO">Creating Session using : alias=AddData, url=http://localhost:9080/smcfs/restapi/invoke/createOrder, headers={'Content-Type': 'application/xml', 'Authorization': 'Basic YWRtaW46cGFzc3dvcmQ='},                     cookies={}, auth=&lt;requests.auth.HTTPBasicAuth object at 0x00000179539E9940&gt;, timeout=None, proxies=None, verify=False,                     debug=0 </msg>
<arg>${AddData}</arg>
<arg>url=${base_url_api}${createOrder}</arg>
<arg>headers=${headers}</arg>
<arg>auth=${auth}</arg>
<doc>Create Session: create a HTTP session to a server</doc>
<status status="PASS" start="2025-02-12T21:39:10.473624" elapsed="0.000370"/>
</kw>
<arg>AddData</arg>
<status status="PASS" start="2025-02-12T21:39:10.472619" elapsed="0.001430"/>
</kw>
<kw name="Manage Item With Dynamic Item" owner="Prepare_Xml_Content">
<msg time="2025-02-12T21:39:12.489430" level="INFO">before mod &lt;ItemList&gt;
	&lt;Item Action="Manage" GlobalItemID="12439482" ItemID="$ItemID" OrganizationCode="Liverpool" UnitOfMeasure="UN"&gt;
		&lt;Extn ExtnActive="01" ExtnItemSF="Y" ExtnItemSFDesc="ACTIVO" ExtnSuggestedPackage="" ExtnSkuPackage=""/&gt;
		&lt;PrimaryInformation DefaultProductClass="SL" Description="CHAROLA GIRATORIA AILE, 48CM, NATURAL H" ShortDescription="CHAROLA GIRATORIA AILE, 48CM, NATURAL H" ExtendedDisplayDescription="CHAROLA GIRATORIA REDO, 48 CM, NATURAL (12439482)" IsDeliveryAllowed="Y" IsPickupAllowed="Y" IsShippingAllowed="Y" PrimaryEnterpriseCode="Liverpool" SerializedFlag="N" Status="3000" UnitCost="829" ItemType=""/&gt;
		&lt;ClassificationCodes ECCNNo="HAUS" Model="18917" NAICSCode="7502008630089" NMFCClass="152" NMFCCode="15204"/&gt;
		&lt;InventoryParameters ATPRule="Liverpool_ATP" InventoryMonitorRule="EPL_ATP_MONITOR_RULE" NodeLevelInventoryMonitorRule="EPL_ATP_MONITOR_RULE"/&gt;
		&lt;ItemAliasList Reset="Y"&gt;
			&lt;ItemAlias AliasName="EAN1" AliasValue="7502008630089"/&gt;
		&lt;/ItemAliasList&gt;
	&lt;/Item&gt;
&lt;/ItemList&gt;
after mod &lt;ItemList&gt;
	&lt;Item Action="Manage" GlobalItemID="12439482" ItemID="20250212213910487" OrganizationCode="Liverpool" UnitOfMeasure="UN"&gt;
		&lt;Extn ExtnActive="01" ExtnItemSF="Y" ExtnItemSFDesc="ACTIVO" ExtnSuggestedPackage="" ExtnSkuPackage=""/&gt;
		&lt;PrimaryInformation DefaultProductClass="SL" Description="CHAROLA GIRATORIA AILE, 48CM, NATURAL H" ShortDescription="CHAROLA GIRATORIA AILE, 48CM, NATURAL H" ExtendedDisplayDescription="CHAROLA GIRATORIA REDO, 48 CM, NATURAL (12439482)" IsDeliveryAllowed="Y" IsPickupAllowed="Y" IsShippingAllowed="Y" PrimaryEnterpriseCode="Liverpool" SerializedFlag="N" Status="3000" UnitCost="829" ItemType=""/&gt;
		&lt;ClassificationCodes ECCNNo="HAUS" Model="18917" NAICSCode="7502008630089" NMFCClass="152" NMFCCode="15204"/&gt;
		&lt;InventoryParameters ATPRule="Liverpool_ATP" InventoryMonitorRule="EPL_ATP_MONITOR_RULE" NodeLevelInventoryMonitorRule="EPL_ATP_MONITOR_RULE"/&gt;
		&lt;ItemAliasList Reset="Y"&gt;
			&lt;ItemAlias AliasName="EAN1" AliasValue="7502008630089"/&gt;
		&lt;/ItemAliasList&gt;
	&lt;/Item&gt;
&lt;/ItemList&gt;</msg>
<msg time="2025-02-12T21:39:12.489823" level="INFO">${manageItemJson} = &lt;ItemList&gt;
	&lt;Item Action="Manage" GlobalItemID="12439482" ItemID="20250212213910487" OrganizationCode="Liverpool" UnitOfMeasure="UN"&gt;
		&lt;Extn ExtnActive="01" ExtnItemSF="Y" ExtnItemSFDesc="ACTIVO" Ext...</msg>
<var>${manageItemJson}</var>
<arg>C:\\automation\\automationLvrplSL\\LvrplSL\\CreateOrder\\CreateOrder_-create_normal_order_ATG_example_2_items_TC_001\\test</arg>
<status status="PASS" start="2025-02-12T21:39:10.474193" elapsed="2.015722"/>
</kw>
<kw name="POST On Session" owner="RequestsLibrary">
<msg time="2025-02-12T21:39:12.538238" level="INFO">POST Request : url=http://localhost:9080/smcfs/restapi/invoke/manageItem 
 path_url=/smcfs/restapi/invoke/manageItem 
 headers={'User-Agent': 'python-requests/2.32.3', 'Accept-Encoding': 'gzip, deflate', 'Accept': '*/*', 'Connection': 'keep-alive', 'Content-Type': 'application/xml', 'Authorization': 'Basic YWRtaW46Q2hhbmdlSXQ0bTM=', 'Content-Length': '1025'} 
 body=&lt;ItemList&gt;
	&lt;Item Action="Manage" GlobalItemID="12439482" ItemID="20250212213910487" OrganizationCode="Liverpool" UnitOfMeasure="UN"&gt;
		&lt;Extn ExtnActive="01" ExtnItemSF="Y" ExtnItemSFDesc="ACTIVO" ExtnSuggestedPackage="" ExtnSkuPackage=""/&gt;
		&lt;PrimaryInformation DefaultProductClass="SL" Description="CHAROLA GIRATORIA AILE, 48CM, NATURAL H" ShortDescription="CHAROLA GIRATORIA AILE, 48CM, NATURAL H" ExtendedDisplayDescription="CHAROLA GIRATORIA REDO, 48 CM, NATURAL (12439482)" IsDeliveryAllowed="Y" IsPickupAllowed="Y" IsShippingAllowed="Y" PrimaryEnterpriseCode="Liverpool" SerializedFlag="N" Status="3000" UnitCost="829" ItemType=""/&gt;
		&lt;ClassificationCodes ECCNNo="HAUS" Model="18917" NAICSCode="7502008630089" NMFCClass="152" NMFCCode="15204"/&gt;
		&lt;InventoryParameters ATPRule="Liverpool_ATP" InventoryMonitorRule="EPL_ATP_MONITOR_RULE" NodeLevelInventoryMonitorRule="EPL_ATP_MONITOR_RULE"/&gt;
		&lt;ItemAliasList Reset="Y"&gt;
			&lt;ItemAlias AliasName="EAN1" AliasValue="7502008630089"/&gt;
		&lt;/ItemAliasList&gt;
	&lt;/Item&gt;
&lt;/ItemList&gt; 
 </msg>
<msg time="2025-02-12T21:39:12.538317" level="INFO">POST Response : url=http://localhost:9080/smcfs/restapi/invoke/manageItem 
 status=204, reason=No Content 
 headers={'X-FRAME-OPTIONS': 'SAMEORIGIN', 'X-UA-Compatible': 'IE=EmulateIE8', 'Access-Control-Allow-Origin': '*', 'Access-Control-Allow-Credentials': 'true', 'Access-Control-Max-Age': '3600', 'Content-Language': 'en-US', 'Vary': 'Accept-Encoding', 'Content-Length': '0', 'Date': 'Wed, 12 Feb 2025 14:14:48 GMT'} 
 body=None 
 </msg>
<msg time="2025-02-12T21:39:12.538415" level="INFO">${manageItemResponse} = &lt;Response [204]&gt;</msg>
<var>${manageItemResponse}</var>
<arg>AddData</arg>
<arg>${base_url_api}${manageItem}</arg>
<arg>data=${manageItemJson}</arg>
<doc>Sends a POST request on a previously created HTTP Session.</doc>
<status status="PASS" start="2025-02-12T21:39:12.490592" elapsed="0.047846"/>
</kw>
<kw name="Status Should Be" owner="RequestsLibrary">
<arg>204</arg>
<arg>${manageItemResponse}</arg>
<doc>Fails if response status code is different than the expected.</doc>
<status status="PASS" start="2025-02-12T21:39:12.538849" elapsed="0.000214"/>
</kw>
<kw name="Manage Item With Dynamic Item1" owner="Prepare_Xml_Content">
<msg time="2025-02-12T21:39:12.539908" level="INFO">after mod &lt;ItemList&gt;
	&lt;Item Action="Manage" GlobalItemID="12439482" ItemID="20250212213910487" OrganizationCode="Liverpool" UnitOfMeasure="UN"&gt;
		&lt;Extn ExtnActive="01" ExtnItemSF="Y" ExtnItemSFDesc="ACTIVO" ExtnSuggestedPackage="" ExtnSkuPackage=""/&gt;
		&lt;PrimaryInformation DefaultProductClass="SL" Description="CHAROLA GIRATORIA AILE, 48CM, NATURAL H" ShortDescription="CHAROLA GIRATORIA AILE, 48CM, NATURAL H" ExtendedDisplayDescription="CHAROLA GIRATORIA REDO, 48 CM, NATURAL (12439482)" IsDeliveryAllowed="Y" IsPickupAllowed="Y" IsShippingAllowed="Y" PrimaryEnterpriseCode="Liverpool" SerializedFlag="N" Status="3000" UnitCost="829" ItemType=""/&gt;
		&lt;ClassificationCodes ECCNNo="HAUS" Model="18917" NAICSCode="7502008630089" NMFCClass="152" NMFCCode="15204"/&gt;
		&lt;InventoryParameters ATPRule="Liverpool_ATP" InventoryMonitorRule="EPL_ATP_MONITOR_RULE" NodeLevelInventoryMonitorRule="EPL_ATP_MONITOR_RULE"/&gt;
		&lt;ItemAliasList Reset="Y"&gt;
			&lt;ItemAlias AliasName="EAN1" AliasValue="7502008630089"/&gt;
		&lt;/ItemAliasList&gt;
	&lt;/Item&gt;
&lt;/ItemList&gt;</msg>
<msg time="2025-02-12T21:39:12.540192" level="INFO">${jsonItemId} = {'ItemList': {'Item': {'_Action': 'Manage', '_GlobalItemID': '12439482', '_ItemID': '20250212213910487', '_OrganizationCode': 'Liverpool', '_UnitOfMeasure': 'UN', 'Extn': {'_ExtnActive': '01', '_ExtnI...</msg>
<var>${jsonItemId}</var>
<arg>C:\\automation\\automationLvrplSL\\LvrplSL\\CreateOrder\\CreateOrder_-create_normal_order_ATG_example_2_items_TC_001\\test</arg>
<status status="PASS" start="2025-02-12T21:39:12.539331" elapsed="0.000899"/>
</kw>
<kw name="Dictionary Should Contain Key" owner="Collections">
<arg>${jsonItemId}</arg>
<arg>ItemList</arg>
<doc>Fails if ``key`` is not found from ``dictionary``.</doc>
<status status="PASS" start="2025-02-12T21:39:12.540575" elapsed="0.000191"/>
</kw>
<kw name="Get From Dictionary" owner="Collections">
<msg time="2025-02-12T21:39:12.541303" level="INFO">${Item_ID_Path} = {'Item': {'_Action': 'Manage', '_GlobalItemID': '12439482', '_ItemID': '20250212213910487', '_OrganizationCode': 'Liverpool', '_UnitOfMeasure': 'UN', 'Extn': {'_ExtnActive': '01', '_ExtnItemSF': 'Y', ...</msg>
<var>${Item_ID_Path}</var>
<arg>${jsonItemId}</arg>
<arg>ItemList</arg>
<doc>Returns a value from the given ``dictionary`` based on the given ``key``.</doc>
<status status="PASS" start="2025-02-12T21:39:12.541112" elapsed="0.000218"/>
</kw>
<kw name="Adjust Inventory File" owner="Prepare_Xml_Content">
<msg time="2025-02-12T21:39:12.549234" level="INFO">${jsonAdjInv} = &lt;Items&gt;
	&lt;Item AdjustmentType="ABSOLUTE" Availability="TRACK" ItemID="20250212213910487" OrganizationCode="Liverpool" Quantity="100" ReasonCode="itemSLRTAMS19t2" ReasonText="Ajuste GoldenGate" ShipNod...</msg>
<var>${jsonAdjInv}</var>
<arg>${jsonItemId}[ItemList][Item][_ItemID]</arg>
<arg>C:\\automation\\automationLvrplSL\\LvrplSL\\CreateOrder\\CreateOrder_-create_normal_order_ATG_example_2_items_TC_001\\test</arg>
<status status="PASS" start="2025-02-12T21:39:12.541637" elapsed="0.007637"/>
</kw>
<kw name="POST On Session" owner="RequestsLibrary">
<msg time="2025-02-12T21:39:12.583067" level="INFO">POST Request : url=http://localhost:9080/smcfs/restapi/invoke/adjustInventory 
 path_url=/smcfs/restapi/invoke/adjustInventory 
 headers={'User-Agent': 'python-requests/2.32.3', 'Accept-Encoding': 'gzip, deflate', 'Accept': '*/*', 'Connection': 'keep-alive', 'Content-Type': 'application/xml', 'Authorization': 'Basic YWRtaW46Q2hhbmdlSXQ0bTM=', 'Content-Length': '256'} 
 body=&lt;Items&gt;
	&lt;Item AdjustmentType="ABSOLUTE" Availability="TRACK" ItemID="20250212213910487" OrganizationCode="Liverpool" Quantity="100" ReasonCode="itemSLRTAMS19t2" ReasonText="Ajuste GoldenGate" ShipNode="77" SupplyType="ONHAND" UnitOfMeasure="UN"/&gt;
&lt;/Items&gt; 
 </msg>
<msg time="2025-02-12T21:39:12.583134" level="INFO">POST Response : url=http://localhost:9080/smcfs/restapi/invoke/adjustInventory 
 status=204, reason=No Content 
 headers={'X-FRAME-OPTIONS': 'SAMEORIGIN', 'X-UA-Compatible': 'IE=EmulateIE8', 'Access-Control-Allow-Origin': '*', 'Access-Control-Allow-Credentials': 'true', 'Access-Control-Max-Age': '3600', 'Content-Language': 'en-US', 'Vary': 'Accept-Encoding', 'Content-Length': '0', 'Date': 'Wed, 12 Feb 2025 14:14:48 GMT'} 
 body=None 
 </msg>
<msg time="2025-02-12T21:39:12.583227" level="INFO">${adjInvresponse} = &lt;Response [204]&gt;</msg>
<var>${adjInvresponse}</var>
<arg>AddData</arg>
<arg>${base_url_api}${adjustInventory}</arg>
<arg>data=${jsonAdjInv}</arg>
<arg>headers=${headers}</arg>
<doc>Sends a POST request on a previously created HTTP Session.</doc>
<status status="PASS" start="2025-02-12T21:39:12.549673" elapsed="0.033572"/>
</kw>
<kw name="Status Should Be" owner="RequestsLibrary">
<arg>204</arg>
<arg>${adjInvresponse}</arg>
<doc>Fails if response status code is different than the expected.</doc>
<status status="PASS" start="2025-02-12T21:39:12.583730" elapsed="0.000210"/>
</kw>
<kw name="Find Inventory File" owner="Prepare_Xml_Content">
<msg time="2025-02-12T21:39:12.592600" level="INFO">${jsonfindInventory} = &lt;Promise AllocationRuleID="FWD_RULES" CheckInventory="Y" EnterpriseCode="Liverpool" FulfillmentType="Fulfillment_Type_Liverpool"
 OrganizationCode="Liverpool"&gt;
	&lt;ShipToAddress Country="MX" ZipCode="98...</msg>
<var>${jsonfindInventory}</var>
<arg>${jsonItemId}[ItemList][Item][_ItemID]</arg>
<arg>C:\\automation\\automationLvrplSL\\LvrplSL\\CreateOrder\\CreateOrder_-create_normal_order_ATG_example_2_items_TC_001\\test</arg>
<status status="PASS" start="2025-02-12T21:39:12.584085" elapsed="0.008551"/>
</kw>
<kw name="POST On Session" owner="RequestsLibrary">
<msg time="2025-02-12T21:39:13.019831" level="INFO">POST Request : url=http://localhost:9080/smcfs/restapi/invoke/findInventory 
 path_url=/smcfs/restapi/invoke/findInventory 
 headers={'User-Agent': 'python-requests/2.32.3', 'Accept-Encoding': 'gzip, deflate', 'Accept': '*/*', 'Connection': 'keep-alive', 'Content-Type': 'application/xml', 'Authorization': 'Basic YWRtaW46Q2hhbmdlSXQ0bTM=', 'Content-Length': '341'} 
 body=&lt;Promise AllocationRuleID="FWD_RULES" CheckInventory="Y" EnterpriseCode="Liverpool" FulfillmentType="Fulfillment_Type_Liverpool"
 OrganizationCode="Liverpool"&gt;
	&lt;ShipToAddress Country="MX" ZipCode="98047"/&gt;
	&lt;PromiseLines&gt;
		&lt;PromiseLine ItemID="20250212213910487" LineId="1" RequiredQty="20" UnitOfMeasure="UN"/&gt;
	&lt;/PromiseLines&gt;
&lt;/Promise&gt; 
 </msg>
<msg time="2025-02-12T21:39:13.019916" level="INFO">POST Response : url=http://localhost:9080/smcfs/restapi/invoke/findInventory 
 status=200, reason=OK 
 headers={'X-FRAME-OPTIONS': 'SAMEORIGIN', 'X-UA-Compatible': 'IE=EmulateIE8', 'Access-Control-Allow-Origin': '*', 'Access-Control-Allow-Credentials': 'true', 'Access-Control-Max-Age': '3600', 'Content-Type': 'application/json; charset=UTF-8', 'Content-Encoding': 'gzip', 'Content-Language': 'en-US', 'Vary': 'Accept-Encoding', 'Content-Length': '945', 'Date': 'Wed, 12 Feb 2025 14:14:49 GMT'} 
 body={"Options":{"TotalNumberOfRecords":"0"},"OptimizationType":"02","CheckInventory":"Y","AllocationRuleID":"FWD_RULES","SuggestedOption":{"Option":{"LastDate":"2025-02-12T14:14:48+00:00","OptionNo":"23","NodeQty":"20.00","FirstDate":"2025-02-12T14:14:48+00:00","AvailableFromUnplannedInventory":"N","TotalShipments":"1","Interactions":{"Interaction":[{"IsDelivery":"N","CarrierServiceCode":"","DeliveryMethod":"SHP","Node":"77","DeliveryDate":"2025-02-12T14:14:48+00:00","ShipDate":"2025-02-12T14:14:48+00:00","EarliestDate":"2025-02-12T00:00:00+00:00","LastDate":"2025-03-14T23:59:59+00:00","ItemGroupCode":"PROD","PersonInfoShipTo":{"VerificationStatus":"","Company":"","OtherPhone":"","UseCount":"0","EMailID":"","DayPhone":"","JobTitle":"","MobilePhone":"","Department":"","AlternateEmailID":"","PersonID":"","PreferredShipAddress":"","Beeper":"","FirstName":"","ZipCode":"98047","Title":"","City":"","MiddleName":"","DayFaxNo":"","HttpUrl":"","AddressLine3":"","AddressLine2":"","AddressLine1":"","Suffix":"","AddressLine6":"","AddressLine5":"","State":"","AddressLine4":"","EveningFaxNo":"","EveningPhone":"","Country":"MX","ErrorTxt":"","LastName":"","isHistory":"N"},"OrganizationCode":"","Carrier":"","TotalHandlingUnits":"0.00","InteractionNo":"1"}],"TotalNumberOfRecords":"1"},"LeastPriority":"10.00","PromiseLines":{"PromiseLine":[{"CarrierServiceCode":"","DeliveryMethod":"SHP","LineId":"1","UnitOfMeasure":"UN","Assignments":{"Assignment":[{"Procurements":{},"IsIdleAsset":"N","SegmentChangeQty":"0.00","ExternalNode":"N","ReservedQty":"0.00","AvailableFromUnplannedInventory":"N","ProcuredQty":"0.00","Quantity":"20.00","DeliveryDate":"2025-02-12T14:14:48+00:00","ShipDate":"2025-02-12T14:14:48+00:00","SubstituteItems":{},"MergeNode":"","SCAC":"","NodePriority":"10.00","ShipNode":"77","InteractionNo":"1","ProductAvailDate":"2025-02-12","Distance":"0.00","SubstitutedQty":"0.00"}],"TotalNumberOfRecords":"1"},"ReceivingNode":"","IsBundleParent":"N","ItemID":"20250212213910487","Segment":"","SegmentType":"","NewItemID":"","SCAC":"","BundleParentLineId":"","KitQty":"1","RequiredQty":"20","AutoReplacedByPreferredSubstitute":"N","DistributionRuleId":"","ShipNode":"","ProductClass":"","FulfillmentType":"Fulfillment_Type_Liverpool"}],"TotalNumberOfRecords":"1"},"MaxPriority":"10.00","PromiseServiceLines":{"TotalNumberOfRecords":"0"},"HasAnyUnavailableQty":"N"}},"OrganizationCode":"Liverpool","EnterpriseCode":"Liverpool","FulfillmentType":"Fulfillment_Type_Liverpool"} 
 </msg>
<msg time="2025-02-12T21:39:13.020155" level="INFO">${findInventoryResponse} = &lt;Response [200]&gt;</msg>
<var>${findInventoryResponse}</var>
<arg>AddData</arg>
<arg>${base_url_api}${findInventory}</arg>
<arg>data=${jsonfindInventory}</arg>
<arg>headers=${headers}</arg>
<doc>Sends a POST request on a previously created HTTP Session.</doc>
<status status="PASS" start="2025-02-12T21:39:12.592939" elapsed="0.427244"/>
</kw>
<kw name="Convert To String" owner="BuiltIn">
<msg time="2025-02-12T21:39:13.021876" level="INFO">${resp} = {'Options': {'TotalNumberOfRecords': '0'}, 'OptimizationType': '02', 'CheckInventory': 'Y', 'AllocationRuleID': 'FWD_RULES', 'SuggestedOption': {'Option': {'LastDate': '2025-02-12T14:14:48+00:00', 'Op...</msg>
<var>${resp}</var>
<arg>${findInventoryResponse.json()}</arg>
<doc>Converts the given item to a Unicode string.</doc>
<status status="PASS" start="2025-02-12T21:39:13.020555" elapsed="0.001352"/>
</kw>
<kw name="Write Output File" owner="Prepare_Xml_Content">
<arg>${resp}</arg>
<arg>'findInv'</arg>
<arg>C:\\automation\\automationLvrplSL\\LvrplSL\\CreateOrder\\CreateOrder_-create_normal_order_ATG_example_2_items_TC_001\\test</arg>
<status status="PASS" start="2025-02-12T21:39:13.022267" elapsed="0.001046"/>
</kw>
<kw name="Create Order File" owner="Prepare_Xml_Content">
<msg time="2025-02-12T21:39:13.033728" level="INFO">${jsonCreateOrder} = &lt;?xml version="1.0" encoding="ISO-8859-1" standalone="yes"?&gt;
&lt;Order AllocationRuleID="FWD_RULES" CustomerPONo="o13556164996" CustomerRewardsNo="5491060181" DocumentType="0001"
DraftOrderFlag="Y" Enter...</msg>
<var>${jsonCreateOrder}</var>
<arg>${jsonItemId}[ItemList][Item][_ItemID]</arg>
<arg>C:\\automation\\automationLvrplSL\\LvrplSL\\CreateOrder\\CreateOrder_-create_normal_order_ATG_example_2_items_TC_001\\test</arg>
<status status="PASS" start="2025-02-12T21:39:13.023538" elapsed="0.010269"/>
</kw>
<kw name="POST On Session" owner="RequestsLibrary">
<msg time="2025-02-12T21:39:13.189803" level="INFO">POST Request : url=http://localhost:9080/smcfs/restapi/invoke/createOrder 
 path_url=/smcfs/restapi/invoke/createOrder 
 headers={'User-Agent': 'python-requests/2.32.3', 'Accept-Encoding': 'gzip, deflate', 'Accept': '*/*', 'Connection': 'keep-alive', 'Content-Type': 'application/xml', 'Authorization': 'Basic YWRtaW46Q2hhbmdlSXQ0bTM=', 'Content-Length': '2522'} 
 body=&lt;?xml version="1.0" encoding="ISO-8859-1" standalone="yes"?&gt;
&lt;Order AllocationRuleID="FWD_RULES" CustomerPONo="o13556164996" CustomerRewardsNo="5491060181" DocumentType="0001"
DraftOrderFlag="Y" EnterpriseCode="Liverpool" OrderDate="2023-11-09T13:09:54-06:00" OrderName="N9300042969" OrderNo="20250212213910487"
OrderType="Personal"&gt;
	&lt;OrderLines&gt;
		&lt;OrderLine Delivery="" FulfillmentType="Fulfillment_Type_Liverpool" OrderedQty="1" Store=""&gt;
			&lt;Item ItemDesc=" " ItemID="20250212213910487" UnitOfMeasure="UN"/&gt;
			&lt;LinePriceInfo IsPriceLocked="Y" ListPrice="120.69" UnitPrice="120.69"/&gt;
			&lt;References&gt;
				&lt;Reference Name="Promotion1" Value="10% de descuento"/&gt;
				&lt;Reference Name="DiscountAmount" Value="164.9"/&gt;
			&lt;/References&gt;
		&lt;/OrderLine&gt;
		&lt;OrderLine Delivery="" FulfillmentType="Fulfillment_Type_Liverpool" OrderedQty="1" Store="" ShipNode=""&gt;
            &lt;Item ItemDesc="CHAROLA GIRATORIA AILE, 48CM HAUS" ItemID="20250212213910487" UnitOfMeasure="UN"/&gt;
            &lt;LinePriceInfo IsPriceLocked="Y" ListPrice="471.0" UnitPrice="471.0"/&gt;
            &lt;References&gt;
                &lt;Reference Name="Promotion1" Value="40% de descuento"/&gt;
                &lt;Reference Name="DiscountAmount" Value="314.0"/&gt;
            &lt;/References&gt;
        &lt;/OrderLine&gt;
	&lt;/OrderLines&gt;
	&lt;PersonInfoShipTo AddressLine1="Municipio Libre" AddressLine2="38" AddressLine4="LOMAS DE ATIZAPAN" AddressLine5="ATIZAPAN DE ZARAGOZA"
	AddressLine6="Entre calle El Oro y Acolman" City="Lopez Mateos" Country="MX" DayPhone="55-58249363" EMailID="espinosaquique@hotmail.com"
	FirstName="Jorge" LastName="Espinosa" MiddleName="Enrique" MobilePhone="5585367271" State="MEXICO" ZipCode="52977"/&gt;
	&lt;PersonInfoBillTo AddressLine1="MUNICIPIO LIBRE 38" AddressLine2="50169643" AddressLine4="LOMAS DE ATIZAPAN"
	AddressLine5="ATIZAPAN DE ZARAGOZA" City="ATIZAPAN DE ZARAGOZA" Country="MX" DayPhone="50169643"
	FirstName="JORGE ENRIQUE ESPINOSA" LastName="" State="EM" ZipCode="52977"/&gt;
	&lt;PersonInfoContact AddressLine1="Municipio Libre" AddressLine2="38" AddressLine4="LOMAS DE ATIZAPAN"
	AddressLine5="ATIZAPAN DE ZARAGOZA" City="Lopez Mateos" Country="MX" DayPhone="55-58249363"
	EMailID="espinosaquique@hotmail.com" FirstName="JORGE ENRIQUE" LastName="ESPINOSA" State="MEXICO" ZipCode="52977"/&gt;
	&lt;HeaderCharges&gt;
		&lt;HeaderCharge ChargeAmount="0" ChargeCategory="Shipping" ChargeName="Shipping"/&gt;
	&lt;/HeaderCharges&gt;
	&lt;References&gt;
		&lt;Reference Name="TicketNo" Value="4150016090"/&gt;
		&lt;Reference Name="BankAuthNo" Value="00050636"/&gt;
	&lt;/References&gt;
&lt;/Order&gt;

 
 </msg>
<msg time="2025-02-12T21:39:13.189933" level="INFO">POST Response : url=http://localhost:9080/smcfs/restapi/invoke/createOrder 
 status=200, reason=OK 
 headers={'X-FRAME-OPTIONS': 'SAMEORIGIN', 'X-UA-Compatible': 'IE=EmulateIE8', 'Access-Control-Allow-Origin': '*', 'Access-Control-Allow-Credentials': 'true', 'Access-Control-Max-Age': '3600', 'Content-Type': 'application/json; charset=UTF-8', 'Content-Encoding': 'gzip', 'Content-Language': 'en-US', 'Vary': 'Accept-Encoding', 'Content-Length': '119', 'Date': 'Wed, 12 Feb 2025 14:14:49 GMT'} 
 body={"DocumentType":"0001","OrderNo":"20250212213910487","OrderHeaderKey":"202502121414491049828","EnterpriseCode":"Liverpool"} 
 </msg>
<msg time="2025-02-12T21:39:13.190049" level="INFO">${createOrderResponse} = &lt;Response [200]&gt;</msg>
<var>${createOrderResponse}</var>
<arg>AddData</arg>
<arg>${base_url_api}${createOrder}</arg>
<arg>data=${jsonCreateOrder}</arg>
<arg>headers=${headers}</arg>
<doc>Sends a POST request on a previously created HTTP Session.</doc>
<status status="PASS" start="2025-02-12T21:39:13.034387" elapsed="0.155693"/>
</kw>
<kw name="Convert To String" owner="BuiltIn">
<msg time="2025-02-12T21:39:13.191118" level="INFO">${resp2} = {'DocumentType': '0001', 'OrderNo': '20250212213910487', 'OrderHeaderKey': '202502121414491049828', 'EnterpriseCode': 'Liverpool'}</msg>
<var>${resp2}</var>
<arg>${createOrderResponse.json()}</arg>
<doc>Converts the given item to a Unicode string.</doc>
<status status="PASS" start="2025-02-12T21:39:13.190430" elapsed="0.000709"/>
</kw>
<kw name="Write Output File" owner="Prepare_Xml_Content">
<arg>${resp2}</arg>
<arg>'createOrder'</arg>
<arg>C:\\automation\\automationLvrplSL\\LvrplSL\\CreateOrder\\CreateOrder_-create_normal_order_ATG_example_2_items_TC_001\\test</arg>
<status status="PASS" start="2025-02-12T21:39:13.191499" elapsed="0.000778"/>
</kw>
<kw name="Log To Console" owner="BuiltIn">
<arg>${createOrderResponse}</arg>
<doc>Logs the given message to the console.</doc>
<status status="PASS" start="2025-02-12T21:39:13.192548" elapsed="0.000275"/>
</kw>
<kw name="Get Current Date" owner="DateTime">
<msg time="2025-02-12T21:39:13.193211" level="INFO">${timestamp} = 20250212-2139</msg>
<var>${timestamp}</var>
<arg>result_format=%Y%m%d-%H%M</arg>
<doc>Returns current local or UTC time with an optional increment.</doc>
<status status="PASS" start="2025-02-12T21:39:13.193000" elapsed="0.000235"/>
</kw>
<kw name="Dictionary Should Contain Key" owner="Collections">
<arg>${createOrderResponse.json()}</arg>
<arg>OrderNo</arg>
<doc>Fails if ``key`` is not found from ``dictionary``.</doc>
<status status="PASS" start="2025-02-12T21:39:13.193435" elapsed="0.000512"/>
</kw>
<kw name="Get From Dictionary" owner="Collections">
<msg time="2025-02-12T21:39:13.194593" level="INFO">${Order_No} = 20250212213910487</msg>
<var>${Order_No}</var>
<arg>${createOrderResponse.json()}</arg>
<arg>OrderNo</arg>
<doc>Returns a value from the given ``dictionary`` based on the given ``key``.</doc>
<status status="PASS" start="2025-02-12T21:39:13.194159" elapsed="0.000450"/>
</kw>
<kw name="Dictionary Should Contain Key" owner="Collections">
<arg>${createOrderResponse.json()}</arg>
<arg>OrderHeaderKey</arg>
<doc>Fails if ``key`` is not found from ``dictionary``.</doc>
<status status="PASS" start="2025-02-12T21:39:13.194872" elapsed="0.000479"/>
</kw>
<kw name="Get From Dictionary" owner="Collections">
<msg time="2025-02-12T21:39:13.195987" level="INFO">${Order_Header_Key} = 202502121414491049828</msg>
<var>${Order_Header_Key}</var>
<arg>${createOrderResponse.json()}</arg>
<arg>OrderHeaderKey</arg>
<doc>Returns a value from the given ``dictionary`` based on the given ``key``.</doc>
<status status="PASS" start="2025-02-12T21:39:13.195574" elapsed="0.000428"/>
</kw>
<kw name="Append Excel File1" owner="read_write_all_excel">
<arg>${file}</arg>
<arg>${Order_No}</arg>
<arg>${TEST NAME}</arg>
<arg>${timestamp}</arg>
<arg>${jsonCreateOrder}</arg>
<arg>${createOrderResponse.json()}</arg>
<status status="PASS" start="2025-02-12T21:39:13.196275" elapsed="0.000897"/>
</kw>
<tag>CREATEORDER</tag>
<tag>HAPPYFLOW</tag>
<tag>REGRESSION</tag>
<status status="PASS" start="2025-02-12T21:39:10.472089" elapsed="2.725553"/>
</test>
<status status="PASS" start="2025-02-12T21:39:09.018012" elapsed="4.180221"/>
</suite>
<suite id="s1-s2" name="TC 001" source="C:\automation\automationLvrplSL\LvrplSL\CreateOrder\CreateOrder_-create_normal_order_ATG_example_2_items_TC_001\test\TC_001.robot">
<test id="s1-s2-t1" name="Create Order TC_001" line="10">
<kw name="Create Item Adjust and Fin Inv SL" owner="setUpForCreateOrder" type="SETUP">
<kw name="Creating Session1" owner="createSession">
<kw name="Create List" owner="BuiltIn">
<msg time="2025-02-12T21:39:13.220873" level="INFO">${auth} = ['admin', 'ChangeIt4m3']</msg>
<var>${auth}</var>
<arg>${user}</arg>
<arg>${passwd}</arg>
<doc>Returns a list containing given items.</doc>
<status status="PASS" start="2025-02-12T21:39:13.220506" elapsed="0.000387"/>
</kw>
<kw name="Create Session" owner="RequestsLibrary">
<msg time="2025-02-12T21:39:13.221174" level="INFO">Creating Session using : alias=AddData, url=http://localhost:9080/smcfs/restapi/invoke/createOrder, headers={'Content-Type': 'application/xml', 'Authorization': 'Basic YWRtaW46cGFzc3dvcmQ='},                     cookies={}, auth=&lt;requests.auth.HTTPBasicAuth object at 0x00000179539F25D0&gt;, timeout=None, proxies=None, verify=False,                     debug=0 </msg>
<arg>${AddData}</arg>
<arg>url=${base_url_api}${createOrder}</arg>
<arg>headers=${headers}</arg>
<arg>auth=${auth}</arg>
<doc>Create Session: create a HTTP session to a server</doc>
<status status="PASS" start="2025-02-12T21:39:13.220979" elapsed="0.000293"/>
</kw>
<arg>AddData</arg>
<status status="PASS" start="2025-02-12T21:39:13.220365" elapsed="0.000956"/>
</kw>
<kw name="Manage Item With Dynamic Item" owner="Prepare_Xml_Content">
<msg time="2025-02-12T21:39:15.222829" level="INFO">before mod &lt;ItemList&gt;
	&lt;Item Action="Manage" GlobalItemID="12439482" ItemID="$ItemID" OrganizationCode="Liverpool" UnitOfMeasure="UN"&gt;
		&lt;Extn ExtnActive="01" ExtnItemSF="Y" ExtnItemSFDesc="ACTIVO" ExtnSuggestedPackage="" ExtnSkuPackage=""/&gt;
		&lt;PrimaryInformation DefaultProductClass="SL" Description="CHAROLA GIRATORIA AILE, 48CM, NATURAL H" ShortDescription="CHAROLA GIRATORIA AILE, 48CM, NATURAL H" ExtendedDisplayDescription="CHAROLA GIRATORIA REDO, 48 CM, NATURAL (12439482)" IsDeliveryAllowed="Y" IsPickupAllowed="Y" IsShippingAllowed="Y" PrimaryEnterpriseCode="Liverpool" SerializedFlag="N" Status="3000" UnitCost="829" ItemType=""/&gt;
		&lt;ClassificationCodes ECCNNo="HAUS" Model="18917" NAICSCode="7502008630089" NMFCClass="152" NMFCCode="15204"/&gt;
		&lt;InventoryParameters ATPRule="Liverpool_ATP" InventoryMonitorRule="EPL_ATP_MONITOR_RULE" NodeLevelInventoryMonitorRule="EPL_ATP_MONITOR_RULE"/&gt;
		&lt;ItemAliasList Reset="Y"&gt;
			&lt;ItemAlias AliasName="EAN1" AliasValue="7502008630089"/&gt;
		&lt;/ItemAliasList&gt;
	&lt;/Item&gt;
&lt;/ItemList&gt;
after mod &lt;ItemList&gt;
	&lt;Item Action="Manage" GlobalItemID="12439482" ItemID="20250212213913221" OrganizationCode="Liverpool" UnitOfMeasure="UN"&gt;
		&lt;Extn ExtnActive="01" ExtnItemSF="Y" ExtnItemSFDesc="ACTIVO" ExtnSuggestedPackage="" ExtnSkuPackage=""/&gt;
		&lt;PrimaryInformation DefaultProductClass="SL" Description="CHAROLA GIRATORIA AILE, 48CM, NATURAL H" ShortDescription="CHAROLA GIRATORIA AILE, 48CM, NATURAL H" ExtendedDisplayDescription="CHAROLA GIRATORIA REDO, 48 CM, NATURAL (12439482)" IsDeliveryAllowed="Y" IsPickupAllowed="Y" IsShippingAllowed="Y" PrimaryEnterpriseCode="Liverpool" SerializedFlag="N" Status="3000" UnitCost="829" ItemType=""/&gt;
		&lt;ClassificationCodes ECCNNo="HAUS" Model="18917" NAICSCode="7502008630089" NMFCClass="152" NMFCCode="15204"/&gt;
		&lt;InventoryParameters ATPRule="Liverpool_ATP" InventoryMonitorRule="EPL_ATP_MONITOR_RULE" NodeLevelInventoryMonitorRule="EPL_ATP_MONITOR_RULE"/&gt;
		&lt;ItemAliasList Reset="Y"&gt;
			&lt;ItemAlias AliasName="EAN1" AliasValue="7502008630089"/&gt;
		&lt;/ItemAliasList&gt;
	&lt;/Item&gt;
&lt;/ItemList&gt;</msg>
<msg time="2025-02-12T21:39:15.223058" level="INFO">${manageItemJson} = &lt;ItemList&gt;
	&lt;Item Action="Manage" GlobalItemID="12439482" ItemID="20250212213913221" OrganizationCode="Liverpool" UnitOfMeasure="UN"&gt;
		&lt;Extn ExtnActive="01" ExtnItemSF="Y" ExtnItemSFDesc="ACTIVO" Ext...</msg>
<var>${manageItemJson}</var>
<arg>C:\\automation\\automationLvrplSL\\LvrplSL\\CreateOrder\\CreateOrder_-create_normal_order_ATG_example_2_items_TC_001\\setUp</arg>
<status status="PASS" start="2025-02-12T21:39:13.221390" elapsed="2.001730"/>
</kw>
<kw name="POST On Session" owner="RequestsLibrary">
<msg time="2025-02-12T21:39:15.261465" level="INFO">POST Request : url=http://localhost:9080/smcfs/restapi/invoke/manageItem 
 path_url=/smcfs/restapi/invoke/manageItem 
 headers={'User-Agent': 'python-requests/2.32.3', 'Accept-Encoding': 'gzip, deflate', 'Accept': '*/*', 'Connection': 'keep-alive', 'Content-Type': 'application/xml', 'Authorization': 'Basic YWRtaW46Q2hhbmdlSXQ0bTM=', 'Content-Length': '1025'} 
 body=&lt;ItemList&gt;
	&lt;Item Action="Manage" GlobalItemID="12439482" ItemID="20250212213913221" OrganizationCode="Liverpool" UnitOfMeasure="UN"&gt;
		&lt;Extn ExtnActive="01" ExtnItemSF="Y" ExtnItemSFDesc="ACTIVO" ExtnSuggestedPackage="" ExtnSkuPackage=""/&gt;
		&lt;PrimaryInformation DefaultProductClass="SL" Description="CHAROLA GIRATORIA AILE, 48CM, NATURAL H" ShortDescription="CHAROLA GIRATORIA AILE, 48CM, NATURAL H" ExtendedDisplayDescription="CHAROLA GIRATORIA REDO, 48 CM, NATURAL (12439482)" IsDeliveryAllowed="Y" IsPickupAllowed="Y" IsShippingAllowed="Y" PrimaryEnterpriseCode="Liverpool" SerializedFlag="N" Status="3000" UnitCost="829" ItemType=""/&gt;
		&lt;ClassificationCodes ECCNNo="HAUS" Model="18917" NAICSCode="7502008630089" NMFCClass="152" NMFCCode="15204"/&gt;
		&lt;InventoryParameters ATPRule="Liverpool_ATP" InventoryMonitorRule="EPL_ATP_MONITOR_RULE" NodeLevelInventoryMonitorRule="EPL_ATP_MONITOR_RULE"/&gt;
		&lt;ItemAliasList Reset="Y"&gt;
			&lt;ItemAlias AliasName="EAN1" AliasValue="7502008630089"/&gt;
		&lt;/ItemAliasList&gt;
	&lt;/Item&gt;
&lt;/ItemList&gt; 
 </msg>
<msg time="2025-02-12T21:39:15.261540" level="INFO">POST Response : url=http://localhost:9080/smcfs/restapi/invoke/manageItem 
 status=204, reason=No Content 
 headers={'X-FRAME-OPTIONS': 'SAMEORIGIN', 'X-UA-Compatible': 'IE=EmulateIE8', 'Access-Control-Allow-Origin': '*', 'Access-Control-Allow-Credentials': 'true', 'Access-Control-Max-Age': '3600', 'Content-Language': 'en-US', 'Vary': 'Accept-Encoding', 'Content-Length': '0', 'Date': 'Wed, 12 Feb 2025 14:14:51 GMT'} 
 body=None 
 </msg>
<msg time="2025-02-12T21:39:15.261640" level="INFO">${manageItemResponse} = &lt;Response [204]&gt;</msg>
<var>${manageItemResponse}</var>
<arg>AddData</arg>
<arg>${base_url_api}${manageItem}</arg>
<arg>data=${manageItemJson}</arg>
<doc>Sends a POST request on a previously created HTTP Session.</doc>
<status status="PASS" start="2025-02-12T21:39:15.223366" elapsed="0.038294"/>
</kw>
<kw name="Status Should Be" owner="RequestsLibrary">
<arg>204</arg>
<arg>${manageItemResponse}</arg>
<doc>Fails if response status code is different than the expected.</doc>
<status status="PASS" start="2025-02-12T21:39:15.262055" elapsed="0.000202"/>
</kw>
<kw name="Manage Item With Dynamic Item1" owner="Prepare_Xml_Content">
<msg time="2025-02-12T21:39:15.262825" level="INFO">after mod &lt;ItemList&gt;
	&lt;Item Action="Manage" GlobalItemID="12439482" ItemID="20250212213913221" OrganizationCode="Liverpool" UnitOfMeasure="UN"&gt;
		&lt;Extn ExtnActive="01" ExtnItemSF="Y" ExtnItemSFDesc="ACTIVO" ExtnSuggestedPackage="" ExtnSkuPackage=""/&gt;
		&lt;PrimaryInformation DefaultProductClass="SL" Description="CHAROLA GIRATORIA AILE, 48CM, NATURAL H" ShortDescription="CHAROLA GIRATORIA AILE, 48CM, NATURAL H" ExtendedDisplayDescription="CHAROLA GIRATORIA REDO, 48 CM, NATURAL (12439482)" IsDeliveryAllowed="Y" IsPickupAllowed="Y" IsShippingAllowed="Y" PrimaryEnterpriseCode="Liverpool" SerializedFlag="N" Status="3000" UnitCost="829" ItemType=""/&gt;
		&lt;ClassificationCodes ECCNNo="HAUS" Model="18917" NAICSCode="7502008630089" NMFCClass="152" NMFCCode="15204"/&gt;
		&lt;InventoryParameters ATPRule="Liverpool_ATP" InventoryMonitorRule="EPL_ATP_MONITOR_RULE" NodeLevelInventoryMonitorRule="EPL_ATP_MONITOR_RULE"/&gt;
		&lt;ItemAliasList Reset="Y"&gt;
			&lt;ItemAlias AliasName="EAN1" AliasValue="7502008630089"/&gt;
		&lt;/ItemAliasList&gt;
	&lt;/Item&gt;
&lt;/ItemList&gt;</msg>
<msg time="2025-02-12T21:39:15.262915" level="INFO">${jsonItemId} = {'ItemList': {'Item': {'_Action': 'Manage', '_GlobalItemID': '12439482', '_ItemID': '20250212213913221', '_OrganizationCode': 'Liverpool', '_UnitOfMeasure': 'UN', 'Extn': {'_ExtnActive': '01', '_ExtnI...</msg>
<var>${jsonItemId}</var>
<arg>C:\\automation\\automationLvrplSL\\LvrplSL\\CreateOrder\\CreateOrder_-create_normal_order_ATG_example_2_items_TC_001\\setUp</arg>
<status status="PASS" start="2025-02-12T21:39:15.262357" elapsed="0.000574"/>
</kw>
<kw name="Dictionary Should Contain Key" owner="Collections">
<arg>${jsonItemId}</arg>
<arg>ItemList</arg>
<doc>Fails if ``key`` is not found from ``dictionary``.</doc>
<status status="PASS" start="2025-02-12T21:39:15.263019" elapsed="0.000098"/>
</kw>
<kw name="Get From Dictionary" owner="Collections">
<msg time="2025-02-12T21:39:15.263293" level="INFO">${Item_ID_Path} = {'Item': {'_Action': 'Manage', '_GlobalItemID': '12439482', '_ItemID': '20250212213913221', '_OrganizationCode': 'Liverpool', '_UnitOfMeasure': 'UN', 'Extn': {'_ExtnActive': '01', '_ExtnItemSF': 'Y', ...</msg>
<var>${Item_ID_Path}</var>
<arg>${jsonItemId}</arg>
<arg>ItemList</arg>
<doc>Returns a value from the given ``dictionary`` based on the given ``key``.</doc>
<status status="PASS" start="2025-02-12T21:39:15.263188" elapsed="0.000120"/>
</kw>
<kw name="Adjust Inventory File" owner="Prepare_Xml_Content">
<msg time="2025-02-12T21:39:15.263643" level="INFO">${jsonAdjInv} = &lt;Items&gt;
	&lt;Item AdjustmentType="ABSOLUTE" Availability="TRACK" ItemID="20250212213913221" OrganizationCode="Liverpool" Quantity="100" ReasonCode="itemSLRTAMS19t2" ReasonText="Ajuste GoldenGate" ShipNod...</msg>
<var>${jsonAdjInv}</var>
<arg>${jsonItemId}[ItemList][Item][_ItemID]</arg>
<arg>C:\\automation\\automationLvrplSL\\LvrplSL\\CreateOrder\\CreateOrder_-create_normal_order_ATG_example_2_items_TC_001\\setUp</arg>
<status status="PASS" start="2025-02-12T21:39:15.263375" elapsed="0.000294"/>
</kw>
<kw name="POST On Session" owner="RequestsLibrary">
<msg time="2025-02-12T21:39:15.290622" level="INFO">POST Request : url=http://localhost:9080/smcfs/restapi/invoke/adjustInventory 
 path_url=/smcfs/restapi/invoke/adjustInventory 
 headers={'User-Agent': 'python-requests/2.32.3', 'Accept-Encoding': 'gzip, deflate', 'Accept': '*/*', 'Connection': 'keep-alive', 'Content-Type': 'application/xml', 'Authorization': 'Basic YWRtaW46Q2hhbmdlSXQ0bTM=', 'Content-Length': '256'} 
 body=&lt;Items&gt;
	&lt;Item AdjustmentType="ABSOLUTE" Availability="TRACK" ItemID="20250212213913221" OrganizationCode="Liverpool" Quantity="100" ReasonCode="itemSLRTAMS19t2" ReasonText="Ajuste GoldenGate" ShipNode="77" SupplyType="ONHAND" UnitOfMeasure="UN"/&gt;
&lt;/Items&gt; 
 </msg>
<msg time="2025-02-12T21:39:15.290720" level="INFO">POST Response : url=http://localhost:9080/smcfs/restapi/invoke/adjustInventory 
 status=204, reason=No Content 
 headers={'X-FRAME-OPTIONS': 'SAMEORIGIN', 'X-UA-Compatible': 'IE=EmulateIE8', 'Access-Control-Allow-Origin': '*', 'Access-Control-Allow-Credentials': 'true', 'Access-Control-Max-Age': '3600', 'Content-Language': 'en-US', 'Vary': 'Accept-Encoding', 'Content-Length': '0', 'Date': 'Wed, 12 Feb 2025 14:14:51 GMT'} 
 body=None 
 </msg>
<msg time="2025-02-12T21:39:15.290853" level="INFO">${adjInvresponse} = &lt;Response [204]&gt;</msg>
<var>${adjInvresponse}</var>
<arg>AddData</arg>
<arg>${base_url_api}${adjustInventory}</arg>
<arg>data=${jsonAdjInv}</arg>
<arg>headers=${headers}</arg>
<doc>Sends a POST request on a previously created HTTP Session.</doc>
<status status="PASS" start="2025-02-12T21:39:15.263750" elapsed="0.027129"/>
</kw>
<kw name="Status Should Be" owner="RequestsLibrary">
<arg>204</arg>
<arg>${adjInvresponse}</arg>
<doc>Fails if response status code is different than the expected.</doc>
<status status="PASS" start="2025-02-12T21:39:15.291092" elapsed="0.000218"/>
</kw>
<kw name="Find Inventory File" owner="Prepare_Xml_Content">
<msg time="2025-02-12T21:39:15.292048" level="INFO">${jsonfindInventory} = &lt;Promise AllocationRuleID="FWD_RULES" CheckInventory="Y" EnterpriseCode="Liverpool" FulfillmentType="Fulfillment_Type_Liverpool"
 OrganizationCode="Liverpool"&gt;
	&lt;ShipToAddress Country="MX" ZipCode="98...</msg>
<var>${jsonfindInventory}</var>
<arg>${jsonItemId}[ItemList][Item][_ItemID]</arg>
<arg>C:\\automation\\automationLvrplSL\\LvrplSL\\CreateOrder\\CreateOrder_-create_normal_order_ATG_example_2_items_TC_001\\setUp</arg>
<status status="PASS" start="2025-02-12T21:39:15.291444" elapsed="0.000642"/>
</kw>
<kw name="POST On Session" owner="RequestsLibrary">
<msg time="2025-02-12T21:39:15.721643" level="INFO">POST Request : url=http://localhost:9080/smcfs/restapi/invoke/findInventory 
 path_url=/smcfs/restapi/invoke/findInventory 
 headers={'User-Agent': 'python-requests/2.32.3', 'Accept-Encoding': 'gzip, deflate', 'Accept': '*/*', 'Connection': 'keep-alive', 'Content-Type': 'application/xml', 'Authorization': 'Basic YWRtaW46Q2hhbmdlSXQ0bTM=', 'Content-Length': '341'} 
 body=&lt;Promise AllocationRuleID="FWD_RULES" CheckInventory="Y" EnterpriseCode="Liverpool" FulfillmentType="Fulfillment_Type_Liverpool"
 OrganizationCode="Liverpool"&gt;
	&lt;ShipToAddress Country="MX" ZipCode="98047"/&gt;
	&lt;PromiseLines&gt;
		&lt;PromiseLine ItemID="20250212213913221" LineId="1" RequiredQty="20" UnitOfMeasure="UN"/&gt;
	&lt;/PromiseLines&gt;
&lt;/Promise&gt; 
 </msg>
<msg time="2025-02-12T21:39:15.721715" level="INFO">POST Response : url=http://localhost:9080/smcfs/restapi/invoke/findInventory 
 status=200, reason=OK 
 headers={'X-FRAME-OPTIONS': 'SAMEORIGIN', 'X-UA-Compatible': 'IE=EmulateIE8', 'Access-Control-Allow-Origin': '*', 'Access-Control-Allow-Credentials': 'true', 'Access-Control-Max-Age': '3600', 'Content-Type': 'application/json; charset=UTF-8', 'Content-Encoding': 'gzip', 'Content-Language': 'en-US', 'Vary': 'Accept-Encoding', 'Content-Length': '944', 'Date': 'Wed, 12 Feb 2025 14:14:51 GMT'} 
 body={"Options":{"TotalNumberOfRecords":"0"},"OptimizationType":"02","CheckInventory":"Y","AllocationRuleID":"FWD_RULES","SuggestedOption":{"Option":{"LastDate":"2025-02-12T14:14:51+00:00","OptionNo":"23","NodeQty":"20.00","FirstDate":"2025-02-12T14:14:51+00:00","AvailableFromUnplannedInventory":"N","TotalShipments":"1","Interactions":{"Interaction":[{"IsDelivery":"N","CarrierServiceCode":"","DeliveryMethod":"SHP","Node":"77","DeliveryDate":"2025-02-12T14:14:51+00:00","ShipDate":"2025-02-12T14:14:51+00:00","EarliestDate":"2025-02-12T00:00:00+00:00","LastDate":"2025-03-14T23:59:59+00:00","ItemGroupCode":"PROD","PersonInfoShipTo":{"VerificationStatus":"","Company":"","OtherPhone":"","UseCount":"0","EMailID":"","DayPhone":"","JobTitle":"","MobilePhone":"","Department":"","AlternateEmailID":"","PersonID":"","PreferredShipAddress":"","Beeper":"","FirstName":"","ZipCode":"98047","Title":"","City":"","MiddleName":"","DayFaxNo":"","HttpUrl":"","AddressLine3":"","AddressLine2":"","AddressLine1":"","Suffix":"","AddressLine6":"","AddressLine5":"","State":"","AddressLine4":"","EveningFaxNo":"","EveningPhone":"","Country":"MX","ErrorTxt":"","LastName":"","isHistory":"N"},"OrganizationCode":"","Carrier":"","TotalHandlingUnits":"0.00","InteractionNo":"1"}],"TotalNumberOfRecords":"1"},"LeastPriority":"10.00","PromiseLines":{"PromiseLine":[{"CarrierServiceCode":"","DeliveryMethod":"SHP","LineId":"1","UnitOfMeasure":"UN","Assignments":{"Assignment":[{"Procurements":{},"IsIdleAsset":"N","SegmentChangeQty":"0.00","ExternalNode":"N","ReservedQty":"0.00","AvailableFromUnplannedInventory":"N","ProcuredQty":"0.00","Quantity":"20.00","DeliveryDate":"2025-02-12T14:14:51+00:00","ShipDate":"2025-02-12T14:14:51+00:00","SubstituteItems":{},"MergeNode":"","SCAC":"","NodePriority":"10.00","ShipNode":"77","InteractionNo":"1","ProductAvailDate":"2025-02-12","Distance":"0.00","SubstitutedQty":"0.00"}],"TotalNumberOfRecords":"1"},"ReceivingNode":"","IsBundleParent":"N","ItemID":"20250212213913221","Segment":"","SegmentType":"","NewItemID":"","SCAC":"","BundleParentLineId":"","KitQty":"1","RequiredQty":"20","AutoReplacedByPreferredSubstitute":"N","DistributionRuleId":"","ShipNode":"","ProductClass":"","FulfillmentType":"Fulfillment_Type_Liverpool"}],"TotalNumberOfRecords":"1"},"MaxPriority":"10.00","PromiseServiceLines":{"TotalNumberOfRecords":"0"},"HasAnyUnavailableQty":"N"}},"OrganizationCode":"Liverpool","EnterpriseCode":"Liverpool","FulfillmentType":"Fulfillment_Type_Liverpool"} 
 </msg>
<msg time="2025-02-12T21:39:15.721880" level="INFO">${findInventoryResponse} = &lt;Response [200]&gt;</msg>
<var>${findInventoryResponse}</var>
<arg>AddData</arg>
<arg>${base_url_api}${findInventory}</arg>
<arg>data=${jsonfindInventory}</arg>
<arg>headers=${headers}</arg>
<doc>Sends a POST request on a previously created HTTP Session.</doc>
<status status="PASS" start="2025-02-12T21:39:15.292265" elapsed="0.429634"/>
</kw>
<kw name="Convert To String" owner="BuiltIn">
<msg time="2025-02-12T21:39:15.722935" level="INFO">${resp} = {'Options': {'TotalNumberOfRecords': '0'}, 'OptimizationType': '02', 'CheckInventory': 'Y', 'AllocationRuleID': 'FWD_RULES', 'SuggestedOption': {'Option': {'LastDate': '2025-02-12T14:14:51+00:00', 'Op...</msg>
<var>${resp}</var>
<arg>${findInventoryResponse.json()}</arg>
<doc>Converts the given item to a Unicode string.</doc>
<status status="PASS" start="2025-02-12T21:39:15.722032" elapsed="0.000932"/>
</kw>
<kw name="Write Output File" owner="Prepare_Xml_Content">
<arg>${resp}</arg>
<arg>'findInv'</arg>
<arg>C:\\automation\\automationLvrplSL\\LvrplSL\\CreateOrder\\CreateOrder_-create_normal_order_ATG_example_2_items_TC_001\\setUp</arg>
<status status="PASS" start="2025-02-12T21:39:15.723086" elapsed="0.000794"/>
</kw>
<return>
<value>${jsonItemId}</value>
<status status="PASS" start="2025-02-12T21:39:15.723966" elapsed="0.000051"/>
</return>
<status status="PASS" start="2025-02-12T21:39:13.220190" elapsed="2.503943"/>
</kw>
<kw name="Create Item Adjust and Fin Inv SL" owner="setUpForCreateOrder">
<kw name="Creating Session1" owner="createSession">
<kw name="Create List" owner="BuiltIn">
<msg time="2025-02-12T21:39:15.724837" level="INFO">${auth} = ['admin', 'ChangeIt4m3']</msg>
<var>${auth}</var>
<arg>${user}</arg>
<arg>${passwd}</arg>
<doc>Returns a list containing given items.</doc>
<status status="PASS" start="2025-02-12T21:39:15.724744" elapsed="0.000108"/>
</kw>
<kw name="Create Session" owner="RequestsLibrary">
<msg time="2025-02-12T21:39:15.725087" level="INFO">Creating Session using : alias=AddData, url=http://localhost:9080/smcfs/restapi/invoke/createOrder, headers={'Content-Type': 'application/xml', 'Authorization': 'Basic YWRtaW46cGFzc3dvcmQ='},                     cookies={}, auth=&lt;requests.auth.HTTPBasicAuth object at 0x00000179539F2AD0&gt;, timeout=None, proxies=None, verify=False,                     debug=0 </msg>
<arg>${AddData}</arg>
<arg>url=${base_url_api}${createOrder}</arg>
<arg>headers=${headers}</arg>
<arg>auth=${auth}</arg>
<doc>Create Session: create a HTTP session to a server</doc>
<status status="PASS" start="2025-02-12T21:39:15.724917" elapsed="0.000254"/>
</kw>
<arg>AddData</arg>
<status status="PASS" start="2025-02-12T21:39:15.724609" elapsed="0.000601"/>
</kw>
<kw name="Manage Item With Dynamic Item" owner="Prepare_Xml_Content">
<msg time="2025-02-12T21:39:17.726595" level="INFO">before mod &lt;ItemList&gt;
	&lt;Item Action="Manage" GlobalItemID="12439482" ItemID="$ItemID" OrganizationCode="Liverpool" UnitOfMeasure="UN"&gt;
		&lt;Extn ExtnActive="01" ExtnItemSF="Y" ExtnItemSFDesc="ACTIVO" ExtnSuggestedPackage="" ExtnSkuPackage=""/&gt;
		&lt;PrimaryInformation DefaultProductClass="SL" Description="CHAROLA GIRATORIA AILE, 48CM, NATURAL H" ShortDescription="CHAROLA GIRATORIA AILE, 48CM, NATURAL H" ExtendedDisplayDescription="CHAROLA GIRATORIA REDO, 48 CM, NATURAL (12439482)" IsDeliveryAllowed="Y" IsPickupAllowed="Y" IsShippingAllowed="Y" PrimaryEnterpriseCode="Liverpool" SerializedFlag="N" Status="3000" UnitCost="829" ItemType=""/&gt;
		&lt;ClassificationCodes ECCNNo="HAUS" Model="18917" NAICSCode="7502008630089" NMFCClass="152" NMFCCode="15204"/&gt;
		&lt;InventoryParameters ATPRule="Liverpool_ATP" InventoryMonitorRule="EPL_ATP_MONITOR_RULE" NodeLevelInventoryMonitorRule="EPL_ATP_MONITOR_RULE"/&gt;
		&lt;ItemAliasList Reset="Y"&gt;
			&lt;ItemAlias AliasName="EAN1" AliasValue="7502008630089"/&gt;
		&lt;/ItemAliasList&gt;
	&lt;/Item&gt;
&lt;/ItemList&gt;
after mod &lt;ItemList&gt;
	&lt;Item Action="Manage" GlobalItemID="12439482" ItemID="20250212213915725" OrganizationCode="Liverpool" UnitOfMeasure="UN"&gt;
		&lt;Extn ExtnActive="01" ExtnItemSF="Y" ExtnItemSFDesc="ACTIVO" ExtnSuggestedPackage="" ExtnSkuPackage=""/&gt;
		&lt;PrimaryInformation DefaultProductClass="SL" Description="CHAROLA GIRATORIA AILE, 48CM, NATURAL H" ShortDescription="CHAROLA GIRATORIA AILE, 48CM, NATURAL H" ExtendedDisplayDescription="CHAROLA GIRATORIA REDO, 48 CM, NATURAL (12439482)" IsDeliveryAllowed="Y" IsPickupAllowed="Y" IsShippingAllowed="Y" PrimaryEnterpriseCode="Liverpool" SerializedFlag="N" Status="3000" UnitCost="829" ItemType=""/&gt;
		&lt;ClassificationCodes ECCNNo="HAUS" Model="18917" NAICSCode="7502008630089" NMFCClass="152" NMFCCode="15204"/&gt;
		&lt;InventoryParameters ATPRule="Liverpool_ATP" InventoryMonitorRule="EPL_ATP_MONITOR_RULE" NodeLevelInventoryMonitorRule="EPL_ATP_MONITOR_RULE"/&gt;
		&lt;ItemAliasList Reset="Y"&gt;
			&lt;ItemAlias AliasName="EAN1" AliasValue="7502008630089"/&gt;
		&lt;/ItemAliasList&gt;
	&lt;/Item&gt;
&lt;/ItemList&gt;</msg>
<msg time="2025-02-12T21:39:17.727390" level="INFO">${manageItemJson} = &lt;ItemList&gt;
	&lt;Item Action="Manage" GlobalItemID="12439482" ItemID="20250212213915725" OrganizationCode="Liverpool" UnitOfMeasure="UN"&gt;
		&lt;Extn ExtnActive="01" ExtnItemSF="Y" ExtnItemSFDesc="ACTIVO" Ext...</msg>
<var>${manageItemJson}</var>
<arg>C:\\automation\\automationLvrplSL\\LvrplSL\\CreateOrder\\CreateOrder_-create_normal_order_ATG_example_2_items_TC_001\\setUp</arg>
<status status="PASS" start="2025-02-12T21:39:15.725270" elapsed="2.002255"/>
</kw>
<kw name="POST On Session" owner="RequestsLibrary">
<msg time="2025-02-12T21:39:17.784255" level="INFO">POST Request : url=http://localhost:9080/smcfs/restapi/invoke/manageItem 
 path_url=/smcfs/restapi/invoke/manageItem 
 headers={'User-Agent': 'python-requests/2.32.3', 'Accept-Encoding': 'gzip, deflate', 'Accept': '*/*', 'Connection': 'keep-alive', 'Content-Type': 'application/xml', 'Authorization': 'Basic YWRtaW46Q2hhbmdlSXQ0bTM=', 'Content-Length': '1025'} 
 body=&lt;ItemList&gt;
	&lt;Item Action="Manage" GlobalItemID="12439482" ItemID="20250212213915725" OrganizationCode="Liverpool" UnitOfMeasure="UN"&gt;
		&lt;Extn ExtnActive="01" ExtnItemSF="Y" ExtnItemSFDesc="ACTIVO" ExtnSuggestedPackage="" ExtnSkuPackage=""/&gt;
		&lt;PrimaryInformation DefaultProductClass="SL" Description="CHAROLA GIRATORIA AILE, 48CM, NATURAL H" ShortDescription="CHAROLA GIRATORIA AILE, 48CM, NATURAL H" ExtendedDisplayDescription="CHAROLA GIRATORIA REDO, 48 CM, NATURAL (12439482)" IsDeliveryAllowed="Y" IsPickupAllowed="Y" IsShippingAllowed="Y" PrimaryEnterpriseCode="Liverpool" SerializedFlag="N" Status="3000" UnitCost="829" ItemType=""/&gt;
		&lt;ClassificationCodes ECCNNo="HAUS" Model="18917" NAICSCode="7502008630089" NMFCClass="152" NMFCCode="15204"/&gt;
		&lt;InventoryParameters ATPRule="Liverpool_ATP" InventoryMonitorRule="EPL_ATP_MONITOR_RULE" NodeLevelInventoryMonitorRule="EPL_ATP_MONITOR_RULE"/&gt;
		&lt;ItemAliasList Reset="Y"&gt;
			&lt;ItemAlias AliasName="EAN1" AliasValue="7502008630089"/&gt;
		&lt;/ItemAliasList&gt;
	&lt;/Item&gt;
&lt;/ItemList&gt; 
 </msg>
<msg time="2025-02-12T21:39:17.784330" level="INFO">POST Response : url=http://localhost:9080/smcfs/restapi/invoke/manageItem 
 status=204, reason=No Content 
 headers={'X-FRAME-OPTIONS': 'SAMEORIGIN', 'X-UA-Compatible': 'IE=EmulateIE8', 'Access-Control-Allow-Origin': '*', 'Access-Control-Allow-Credentials': 'true', 'Access-Control-Max-Age': '3600', 'Content-Language': 'en-US', 'Vary': 'Accept-Encoding', 'Content-Length': '0', 'Date': 'Wed, 12 Feb 2025 14:14:53 GMT'} 
 body=None 
 </msg>
<msg time="2025-02-12T21:39:17.784423" level="INFO">${manageItemResponse} = &lt;Response [204]&gt;</msg>
<var>${manageItemResponse}</var>
<arg>AddData</arg>
<arg>${base_url_api}${manageItem}</arg>
<arg>data=${manageItemJson}</arg>
<doc>Sends a POST request on a previously created HTTP Session.</doc>
<status status="PASS" start="2025-02-12T21:39:17.727995" elapsed="0.056448"/>
</kw>
<kw name="Status Should Be" owner="RequestsLibrary">
<arg>204</arg>
<arg>${manageItemResponse}</arg>
<doc>Fails if response status code is different than the expected.</doc>
<status status="PASS" start="2025-02-12T21:39:17.784670" elapsed="0.000183"/>
</kw>
<kw name="Manage Item With Dynamic Item1" owner="Prepare_Xml_Content">
<msg time="2025-02-12T21:39:17.785517" level="INFO">after mod &lt;ItemList&gt;
	&lt;Item Action="Manage" GlobalItemID="12439482" ItemID="20250212213915725" OrganizationCode="Liverpool" UnitOfMeasure="UN"&gt;
		&lt;Extn ExtnActive="01" ExtnItemSF="Y" ExtnItemSFDesc="ACTIVO" ExtnSuggestedPackage="" ExtnSkuPackage=""/&gt;
		&lt;PrimaryInformation DefaultProductClass="SL" Description="CHAROLA GIRATORIA AILE, 48CM, NATURAL H" ShortDescription="CHAROLA GIRATORIA AILE, 48CM, NATURAL H" ExtendedDisplayDescription="CHAROLA GIRATORIA REDO, 48 CM, NATURAL (12439482)" IsDeliveryAllowed="Y" IsPickupAllowed="Y" IsShippingAllowed="Y" PrimaryEnterpriseCode="Liverpool" SerializedFlag="N" Status="3000" UnitCost="829" ItemType=""/&gt;
		&lt;ClassificationCodes ECCNNo="HAUS" Model="18917" NAICSCode="7502008630089" NMFCClass="152" NMFCCode="15204"/&gt;
		&lt;InventoryParameters ATPRule="Liverpool_ATP" InventoryMonitorRule="EPL_ATP_MONITOR_RULE" NodeLevelInventoryMonitorRule="EPL_ATP_MONITOR_RULE"/&gt;
		&lt;ItemAliasList Reset="Y"&gt;
			&lt;ItemAlias AliasName="EAN1" AliasValue="7502008630089"/&gt;
		&lt;/ItemAliasList&gt;
	&lt;/Item&gt;
&lt;/ItemList&gt;</msg>
<msg time="2025-02-12T21:39:17.785639" level="INFO">${jsonItemId} = {'ItemList': {'Item': {'_Action': 'Manage', '_GlobalItemID': '12439482', '_ItemID': '20250212213915725', '_OrganizationCode': 'Liverpool', '_UnitOfMeasure': 'UN', 'Extn': {'_ExtnActive': '01', '_ExtnI...</msg>
<var>${jsonItemId}</var>
<arg>C:\\automation\\automationLvrplSL\\LvrplSL\\CreateOrder\\CreateOrder_-create_normal_order_ATG_example_2_items_TC_001\\setUp</arg>
<status status="PASS" start="2025-02-12T21:39:17.784981" elapsed="0.000687"/>
</kw>
<kw name="Dictionary Should Contain Key" owner="Collections">
<arg>${jsonItemId}</arg>
<arg>ItemList</arg>
<doc>Fails if ``key`` is not found from ``dictionary``.</doc>
<status status="PASS" start="2025-02-12T21:39:17.785780" elapsed="0.000134"/>
</kw>
<kw name="Get From Dictionary" owner="Collections">
<msg time="2025-02-12T21:39:17.786140" level="INFO">${Item_ID_Path} = {'Item': {'_Action': 'Manage', '_GlobalItemID': '12439482', '_ItemID': '20250212213915725', '_OrganizationCode': 'Liverpool', '_UnitOfMeasure': 'UN', 'Extn': {'_ExtnActive': '01', '_ExtnItemSF': 'Y', ...</msg>
<var>${Item_ID_Path}</var>
<arg>${jsonItemId}</arg>
<arg>ItemList</arg>
<doc>Returns a value from the given ``dictionary`` based on the given ``key``.</doc>
<status status="PASS" start="2025-02-12T21:39:17.786014" elapsed="0.000145"/>
</kw>
<kw name="Adjust Inventory File" owner="Prepare_Xml_Content">
<msg time="2025-02-12T21:39:17.786616" level="INFO">${jsonAdjInv} = &lt;Items&gt;
	&lt;Item AdjustmentType="ABSOLUTE" Availability="TRACK" ItemID="20250212213915725" OrganizationCode="Liverpool" Quantity="100" ReasonCode="itemSLRTAMS19t2" ReasonText="Ajuste GoldenGate" ShipNod...</msg>
<var>${jsonAdjInv}</var>
<arg>${jsonItemId}[ItemList][Item][_ItemID]</arg>
<arg>C:\\automation\\automationLvrplSL\\LvrplSL\\CreateOrder\\CreateOrder_-create_normal_order_ATG_example_2_items_TC_001\\setUp</arg>
<status status="PASS" start="2025-02-12T21:39:17.786240" elapsed="0.000417"/>
</kw>
<kw name="POST On Session" owner="RequestsLibrary">
<msg time="2025-02-12T21:39:17.820494" level="INFO">POST Request : url=http://localhost:9080/smcfs/restapi/invoke/adjustInventory 
 path_url=/smcfs/restapi/invoke/adjustInventory 
 headers={'User-Agent': 'python-requests/2.32.3', 'Accept-Encoding': 'gzip, deflate', 'Accept': '*/*', 'Connection': 'keep-alive', 'Content-Type': 'application/xml', 'Authorization': 'Basic YWRtaW46Q2hhbmdlSXQ0bTM=', 'Content-Length': '256'} 
 body=&lt;Items&gt;
	&lt;Item AdjustmentType="ABSOLUTE" Availability="TRACK" ItemID="20250212213915725" OrganizationCode="Liverpool" Quantity="100" ReasonCode="itemSLRTAMS19t2" ReasonText="Ajuste GoldenGate" ShipNode="77" SupplyType="ONHAND" UnitOfMeasure="UN"/&gt;
&lt;/Items&gt; 
 </msg>
<msg time="2025-02-12T21:39:17.820587" level="INFO">POST Response : url=http://localhost:9080/smcfs/restapi/invoke/adjustInventory 
 status=204, reason=No Content 
 headers={'X-FRAME-OPTIONS': 'SAMEORIGIN', 'X-UA-Compatible': 'IE=EmulateIE8', 'Access-Control-Allow-Origin': '*', 'Access-Control-Allow-Credentials': 'true', 'Access-Control-Max-Age': '3600', 'Content-Language': 'en-US', 'Vary': 'Accept-Encoding', 'Content-Length': '0', 'Date': 'Wed, 12 Feb 2025 14:14:53 GMT'} 
 body=None 
 </msg>
<msg time="2025-02-12T21:39:17.820705" level="INFO">${adjInvresponse} = &lt;Response [204]&gt;</msg>
<var>${adjInvresponse}</var>
<arg>AddData</arg>
<arg>${base_url_api}${adjustInventory}</arg>
<arg>data=${jsonAdjInv}</arg>
<arg>headers=${headers}</arg>
<doc>Sends a POST request on a previously created HTTP Session.</doc>
<status status="PASS" start="2025-02-12T21:39:17.786868" elapsed="0.033857"/>
</kw>
<kw name="Status Should Be" owner="RequestsLibrary">
<arg>204</arg>
<arg>${adjInvresponse}</arg>
<doc>Fails if response status code is different than the expected.</doc>
<status status="PASS" start="2025-02-12T21:39:17.820936" elapsed="0.000192"/>
</kw>
<kw name="Find Inventory File" owner="Prepare_Xml_Content">
<msg time="2025-02-12T21:39:17.821715" level="INFO">${jsonfindInventory} = &lt;Promise AllocationRuleID="FWD_RULES" CheckInventory="Y" EnterpriseCode="Liverpool" FulfillmentType="Fulfillment_Type_Liverpool"
 OrganizationCode="Liverpool"&gt;
	&lt;ShipToAddress Country="MX" ZipCode="98...</msg>
<var>${jsonfindInventory}</var>
<arg>${jsonItemId}[ItemList][Item][_ItemID]</arg>
<arg>C:\\automation\\automationLvrplSL\\LvrplSL\\CreateOrder\\CreateOrder_-create_normal_order_ATG_example_2_items_TC_001\\setUp</arg>
<status status="PASS" start="2025-02-12T21:39:17.821252" elapsed="0.000488"/>
</kw>
<kw name="POST On Session" owner="RequestsLibrary">
<msg time="2025-02-12T21:39:18.256035" level="INFO">POST Request : url=http://localhost:9080/smcfs/restapi/invoke/findInventory 
 path_url=/smcfs/restapi/invoke/findInventory 
 headers={'User-Agent': 'python-requests/2.32.3', 'Accept-Encoding': 'gzip, deflate', 'Accept': '*/*', 'Connection': 'keep-alive', 'Content-Type': 'application/xml', 'Authorization': 'Basic YWRtaW46Q2hhbmdlSXQ0bTM=', 'Content-Length': '341'} 
 body=&lt;Promise AllocationRuleID="FWD_RULES" CheckInventory="Y" EnterpriseCode="Liverpool" FulfillmentType="Fulfillment_Type_Liverpool"
 OrganizationCode="Liverpool"&gt;
	&lt;ShipToAddress Country="MX" ZipCode="98047"/&gt;
	&lt;PromiseLines&gt;
		&lt;PromiseLine ItemID="20250212213915725" LineId="1" RequiredQty="20" UnitOfMeasure="UN"/&gt;
	&lt;/PromiseLines&gt;
&lt;/Promise&gt; 
 </msg>
<msg time="2025-02-12T21:39:18.256101" level="INFO">POST Response : url=http://localhost:9080/smcfs/restapi/invoke/findInventory 
 status=200, reason=OK 
 headers={'X-FRAME-OPTIONS': 'SAMEORIGIN', 'X-UA-Compatible': 'IE=EmulateIE8', 'Access-Control-Allow-Origin': '*', 'Access-Control-Allow-Credentials': 'true', 'Access-Control-Max-Age': '3600', 'Content-Type': 'application/json; charset=UTF-8', 'Content-Encoding': 'gzip', 'Content-Language': 'en-US', 'Vary': 'Accept-Encoding', 'Content-Length': '943', 'Date': 'Wed, 12 Feb 2025 14:14:54 GMT'} 
 body={"Options":{"TotalNumberOfRecords":"0"},"OptimizationType":"02","CheckInventory":"Y","AllocationRuleID":"FWD_RULES","SuggestedOption":{"Option":{"LastDate":"2025-02-12T14:14:54+00:00","OptionNo":"23","NodeQty":"20.00","FirstDate":"2025-02-12T14:14:54+00:00","AvailableFromUnplannedInventory":"N","TotalShipments":"1","Interactions":{"Interaction":[{"IsDelivery":"N","CarrierServiceCode":"","DeliveryMethod":"SHP","Node":"77","DeliveryDate":"2025-02-12T14:14:54+00:00","ShipDate":"2025-02-12T14:14:54+00:00","EarliestDate":"2025-02-12T00:00:00+00:00","LastDate":"2025-03-14T23:59:59+00:00","ItemGroupCode":"PROD","PersonInfoShipTo":{"VerificationStatus":"","Company":"","OtherPhone":"","UseCount":"0","EMailID":"","DayPhone":"","JobTitle":"","MobilePhone":"","Department":"","AlternateEmailID":"","PersonID":"","PreferredShipAddress":"","Beeper":"","FirstName":"","ZipCode":"98047","Title":"","City":"","MiddleName":"","DayFaxNo":"","HttpUrl":"","AddressLine3":"","AddressLine2":"","AddressLine1":"","Suffix":"","AddressLine6":"","AddressLine5":"","State":"","AddressLine4":"","EveningFaxNo":"","EveningPhone":"","Country":"MX","ErrorTxt":"","LastName":"","isHistory":"N"},"OrganizationCode":"","Carrier":"","TotalHandlingUnits":"0.00","InteractionNo":"1"}],"TotalNumberOfRecords":"1"},"LeastPriority":"10.00","PromiseLines":{"PromiseLine":[{"CarrierServiceCode":"","DeliveryMethod":"SHP","LineId":"1","UnitOfMeasure":"UN","Assignments":{"Assignment":[{"Procurements":{},"IsIdleAsset":"N","SegmentChangeQty":"0.00","ExternalNode":"N","ReservedQty":"0.00","AvailableFromUnplannedInventory":"N","ProcuredQty":"0.00","Quantity":"20.00","DeliveryDate":"2025-02-12T14:14:54+00:00","ShipDate":"2025-02-12T14:14:54+00:00","SubstituteItems":{},"MergeNode":"","SCAC":"","NodePriority":"10.00","ShipNode":"77","InteractionNo":"1","ProductAvailDate":"2025-02-12","Distance":"0.00","SubstitutedQty":"0.00"}],"TotalNumberOfRecords":"1"},"ReceivingNode":"","IsBundleParent":"N","ItemID":"20250212213915725","Segment":"","SegmentType":"","NewItemID":"","SCAC":"","BundleParentLineId":"","KitQty":"1","RequiredQty":"20","AutoReplacedByPreferredSubstitute":"N","DistributionRuleId":"","ShipNode":"","ProductClass":"","FulfillmentType":"Fulfillment_Type_Liverpool"}],"TotalNumberOfRecords":"1"},"MaxPriority":"10.00","PromiseServiceLines":{"TotalNumberOfRecords":"0"},"HasAnyUnavailableQty":"N"}},"OrganizationCode":"Liverpool","EnterpriseCode":"Liverpool","FulfillmentType":"Fulfillment_Type_Liverpool"} 
 </msg>
<msg time="2025-02-12T21:39:18.256263" level="INFO">${findInventoryResponse} = &lt;Response [200]&gt;</msg>
<var>${findInventoryResponse}</var>
<arg>AddData</arg>
<arg>${base_url_api}${findInventory}</arg>
<arg>data=${jsonfindInventory}</arg>
<arg>headers=${headers}</arg>
<doc>Sends a POST request on a previously created HTTP Session.</doc>
<status status="PASS" start="2025-02-12T21:39:17.821835" elapsed="0.434452"/>
</kw>
<kw name="Convert To String" owner="BuiltIn">
<msg time="2025-02-12T21:39:18.257885" level="INFO">${resp} = {'Options': {'TotalNumberOfRecords': '0'}, 'OptimizationType': '02', 'CheckInventory': 'Y', 'AllocationRuleID': 'FWD_RULES', 'SuggestedOption': {'Option': {'LastDate': '2025-02-12T14:14:54+00:00', 'Op...</msg>
<var>${resp}</var>
<arg>${findInventoryResponse.json()}</arg>
<doc>Converts the given item to a Unicode string.</doc>
<status status="PASS" start="2025-02-12T21:39:18.256463" elapsed="0.001456"/>
</kw>
<kw name="Write Output File" owner="Prepare_Xml_Content">
<arg>${resp}</arg>
<arg>'findInv'</arg>
<arg>C:\\automation\\automationLvrplSL\\LvrplSL\\CreateOrder\\CreateOrder_-create_normal_order_ATG_example_2_items_TC_001\\setUp</arg>
<status status="PASS" start="2025-02-12T21:39:18.258024" elapsed="0.000747"/>
</kw>
<return>
<value>${jsonItemId}</value>
<status status="PASS" start="2025-02-12T21:39:18.258877" elapsed="0.000061"/>
</return>
<msg time="2025-02-12T21:39:18.259188" level="INFO">${jsonItemId} = {'ItemList': {'Item': {'_Action': 'Manage', '_GlobalItemID': '12439482', '_ItemID': '20250212213915725', '_OrganizationCode': 'Liverpool', '_UnitOfMeasure': 'UN', 'Extn': {'_ExtnActive': '01', '_ExtnI...</msg>
<var>${jsonItemId}</var>
<status status="PASS" start="2025-02-12T21:39:15.724450" elapsed="2.534764"/>
</kw>
<kw name="Create Order SL1" owner="CreateOrderKeyword">
<kw name="Creating Session XML" owner="createSession">
<kw name="Create List" owner="BuiltIn">
<msg time="2025-02-12T21:39:18.260535" level="INFO">${auth} = ['admin', 'ChangeIt4m3']</msg>
<var>${auth}</var>
<arg>${user}</arg>
<arg>${passwd}</arg>
<doc>Returns a list containing given items.</doc>
<status status="PASS" start="2025-02-12T21:39:18.260429" elapsed="0.000122"/>
</kw>
<kw name="Create Dictionary" owner="BuiltIn">
<msg time="2025-02-12T21:39:18.260814" level="INFO">${headers_dict_xml} = {'Authorization': 'Basic YWRtaW46cGFzc3dvcmQ=', 'Content-Type': 'application/xml'}</msg>
<var>${headers_dict_xml}</var>
<arg>Authorization=${AUTHORIZATION}</arg>
<arg>Content-Type=application/xml</arg>
<doc>Creates and returns a dictionary based on the given ``items``.</doc>
<status status="PASS" start="2025-02-12T21:39:18.260661" elapsed="0.000173"/>
</kw>
<kw name="Create Session" owner="RequestsLibrary">
<msg time="2025-02-12T21:39:18.261181" level="INFO">Creating Session using : alias=api, url=http://localhost:9080/smcfs/restapi/invoke/createOrder, headers={'Content-Type': 'application/xml', 'Authorization': 'Basic YWRtaW46cGFzc3dvcmQ='},                     cookies={}, auth=&lt;requests.auth.HTTPBasicAuth object at 0x0000017953A1FCE0&gt;, timeout=None, proxies=None, verify=False,                     debug=0 </msg>
<arg>${AddData}</arg>
<arg>url=${base_url_api}${createOrder}</arg>
<arg>headers=${headers}</arg>
<arg>auth=${auth}</arg>
<doc>Create Session: create a HTTP session to a server</doc>
<status status="PASS" start="2025-02-12T21:39:18.260917" elapsed="0.000388"/>
</kw>
<arg>api</arg>
<status status="PASS" start="2025-02-12T21:39:18.260214" elapsed="0.001170"/>
</kw>
<kw name="Create Dictionary" owner="BuiltIn">
<msg time="2025-02-12T21:39:18.261687" level="INFO">${headers_dict_xml} = {'Authorization': 'Basic YWRtaW46cGFzc3dvcmQ=', 'Content-Type': 'application/xml'}</msg>
<var>${headers_dict_xml}</var>
<arg>Authorization=${AUTHORIZATION}</arg>
<arg>Content-Type=application/xml</arg>
<doc>Creates and returns a dictionary based on the given ``items``.</doc>
<status status="PASS" start="2025-02-12T21:39:18.261508" elapsed="0.000194"/>
</kw>
<kw name="Create Order File" owner="Prepare_Xml_Content">
<msg time="2025-02-12T21:39:18.262194" level="INFO">${jsonCreateOrder} = &lt;?xml version="1.0" encoding="ISO-8859-1" standalone="yes"?&gt;
&lt;Order AllocationRuleID="FWD_RULES" CustomerPONo="o13556164996" CustomerRewardsNo="5491060181" DocumentType="0001"
DraftOrderFlag="Y" Enter...</msg>
<var>${jsonCreateOrder}</var>
<arg>${jsonItemId}[ItemList][Item][_ItemID]</arg>
<arg>${CUR_DIR}</arg>
<status status="PASS" start="2025-02-12T21:39:18.261815" elapsed="0.000403"/>
</kw>
<kw name="POST On Session" owner="RequestsLibrary">
<msg time="2025-02-12T21:39:18.400676" level="INFO">POST Request : url=http://localhost:9080/smcfs/restapi/invoke/createOrder 
 path_url=/smcfs/restapi/invoke/createOrder 
 headers={'User-Agent': 'python-requests/2.32.3', 'Accept-Encoding': 'gzip, deflate', 'Accept': '*/*', 'Connection': 'keep-alive', 'Content-Type': 'application/xml', 'Authorization': 'Basic YWRtaW46Q2hhbmdlSXQ0bTM=', 'Content-Length': '2522'} 
 body=&lt;?xml version="1.0" encoding="ISO-8859-1" standalone="yes"?&gt;
&lt;Order AllocationRuleID="FWD_RULES" CustomerPONo="o13556164996" CustomerRewardsNo="5491060181" DocumentType="0001"
DraftOrderFlag="Y" EnterpriseCode="Liverpool" OrderDate="2023-11-09T13:09:54-06:00" OrderName="N9300042969" OrderNo="20250212213915725"
OrderType="Personal"&gt;
	&lt;OrderLines&gt;
		&lt;OrderLine Delivery="" FulfillmentType="Fulfillment_Type_Liverpool" OrderedQty="1" Store=""&gt;
			&lt;Item ItemDesc=" " ItemID="20250212213915725" UnitOfMeasure="UN"/&gt;
			&lt;LinePriceInfo IsPriceLocked="Y" ListPrice="120.69" UnitPrice="120.69"/&gt;
			&lt;References&gt;
				&lt;Reference Name="Promotion1" Value="10% de descuento"/&gt;
				&lt;Reference Name="DiscountAmount" Value="164.9"/&gt;
			&lt;/References&gt;
		&lt;/OrderLine&gt;
		&lt;OrderLine Delivery="" FulfillmentType="Fulfillment_Type_Liverpool" OrderedQty="1" Store="" ShipNode=""&gt;
            &lt;Item ItemDesc="CHAROLA GIRATORIA AILE, 48CM HAUS" ItemID="20250212213915725" UnitOfMeasure="UN"/&gt;
            &lt;LinePriceInfo IsPriceLocked="Y" ListPrice="471.0" UnitPrice="471.0"/&gt;
            &lt;References&gt;
                &lt;Reference Name="Promotion1" Value="40% de descuento"/&gt;
                &lt;Reference Name="DiscountAmount" Value="314.0"/&gt;
            &lt;/References&gt;
        &lt;/OrderLine&gt;
	&lt;/OrderLines&gt;
	&lt;PersonInfoShipTo AddressLine1="Municipio Libre" AddressLine2="38" AddressLine4="LOMAS DE ATIZAPAN" AddressLine5="ATIZAPAN DE ZARAGOZA"
	AddressLine6="Entre calle El Oro y Acolman" City="Lopez Mateos" Country="MX" DayPhone="55-58249363" EMailID="espinosaquique@hotmail.com"
	FirstName="Jorge" LastName="Espinosa" MiddleName="Enrique" MobilePhone="5585367271" State="MEXICO" ZipCode="52977"/&gt;
	&lt;PersonInfoBillTo AddressLine1="MUNICIPIO LIBRE 38" AddressLine2="50169643" AddressLine4="LOMAS DE ATIZAPAN"
	AddressLine5="ATIZAPAN DE ZARAGOZA" City="ATIZAPAN DE ZARAGOZA" Country="MX" DayPhone="50169643"
	FirstName="JORGE ENRIQUE ESPINOSA" LastName="" State="EM" ZipCode="52977"/&gt;
	&lt;PersonInfoContact AddressLine1="Municipio Libre" AddressLine2="38" AddressLine4="LOMAS DE ATIZAPAN"
	AddressLine5="ATIZAPAN DE ZARAGOZA" City="Lopez Mateos" Country="MX" DayPhone="55-58249363"
	EMailID="espinosaquique@hotmail.com" FirstName="JORGE ENRIQUE" LastName="ESPINOSA" State="MEXICO" ZipCode="52977"/&gt;
	&lt;HeaderCharges&gt;
		&lt;HeaderCharge ChargeAmount="0" ChargeCategory="Shipping" ChargeName="Shipping"/&gt;
	&lt;/HeaderCharges&gt;
	&lt;References&gt;
		&lt;Reference Name="TicketNo" Value="4150016090"/&gt;
		&lt;Reference Name="BankAuthNo" Value="00050636"/&gt;
	&lt;/References&gt;
&lt;/Order&gt;

 
 </msg>
<msg time="2025-02-12T21:39:18.400778" level="INFO">POST Response : url=http://localhost:9080/smcfs/restapi/invoke/createOrder 
 status=200, reason=OK 
 headers={'X-FRAME-OPTIONS': 'SAMEORIGIN', 'X-UA-Compatible': 'IE=EmulateIE8', 'Access-Control-Allow-Origin': '*', 'Access-Control-Allow-Credentials': 'true', 'Access-Control-Max-Age': '3600', 'Content-Type': 'application/json; charset=UTF-8', 'Content-Encoding': 'gzip', 'Content-Language': 'en-US', 'Vary': 'Accept-Encoding', 'Content-Length': '121', 'Date': 'Wed, 12 Feb 2025 14:14:54 GMT'} 
 body={"DocumentType":"0001","OrderNo":"20250212213915725","OrderHeaderKey":"202502121414541049868","EnterpriseCode":"Liverpool"} 
 </msg>
<msg time="2025-02-12T21:39:18.400969" level="INFO">${createOrderResponse} = &lt;Response [200]&gt;</msg>
<var>${createOrderResponse}</var>
<arg>api</arg>
<arg>${base_url_api}${createOrder}</arg>
<arg>data=${jsonCreateOrder}</arg>
<arg>headers=${headers_dict_xml}</arg>
<doc>Sends a POST request on a previously created HTTP Session.</doc>
<status status="PASS" start="2025-02-12T21:39:18.262372" elapsed="0.138636"/>
</kw>
<kw name="Log To Console" owner="BuiltIn">
<arg>${createOrderResponse}</arg>
<doc>Logs the given message to the console.</doc>
<status status="PASS" start="2025-02-12T21:39:18.401178" elapsed="0.000315"/>
</kw>
<kw name="Get From Dictionary" owner="Collections">
<msg time="2025-02-12T21:39:18.402305" level="INFO">${content_type} = application/json; charset=UTF-8</msg>
<var>${content_type}</var>
<arg>${createOrderResponse.headers}</arg>
<arg>Content-Type</arg>
<doc>Returns a value from the given ``dictionary`` based on the given ``key``.</doc>
<status status="PASS" start="2025-02-12T21:39:18.401666" elapsed="0.000661"/>
</kw>
<kw name="Log To Console" owner="BuiltIn">
<arg>${content_type}</arg>
<doc>Logs the given message to the console.</doc>
<status status="PASS" start="2025-02-12T21:39:18.402435" elapsed="0.000288"/>
</kw>
<kw name="Log To Console" owner="BuiltIn">
<arg>'**************content type'</arg>
<doc>Logs the given message to the console.</doc>
<status status="PASS" start="2025-02-12T21:39:18.402843" elapsed="0.000144"/>
</kw>
<kw name="Log To Console" owner="BuiltIn">
<arg>Content-Type: ${content_type}</arg>
<doc>Logs the given message to the console.</doc>
<status status="PASS" start="2025-02-12T21:39:18.403072" elapsed="0.000134"/>
</kw>
<arg>${jsonItemId}</arg>
<arg>${CUR_DIR}</arg>
<status status="PASS" start="2025-02-12T21:39:18.259830" elapsed="0.143423"/>
</kw>
<tag>CREATEORDER</tag>
<tag>HAPPYFLOW</tag>
<tag>REGRESSION</tag>
<status status="PASS" start="2025-02-12T21:39:13.219757" elapsed="5.183615"/>
</test>
<status status="PASS" start="2025-02-12T21:39:13.198947" elapsed="5.205061"/>
</suite>
<status status="PASS" start="2025-02-12T21:39:08.983599" elapsed="9.421225"/>
</suite>
<statistics>
<total>
<stat pass="2" fail="0" skip="0">All Tests</stat>
</total>
<tag>
<stat pass="2" fail="0" skip="0">CREATEORDER</stat>
<stat pass="2" fail="0" skip="0">HAPPYFLOW</stat>
<stat pass="2" fail="0" skip="0">REGRESSION</stat>
</tag>
<suite>
<stat pass="2" fail="0" skip="0" id="s1" name="Test">Test</stat>
<stat pass="1" fail="0" skip="0" id="s1-s1" name="bak TC 001">Test.bak TC 001</stat>
<stat pass="1" fail="0" skip="0" id="s1-s2" name="TC 001">Test.TC 001</stat>
</suite>
</statistics>
<errors>
</errors>
</robot>
