<?xml version="1.0" encoding="UTF-8"?>
<robot generator="Robot 7.1.1 (Python 3.13.1 on win32)" generated="2025-03-09T22:30:00.051620" rpa="false" schemaversion="5">
<suite id="s1" name="CreateOrder" source="C:\automation\AutomationGeneric\LvrplSL\CreateOrder">
<suite id="s1-s1" name="CreateOrder create order ATG example CC0D ClickandCollect same day TC 004" source="C:\automation\AutomationGeneric\LvrplSL\CreateOrder\CreateOrder_create_order_ATG_example_CC0D_ClickandCollect_same_day_TC_004">
<suite id="s1-s1-s1" name="Test" source="C:\automation\AutomationGeneric\LvrplSL\CreateOrder\CreateOrder_create_order_ATG_example_CC0D_ClickandCollect_same_day_TC_004\test">
<suite id="s1-s1-s1-s1" name="TC 004" source="C:\automation\AutomationGeneric\LvrplSL\CreateOrder\CreateOrder_create_order_ATG_example_CC0D_ClickandCollect_same_day_TC_004\test\TC_004.robot">
<test id="s1-s1-s1-s1-t1" name="Create Order TC_004" line="9">
<kw name="Create Item Adjust and Fin Inv SL" owner="suiteSetUpForCreateOrder">
<kw name="Creating Session1" owner="createSession">
<kw name="Create List" owner="BuiltIn">
<msg time="2025-03-09T22:30:01.080015" level="INFO">${auth} = ['admin', 'password']</msg>
<var>${auth}</var>
<arg>${user}</arg>
<arg>${passwd}</arg>
<doc>Returns a list containing given items.</doc>
<status status="PASS" start="2025-03-09T22:30:01.079610" elapsed="0.000438"/>
</kw>
<kw name="Create Session" owner="RequestsLibrary">
<msg time="2025-03-09T22:30:01.080524" level="INFO">Creating Session using : alias=AddData, url=http://9.30.26.220:9080/smcfs/restapi/invoke/createOrder, headers={'Content-Type': 'application/xml', 'Authorization': 'Basic YWRtaW46cGFzc3dvcmQ='},                     cookies={}, auth=&lt;requests.auth.HTTPBasicAuth object at 0x000001DC5A885D30&gt;, timeout=None, proxies=None, verify=False,                     debug=0 </msg>
<arg>${AddData}</arg>
<arg>url=${base_url_api}${createOrder}</arg>
<arg>headers=${headers}</arg>
<arg>auth=${auth}</arg>
<doc>Create Session: create a HTTP session to a server</doc>
<status status="PASS" start="2025-03-09T22:30:01.080185" elapsed="0.000498"/>
</kw>
<arg>AddData</arg>
<status status="PASS" start="2025-03-09T22:30:01.078987" elapsed="0.001780"/>
</kw>
<kw name="Manage Item With Dynamic Item" owner="Prepare_Xml_Content">
<msg time="2025-03-09T22:30:03.082437" level="INFO">before mod &lt;!-- ExecuteType:SterlingApi --&gt;
&lt;!-- ExecuteMethod:multiApi --&gt;
&lt;!-- TestDesc: ItemType is STOCK ItemStatus is R and Region is S and all nodes in S region are marked as ON_HOLD --&gt;
&lt;ItemList&gt;
	&lt;Item Action="Manage" GlobalItemID="12439482" ItemID="$ItemID" OrganizationCode="Liverpool" UnitOfMeasure="UN"&gt;
		&lt;Extn ExtnActive="01" ExtnItemSF="Y" ExtnItemSFDesc="ACTIVO" ExtnSuggestedPackage="" ExtnSkuPackage=""/&gt;
		&lt;PrimaryInformation DefaultProductClass="SL" Description="CHAROLA GIRATORIA AILE, 48CM, NATURAL H" ShortDescription="CHAROLA GIRATORIA AILE, 48CM, NATURAL H" ExtendedDisplayDescription="CHAROLA GIRATORIA REDO, 48 CM, NATURAL (12439482)" IsDeliveryAllowed="Y" IsPickupAllowed="Y" IsShippingAllowed="Y" PrimaryEnterpriseCode="Liverpool" SerializedFlag="N" Status="3000" UnitCost="829" ItemType=""/&gt;
		&lt;ClassificationCodes ECCNNo="HAUS" Model="18917" NAICSCode="7502008630089" NMFCClass="152" NMFCCode="15204"/&gt;
		&lt;InventoryParameters ATPRule="Liverpool_ATP" InventoryMonitorRule="EPL_ATP_MONITOR_RULE" NodeLevelInventoryMonitorRule="EPL_ATP_MONITOR_RULE"/&gt;
		&lt;ItemAliasList Reset="Y"&gt;
			&lt;ItemAlias AliasName="EAN1" AliasValue="7502008630089"/&gt;
		&lt;/ItemAliasList&gt;
	&lt;/Item&gt;
&lt;/ItemList&gt;
after mod &lt;!-- ExecuteType:SterlingApi --&gt;
&lt;!-- ExecuteMethod:multiApi --&gt;
&lt;!-- TestDesc: ItemType is STOCK ItemStatus is R and Region is S and all nodes in S region are marked as ON_HOLD --&gt;
&lt;ItemList&gt;
	&lt;Item Action="Manage" GlobalItemID="12439482" ItemID="2025030922300181" OrganizationCode="Liverpool" UnitOfMeasure="UN"&gt;
		&lt;Extn ExtnActive="01" ExtnItemSF="Y" ExtnItemSFDesc="ACTIVO" ExtnSuggestedPackage="" ExtnSkuPackage=""/&gt;
		&lt;PrimaryInformation DefaultProductClass="SL" Description="CHAROLA GIRATORIA AILE, 48CM, NATURAL H" ShortDescription="CHAROLA GIRATORIA AILE, 48CM, NATURAL H" ExtendedDisplayDescription="CHAROLA GIRATORIA REDO, 48 CM, NATURAL (12439482)" IsDeliveryAllowed="Y" IsPickupAllowed="Y" IsShippingAllowed="Y" PrimaryEnterpriseCode="Liverpool" SerializedFlag="N" Status="3000" UnitCost="829" ItemType=""/&gt;
		&lt;ClassificationCodes ECCNNo="HAUS" Model="18917" NAICSCode="7502008630089" NMFCClass="152" NMFCCode="15204"/&gt;
		&lt;InventoryParameters ATPRule="Liverpool_ATP" InventoryMonitorRule="EPL_ATP_MONITOR_RULE" NodeLevelInventoryMonitorRule="EPL_ATP_MONITOR_RULE"/&gt;
		&lt;ItemAliasList Reset="Y"&gt;
			&lt;ItemAlias AliasName="EAN1" AliasValue="7502008630089"/&gt;
		&lt;/ItemAliasList&gt;
	&lt;/Item&gt;
&lt;/ItemList&gt;</msg>
<msg time="2025-03-09T22:30:03.082663" level="INFO">${manageItemJson} = &lt;!-- ExecuteType:SterlingApi --&gt;
&lt;!-- ExecuteMethod:multiApi --&gt;
&lt;!-- TestDesc: ItemType is STOCK ItemStatus is R and Region is S and all nodes in S region are marked as ON_HOLD --&gt;
&lt;ItemList&gt;
	&lt;Item ...</msg>
<var>${manageItemJson}</var>
<arg>${CUR_DIR}</arg>
<status status="PASS" start="2025-03-09T22:30:01.080859" elapsed="2.001850"/>
</kw>
<kw name="POST On Session" owner="RequestsLibrary">
<msg time="2025-03-09T22:30:03.747825" level="INFO">POST Request : url=http://9.30.26.220:9080/smcfs/restapi/invoke/manageItem 
 path_url=/smcfs/restapi/invoke/manageItem 
 headers={'User-Agent': 'python-requests/2.32.3', 'Accept-Encoding': 'gzip, deflate', 'Accept': '*/*', 'Connection': 'keep-alive', 'Content-Type': 'application/xml', 'Authorization': 'Basic YWRtaW46cGFzc3dvcmQ=', 'Content-Length': '1206'} 
 body=&lt;!-- ExecuteType:SterlingApi --&gt;
&lt;!-- ExecuteMethod:multiApi --&gt;
&lt;!-- TestDesc: ItemType is STOCK ItemStatus is R and Region is S and all nodes in S region are marked as ON_HOLD --&gt;
&lt;ItemList&gt;
	&lt;Item Action="Manage" GlobalItemID="12439482" ItemID="2025030922300181" OrganizationCode="Liverpool" UnitOfMeasure="UN"&gt;
		&lt;Extn ExtnActive="01" ExtnItemSF="Y" ExtnItemSFDesc="ACTIVO" ExtnSuggestedPackage="" ExtnSkuPackage=""/&gt;
		&lt;PrimaryInformation DefaultProductClass="SL" Description="CHAROLA GIRATORIA AILE, 48CM, NATURAL H" ShortDescription="CHAROLA GIRATORIA AILE, 48CM, NATURAL H" ExtendedDisplayDescription="CHAROLA GIRATORIA REDO, 48 CM, NATURAL (12439482)" IsDeliveryAllowed="Y" IsPickupAllowed="Y" IsShippingAllowed="Y" PrimaryEnterpriseCode="Liverpool" SerializedFlag="N" Status="3000" UnitCost="829" ItemType=""/&gt;
		&lt;ClassificationCodes ECCNNo="HAUS" Model="18917" NAICSCode="7502008630089" NMFCClass="152" NMFCCode="15204"/&gt;
		&lt;InventoryParameters ATPRule="Liverpool_ATP" InventoryMonitorRule="EPL_ATP_MONITOR_RULE" NodeLevelInventoryMonitorRule="EPL_ATP_MONITOR_RULE"/&gt;
		&lt;ItemAliasList Reset="Y"&gt;
			&lt;ItemAlias AliasName="EAN1" AliasValue="7502008630089"/&gt;
		&lt;/ItemAliasList&gt;
	&lt;/Item&gt;
&lt;/ItemList&gt; 
 </msg>
<msg time="2025-03-09T22:30:03.747959" level="INFO">POST Response : url=http://9.30.26.220:9080/smcfs/restapi/invoke/manageItem 
 status=204, reason=No Content 
 headers={'X-Powered-By': 'Servlet/4.0', 'X-FRAME-OPTIONS': 'SAMEORIGIN', 'X-UA-Compatible': 'IE=EmulateIE8', 'Access-Control-Allow-Origin': '*', 'Access-Control-Max-Age': '3600', 'Access-Control-Allow-Credentials': 'true', 'Content-Language': 'en-US', 'Content-Length': '0', 'Date': 'Sun, 09 Mar 2025 17:00:04 GMT'} 
 body=None 
 </msg>
<msg time="2025-03-09T22:30:03.748132" level="INFO">${manageItemResponse} = &lt;Response [204]&gt;</msg>
<var>${manageItemResponse}</var>
<arg>AddData</arg>
<arg>${base_url_api}${manageItem}</arg>
<arg>data=${manageItemJson}</arg>
<doc>Sends a POST request on a previously created HTTP Session.</doc>
<status status="PASS" start="2025-03-09T22:30:03.082946" elapsed="0.665228"/>
</kw>
<kw name="Status Should Be" owner="RequestsLibrary">
<arg>204</arg>
<arg>${manageItemResponse}</arg>
<doc>Fails if response status code is different than the expected.</doc>
<status status="PASS" start="2025-03-09T22:30:03.748436" elapsed="0.000667"/>
</kw>
<kw name="Manage Item With Dynamic Item1" owner="Prepare_Xml_Content">
<msg time="2025-03-09T22:30:03.759479" level="INFO">after mod &lt;!-- ExecuteType:SterlingApi --&gt;
&lt;!-- ExecuteMethod:multiApi --&gt;
&lt;!-- TestDesc: ItemType is STOCK ItemStatus is R and Region is S and all nodes in S region are marked as ON_HOLD --&gt;
&lt;ItemList&gt;
	&lt;Item Action="Manage" GlobalItemID="12439482" ItemID="2025030922300181" OrganizationCode="Liverpool" UnitOfMeasure="UN"&gt;
		&lt;Extn ExtnActive="01" ExtnItemSF="Y" ExtnItemSFDesc="ACTIVO" ExtnSuggestedPackage="" ExtnSkuPackage=""/&gt;
		&lt;PrimaryInformation DefaultProductClass="SL" Description="CHAROLA GIRATORIA AILE, 48CM, NATURAL H" ShortDescription="CHAROLA GIRATORIA AILE, 48CM, NATURAL H" ExtendedDisplayDescription="CHAROLA GIRATORIA REDO, 48 CM, NATURAL (12439482)" IsDeliveryAllowed="Y" IsPickupAllowed="Y" IsShippingAllowed="Y" PrimaryEnterpriseCode="Liverpool" SerializedFlag="N" Status="3000" UnitCost="829" ItemType=""/&gt;
		&lt;ClassificationCodes ECCNNo="HAUS" Model="18917" NAICSCode="7502008630089" NMFCClass="152" NMFCCode="15204"/&gt;
		&lt;InventoryParameters ATPRule="Liverpool_ATP" InventoryMonitorRule="EPL_ATP_MONITOR_RULE" NodeLevelInventoryMonitorRule="EPL_ATP_MONITOR_RULE"/&gt;
		&lt;ItemAliasList Reset="Y"&gt;
			&lt;ItemAlias AliasName="EAN1" AliasValue="7502008630089"/&gt;
		&lt;/ItemAliasList&gt;
	&lt;/Item&gt;
&lt;/ItemList&gt;</msg>
<msg time="2025-03-09T22:30:03.759726" level="INFO">${jsonItemId} = {'ItemList': {'Item': {'_Action': 'Manage', '_GlobalItemID': '12439482', '_ItemID': '2025030922300181', '_OrganizationCode': 'Liverpool', '_UnitOfMeasure': 'UN', 'Extn': {'_ExtnActive': '01', '_ExtnIt...</msg>
<var>${jsonItemId}</var>
<arg>${CUR_DIR}</arg>
<status status="PASS" start="2025-03-09T22:30:03.749335" elapsed="0.010433"/>
</kw>
<kw name="Dictionary Should Contain Key" owner="Collections">
<arg>${jsonItemId}</arg>
<arg>ItemList</arg>
<doc>Fails if ``key`` is not found from ``dictionary``.</doc>
<status status="PASS" start="2025-03-09T22:30:03.760024" elapsed="0.000267"/>
</kw>
<kw name="Get From Dictionary" owner="Collections">
<msg time="2025-03-09T22:30:03.760703" level="INFO">${Item_ID_Path} = {'Item': {'_Action': 'Manage', '_GlobalItemID': '12439482', '_ItemID': '2025030922300181', '_OrganizationCode': 'Liverpool', '_UnitOfMeasure': 'UN', 'Extn': {'_ExtnActive': '01', '_ExtnItemSF': 'Y', '...</msg>
<var>${Item_ID_Path}</var>
<arg>${jsonItemId}</arg>
<arg>ItemList</arg>
<doc>Returns a value from the given ``dictionary`` based on the given ``key``.</doc>
<status status="PASS" start="2025-03-09T22:30:03.760429" elapsed="0.000320"/>
</kw>
<kw name="Adjust Inventory File" owner="Prepare_Xml_Content">
<msg time="2025-03-09T22:30:03.761257" level="INFO">${jsonAdjInv} = &lt;Items&gt;
	&lt;Item AdjustmentType="ABSOLUTE" Availability="TRACK" ItemID="2025030922300181" OrganizationCode="Liverpool" Quantity="100" ReasonCode="itemSLRTAMS19t2" ReasonText="Ajuste GoldenGate" ShipNode...</msg>
<var>${jsonAdjInv}</var>
<arg>${jsonItemId}[ItemList][Item][_ItemID]</arg>
<arg>${CUR_DIR}</arg>
<status status="PASS" start="2025-03-09T22:30:03.760871" elapsed="0.000416"/>
</kw>
<kw name="POST On Session" owner="RequestsLibrary">
<msg time="2025-03-09T22:30:04.138495" level="INFO">POST Request : url=http://9.30.26.220:9080/smcfs/restapi/invoke/adjustInventory 
 path_url=/smcfs/restapi/invoke/adjustInventory 
 headers={'User-Agent': 'python-requests/2.32.3', 'Accept-Encoding': 'gzip, deflate', 'Accept': '*/*', 'Connection': 'keep-alive', 'Content-Type': 'application/xml', 'Authorization': 'Basic YWRtaW46cGFzc3dvcmQ=', 'Content-Length': '255'} 
 body=&lt;Items&gt;
	&lt;Item AdjustmentType="ABSOLUTE" Availability="TRACK" ItemID="2025030922300181" OrganizationCode="Liverpool" Quantity="100" ReasonCode="itemSLRTAMS19t2" ReasonText="Ajuste GoldenGate" ShipNode="77" SupplyType="ONHAND" UnitOfMeasure="UN"/&gt;
&lt;/Items&gt; 
 </msg>
<msg time="2025-03-09T22:30:04.138610" level="INFO">POST Response : url=http://9.30.26.220:9080/smcfs/restapi/invoke/adjustInventory 
 status=204, reason=No Content 
 headers={'X-Powered-By': 'Servlet/4.0', 'X-FRAME-OPTIONS': 'SAMEORIGIN', 'X-UA-Compatible': 'IE=EmulateIE8', 'Access-Control-Allow-Origin': '*', 'Access-Control-Max-Age': '3600', 'Access-Control-Allow-Credentials': 'true', 'Content-Language': 'en-US', 'Content-Length': '0', 'Date': 'Sun, 09 Mar 2025 17:00:04 GMT'} 
 body=None 
 </msg>
<msg time="2025-03-09T22:30:04.138753" level="INFO">${adjInvresponse} = &lt;Response [204]&gt;</msg>
<var>${adjInvresponse}</var>
<arg>AddData</arg>
<arg>${base_url_api}${adjustInventory}</arg>
<arg>data=${jsonAdjInv}</arg>
<arg>headers=${headers}</arg>
<doc>Sends a POST request on a previously created HTTP Session.</doc>
<status status="PASS" start="2025-03-09T22:30:03.761405" elapsed="0.377383"/>
</kw>
<kw name="Status Should Be" owner="RequestsLibrary">
<arg>204</arg>
<arg>${adjInvresponse}</arg>
<doc>Fails if response status code is different than the expected.</doc>
<status status="PASS" start="2025-03-09T22:30:04.139054" elapsed="0.000385"/>
</kw>
<return>
<value>${jsonItemId}</value>
<status status="PASS" start="2025-03-09T22:30:04.139543" elapsed="0.000136"/>
</return>
<msg time="2025-03-09T22:30:04.139910" level="INFO">${jsonItemId} = {'ItemList': {'Item': {'_Action': 'Manage', '_GlobalItemID': '12439482', '_ItemID': '2025030922300181', '_OrganizationCode': 'Liverpool', '_UnitOfMeasure': 'UN', 'Extn': {'_ExtnActive': '01', '_ExtnIt...</msg>
<var>${jsonItemId}</var>
<status status="PASS" start="2025-03-09T22:30:01.078635" elapsed="3.061315"/>
</kw>
<kw name="Create Order SL" owner="CreateOrderKeyword">
<kw name="Create Order File" owner="Prepare_Xml_Content">
<msg time="2025-03-09T22:30:04.141186" level="INFO">${jsonCreateOrder} = &lt;Order Action="CREATE" AllocationRuleID="FWD_RULES" CustomerPONo=""
    CustomerRewardsNo="" DepartmentCode="" Division=""
    DocumentType="0001" DraftOrderFlag="Y" EnterpriseCode="Liverpool"
    Ord...</msg>
<var>${jsonCreateOrder}</var>
<arg>${jsonItemId}[ItemList][Item][_ItemID]</arg>
<arg>${CUR_DIR}</arg>
<status status="PASS" start="2025-03-09T22:30:04.140631" elapsed="0.000604"/>
</kw>
<kw name="POST On Session" owner="RequestsLibrary">
<msg time="2025-03-09T22:30:04.635562" level="INFO">POST Request : url=http://9.30.26.220:9080/smcfs/restapi/invoke/createOrder 
 path_url=/smcfs/restapi/invoke/createOrder 
 headers={'User-Agent': 'python-requests/2.32.3', 'Accept-Encoding': 'gzip, deflate', 'Accept': '*/*', 'Connection': 'keep-alive', 'Content-Type': 'application/xml', 'Authorization': 'Basic YWRtaW46cGFzc3dvcmQ=', 'Content-Length': '1684'} 
 body=&lt;Order Action="CREATE" AllocationRuleID="FWD_RULES" CustomerPONo=""
    CustomerRewardsNo="" DepartmentCode="" Division=""
    DocumentType="0001" DraftOrderFlag="Y" EnterpriseCode="Liverpool"
    OrderDate="2024-06-24T11:07:46-0500" OrderName="106"
    OrderNo="2025030922300181" OrderType="Personal"&gt;
    &lt;OrderLines&gt;
        &lt;OrderLine FulfillmentType="Fulfillment_Type_Liverpool" OrderedQty="1"&gt;
            &lt;Item ItemDesc="FAMOSA NANCY BAIL" ItemID="2025030922300181" UnitOfMeasure="UN"/&gt;
            &lt;LinePriceInfo IsPriceLocked="Y" UnitPrice="899.00"/&gt;
        &lt;/OrderLine&gt;
    &lt;/OrderLines&gt;
    &lt;PersonInfoBillTo AddressLine1="AVENIDA 33 PONIENTE"
        AddressLine2="2305 " AddressLine3=""
        AddressLine4="BENITO JUAREZ" AddressLine5="PUEBLA" City="PUEBLA"
        Country="MX" DayPhone="222 03888534"
        EMailID="ISAVELA0102@GMAIL.COM"
        FirstName="MARIA ISABEL  VELAZCO CRUZ  " LastName=""
        MobilePhone="" State="PUE" ZipCode="72410"/&gt;
    &lt;PersonInfoShipTo AddressLine1="AVENIDA 33 PONIENTE"
        AddressLine2="2305 " AddressLine3=""
        AddressLine4="BENITO JUAREZ" AddressLine5="PUEBLA" City="PUEBLA"
        Country="MX" DayPhone="222 03888534"
        EMailID="ISAVELA0102@GMAIL.COM"
        FirstName="MARIA ISABEL  VELAZCO CRUZ  " LastName="" State="PUE" ZipCode="72410"/&gt;
    &lt;PersonInfoContact AddressLine1="AVENIDA 33 PONIENTE"
        AddressLine2="2305 " AddressLine3=""
        AddressLine4="BENITO JUAREZ" AddressLine5="PUEBLA" City="PUEBLA"
        Country="MX" DayPhone="222 03888534"
        EMailID="ISAVELA0102@GMAIL.COM"
        FirstName="MARIA ISABEL  VELAZCO CRUZ  " LastName="" State="PUE" ZipCode="72410"/&gt;
&lt;/Order&gt; 
 </msg>
<msg time="2025-03-09T22:30:04.635773" level="INFO">POST Response : url=http://9.30.26.220:9080/smcfs/restapi/invoke/createOrder 
 status=200, reason=OK 
 headers={'X-Powered-By': 'Servlet/4.0', 'X-FRAME-OPTIONS': 'SAMEORIGIN', 'X-UA-Compatible': 'IE=EmulateIE8', 'Access-Control-Allow-Origin': '*', 'Access-Control-Max-Age': '3600', 'Access-Control-Allow-Credentials': 'true', 'Content-Type': 'application/json; charset=UTF-8', 'Content-Encoding': 'gzip', 'Content-Language': 'en-US', 'Content-Length': '117', 'Date': 'Sun, 09 Mar 2025 17:00:04 GMT'} 
 body={"DocumentType":"0001","OrderNo":"2025030922300181","OrderHeaderKey":"202503091000041360212","EnterpriseCode":"Liverpool"} 
 </msg>
<msg time="2025-03-09T22:30:04.635931" level="INFO">${createOrderResponse} = &lt;Response [200]&gt;</msg>
<var>${createOrderResponse}</var>
<arg>AddData</arg>
<arg>${base_url_api}${createOrder}</arg>
<arg>data=${jsonCreateOrder}</arg>
<arg>headers=${headers}</arg>
<doc>Sends a POST request on a previously created HTTP Session.</doc>
<status status="PASS" start="2025-03-09T22:30:04.141416" elapsed="0.494547"/>
</kw>
<kw name="Convert To String" owner="BuiltIn">
<msg time="2025-03-09T22:30:04.636757" level="INFO">${resp2} = {'DocumentType': '0001', 'OrderNo': '2025030922300181', 'OrderHeaderKey': '202503091000041360212', 'EnterpriseCode': 'Liverpool'}</msg>
<var>${resp2}</var>
<arg>${createOrderResponse.json()}</arg>
<doc>Converts the given item to a Unicode string.</doc>
<status status="PASS" start="2025-03-09T22:30:04.636136" elapsed="0.000641"/>
</kw>
<kw name="Write Output File" owner="Prepare_Xml_Content">
<arg>${resp2}</arg>
<arg>'createOrder'</arg>
<arg>${CUR_DIR}</arg>
<status status="PASS" start="2025-03-09T22:30:04.636862" elapsed="0.000741"/>
</kw>
<kw name="Get Current Date" owner="DateTime">
<msg time="2025-03-09T22:30:04.638067" level="INFO">${timestamp} = 20250309-2230</msg>
<var>${timestamp}</var>
<arg>result_format=%Y%m%d-%H%M</arg>
<doc>Returns current local or UTC time with an optional increment.</doc>
<status status="PASS" start="2025-03-09T22:30:04.637786" elapsed="0.000314"/>
</kw>
<kw name="Dictionary Should Contain Key" owner="Collections">
<arg>${createOrderResponse.json()}</arg>
<arg>OrderNo</arg>
<doc>Fails if ``key`` is not found from ``dictionary``.</doc>
<status status="PASS" start="2025-03-09T22:30:04.638246" elapsed="0.000775"/>
</kw>
<kw name="Get From Dictionary" owner="Collections">
<msg time="2025-03-09T22:30:04.639581" level="INFO">${Order_No} = 2025030922300181</msg>
<var>${Order_No}</var>
<arg>${createOrderResponse.json()}</arg>
<arg>OrderNo</arg>
<doc>Returns a value from the given ``dictionary`` based on the given ``key``.</doc>
<status status="PASS" start="2025-03-09T22:30:04.639113" elapsed="0.000490"/>
</kw>
<kw name="Dictionary Should Contain Key" owner="Collections">
<arg>${createOrderResponse.json()}</arg>
<arg>OrderHeaderKey</arg>
<doc>Fails if ``key`` is not found from ``dictionary``.</doc>
<status status="PASS" start="2025-03-09T22:30:04.639688" elapsed="0.000453"/>
</kw>
<kw name="Get From Dictionary" owner="Collections">
<msg time="2025-03-09T22:30:04.640647" level="INFO">${Order_Header_Key} = 202503091000041360212</msg>
<var>${Order_Header_Key}</var>
<arg>${createOrderResponse.json()}</arg>
<arg>OrderHeaderKey</arg>
<doc>Returns a value from the given ``dictionary`` based on the given ``key``.</doc>
<status status="PASS" start="2025-03-09T22:30:04.640222" elapsed="0.000443"/>
</kw>
<kw name="Append Excel File1" owner="read_write_all_excel">
<arg>${file}</arg>
<arg>${Order_No}</arg>
<arg>${TEST NAME}</arg>
<arg>${timestamp}</arg>
<arg>${jsonCreateOrder}</arg>
<arg>${createOrderResponse.json()}</arg>
<status status="PASS" start="2025-03-09T22:30:04.640740" elapsed="0.000847"/>
</kw>
<arg>${jsonItemId}</arg>
<arg>${CUR_DIR}</arg>
<status status="PASS" start="2025-03-09T22:30:04.140201" elapsed="0.501492"/>
</kw>
<tag>CREATEORDER</tag>
<tag>HAPPYFLOW</tag>
<tag>REGRESSION</tag>
<status status="PASS" start="2025-03-09T22:30:01.077927" elapsed="3.563911"/>
</test>
<status status="PASS" start="2025-03-09T22:30:00.087544" elapsed="4.554631"/>
</suite>
<status status="PASS" start="2025-03-09T22:30:00.086477" elapsed="4.556117"/>
</suite>
<status status="PASS" start="2025-03-09T22:30:00.085044" elapsed="4.557919"/>
</suite>
<status status="PASS" start="2025-03-09T22:30:00.072544" elapsed="4.570805"/>
</suite>
<statistics>
<total>
<stat pass="1" fail="0" skip="0">All Tests</stat>
</total>
<tag>
<stat pass="1" fail="0" skip="0">CREATEORDER</stat>
<stat pass="1" fail="0" skip="0">HAPPYFLOW</stat>
<stat pass="1" fail="0" skip="0">REGRESSION</stat>
</tag>
<suite>
<stat pass="1" fail="0" skip="0" id="s1" name="CreateOrder">CreateOrder</stat>
<stat pass="1" fail="0" skip="0" id="s1-s1" name="CreateOrder create order ATG example CC0D ClickandCollect same day TC 004">CreateOrder.CreateOrder create order ATG example CC0D ClickandCollect same day TC 004</stat>
<stat pass="1" fail="0" skip="0" id="s1-s1-s1" name="Test">CreateOrder.CreateOrder create order ATG example CC0D ClickandCollect same day TC 004.Test</stat>
<stat pass="1" fail="0" skip="0" id="s1-s1-s1-s1" name="TC 004">CreateOrder.CreateOrder create order ATG example CC0D ClickandCollect same day TC 004.Test.TC 004</stat>
</suite>
</statistics>
<errors>
</errors>
</robot>
