<?xml version="1.0" encoding="UTF-8"?>
<robot generator="Robot 7.1.1 (Python 3.13.1 on win32)" generated="2025-03-09T23:18:37.045702" rpa="false" schemaversion="5">
<suite id="s1" name="TestCase1" source="C:\automation\AutomationGeneric\UltaSuite1\TestCase1">
<suite id="s1-s1" name="CreateOrder" source="C:\automation\AutomationGeneric\UltaSuite1\TestCase1\CreateOrder">
<suite id="s1-s1-s1" name="Test" source="C:\automation\AutomationGeneric\UltaSuite1\TestCase1\CreateOrder\test">
<suite id="s1-s1-s1-s1" name="TC 001" source="C:\automation\AutomationGeneric\UltaSuite1\TestCase1\CreateOrder\test\TC_001.robot">
<test id="s1-s1-s1-s1-t1" name="Create Order TC_001" line="13">
<kw name="Create Order" owner="setUpForCreateOrder">
<kw name="Generic Input File" owner="Prepare_Xml_Content">
<msg time="2025-03-09T23:18:37.860247" level="INFO">${createOrderReq} = &lt;!-- ExecuteType:SterlingApi --&gt;
&lt;!-- ExecuteMethod:multiApi --&gt;
&lt;!--TestDesc:  --&gt;
&lt;MultiApi&gt;
	&lt;API FlowName="UltaCreateOrder"&gt;
		&lt;Input&gt;
			&lt;Order xmlns:tns="http://tns.tibco.com/bw/json/16800171152...</msg>
<var>${createOrderReq}</var>
<arg>${CUR_DIR}</arg>
<arg>${createOrder_Input_file_Name}</arg>
<status status="PASS" start="2025-03-09T23:18:37.859701" elapsed="0.000600"/>
</kw>
<kw name="Creating Session Sample1" owner="createSession">
<kw name="Create Session" owner="RequestsLibrary">
<msg time="2025-03-09T23:18:37.860993" level="INFO">Creating Session using : alias=createOrder, url=http://9.30.252.13:9080, headers={},                     cookies={}, auth=None, timeout=None, proxies=None, verify=False,                     debug=0 </msg>
<arg>${AddData}</arg>
<arg>${BASE_URL}</arg>
<doc>Create Session: create a HTTP session to a server</doc>
<status status="PASS" start="2025-03-09T23:18:37.860846" elapsed="0.000338"/>
</kw>
<kw name="Create Dictionary" owner="BuiltIn">
<msg time="2025-03-09T23:18:37.861615" level="INFO">${params} = {'YFSEnvironment.progId': 'Test', 'InteropApiName': 'multiApi', 'ApiName': 'MultiApi', 'YFSEnvironment.userId': 'admin', 'YFSEnvironment.password': 'password', 'InteropApiData': '&lt;!-- ExecuteType:Ster...</msg>
<var>${params}</var>
<arg>YFSEnvironment.progId=Test</arg>
<arg>InteropApiName=multiApi</arg>
<arg>ApiName=MultiApi</arg>
<arg>YFSEnvironment.userId=admin</arg>
<arg>YFSEnvironment.password=password</arg>
<arg>InteropApiData=${xmlRequest}</arg>
<arg>timeout=30</arg>
<doc>Creates and returns a dictionary based on the given ``items``.</doc>
<status status="PASS" start="2025-03-09T23:18:37.861324" elapsed="0.000320"/>
</kw>
<kw name="POST On Session" owner="RequestsLibrary">
<msg time="2025-03-09T23:18:40.949762" level="INFO">POST Request : url=http://9.30.252.13:9080/smcfs/interop/InteropHttpServlet?YFSEnvironment.progId=Test&amp;InteropApiName=multiApi&amp;ApiName=MultiApi&amp;YFSEnvironment.userId=admin&amp;YFSEnvironment.password=password&amp;InteropApiData=%3C%21--+ExecuteType%3ASterlingApi+--%3E%0A%3C%21--+ExecuteMethod%3AmultiApi+--%3E%0A%3C%21--TestDesc%3A++--%3E%0A%3CMultiApi%3E%0A%09%3CAPI+FlowName%3D%22UltaCreateOrder%22%3E%0A%09%09%3CInput%3E%0A%09%09%09%3COrder+xmlns%3Atns%3D%22http%3A%2F%2Ftns.tibco.com%2Fbw%2Fjson%2F1680017115271%22+xmlns%3Atns1%3D%22http%3A%2F%2Fwww.example.com%2Fnamespaces%2Ftns%2F1680017352441%22+xmlns%3Axsd%3D%22http%3A%2F%2Fwww.w3.org%2F2001%2FXMLSchema%22+xmlns%3Axsi%3D%22http%3A%2F%2Fwww.w3.org%2F2001%2FXMLSchema-instance%22+xmlns%3Atib%3D%22http%3A%2F%2Fwww.tibco.com%2Fbw%2Fxslt%2Fcustom-functions%22+AuthorizedClient%3D%22ONL%22+ReqDeliveryDate%3D%222025-01-30T13%3A11%3A00.209%2B00%3A00%22+ExtnIsOrderBorderfree%3D%22N%22+DocumentType%3D%220001%22+BypassPricing%3D%22Y%22++ExtnIsPaymentPaypal%3D%22Y%22+OrderDate%3D%222024-12-23T13%3A11%3A00.441%2B00%3A00%22+ExtnIsOrderInternational%3D%22N%22+ExtnIsGiftWrap%3D%22N%22+EntryType%3D%22WEB%22+OrderType%3D%22REGULAR%22+ValidatePromotionAward%3D%22N%22+SellerOrganizationCode%3D%22CCULTA%22+PaymentRuleId%3D%22ULTA_PMT_RULE%22+EnterpriseCode%3D%22CCULTA%22%3E%0A%09%09%09%09%3COrderLines%3E%0A%09%09%09%09%09%3COrderLine+CarrierServiceCode%3D%22STD%22+DeliveryMethod%3D%22SHP%22+PrimeLineNo%3D%221%22+ExtnIsItemHazmat%3D%22N%22+SubLineNo%3D%221%22+SCAC%3D%2202%22+OrderedQty%3D%223.0%22+LineType%3D%22%22+FulfillmentType%3D%22SHIPTOHOME%22+ShipNode%3D%220888%22%3E%0A%09%09%09%09%09%3CItem+UnitOfMeasure%3D%22EACH%22+ItemDesc%3D%22Shea+Butter+Hand+Cream%22+ItemID%3D%222500553%22%2F%3E%0A%09%09%09%09%09%3CLinePriceInfo+IsPriceLocked%3D%22Y%22+ListPrice%3D%2210.0%22+UnitPrice%3D%2210.0%22+%2F%3E%0A%09%09%09%09%09%3CExtn+ExtnIsItemOnSale%3D%22N%22+ExtnATGUnitPriceJson%3D%22%7B%26quot%3BskuPriceDetail%26quot%3B%3A%7B%26quot%3BskuID%26quot%3B%3A%26quot%3B2241131%26quot%3B%2C%26quot%3BpriceDetails%26quot%3B%3A%5B%7B%26quot%3Bprice%26quot%3B%3A30.0%2C%26quot%3Bqty%26quot%3B%3A1%7D%5D%7D%7D%22+ExtnOverriddenDeliveryMethod%3D%22%22+ExtnHazmatStatus%3D%22N%22+ExtnATGLineItemID%3D%226f3063b4-0f4d-4aa7-a94c-c9662c2d71ef%22+%2F%3E%0A%09%09%09%09%3C%2FOrderLine%3E%0A%09%09%09%09%3C%2FOrderLines%3E%0A%09%09%09%09%3CReferences%3E%0A%09%09%09%09%09%3CReference+Name%3D%22EmailOptIn%22+Value%3D%22N%22+%2F%3E%0A%09%09%09%09%09%3CReference+Name%3D%22CardType%22+Value%3D%22VISA%22+%2F%3E%0A%09%09%09%09%09%3CReference+Name%3D%22ChargeAmount%22+Value%3D%2250.00%22+%2F%3E%0A%09%09%09%09%3C%2FReferences%3E%0A%09%09%09%09%3CPersonInfoBillTo+FirstName%3D%22ECOMQA%22+ZipCode%3D%2262249%22+City%3D%22Highland%22+EMailID%3D%22ecomqaoffshore%40ulta.com%22+DayPhone%3D%224086331345%22+MobilePhone%3D%224086331345%22+AddressLine2%3D%22%22+AddressLine1%3D%22104+Autumn+Oaks+Lane%22+State%3D%22IL%22+Country%3D%22US%22+LastName%3D%22ECOMQA%22+%2F%3E%0A%09%09%09%09%3CPersonInfoShipTo+FirstName%3D%22ABCD%22+ZipCode%3D%2260440%22+City%3D%22bolingbrook%22+EMailID%3D%229107081%40ulta.com%22+MobilePhone%3D%229188888888%22+AddressLine1%3D%221000+remington+blvd%22+State%3D%22IL%22+Country%3D%22US%22+LastName%3D%22EFGH%22+%2F%3E%0A%09%09%09%09%3CPaymentMethods%3E%0A%09%09%09%09%09%3CPaymentMethod+MaxChargeLimit%3D%2250.00%22+FirstName%3D%22%22+CreditCardType%3D%22CBCC%22+CreditCardNo%3D%22222360%2A%2A%2A%2A%2A%2A0329%22+ChargeSequence%3D%220%22+DisplayCreditCardNo%3D%220329%22+CreditCardExpDate%3D%22202512%22+CreditCardName%3D%22CREDIT_CARD%22+PaymentType%3D%22CREDIT_CARD%22+LastName%3D%22%22%3E%0A%09%09%09%09%3CPaymentDetailsList%3E%0A%09%09%09%09%09%3CPaymentDetails+RequestAmount%3D%2250.00%22+AuthorizationID%3D%22607893%22+ProcessedAmount%3D%2250.00%22+ChargeType%3D%22AUTHORIZATION%22+%2F%3E%0A%09%09%09%09%3C%2FPaymentDetailsList%3E%0A%09%09%09%09%3CPersonInfoBillTo+FirstName%3D%22Archana%22+ZipCode%3D%2260440%22+City%3D%22BOLINGBROOK%22+EMailID%3D%22sharmaarc83%40gmail.com%22+MobilePhone%3D%228855568885%22+AddressLine2%3D%22%22+AddressLine1%3D%221000+REMINGTON+BLVD%22+State%3D%22IL%22+Country%3D%22US%22+LastName%3D%22Sharma%22+%2F%3E%0A%09%09%09%3C%2FPaymentMethod%3E%0A%09%09%09%09%3C%2FPaymentMethods%3E%0A%09%09%09%09%3CExtn+ExtnIsNonSTDShippingEligible%3D%22Y%22+ExtnOMSSettledOrder%3D%22Y%22+ExtnIsSignatureRequired%3D%22N%22+ExtnReleaseVersion%3D%22R2_2_5%22+ExtnIsGiftWrap%3D%22N%22+ExtnATGOrderTotal%3D%2230.00%22+ExtnDeliveryNotificationPreference%3D%22N%22+ExtnMemberStatus%3D%22%22+ExtnSplitUniqueId%3D%22SC202501159%22%3E%0A%09%09%09%09%09%3CExtnOrderWavingDataList%3E%0A%09%09%09%09%09%09%3CExtnOrderWavingData+ExtnWavingAttrName%3D%22TEST_WAVING_ATTRIBUTE1%22+ExtnWavingAttrValue%3D%22W31%22+%2F%3E%0A%09%09%09%09%09%09%3CExtnOrderWavingData+ExtnWavingAttrName%3D%22TEST_WAVING_ATTRIBUTE2%22+ExtnWavingAttrValue%3D%22W41%22+%2F%3E%0A%09%09%09%09%09%3C%2FExtnOrderWavingDataList%3E%0A%09%09%09%09%3C%2FExtn%3E%0A%09%09%09%3C%2FOrder%3E%0A%09%09%3C%2FInput%3E%0A%09%3C%2FAPI%3E%0A%3C%2FMultiApi%3E&amp;timeout=30 
 path_url=/smcfs/interop/InteropHttpServlet?YFSEnvironment.progId=Test&amp;InteropApiName=multiApi&amp;ApiName=MultiApi&amp;YFSEnvironment.userId=admin&amp;YFSEnvironment.password=password&amp;InteropApiData=%3C%21--+ExecuteType%3ASterlingApi+--%3E%0A%3C%21--+ExecuteMethod%3AmultiApi+--%3E%0A%3C%21--TestDesc%3A++--%3E%0A%3CMultiApi%3E%0A%09%3CAPI+FlowName%3D%22UltaCreateOrder%22%3E%0A%09%09%3CInput%3E%0A%09%09%09%3COrder+xmlns%3Atns%3D%22http%3A%2F%2Ftns.tibco.com%2Fbw%2Fjson%2F1680017115271%22+xmlns%3Atns1%3D%22http%3A%2F%2Fwww.example.com%2Fnamespaces%2Ftns%2F1680017352441%22+xmlns%3Axsd%3D%22http%3A%2F%2Fwww.w3.org%2F2001%2FXMLSchema%22+xmlns%3Axsi%3D%22http%3A%2F%2Fwww.w3.org%2F2001%2FXMLSchema-instance%22+xmlns%3Atib%3D%22http%3A%2F%2Fwww.tibco.com%2Fbw%2Fxslt%2Fcustom-functions%22+AuthorizedClient%3D%22ONL%22+ReqDeliveryDate%3D%222025-01-30T13%3A11%3A00.209%2B00%3A00%22+ExtnIsOrderBorderfree%3D%22N%22+DocumentType%3D%220001%22+BypassPricing%3D%22Y%22++ExtnIsPaymentPaypal%3D%22Y%22+OrderDate%3D%222024-12-23T13%3A11%3A00.441%2B00%3A00%22+ExtnIsOrderInternational%3D%22N%22+ExtnIsGiftWrap%3D%22N%22+EntryType%3D%22WEB%22+OrderType%3D%22REGULAR%22+ValidatePromotionAward%3D%22N%22+SellerOrganizationCode%3D%22CCULTA%22+PaymentRuleId%3D%22ULTA_PMT_RULE%22+EnterpriseCode%3D%22CCULTA%22%3E%0A%09%09%09%09%3COrderLines%3E%0A%09%09%09%09%09%3COrderLine+CarrierServiceCode%3D%22STD%22+DeliveryMethod%3D%22SHP%22+PrimeLineNo%3D%221%22+ExtnIsItemHazmat%3D%22N%22+SubLineNo%3D%221%22+SCAC%3D%2202%22+OrderedQty%3D%223.0%22+LineType%3D%22%22+FulfillmentType%3D%22SHIPTOHOME%22+ShipNode%3D%220888%22%3E%0A%09%09%09%09%09%3CItem+UnitOfMeasure%3D%22EACH%22+ItemDesc%3D%22Shea+Butter+Hand+Cream%22+ItemID%3D%222500553%22%2F%3E%0A%09%09%09%09%09%3CLinePriceInfo+IsPriceLocked%3D%22Y%22+ListPrice%3D%2210.0%22+UnitPrice%3D%2210.0%22+%2F%3E%0A%09%09%09%09%09%3CExtn+ExtnIsItemOnSale%3D%22N%22+ExtnATGUnitPriceJson%3D%22%7B%26quot%3BskuPriceDetail%26quot%3B%3A%7B%26quot%3BskuID%26quot%3B%3A%26quot%3B2241131%26quot%3B%2C%26quot%3BpriceDetails%26quot%3B%3A%5B%7B%26quot%3Bprice%26quot%3B%3A30.0%2C%26quot%3Bqty%26quot%3B%3A1%7D%5D%7D%7D%22+ExtnOverriddenDeliveryMethod%3D%22%22+ExtnHazmatStatus%3D%22N%22+ExtnATGLineItemID%3D%226f3063b4-0f4d-4aa7-a94c-c9662c2d71ef%22+%2F%3E%0A%09%09%09%09%3C%2FOrderLine%3E%0A%09%09%09%09%3C%2FOrderLines%3E%0A%09%09%09%09%3CReferences%3E%0A%09%09%09%09%09%3CReference+Name%3D%22EmailOptIn%22+Value%3D%22N%22+%2F%3E%0A%09%09%09%09%09%3CReference+Name%3D%22CardType%22+Value%3D%22VISA%22+%2F%3E%0A%09%09%09%09%09%3CReference+Name%3D%22ChargeAmount%22+Value%3D%2250.00%22+%2F%3E%0A%09%09%09%09%3C%2FReferences%3E%0A%09%09%09%09%3CPersonInfoBillTo+FirstName%3D%22ECOMQA%22+ZipCode%3D%2262249%22+City%3D%22Highland%22+EMailID%3D%22ecomqaoffshore%40ulta.com%22+DayPhone%3D%224086331345%22+MobilePhone%3D%224086331345%22+AddressLine2%3D%22%22+AddressLine1%3D%22104+Autumn+Oaks+Lane%22+State%3D%22IL%22+Country%3D%22US%22+LastName%3D%22ECOMQA%22+%2F%3E%0A%09%09%09%09%3CPersonInfoShipTo+FirstName%3D%22ABCD%22+ZipCode%3D%2260440%22+City%3D%22bolingbrook%22+EMailID%3D%229107081%40ulta.com%22+MobilePhone%3D%229188888888%22+AddressLine1%3D%221000+remington+blvd%22+State%3D%22IL%22+Country%3D%22US%22+LastName%3D%22EFGH%22+%2F%3E%0A%09%09%09%09%3CPaymentMethods%3E%0A%09%09%09%09%09%3CPaymentMethod+MaxChargeLimit%3D%2250.00%22+FirstName%3D%22%22+CreditCardType%3D%22CBCC%22+CreditCardNo%3D%22222360%2A%2A%2A%2A%2A%2A0329%22+ChargeSequence%3D%220%22+DisplayCreditCardNo%3D%220329%22+CreditCardExpDate%3D%22202512%22+CreditCardName%3D%22CREDIT_CARD%22+PaymentType%3D%22CREDIT_CARD%22+LastName%3D%22%22%3E%0A%09%09%09%09%3CPaymentDetailsList%3E%0A%09%09%09%09%09%3CPaymentDetails+RequestAmount%3D%2250.00%22+AuthorizationID%3D%22607893%22+ProcessedAmount%3D%2250.00%22+ChargeType%3D%22AUTHORIZATION%22+%2F%3E%0A%09%09%09%09%3C%2FPaymentDetailsList%3E%0A%09%09%09%09%3CPersonInfoBillTo+FirstName%3D%22Archana%22+ZipCode%3D%2260440%22+City%3D%22BOLINGBROOK%22+EMailID%3D%22sharmaarc83%40gmail.com%22+MobilePhone%3D%228855568885%22+AddressLine2%3D%22%22+AddressLine1%3D%221000+REMINGTON+BLVD%22+State%3D%22IL%22+Country%3D%22US%22+LastName%3D%22Sharma%22+%2F%3E%0A%09%09%09%3C%2FPaymentMethod%3E%0A%09%09%09%09%3C%2FPaymentMethods%3E%0A%09%09%09%09%3CExtn+ExtnIsNonSTDShippingEligible%3D%22Y%22+ExtnOMSSettledOrder%3D%22Y%22+ExtnIsSignatureRequired%3D%22N%22+ExtnReleaseVersion%3D%22R2_2_5%22+ExtnIsGiftWrap%3D%22N%22+ExtnATGOrderTotal%3D%2230.00%22+ExtnDeliveryNotificationPreference%3D%22N%22+ExtnMemberStatus%3D%22%22+ExtnSplitUniqueId%3D%22SC202501159%22%3E%0A%09%09%09%09%09%3CExtnOrderWavingDataList%3E%0A%09%09%09%09%09%09%3CExtnOrderWavingData+ExtnWavingAttrName%3D%22TEST_WAVING_ATTRIBUTE1%22+ExtnWavingAttrValue%3D%22W31%22+%2F%3E%0A%09%09%09%09%09%09%3CExtnOrderWavingData+ExtnWavingAttrName%3D%22TEST_WAVING_ATTRIBUTE2%22+ExtnWavingAttrValue%3D%22W41%22+%2F%3E%0A%09%09%09%09%09%3C%2FExtnOrderWavingDataList%3E%0A%09%09%09%09%3C%2FExtn%3E%0A%09%09%09%3C%2FOrder%3E%0A%09%09%3C%2FInput%3E%0A%09%3C%2FAPI%3E%0A%3C%2FMultiApi%3E&amp;timeout=30 
 headers={'User-Agent': 'python-requests/2.32.3', 'Accept-Encoding': 'gzip, deflate', 'Accept': '*/*', 'Connection': 'keep-alive', 'Content-Length': '0'} 
 body=None 
 </msg>
<msg time="2025-03-09T23:18:40.950529" level="INFO">POST Response : url=http://9.30.252.13:9080/smcfs/interop/InteropHttpServlet?YFSEnvironment.progId=Test&amp;InteropApiName=multiApi&amp;ApiName=MultiApi&amp;YFSEnvironment.userId=admin&amp;YFSEnvironment.password=password&amp;InteropApiData=%3C%21--+ExecuteType%3ASterlingApi+--%3E%0A%3C%21--+ExecuteMethod%3AmultiApi+--%3E%0A%3C%21--TestDesc%3A++--%3E%0A%3CMultiApi%3E%0A%09%3CAPI+FlowName%3D%22UltaCreateOrder%22%3E%0A%09%09%3CInput%3E%0A%09%09%09%3COrder+xmlns%3Atns%3D%22http%3A%2F%2Ftns.tibco.com%2Fbw%2Fjson%2F1680017115271%22+xmlns%3Atns1%3D%22http%3A%2F%2Fwww.example.com%2Fnamespaces%2Ftns%2F1680017352441%22+xmlns%3Axsd%3D%22http%3A%2F%2Fwww.w3.org%2F2001%2FXMLSchema%22+xmlns%3Axsi%3D%22http%3A%2F%2Fwww.w3.org%2F2001%2FXMLSchema-instance%22+xmlns%3Atib%3D%22http%3A%2F%2Fwww.tibco.com%2Fbw%2Fxslt%2Fcustom-functions%22+AuthorizedClient%3D%22ONL%22+ReqDeliveryDate%3D%222025-01-30T13%3A11%3A00.209%2B00%3A00%22+ExtnIsOrderBorderfree%3D%22N%22+DocumentType%3D%220001%22+BypassPricing%3D%22Y%22++ExtnIsPaymentPaypal%3D%22Y%22+OrderDate%3D%222024-12-23T13%3A11%3A00.441%2B00%3A00%22+ExtnIsOrderInternational%3D%22N%22+ExtnIsGiftWrap%3D%22N%22+EntryType%3D%22WEB%22+OrderType%3D%22REGULAR%22+ValidatePromotionAward%3D%22N%22+SellerOrganizationCode%3D%22CCULTA%22+PaymentRuleId%3D%22ULTA_PMT_RULE%22+EnterpriseCode%3D%22CCULTA%22%3E%0A%09%09%09%09%3COrderLines%3E%0A%09%09%09%09%09%3COrderLine+CarrierServiceCode%3D%22STD%22+DeliveryMethod%3D%22SHP%22+PrimeLineNo%3D%221%22+ExtnIsItemHazmat%3D%22N%22+SubLineNo%3D%221%22+SCAC%3D%2202%22+OrderedQty%3D%223.0%22+LineType%3D%22%22+FulfillmentType%3D%22SHIPTOHOME%22+ShipNode%3D%220888%22%3E%0A%09%09%09%09%09%3CItem+UnitOfMeasure%3D%22EACH%22+ItemDesc%3D%22Shea+Butter+Hand+Cream%22+ItemID%3D%222500553%22%2F%3E%0A%09%09%09%09%09%3CLinePriceInfo+IsPriceLocked%3D%22Y%22+ListPrice%3D%2210.0%22+UnitPrice%3D%2210.0%22+%2F%3E%0A%09%09%09%09%09%3CExtn+ExtnIsItemOnSale%3D%22N%22+ExtnATGUnitPriceJson%3D%22%7B%26quot%3BskuPriceDetail%26quot%3B%3A%7B%26quot%3BskuID%26quot%3B%3A%26quot%3B2241131%26quot%3B%2C%26quot%3BpriceDetails%26quot%3B%3A%5B%7B%26quot%3Bprice%26quot%3B%3A30.0%2C%26quot%3Bqty%26quot%3B%3A1%7D%5D%7D%7D%22+ExtnOverriddenDeliveryMethod%3D%22%22+ExtnHazmatStatus%3D%22N%22+ExtnATGLineItemID%3D%226f3063b4-0f4d-4aa7-a94c-c9662c2d71ef%22+%2F%3E%0A%09%09%09%09%3C%2FOrderLine%3E%0A%09%09%09%09%3C%2FOrderLines%3E%0A%09%09%09%09%3CReferences%3E%0A%09%09%09%09%09%3CReference+Name%3D%22EmailOptIn%22+Value%3D%22N%22+%2F%3E%0A%09%09%09%09%09%3CReference+Name%3D%22CardType%22+Value%3D%22VISA%22+%2F%3E%0A%09%09%09%09%09%3CReference+Name%3D%22ChargeAmount%22+Value%3D%2250.00%22+%2F%3E%0A%09%09%09%09%3C%2FReferences%3E%0A%09%09%09%09%3CPersonInfoBillTo+FirstName%3D%22ECOMQA%22+ZipCode%3D%2262249%22+City%3D%22Highland%22+EMailID%3D%22ecomqaoffshore%40ulta.com%22+DayPhone%3D%224086331345%22+MobilePhone%3D%224086331345%22+AddressLine2%3D%22%22+AddressLine1%3D%22104+Autumn+Oaks+Lane%22+State%3D%22IL%22+Country%3D%22US%22+LastName%3D%22ECOMQA%22+%2F%3E%0A%09%09%09%09%3CPersonInfoShipTo+FirstName%3D%22ABCD%22+ZipCode%3D%2260440%22+City%3D%22bolingbrook%22+EMailID%3D%229107081%40ulta.com%22+MobilePhone%3D%229188888888%22+AddressLine1%3D%221000+remington+blvd%22+State%3D%22IL%22+Country%3D%22US%22+LastName%3D%22EFGH%22+%2F%3E%0A%09%09%09%09%3CPaymentMethods%3E%0A%09%09%09%09%09%3CPaymentMethod+MaxChargeLimit%3D%2250.00%22+FirstName%3D%22%22+CreditCardType%3D%22CBCC%22+CreditCardNo%3D%22222360%2A%2A%2A%2A%2A%2A0329%22+ChargeSequence%3D%220%22+DisplayCreditCardNo%3D%220329%22+CreditCardExpDate%3D%22202512%22+CreditCardName%3D%22CREDIT_CARD%22+PaymentType%3D%22CREDIT_CARD%22+LastName%3D%22%22%3E%0A%09%09%09%09%3CPaymentDetailsList%3E%0A%09%09%09%09%09%3CPaymentDetails+RequestAmount%3D%2250.00%22+AuthorizationID%3D%22607893%22+ProcessedAmount%3D%2250.00%22+ChargeType%3D%22AUTHORIZATION%22+%2F%3E%0A%09%09%09%09%3C%2FPaymentDetailsList%3E%0A%09%09%09%09%3CPersonInfoBillTo+FirstName%3D%22Archana%22+ZipCode%3D%2260440%22+City%3D%22BOLINGBROOK%22+EMailID%3D%22sharmaarc83%40gmail.com%22+MobilePhone%3D%228855568885%22+AddressLine2%3D%22%22+AddressLine1%3D%221000+REMINGTON+BLVD%22+State%3D%22IL%22+Country%3D%22US%22+LastName%3D%22Sharma%22+%2F%3E%0A%09%09%09%3C%2FPaymentMethod%3E%0A%09%09%09%09%3C%2FPaymentMethods%3E%0A%09%09%09%09%3CExtn+ExtnIsNonSTDShippingEligible%3D%22Y%22+ExtnOMSSettledOrder%3D%22Y%22+ExtnIsSignatureRequired%3D%22N%22+ExtnReleaseVersion%3D%22R2_2_5%22+ExtnIsGiftWrap%3D%22N%22+ExtnATGOrderTotal%3D%2230.00%22+ExtnDeliveryNotificationPreference%3D%22N%22+ExtnMemberStatus%3D%22%22+ExtnSplitUniqueId%3D%22SC202501159%22%3E%0A%09%09%09%09%09%3CExtnOrderWavingDataList%3E%0A%09%09%09%09%09%09%3CExtnOrderWavingData+ExtnWavingAttrName%3D%22TEST_WAVING_ATTRIBUTE1%22+ExtnWavingAttrValue%3D%22W31%22+%2F%3E%0A%09%09%09%09%09%09%3CExtnOrderWavingData+ExtnWavingAttrName%3D%22TEST_WAVING_ATTRIBUTE2%22+ExtnWavingAttrValue%3D%22W41%22+%2F%3E%0A%09%09%09%09%09%3C%2FExtnOrderWavingDataList%3E%0A%09%09%09%09%3C%2FExtn%3E%0A%09%09%09%3C%2FOrder%3E%0A%09%09%3C%2FInput%3E%0A%09%3C%2FAPI%3E%0A%3C%2FMultiApi%3E&amp;timeout=30 
 status=200, reason=OK 
 headers={'X-FRAME-OPTIONS': 'SAMEORIGIN', 'X-UA-Compatible': 'IE=EmulateIE8', 'InteropSentData': 'true', 'Content-Type': 'text/xml; charset=UTF-8', 'Content-Language': 'en-US', 'Vary': 'Accept-Encoding', 'Content-Encoding': 'gzip', 'Set-Cookie': 'JSESSIONID=00002Lvhc7cJalAV8c2zZ-Mav8m:1da3c8a0-fe1e-4c1e-8843-949a13de123e; Path=/; HttpOnly', 'Transfer-Encoding': 'chunked', 'Date': 'Sun, 09 Mar 2025 17:48:41 GMT', 'Expires': 'Thu, 01 Dec 1994 16:00:00 GMT', 'Cache-Control': 'no-cache="set-cookie, set-cookie2"'} 
 body=&lt;?xml version="1.0" encoding="UTF-8"?&gt;
&lt;MultiApi&gt;&lt;API Name=""&gt;&lt;Output&gt;&lt;Order DocumentType="0001" EnterpriseCode="CCULTA" OrderHeaderKey="20250309174840359201" OrderNo="T100002486"/&gt;&lt;/Output&gt;&lt;/API&gt;&lt;/MultiApi&gt; 
 </msg>
<msg time="2025-03-09T23:18:40.950875" level="INFO">${resp} = &lt;Response [200]&gt;</msg>
<var>${resp}</var>
<arg>${AddData}</arg>
<arg>${req_uri}</arg>
<arg>params=${params}</arg>
<doc>Sends a POST request on a previously created HTTP Session.</doc>
<status status="PASS" start="2025-03-09T23:18:37.861771" elapsed="3.089158"/>
</kw>
<return>
<value>${resp}</value>
<status status="PASS" start="2025-03-09T23:18:40.951088" elapsed="0.000101"/>
</return>
<msg time="2025-03-09T23:18:40.951482" level="INFO">${createOrderResp} = &lt;Response [200]&gt;</msg>
<var>${createOrderResp}</var>
<arg>${createOrder_Input_file_Name}</arg>
<arg>${createOrderReq}</arg>
<status status="PASS" start="2025-03-09T23:18:37.860521" elapsed="3.091008"/>
</kw>
<return>
<value>${createOrderResp}</value>
<status status="PASS" start="2025-03-09T23:18:40.951633" elapsed="0.000063"/>
</return>
<msg time="2025-03-09T23:18:40.951937" level="INFO">${createOrderResp} = &lt;Response [200]&gt;</msg>
<var>${createOrderResp}</var>
<arg>${CUR_DIR}</arg>
<status status="PASS" start="2025-03-09T23:18:37.858866" elapsed="3.093117"/>
</kw>
<kw name="Fetch Order No" owner="setUpForCreateOrder">
<kw name="Get Element" owner="XML">
<msg time="2025-03-09T23:18:40.954921" level="INFO">${order} = &lt;Element 'Order' at 0x000001F609362F20&gt;</msg>
<var>${order}</var>
<arg>${createOrderResp.content}</arg>
<arg>.//Order</arg>
<doc>Returns an element in the ``source`` matching the ``xpath``.</doc>
<status status="PASS" start="2025-03-09T23:18:40.953419" elapsed="0.001561"/>
</kw>
<kw name="Get Element Attribute" owner="XML">
<msg time="2025-03-09T23:18:40.955571" level="INFO">${OrderNo} = T100002486</msg>
<var>${OrderNo}</var>
<arg>${order}</arg>
<arg>OrderNo</arg>
<doc>Returns the named attribute of the specified element.</doc>
<status status="PASS" start="2025-03-09T23:18:40.955246" elapsed="0.000371"/>
</kw>
<return>
<value>${OrderNo}</value>
<status status="PASS" start="2025-03-09T23:18:40.955706" elapsed="0.000036"/>
</return>
<msg time="2025-03-09T23:18:40.955890" level="INFO">${OrderNo} = T100002486</msg>
<var>${OrderNo}</var>
<arg>${createOrderResp}</arg>
<status status="PASS" start="2025-03-09T23:18:40.952786" elapsed="0.003134"/>
</kw>
<kw name="Get Order Details" owner="setUpForCreateOrder">
<kw name="Generic Input File Ord" owner="Prepare_Xml_Content">
<msg time="2025-03-09T23:18:40.966862" level="INFO">${getOrderDetailsxmlRequest} = &lt;MultiApi&gt;
	&lt;API Name="getOrderDetails"&gt;
		&lt;Input&gt;
			&lt;Order DocumentType="0001"  EnterpriseCode="CCULTA" OrderNo="T100002486" /&gt;
		&lt;/Input&gt;
		&lt;Template&gt;
			&lt;Order OrderHeaderKey=""  MaxOrderStatus=""...</msg>
<var>${getOrderDetailsxmlRequest}</var>
<arg>${CUR_DIR}</arg>
<arg>${getOrderDetails_Input_file_Name}</arg>
<arg>${OrderNo}</arg>
<status status="PASS" start="2025-03-09T23:18:40.957024" elapsed="0.009874"/>
</kw>
<kw name="Creating Session Sample1" owner="createSession">
<kw name="Create Session" owner="RequestsLibrary">
<msg time="2025-03-09T23:18:40.967439" level="INFO">Creating Session using : alias=&lt;MultiApi&gt;
	&lt;API Name="getOrderDetails"&gt;
		&lt;Input&gt;
			&lt;Order DocumentType="0001"  EnterpriseCode="CCULTA" OrderNo="T100002486" /&gt;
		&lt;/Input&gt;
		&lt;Template&gt;
			&lt;Order OrderHeaderKey=""  MaxOrderStatus="" Status=""&gt;
				&lt;OrderLines&gt;
					&lt;OrderLine OrderLineKey="" OrderedQty=""/&gt;
				&lt;/OrderLines&gt;
			&lt;/Order&gt;
		&lt;/Template&gt;
	&lt;/API&gt;
&lt;/MultiApi&gt;, url=http://9.30.252.13:9080, headers={},                     cookies={}, auth=None, timeout=None, proxies=None, verify=False,                     debug=0 </msg>
<arg>${AddData}</arg>
<arg>${BASE_URL}</arg>
<doc>Create Session: create a HTTP session to a server</doc>
<status status="PASS" start="2025-03-09T23:18:40.967327" elapsed="0.000242"/>
</kw>
<kw name="Create Dictionary" owner="BuiltIn">
<msg time="2025-03-09T23:18:40.967841" level="INFO">${params} = {'YFSEnvironment.progId': 'Test', 'InteropApiName': 'multiApi', 'ApiName': 'MultiApi', 'YFSEnvironment.userId': 'admin', 'YFSEnvironment.password': 'password', 'InteropApiData': '&lt;MultiApi&gt;\n\t&lt;API Na...</msg>
<var>${params}</var>
<arg>YFSEnvironment.progId=Test</arg>
<arg>InteropApiName=multiApi</arg>
<arg>ApiName=MultiApi</arg>
<arg>YFSEnvironment.userId=admin</arg>
<arg>YFSEnvironment.password=password</arg>
<arg>InteropApiData=${xmlRequest}</arg>
<arg>timeout=30</arg>
<doc>Creates and returns a dictionary based on the given ``items``.</doc>
<status status="PASS" start="2025-03-09T23:18:40.967669" elapsed="0.000186"/>
</kw>
<kw name="POST On Session" owner="RequestsLibrary">
<msg time="2025-03-09T23:18:43.738308" level="INFO">POST Request : url=http://9.30.252.13:9080/smcfs/interop/InteropHttpServlet?YFSEnvironment.progId=Test&amp;InteropApiName=multiApi&amp;ApiName=MultiApi&amp;YFSEnvironment.userId=admin&amp;YFSEnvironment.password=password&amp;InteropApiData=%3CMultiApi%3E%0A%09%3CAPI+Name%3D%22getOrderDetails%22%3E%0A%09%09%3CInput%3E%0A%09%09%09%3COrder+DocumentType%3D%220001%22++EnterpriseCode%3D%22CCULTA%22+OrderNo%3D%22T100002486%22+%2F%3E%0A%09%09%3C%2FInput%3E%0A%09%09%3CTemplate%3E%0A%09%09%09%3COrder+OrderHeaderKey%3D%22%22++MaxOrderStatus%3D%22%22+Status%3D%22%22%3E%0A%09%09%09%09%3COrderLines%3E%0A%09%09%09%09%09%3COrderLine+OrderLineKey%3D%22%22+OrderedQty%3D%22%22%2F%3E%0A%09%09%09%09%3C%2FOrderLines%3E%0A%09%09%09%3C%2FOrder%3E%0A%09%09%3C%2FTemplate%3E%0A%09%3C%2FAPI%3E%0A%3C%2FMultiApi%3E&amp;timeout=30 
 path_url=/smcfs/interop/InteropHttpServlet?YFSEnvironment.progId=Test&amp;InteropApiName=multiApi&amp;ApiName=MultiApi&amp;YFSEnvironment.userId=admin&amp;YFSEnvironment.password=password&amp;InteropApiData=%3CMultiApi%3E%0A%09%3CAPI+Name%3D%22getOrderDetails%22%3E%0A%09%09%3CInput%3E%0A%09%09%09%3COrder+DocumentType%3D%220001%22++EnterpriseCode%3D%22CCULTA%22+OrderNo%3D%22T100002486%22+%2F%3E%0A%09%09%3C%2FInput%3E%0A%09%09%3CTemplate%3E%0A%09%09%09%3COrder+OrderHeaderKey%3D%22%22++MaxOrderStatus%3D%22%22+Status%3D%22%22%3E%0A%09%09%09%09%3COrderLines%3E%0A%09%09%09%09%09%3COrderLine+OrderLineKey%3D%22%22+OrderedQty%3D%22%22%2F%3E%0A%09%09%09%09%3C%2FOrderLines%3E%0A%09%09%09%3C%2FOrder%3E%0A%09%09%3C%2FTemplate%3E%0A%09%3C%2FAPI%3E%0A%3C%2FMultiApi%3E&amp;timeout=30 
 headers={'User-Agent': 'python-requests/2.32.3', 'Accept-Encoding': 'gzip, deflate', 'Accept': '*/*', 'Connection': 'keep-alive', 'Content-Length': '0'} 
 body=None 
 </msg>
<msg time="2025-03-09T23:18:43.738387" level="INFO">POST Response : url=http://9.30.252.13:9080/smcfs/interop/InteropHttpServlet?YFSEnvironment.progId=Test&amp;InteropApiName=multiApi&amp;ApiName=MultiApi&amp;YFSEnvironment.userId=admin&amp;YFSEnvironment.password=password&amp;InteropApiData=%3CMultiApi%3E%0A%09%3CAPI+Name%3D%22getOrderDetails%22%3E%0A%09%09%3CInput%3E%0A%09%09%09%3COrder+DocumentType%3D%220001%22++EnterpriseCode%3D%22CCULTA%22+OrderNo%3D%22T100002486%22+%2F%3E%0A%09%09%3C%2FInput%3E%0A%09%09%3CTemplate%3E%0A%09%09%09%3COrder+OrderHeaderKey%3D%22%22++MaxOrderStatus%3D%22%22+Status%3D%22%22%3E%0A%09%09%09%09%3COrderLines%3E%0A%09%09%09%09%09%3COrderLine+OrderLineKey%3D%22%22+OrderedQty%3D%22%22%2F%3E%0A%09%09%09%09%3C%2FOrderLines%3E%0A%09%09%09%3C%2FOrder%3E%0A%09%09%3C%2FTemplate%3E%0A%09%3C%2FAPI%3E%0A%3C%2FMultiApi%3E&amp;timeout=30 
 status=200, reason=OK 
 headers={'X-FRAME-OPTIONS': 'SAMEORIGIN', 'X-UA-Compatible': 'IE=EmulateIE8', 'InteropSentData': 'true', 'Content-Type': 'text/xml; charset=UTF-8', 'Content-Language': 'en-US', 'Vary': 'Accept-Encoding', 'Content-Encoding': 'gzip', 'Set-Cookie': 'JSESSIONID=0000G2OB8SWI28_ui9IVVRDFqpi:1da3c8a0-fe1e-4c1e-8843-949a13de123e; Path=/; HttpOnly', 'Transfer-Encoding': 'chunked', 'Date': 'Sun, 09 Mar 2025 17:48:43 GMT', 'Expires': 'Thu, 01 Dec 1994 16:00:00 GMT', 'Cache-Control': 'no-cache="set-cookie, set-cookie2"'} 
 body=&lt;?xml version="1.0" encoding="UTF-8"?&gt;
&lt;MultiApi&gt;&lt;API Name="getOrderDetails"&gt;&lt;Output&gt;&lt;Order MaxOrderStatus="1100" OrderHeaderKey="20250309174840359201" Status="Created"&gt;&lt;OrderLines&gt;&lt;OrderLine OrderLineKey="20250309174840359202" OrderedQty="3"/&gt;&lt;/OrderLines&gt;&lt;/Order&gt;&lt;/Output&gt;&lt;/API&gt;&lt;/MultiApi&gt; 
 </msg>
<msg time="2025-03-09T23:18:43.738484" level="INFO">${resp} = &lt;Response [200]&gt;</msg>
<var>${resp}</var>
<arg>${AddData}</arg>
<arg>${req_uri}</arg>
<arg>params=${params}</arg>
<doc>Sends a POST request on a previously created HTTP Session.</doc>
<status status="PASS" start="2025-03-09T23:18:40.967928" elapsed="2.770572"/>
</kw>
<return>
<value>${resp}</value>
<status status="PASS" start="2025-03-09T23:18:43.738576" elapsed="0.000031"/>
</return>
<msg time="2025-03-09T23:18:43.738707" level="INFO">${getOrderDetailResp} = &lt;Response [200]&gt;</msg>
<var>${getOrderDetailResp}</var>
<arg>${getOrderDetailsxmlRequest}</arg>
<arg>${getOrderDetailsxmlRequest}</arg>
<status status="PASS" start="2025-03-09T23:18:40.967068" elapsed="2.771652"/>
</kw>
<kw name="Get Element" owner="XML">
<msg time="2025-03-09T23:18:43.739276" level="INFO">${order} = &lt;Element 'Order' at 0x000001F609363560&gt;</msg>
<var>${order}</var>
<arg>${getOrderDetailResp.content}</arg>
<arg>.//Order</arg>
<doc>Returns an element in the ``source`` matching the ``xpath``.</doc>
<status status="PASS" start="2025-03-09T23:18:43.738823" elapsed="0.000470"/>
</kw>
<kw name="Get Element Attribute" owner="XML">
<msg time="2025-03-09T23:18:43.739476" level="INFO">${Status} = Created</msg>
<var>${Status}</var>
<arg>${order}</arg>
<arg>Status</arg>
<doc>Returns the named attribute of the specified element.</doc>
<status status="PASS" start="2025-03-09T23:18:43.739384" elapsed="0.000105"/>
</kw>
<kw name="Should Be Equal As Strings" owner="BuiltIn">
<arg>${Status}</arg>
<arg>${status_name}</arg>
<doc>Fails if objects are unequal after converting them to strings.</doc>
<status status="PASS" start="2025-03-09T23:18:43.739557" elapsed="0.000101"/>
</kw>
<return>
<value>${getOrderDetailResp}</value>
<status status="PASS" start="2025-03-09T23:18:43.739685" elapsed="0.000020"/>
</return>
<arg>${CUR_DIR}</arg>
<arg>Created</arg>
<arg>${OrderNo}</arg>
<status status="PASS" start="2025-03-09T23:18:40.956484" elapsed="2.783277"/>
</kw>
<tag>CREATEORDER</tag>
<tag>HAPPYFLOW</tag>
<tag>REGRESSION</tag>
<tag>skip</tag>
<tag>ULTA</tag>
<status status="PASS" start="2025-03-09T23:18:37.857825" elapsed="5.882275"/>
</test>
<test id="s1-s1-s1-s1-t2" name="Schedule Order TC_001" line="19">
<kw name="Create Order" owner="setUpForCreateOrder">
<kw name="Generic Input File" owner="Prepare_Xml_Content">
<msg time="2025-03-09T23:18:43.741670" level="INFO">${createOrderReq} = &lt;!-- ExecuteType:SterlingApi --&gt;
&lt;!-- ExecuteMethod:multiApi --&gt;
&lt;!--TestDesc:  --&gt;
&lt;MultiApi&gt;
	&lt;API FlowName="UltaCreateOrder"&gt;
		&lt;Input&gt;
			&lt;Order xmlns:tns="http://tns.tibco.com/bw/json/16800171152...</msg>
<var>${createOrderReq}</var>
<arg>${CUR_DIR}</arg>
<arg>${createOrder_Input_file_Name}</arg>
<status status="PASS" start="2025-03-09T23:18:43.741380" elapsed="0.000312"/>
</kw>
<kw name="Creating Session Sample1" owner="createSession">
<kw name="Create Session" owner="RequestsLibrary">
<msg time="2025-03-09T23:18:43.742042" level="INFO">Creating Session using : alias=createOrder, url=http://9.30.252.13:9080, headers={},                     cookies={}, auth=None, timeout=None, proxies=None, verify=False,                     debug=0 </msg>
<arg>${AddData}</arg>
<arg>${BASE_URL}</arg>
<doc>Create Session: create a HTTP session to a server</doc>
<status status="PASS" start="2025-03-09T23:18:43.741968" elapsed="0.000159"/>
</kw>
<kw name="Create Dictionary" owner="BuiltIn">
<msg time="2025-03-09T23:18:43.742352" level="INFO">${params} = {'YFSEnvironment.progId': 'Test', 'InteropApiName': 'multiApi', 'ApiName': 'MultiApi', 'YFSEnvironment.userId': 'admin', 'YFSEnvironment.password': 'password', 'InteropApiData': '&lt;!-- ExecuteType:Ster...</msg>
<var>${params}</var>
<arg>YFSEnvironment.progId=Test</arg>
<arg>InteropApiName=multiApi</arg>
<arg>ApiName=MultiApi</arg>
<arg>YFSEnvironment.userId=admin</arg>
<arg>YFSEnvironment.password=password</arg>
<arg>InteropApiData=${xmlRequest}</arg>
<arg>timeout=30</arg>
<doc>Creates and returns a dictionary based on the given ``items``.</doc>
<status status="PASS" start="2025-03-09T23:18:43.742197" elapsed="0.000169"/>
</kw>
<kw name="POST On Session" owner="RequestsLibrary">
<msg time="2025-03-09T23:18:46.589034" level="INFO">POST Request : url=http://9.30.252.13:9080/smcfs/interop/InteropHttpServlet?YFSEnvironment.progId=Test&amp;InteropApiName=multiApi&amp;ApiName=MultiApi&amp;YFSEnvironment.userId=admin&amp;YFSEnvironment.password=password&amp;InteropApiData=%3C%21--+ExecuteType%3ASterlingApi+--%3E%0A%3C%21--+ExecuteMethod%3AmultiApi+--%3E%0A%3C%21--TestDesc%3A++--%3E%0A%3CMultiApi%3E%0A%09%3CAPI+FlowName%3D%22UltaCreateOrder%22%3E%0A%09%09%3CInput%3E%0A%09%09%09%3COrder+xmlns%3Atns%3D%22http%3A%2F%2Ftns.tibco.com%2Fbw%2Fjson%2F1680017115271%22+xmlns%3Atns1%3D%22http%3A%2F%2Fwww.example.com%2Fnamespaces%2Ftns%2F1680017352441%22+xmlns%3Axsd%3D%22http%3A%2F%2Fwww.w3.org%2F2001%2FXMLSchema%22+xmlns%3Axsi%3D%22http%3A%2F%2Fwww.w3.org%2F2001%2FXMLSchema-instance%22+xmlns%3Atib%3D%22http%3A%2F%2Fwww.tibco.com%2Fbw%2Fxslt%2Fcustom-functions%22+AuthorizedClient%3D%22ONL%22+ReqDeliveryDate%3D%222025-01-30T13%3A11%3A00.209%2B00%3A00%22+ExtnIsOrderBorderfree%3D%22N%22+DocumentType%3D%220001%22+BypassPricing%3D%22Y%22++ExtnIsPaymentPaypal%3D%22Y%22+OrderDate%3D%222024-12-23T13%3A11%3A00.441%2B00%3A00%22+ExtnIsOrderInternational%3D%22N%22+ExtnIsGiftWrap%3D%22N%22+EntryType%3D%22WEB%22+OrderType%3D%22REGULAR%22+ValidatePromotionAward%3D%22N%22+SellerOrganizationCode%3D%22CCULTA%22+PaymentRuleId%3D%22ULTA_PMT_RULE%22+EnterpriseCode%3D%22CCULTA%22%3E%0A%09%09%09%09%3COrderLines%3E%0A%09%09%09%09%09%3COrderLine+CarrierServiceCode%3D%22STD%22+DeliveryMethod%3D%22SHP%22+PrimeLineNo%3D%221%22+ExtnIsItemHazmat%3D%22N%22+SubLineNo%3D%221%22+SCAC%3D%2202%22+OrderedQty%3D%223.0%22+LineType%3D%22%22+FulfillmentType%3D%22SHIPTOHOME%22+ShipNode%3D%220888%22%3E%0A%09%09%09%09%09%3CItem+UnitOfMeasure%3D%22EACH%22+ItemDesc%3D%22Shea+Butter+Hand+Cream%22+ItemID%3D%222500553%22%2F%3E%0A%09%09%09%09%09%3CLinePriceInfo+IsPriceLocked%3D%22Y%22+ListPrice%3D%2210.0%22+UnitPrice%3D%2210.0%22+%2F%3E%0A%09%09%09%09%09%3CExtn+ExtnIsItemOnSale%3D%22N%22+ExtnATGUnitPriceJson%3D%22%7B%26quot%3BskuPriceDetail%26quot%3B%3A%7B%26quot%3BskuID%26quot%3B%3A%26quot%3B2241131%26quot%3B%2C%26quot%3BpriceDetails%26quot%3B%3A%5B%7B%26quot%3Bprice%26quot%3B%3A30.0%2C%26quot%3Bqty%26quot%3B%3A1%7D%5D%7D%7D%22+ExtnOverriddenDeliveryMethod%3D%22%22+ExtnHazmatStatus%3D%22N%22+ExtnATGLineItemID%3D%226f3063b4-0f4d-4aa7-a94c-c9662c2d71ef%22+%2F%3E%0A%09%09%09%09%3C%2FOrderLine%3E%0A%09%09%09%09%3C%2FOrderLines%3E%0A%09%09%09%09%3CReferences%3E%0A%09%09%09%09%09%3CReference+Name%3D%22EmailOptIn%22+Value%3D%22N%22+%2F%3E%0A%09%09%09%09%09%3CReference+Name%3D%22CardType%22+Value%3D%22VISA%22+%2F%3E%0A%09%09%09%09%09%3CReference+Name%3D%22ChargeAmount%22+Value%3D%2250.00%22+%2F%3E%0A%09%09%09%09%3C%2FReferences%3E%0A%09%09%09%09%3CPersonInfoBillTo+FirstName%3D%22ECOMQA%22+ZipCode%3D%2262249%22+City%3D%22Highland%22+EMailID%3D%22ecomqaoffshore%40ulta.com%22+DayPhone%3D%224086331345%22+MobilePhone%3D%224086331345%22+AddressLine2%3D%22%22+AddressLine1%3D%22104+Autumn+Oaks+Lane%22+State%3D%22IL%22+Country%3D%22US%22+LastName%3D%22ECOMQA%22+%2F%3E%0A%09%09%09%09%3CPersonInfoShipTo+FirstName%3D%22ABCD%22+ZipCode%3D%2260440%22+City%3D%22bolingbrook%22+EMailID%3D%229107081%40ulta.com%22+MobilePhone%3D%229188888888%22+AddressLine1%3D%221000+remington+blvd%22+State%3D%22IL%22+Country%3D%22US%22+LastName%3D%22EFGH%22+%2F%3E%0A%09%09%09%09%3CPaymentMethods%3E%0A%09%09%09%09%09%3CPaymentMethod+MaxChargeLimit%3D%2250.00%22+FirstName%3D%22%22+CreditCardType%3D%22CBCC%22+CreditCardNo%3D%22222360%2A%2A%2A%2A%2A%2A0329%22+ChargeSequence%3D%220%22+DisplayCreditCardNo%3D%220329%22+CreditCardExpDate%3D%22202512%22+CreditCardName%3D%22CREDIT_CARD%22+PaymentType%3D%22CREDIT_CARD%22+LastName%3D%22%22%3E%0A%09%09%09%09%3CPaymentDetailsList%3E%0A%09%09%09%09%09%3CPaymentDetails+RequestAmount%3D%2250.00%22+AuthorizationID%3D%22607893%22+ProcessedAmount%3D%2250.00%22+ChargeType%3D%22AUTHORIZATION%22+%2F%3E%0A%09%09%09%09%3C%2FPaymentDetailsList%3E%0A%09%09%09%09%3CPersonInfoBillTo+FirstName%3D%22Archana%22+ZipCode%3D%2260440%22+City%3D%22BOLINGBROOK%22+EMailID%3D%22sharmaarc83%40gmail.com%22+MobilePhone%3D%228855568885%22+AddressLine2%3D%22%22+AddressLine1%3D%221000+REMINGTON+BLVD%22+State%3D%22IL%22+Country%3D%22US%22+LastName%3D%22Sharma%22+%2F%3E%0A%09%09%09%3C%2FPaymentMethod%3E%0A%09%09%09%09%3C%2FPaymentMethods%3E%0A%09%09%09%09%3CExtn+ExtnIsNonSTDShippingEligible%3D%22Y%22+ExtnOMSSettledOrder%3D%22Y%22+ExtnIsSignatureRequired%3D%22N%22+ExtnReleaseVersion%3D%22R2_2_5%22+ExtnIsGiftWrap%3D%22N%22+ExtnATGOrderTotal%3D%2230.00%22+ExtnDeliveryNotificationPreference%3D%22N%22+ExtnMemberStatus%3D%22%22+ExtnSplitUniqueId%3D%22SC202501159%22%3E%0A%09%09%09%09%09%3CExtnOrderWavingDataList%3E%0A%09%09%09%09%09%09%3CExtnOrderWavingData+ExtnWavingAttrName%3D%22TEST_WAVING_ATTRIBUTE1%22+ExtnWavingAttrValue%3D%22W31%22+%2F%3E%0A%09%09%09%09%09%09%3CExtnOrderWavingData+ExtnWavingAttrName%3D%22TEST_WAVING_ATTRIBUTE2%22+ExtnWavingAttrValue%3D%22W41%22+%2F%3E%0A%09%09%09%09%09%3C%2FExtnOrderWavingDataList%3E%0A%09%09%09%09%3C%2FExtn%3E%0A%09%09%09%3C%2FOrder%3E%0A%09%09%3C%2FInput%3E%0A%09%3C%2FAPI%3E%0A%3C%2FMultiApi%3E&amp;timeout=30 
 path_url=/smcfs/interop/InteropHttpServlet?YFSEnvironment.progId=Test&amp;InteropApiName=multiApi&amp;ApiName=MultiApi&amp;YFSEnvironment.userId=admin&amp;YFSEnvironment.password=password&amp;InteropApiData=%3C%21--+ExecuteType%3ASterlingApi+--%3E%0A%3C%21--+ExecuteMethod%3AmultiApi+--%3E%0A%3C%21--TestDesc%3A++--%3E%0A%3CMultiApi%3E%0A%09%3CAPI+FlowName%3D%22UltaCreateOrder%22%3E%0A%09%09%3CInput%3E%0A%09%09%09%3COrder+xmlns%3Atns%3D%22http%3A%2F%2Ftns.tibco.com%2Fbw%2Fjson%2F1680017115271%22+xmlns%3Atns1%3D%22http%3A%2F%2Fwww.example.com%2Fnamespaces%2Ftns%2F1680017352441%22+xmlns%3Axsd%3D%22http%3A%2F%2Fwww.w3.org%2F2001%2FXMLSchema%22+xmlns%3Axsi%3D%22http%3A%2F%2Fwww.w3.org%2F2001%2FXMLSchema-instance%22+xmlns%3Atib%3D%22http%3A%2F%2Fwww.tibco.com%2Fbw%2Fxslt%2Fcustom-functions%22+AuthorizedClient%3D%22ONL%22+ReqDeliveryDate%3D%222025-01-30T13%3A11%3A00.209%2B00%3A00%22+ExtnIsOrderBorderfree%3D%22N%22+DocumentType%3D%220001%22+BypassPricing%3D%22Y%22++ExtnIsPaymentPaypal%3D%22Y%22+OrderDate%3D%222024-12-23T13%3A11%3A00.441%2B00%3A00%22+ExtnIsOrderInternational%3D%22N%22+ExtnIsGiftWrap%3D%22N%22+EntryType%3D%22WEB%22+OrderType%3D%22REGULAR%22+ValidatePromotionAward%3D%22N%22+SellerOrganizationCode%3D%22CCULTA%22+PaymentRuleId%3D%22ULTA_PMT_RULE%22+EnterpriseCode%3D%22CCULTA%22%3E%0A%09%09%09%09%3COrderLines%3E%0A%09%09%09%09%09%3COrderLine+CarrierServiceCode%3D%22STD%22+DeliveryMethod%3D%22SHP%22+PrimeLineNo%3D%221%22+ExtnIsItemHazmat%3D%22N%22+SubLineNo%3D%221%22+SCAC%3D%2202%22+OrderedQty%3D%223.0%22+LineType%3D%22%22+FulfillmentType%3D%22SHIPTOHOME%22+ShipNode%3D%220888%22%3E%0A%09%09%09%09%09%3CItem+UnitOfMeasure%3D%22EACH%22+ItemDesc%3D%22Shea+Butter+Hand+Cream%22+ItemID%3D%222500553%22%2F%3E%0A%09%09%09%09%09%3CLinePriceInfo+IsPriceLocked%3D%22Y%22+ListPrice%3D%2210.0%22+UnitPrice%3D%2210.0%22+%2F%3E%0A%09%09%09%09%09%3CExtn+ExtnIsItemOnSale%3D%22N%22+ExtnATGUnitPriceJson%3D%22%7B%26quot%3BskuPriceDetail%26quot%3B%3A%7B%26quot%3BskuID%26quot%3B%3A%26quot%3B2241131%26quot%3B%2C%26quot%3BpriceDetails%26quot%3B%3A%5B%7B%26quot%3Bprice%26quot%3B%3A30.0%2C%26quot%3Bqty%26quot%3B%3A1%7D%5D%7D%7D%22+ExtnOverriddenDeliveryMethod%3D%22%22+ExtnHazmatStatus%3D%22N%22+ExtnATGLineItemID%3D%226f3063b4-0f4d-4aa7-a94c-c9662c2d71ef%22+%2F%3E%0A%09%09%09%09%3C%2FOrderLine%3E%0A%09%09%09%09%3C%2FOrderLines%3E%0A%09%09%09%09%3CReferences%3E%0A%09%09%09%09%09%3CReference+Name%3D%22EmailOptIn%22+Value%3D%22N%22+%2F%3E%0A%09%09%09%09%09%3CReference+Name%3D%22CardType%22+Value%3D%22VISA%22+%2F%3E%0A%09%09%09%09%09%3CReference+Name%3D%22ChargeAmount%22+Value%3D%2250.00%22+%2F%3E%0A%09%09%09%09%3C%2FReferences%3E%0A%09%09%09%09%3CPersonInfoBillTo+FirstName%3D%22ECOMQA%22+ZipCode%3D%2262249%22+City%3D%22Highland%22+EMailID%3D%22ecomqaoffshore%40ulta.com%22+DayPhone%3D%224086331345%22+MobilePhone%3D%224086331345%22+AddressLine2%3D%22%22+AddressLine1%3D%22104+Autumn+Oaks+Lane%22+State%3D%22IL%22+Country%3D%22US%22+LastName%3D%22ECOMQA%22+%2F%3E%0A%09%09%09%09%3CPersonInfoShipTo+FirstName%3D%22ABCD%22+ZipCode%3D%2260440%22+City%3D%22bolingbrook%22+EMailID%3D%229107081%40ulta.com%22+MobilePhone%3D%229188888888%22+AddressLine1%3D%221000+remington+blvd%22+State%3D%22IL%22+Country%3D%22US%22+LastName%3D%22EFGH%22+%2F%3E%0A%09%09%09%09%3CPaymentMethods%3E%0A%09%09%09%09%09%3CPaymentMethod+MaxChargeLimit%3D%2250.00%22+FirstName%3D%22%22+CreditCardType%3D%22CBCC%22+CreditCardNo%3D%22222360%2A%2A%2A%2A%2A%2A0329%22+ChargeSequence%3D%220%22+DisplayCreditCardNo%3D%220329%22+CreditCardExpDate%3D%22202512%22+CreditCardName%3D%22CREDIT_CARD%22+PaymentType%3D%22CREDIT_CARD%22+LastName%3D%22%22%3E%0A%09%09%09%09%3CPaymentDetailsList%3E%0A%09%09%09%09%09%3CPaymentDetails+RequestAmount%3D%2250.00%22+AuthorizationID%3D%22607893%22+ProcessedAmount%3D%2250.00%22+ChargeType%3D%22AUTHORIZATION%22+%2F%3E%0A%09%09%09%09%3C%2FPaymentDetailsList%3E%0A%09%09%09%09%3CPersonInfoBillTo+FirstName%3D%22Archana%22+ZipCode%3D%2260440%22+City%3D%22BOLINGBROOK%22+EMailID%3D%22sharmaarc83%40gmail.com%22+MobilePhone%3D%228855568885%22+AddressLine2%3D%22%22+AddressLine1%3D%221000+REMINGTON+BLVD%22+State%3D%22IL%22+Country%3D%22US%22+LastName%3D%22Sharma%22+%2F%3E%0A%09%09%09%3C%2FPaymentMethod%3E%0A%09%09%09%09%3C%2FPaymentMethods%3E%0A%09%09%09%09%3CExtn+ExtnIsNonSTDShippingEligible%3D%22Y%22+ExtnOMSSettledOrder%3D%22Y%22+ExtnIsSignatureRequired%3D%22N%22+ExtnReleaseVersion%3D%22R2_2_5%22+ExtnIsGiftWrap%3D%22N%22+ExtnATGOrderTotal%3D%2230.00%22+ExtnDeliveryNotificationPreference%3D%22N%22+ExtnMemberStatus%3D%22%22+ExtnSplitUniqueId%3D%22SC202501159%22%3E%0A%09%09%09%09%09%3CExtnOrderWavingDataList%3E%0A%09%09%09%09%09%09%3CExtnOrderWavingData+ExtnWavingAttrName%3D%22TEST_WAVING_ATTRIBUTE1%22+ExtnWavingAttrValue%3D%22W31%22+%2F%3E%0A%09%09%09%09%09%09%3CExtnOrderWavingData+ExtnWavingAttrName%3D%22TEST_WAVING_ATTRIBUTE2%22+ExtnWavingAttrValue%3D%22W41%22+%2F%3E%0A%09%09%09%09%09%3C%2FExtnOrderWavingDataList%3E%0A%09%09%09%09%3C%2FExtn%3E%0A%09%09%09%3C%2FOrder%3E%0A%09%09%3C%2FInput%3E%0A%09%3C%2FAPI%3E%0A%3C%2FMultiApi%3E&amp;timeout=30 
 headers={'User-Agent': 'python-requests/2.32.3', 'Accept-Encoding': 'gzip, deflate', 'Accept': '*/*', 'Connection': 'keep-alive', 'Content-Length': '0'} 
 body=None 
 </msg>
<msg time="2025-03-09T23:18:46.589582" level="INFO">POST Response : url=http://9.30.252.13:9080/smcfs/interop/InteropHttpServlet?YFSEnvironment.progId=Test&amp;InteropApiName=multiApi&amp;ApiName=MultiApi&amp;YFSEnvironment.userId=admin&amp;YFSEnvironment.password=password&amp;InteropApiData=%3C%21--+ExecuteType%3ASterlingApi+--%3E%0A%3C%21--+ExecuteMethod%3AmultiApi+--%3E%0A%3C%21--TestDesc%3A++--%3E%0A%3CMultiApi%3E%0A%09%3CAPI+FlowName%3D%22UltaCreateOrder%22%3E%0A%09%09%3CInput%3E%0A%09%09%09%3COrder+xmlns%3Atns%3D%22http%3A%2F%2Ftns.tibco.com%2Fbw%2Fjson%2F1680017115271%22+xmlns%3Atns1%3D%22http%3A%2F%2Fwww.example.com%2Fnamespaces%2Ftns%2F1680017352441%22+xmlns%3Axsd%3D%22http%3A%2F%2Fwww.w3.org%2F2001%2FXMLSchema%22+xmlns%3Axsi%3D%22http%3A%2F%2Fwww.w3.org%2F2001%2FXMLSchema-instance%22+xmlns%3Atib%3D%22http%3A%2F%2Fwww.tibco.com%2Fbw%2Fxslt%2Fcustom-functions%22+AuthorizedClient%3D%22ONL%22+ReqDeliveryDate%3D%222025-01-30T13%3A11%3A00.209%2B00%3A00%22+ExtnIsOrderBorderfree%3D%22N%22+DocumentType%3D%220001%22+BypassPricing%3D%22Y%22++ExtnIsPaymentPaypal%3D%22Y%22+OrderDate%3D%222024-12-23T13%3A11%3A00.441%2B00%3A00%22+ExtnIsOrderInternational%3D%22N%22+ExtnIsGiftWrap%3D%22N%22+EntryType%3D%22WEB%22+OrderType%3D%22REGULAR%22+ValidatePromotionAward%3D%22N%22+SellerOrganizationCode%3D%22CCULTA%22+PaymentRuleId%3D%22ULTA_PMT_RULE%22+EnterpriseCode%3D%22CCULTA%22%3E%0A%09%09%09%09%3COrderLines%3E%0A%09%09%09%09%09%3COrderLine+CarrierServiceCode%3D%22STD%22+DeliveryMethod%3D%22SHP%22+PrimeLineNo%3D%221%22+ExtnIsItemHazmat%3D%22N%22+SubLineNo%3D%221%22+SCAC%3D%2202%22+OrderedQty%3D%223.0%22+LineType%3D%22%22+FulfillmentType%3D%22SHIPTOHOME%22+ShipNode%3D%220888%22%3E%0A%09%09%09%09%09%3CItem+UnitOfMeasure%3D%22EACH%22+ItemDesc%3D%22Shea+Butter+Hand+Cream%22+ItemID%3D%222500553%22%2F%3E%0A%09%09%09%09%09%3CLinePriceInfo+IsPriceLocked%3D%22Y%22+ListPrice%3D%2210.0%22+UnitPrice%3D%2210.0%22+%2F%3E%0A%09%09%09%09%09%3CExtn+ExtnIsItemOnSale%3D%22N%22+ExtnATGUnitPriceJson%3D%22%7B%26quot%3BskuPriceDetail%26quot%3B%3A%7B%26quot%3BskuID%26quot%3B%3A%26quot%3B2241131%26quot%3B%2C%26quot%3BpriceDetails%26quot%3B%3A%5B%7B%26quot%3Bprice%26quot%3B%3A30.0%2C%26quot%3Bqty%26quot%3B%3A1%7D%5D%7D%7D%22+ExtnOverriddenDeliveryMethod%3D%22%22+ExtnHazmatStatus%3D%22N%22+ExtnATGLineItemID%3D%226f3063b4-0f4d-4aa7-a94c-c9662c2d71ef%22+%2F%3E%0A%09%09%09%09%3C%2FOrderLine%3E%0A%09%09%09%09%3C%2FOrderLines%3E%0A%09%09%09%09%3CReferences%3E%0A%09%09%09%09%09%3CReference+Name%3D%22EmailOptIn%22+Value%3D%22N%22+%2F%3E%0A%09%09%09%09%09%3CReference+Name%3D%22CardType%22+Value%3D%22VISA%22+%2F%3E%0A%09%09%09%09%09%3CReference+Name%3D%22ChargeAmount%22+Value%3D%2250.00%22+%2F%3E%0A%09%09%09%09%3C%2FReferences%3E%0A%09%09%09%09%3CPersonInfoBillTo+FirstName%3D%22ECOMQA%22+ZipCode%3D%2262249%22+City%3D%22Highland%22+EMailID%3D%22ecomqaoffshore%40ulta.com%22+DayPhone%3D%224086331345%22+MobilePhone%3D%224086331345%22+AddressLine2%3D%22%22+AddressLine1%3D%22104+Autumn+Oaks+Lane%22+State%3D%22IL%22+Country%3D%22US%22+LastName%3D%22ECOMQA%22+%2F%3E%0A%09%09%09%09%3CPersonInfoShipTo+FirstName%3D%22ABCD%22+ZipCode%3D%2260440%22+City%3D%22bolingbrook%22+EMailID%3D%229107081%40ulta.com%22+MobilePhone%3D%229188888888%22+AddressLine1%3D%221000+remington+blvd%22+State%3D%22IL%22+Country%3D%22US%22+LastName%3D%22EFGH%22+%2F%3E%0A%09%09%09%09%3CPaymentMethods%3E%0A%09%09%09%09%09%3CPaymentMethod+MaxChargeLimit%3D%2250.00%22+FirstName%3D%22%22+CreditCardType%3D%22CBCC%22+CreditCardNo%3D%22222360%2A%2A%2A%2A%2A%2A0329%22+ChargeSequence%3D%220%22+DisplayCreditCardNo%3D%220329%22+CreditCardExpDate%3D%22202512%22+CreditCardName%3D%22CREDIT_CARD%22+PaymentType%3D%22CREDIT_CARD%22+LastName%3D%22%22%3E%0A%09%09%09%09%3CPaymentDetailsList%3E%0A%09%09%09%09%09%3CPaymentDetails+RequestAmount%3D%2250.00%22+AuthorizationID%3D%22607893%22+ProcessedAmount%3D%2250.00%22+ChargeType%3D%22AUTHORIZATION%22+%2F%3E%0A%09%09%09%09%3C%2FPaymentDetailsList%3E%0A%09%09%09%09%3CPersonInfoBillTo+FirstName%3D%22Archana%22+ZipCode%3D%2260440%22+City%3D%22BOLINGBROOK%22+EMailID%3D%22sharmaarc83%40gmail.com%22+MobilePhone%3D%228855568885%22+AddressLine2%3D%22%22+AddressLine1%3D%221000+REMINGTON+BLVD%22+State%3D%22IL%22+Country%3D%22US%22+LastName%3D%22Sharma%22+%2F%3E%0A%09%09%09%3C%2FPaymentMethod%3E%0A%09%09%09%09%3C%2FPaymentMethods%3E%0A%09%09%09%09%3CExtn+ExtnIsNonSTDShippingEligible%3D%22Y%22+ExtnOMSSettledOrder%3D%22Y%22+ExtnIsSignatureRequired%3D%22N%22+ExtnReleaseVersion%3D%22R2_2_5%22+ExtnIsGiftWrap%3D%22N%22+ExtnATGOrderTotal%3D%2230.00%22+ExtnDeliveryNotificationPreference%3D%22N%22+ExtnMemberStatus%3D%22%22+ExtnSplitUniqueId%3D%22SC202501159%22%3E%0A%09%09%09%09%09%3CExtnOrderWavingDataList%3E%0A%09%09%09%09%09%09%3CExtnOrderWavingData+ExtnWavingAttrName%3D%22TEST_WAVING_ATTRIBUTE1%22+ExtnWavingAttrValue%3D%22W31%22+%2F%3E%0A%09%09%09%09%09%09%3CExtnOrderWavingData+ExtnWavingAttrName%3D%22TEST_WAVING_ATTRIBUTE2%22+ExtnWavingAttrValue%3D%22W41%22+%2F%3E%0A%09%09%09%09%09%3C%2FExtnOrderWavingDataList%3E%0A%09%09%09%09%3C%2FExtn%3E%0A%09%09%09%3C%2FOrder%3E%0A%09%09%3C%2FInput%3E%0A%09%3C%2FAPI%3E%0A%3C%2FMultiApi%3E&amp;timeout=30 
 status=200, reason=OK 
 headers={'X-FRAME-OPTIONS': 'SAMEORIGIN', 'X-UA-Compatible': 'IE=EmulateIE8', 'InteropSentData': 'true', 'Content-Type': 'text/xml; charset=UTF-8', 'Content-Language': 'en-US', 'Vary': 'Accept-Encoding', 'Content-Encoding': 'gzip', 'Set-Cookie': 'JSESSIONID=0000J8n-yXx4QMlsNunYArJ2E1L:1da3c8a0-fe1e-4c1e-8843-949a13de123e; Path=/; HttpOnly', 'Transfer-Encoding': 'chunked', 'Date': 'Sun, 09 Mar 2025 17:48:46 GMT', 'Expires': 'Thu, 01 Dec 1994 16:00:00 GMT', 'Cache-Control': 'no-cache="set-cookie, set-cookie2"'} 
 body=&lt;?xml version="1.0" encoding="UTF-8"?&gt;
&lt;MultiApi&gt;&lt;API Name=""&gt;&lt;Output&gt;&lt;Order DocumentType="0001" EnterpriseCode="CCULTA" OrderHeaderKey="20250309174846359218" OrderNo="T100002487"/&gt;&lt;/Output&gt;&lt;/API&gt;&lt;/MultiApi&gt; 
 </msg>
<msg time="2025-03-09T23:18:46.589937" level="INFO">${resp} = &lt;Response [200]&gt;</msg>
<var>${resp}</var>
<arg>${AddData}</arg>
<arg>${req_uri}</arg>
<arg>params=${params}</arg>
<doc>Sends a POST request on a previously created HTTP Session.</doc>
<status status="PASS" start="2025-03-09T23:18:43.742435" elapsed="2.847558"/>
</kw>
<return>
<value>${resp}</value>
<status status="PASS" start="2025-03-09T23:18:46.590135" elapsed="0.000078"/>
</return>
<msg time="2025-03-09T23:18:46.590521" level="INFO">${createOrderResp} = &lt;Response [200]&gt;</msg>
<var>${createOrderResp}</var>
<arg>${createOrder_Input_file_Name}</arg>
<arg>${createOrderReq}</arg>
<status status="PASS" start="2025-03-09T23:18:43.741795" elapsed="2.848775"/>
</kw>
<return>
<value>${createOrderResp}</value>
<status status="PASS" start="2025-03-09T23:18:46.590668" elapsed="0.000049"/>
</return>
<msg time="2025-03-09T23:18:46.590938" level="INFO">${createOrderResp} = &lt;Response [200]&gt;</msg>
<var>${createOrderResp}</var>
<arg>${CUR_DIR}</arg>
<status status="PASS" start="2025-03-09T23:18:43.741194" elapsed="2.849789"/>
</kw>
<kw name="Fetch Order No" owner="setUpForCreateOrder">
<kw name="Get Element" owner="XML">
<msg time="2025-03-09T23:18:46.592968" level="INFO">${order} = &lt;Element 'Order' at 0x000001F609363880&gt;</msg>
<var>${order}</var>
<arg>${createOrderResp.content}</arg>
<arg>.//Order</arg>
<doc>Returns an element in the ``source`` matching the ``xpath``.</doc>
<status status="PASS" start="2025-03-09T23:18:46.592377" elapsed="0.000606"/>
</kw>
<kw name="Get Element Attribute" owner="XML">
<msg time="2025-03-09T23:18:46.593133" level="INFO">${OrderNo} = T100002487</msg>
<var>${OrderNo}</var>
<arg>${order}</arg>
<arg>OrderNo</arg>
<doc>Returns the named attribute of the specified element.</doc>
<status status="PASS" start="2025-03-09T23:18:46.593053" elapsed="0.000092"/>
</kw>
<return>
<value>${OrderNo}</value>
<status status="PASS" start="2025-03-09T23:18:46.593171" elapsed="0.000014"/>
</return>
<msg time="2025-03-09T23:18:46.593250" level="INFO">${OrderNo} = T100002487</msg>
<var>${OrderNo}</var>
<arg>${createOrderResp}</arg>
<status status="PASS" start="2025-03-09T23:18:46.591766" elapsed="0.001496"/>
</kw>
<kw name="Manage MultiApi Ulta" owner="setUpForCreateOrder">
<kw name="Creating Session ULTA" owner="createSession">
<kw name="Create List" owner="BuiltIn">
<msg time="2025-03-09T23:18:46.594017" level="INFO">${auth} = ['admin', 'password']</msg>
<var>${auth}</var>
<arg>${user}</arg>
<arg>${passwd}</arg>
<doc>Returns a list containing given items.</doc>
<status status="PASS" start="2025-03-09T23:18:46.593931" elapsed="0.000100"/>
</kw>
<kw name="Create Session" owner="RequestsLibrary">
<msg time="2025-03-09T23:18:46.594276" level="INFO">Creating Session using : alias=scheduleOrder, url=http://9.30.252.13:9080/smcfs/restapi/invoke/scheduleOrder, headers={'Content-Type': 'application/xml', 'Authorization': 'Basic YWRtaW46cGFzc3dvcmQ='},                     cookies={}, auth=&lt;requests.auth.HTTPBasicAuth object at 0x000001F608B7C2F0&gt;, timeout=None, proxies=None, verify=False,                     debug=0 </msg>
<arg>${AddData}</arg>
<arg>url=${base_url_api1}${name}</arg>
<arg>headers=${headers}</arg>
<arg>auth=${auth}</arg>
<doc>Create Session: create a HTTP session to a server</doc>
<status status="PASS" start="2025-03-09T23:18:46.594093" elapsed="0.000268"/>
</kw>
<arg>${input_file_Name1}</arg>
<arg>${input_file_Name1}</arg>
<status status="PASS" start="2025-03-09T23:18:46.593780" elapsed="0.000617"/>
</kw>
<kw name="Generic Input File" owner="Prepare_Xml_Content">
<msg time="2025-03-09T23:18:46.601564" level="INFO">${Json} = &lt;!-- ExecuteType:SterlingApi --&gt;
&lt;!-- ExecuteMethod:multiApi --&gt;
&lt;!--TestDesc:  --&gt;
&lt;MultiApi&gt;
	&lt;API Name="triggerAgent"&gt;
		&lt;Input&gt;
			&lt;TriggerAgent CriteriaId="ULTA_SCHEDULE.0001" /&gt;
		&lt;/Input&gt;
	&lt;/AP...</msg>
<var>${Json}</var>
<arg>${CUR_DIR}</arg>
<arg>${input_file_Name1}</arg>
<status status="PASS" start="2025-03-09T23:18:46.594455" elapsed="0.007137"/>
</kw>
<kw name="POST On Session" owner="RequestsLibrary">
<msg time="2025-03-09T23:18:47.387774" level="INFO">POST Request : url=http://9.30.252.13:9080/smcfs/restapi/invoke/multiApi 
 path_url=/smcfs/restapi/invoke/multiApi 
 headers={'User-Agent': 'python-requests/2.32.3', 'Accept-Encoding': 'gzip, deflate', 'Accept': '*/*', 'Connection': 'keep-alive', 'Content-Type': 'application/xml', 'Authorization': 'Basic YWRtaW46cGFzc3dvcmQ=', 'Content-Length': '214'} 
 body=&lt;!-- ExecuteType:SterlingApi --&gt;
&lt;!-- ExecuteMethod:multiApi --&gt;
&lt;!--TestDesc:  --&gt;
&lt;MultiApi&gt;
	&lt;API Name="triggerAgent"&gt;
		&lt;Input&gt;
			&lt;TriggerAgent CriteriaId="ULTA_SCHEDULE.0001" /&gt;
		&lt;/Input&gt;
	&lt;/API&gt;
&lt;/MultiApi&gt; 
 </msg>
<msg time="2025-03-09T23:18:47.387940" level="INFO">POST Response : url=http://9.30.252.13:9080/smcfs/restapi/invoke/multiApi 
 status=200, reason=OK 
 headers={'X-FRAME-OPTIONS': 'SAMEORIGIN', 'X-UA-Compatible': 'IE=EmulateIE8', 'Access-Control-Allow-Credentials': 'true', 'Access-Control-Allow-Origin': '*', 'Access-Control-Max-Age': '3600', 'Content-Type': 'application/json; charset=UTF-8', 'Content-Encoding': 'gzip', 'Content-Language': 'en-US', 'Vary': 'Accept-Encoding', 'Content-Length': '61', 'Date': 'Sun, 09 Mar 2025 17:48:47 GMT'} 
 body={"API":{"Output":{},"Name":"triggerAgent"}} 
 </msg>
<msg time="2025-03-09T23:18:47.388148" level="INFO">${response} = &lt;Response [200]&gt;</msg>
<var>${response}</var>
<arg>${input_file_Name1}</arg>
<arg>${base_url_api1}${multiApi}</arg>
<arg>data=${Json}</arg>
<doc>Sends a POST request on a previously created HTTP Session.</doc>
<status status="PASS" start="2025-03-09T23:18:46.601699" elapsed="0.786499"/>
</kw>
<kw name="Status Should Be" owner="RequestsLibrary">
<arg>200</arg>
<arg>${response}</arg>
<doc>Fails if response status code is different than the expected.</doc>
<status status="PASS" start="2025-03-09T23:18:47.388516" elapsed="0.000438"/>
</kw>
<kw name="Convert Json To Xml" owner="Prepare_Xml_Content">
<msg time="2025-03-09T23:18:47.393902" level="INFO">${response1} = &lt;?xml version="1.0" ?&gt;
&lt;Root&gt;
	&lt;API Name="triggerAgent"&gt;
		&lt;Output/&gt;
	&lt;/API&gt;
&lt;/Root&gt;
</msg>
<var>${response1}</var>
<arg>${response.json()}</arg>
<doc>Convert JSON string to XML format.</doc>
<status status="PASS" start="2025-03-09T23:18:47.389214" elapsed="0.004757"/>
</kw>
<return>
<value>${response}</value>
<status status="PASS" start="2025-03-09T23:18:47.394089" elapsed="0.000064"/>
</return>
<msg time="2025-03-09T23:18:47.394390" level="INFO">${resp2} = &lt;Response [200]&gt;</msg>
<var>${resp2}</var>
<arg>${CUR_DIR}</arg>
<arg>${scheduleOrder_Input_file_Name}</arg>
<status status="PASS" start="2025-03-09T23:18:46.593591" elapsed="0.800843"/>
</kw>
<kw name="Get Order Details" owner="setUpForCreateOrder">
<kw name="Generic Input File Ord" owner="Prepare_Xml_Content">
<msg time="2025-03-09T23:18:47.396587" level="INFO">${getOrderDetailsxmlRequest} = &lt;MultiApi&gt;
	&lt;API Name="getOrderDetails"&gt;
		&lt;Input&gt;
			&lt;Order DocumentType="0001"  EnterpriseCode="CCULTA" OrderNo="T100002487" /&gt;
		&lt;/Input&gt;
		&lt;Template&gt;
			&lt;Order OrderHeaderKey=""  MaxOrderStatus=""...</msg>
<var>${getOrderDetailsxmlRequest}</var>
<arg>${CUR_DIR}</arg>
<arg>${getOrderDetails_Input_file_Name}</arg>
<arg>${OrderNo}</arg>
<status status="PASS" start="2025-03-09T23:18:47.395923" elapsed="0.000708"/>
</kw>
<kw name="Creating Session Sample1" owner="createSession">
<kw name="Create Session" owner="RequestsLibrary">
<msg time="2025-03-09T23:18:47.397545" level="INFO">Creating Session using : alias=&lt;MultiApi&gt;
	&lt;API Name="getOrderDetails"&gt;
		&lt;Input&gt;
			&lt;Order DocumentType="0001"  EnterpriseCode="CCULTA" OrderNo="T100002487" /&gt;
		&lt;/Input&gt;
		&lt;Template&gt;
			&lt;Order OrderHeaderKey=""  MaxOrderStatus="" Status=""&gt;
				&lt;OrderLines&gt;
					&lt;OrderLine OrderLineKey="" OrderedQty=""/&gt;
				&lt;/OrderLines&gt;
			&lt;/Order&gt;
		&lt;/Template&gt;
	&lt;/API&gt;
&lt;/MultiApi&gt;, url=http://9.30.252.13:9080, headers={},                     cookies={}, auth=None, timeout=None, proxies=None, verify=False,                     debug=0 </msg>
<arg>${AddData}</arg>
<arg>${BASE_URL}</arg>
<doc>Create Session: create a HTTP session to a server</doc>
<status status="PASS" start="2025-03-09T23:18:47.397332" elapsed="0.000424"/>
</kw>
<kw name="Create Dictionary" owner="BuiltIn">
<msg time="2025-03-09T23:18:47.398270" level="INFO">${params} = {'YFSEnvironment.progId': 'Test', 'InteropApiName': 'multiApi', 'ApiName': 'MultiApi', 'YFSEnvironment.userId': 'admin', 'YFSEnvironment.password': 'password', 'InteropApiData': '&lt;MultiApi&gt;\n\t&lt;API Na...</msg>
<var>${params}</var>
<arg>YFSEnvironment.progId=Test</arg>
<arg>InteropApiName=multiApi</arg>
<arg>ApiName=MultiApi</arg>
<arg>YFSEnvironment.userId=admin</arg>
<arg>YFSEnvironment.password=password</arg>
<arg>InteropApiData=${xmlRequest}</arg>
<arg>timeout=30</arg>
<doc>Creates and returns a dictionary based on the given ``items``.</doc>
<status status="PASS" start="2025-03-09T23:18:47.397932" elapsed="0.000373"/>
</kw>
<kw name="POST On Session" owner="RequestsLibrary">
<msg time="2025-03-09T23:18:49.953798" level="INFO">POST Request : url=http://9.30.252.13:9080/smcfs/interop/InteropHttpServlet?YFSEnvironment.progId=Test&amp;InteropApiName=multiApi&amp;ApiName=MultiApi&amp;YFSEnvironment.userId=admin&amp;YFSEnvironment.password=password&amp;InteropApiData=%3CMultiApi%3E%0A%09%3CAPI+Name%3D%22getOrderDetails%22%3E%0A%09%09%3CInput%3E%0A%09%09%09%3COrder+DocumentType%3D%220001%22++EnterpriseCode%3D%22CCULTA%22+OrderNo%3D%22T100002487%22+%2F%3E%0A%09%09%3C%2FInput%3E%0A%09%09%3CTemplate%3E%0A%09%09%09%3COrder+OrderHeaderKey%3D%22%22++MaxOrderStatus%3D%22%22+Status%3D%22%22%3E%0A%09%09%09%09%3COrderLines%3E%0A%09%09%09%09%09%3COrderLine+OrderLineKey%3D%22%22+OrderedQty%3D%22%22%2F%3E%0A%09%09%09%09%3C%2FOrderLines%3E%0A%09%09%09%3C%2FOrder%3E%0A%09%09%3C%2FTemplate%3E%0A%09%3C%2FAPI%3E%0A%3C%2FMultiApi%3E&amp;timeout=30 
 path_url=/smcfs/interop/InteropHttpServlet?YFSEnvironment.progId=Test&amp;InteropApiName=multiApi&amp;ApiName=MultiApi&amp;YFSEnvironment.userId=admin&amp;YFSEnvironment.password=password&amp;InteropApiData=%3CMultiApi%3E%0A%09%3CAPI+Name%3D%22getOrderDetails%22%3E%0A%09%09%3CInput%3E%0A%09%09%09%3COrder+DocumentType%3D%220001%22++EnterpriseCode%3D%22CCULTA%22+OrderNo%3D%22T100002487%22+%2F%3E%0A%09%09%3C%2FInput%3E%0A%09%09%3CTemplate%3E%0A%09%09%09%3COrder+OrderHeaderKey%3D%22%22++MaxOrderStatus%3D%22%22+Status%3D%22%22%3E%0A%09%09%09%09%3COrderLines%3E%0A%09%09%09%09%09%3COrderLine+OrderLineKey%3D%22%22+OrderedQty%3D%22%22%2F%3E%0A%09%09%09%09%3C%2FOrderLines%3E%0A%09%09%09%3C%2FOrder%3E%0A%09%09%3C%2FTemplate%3E%0A%09%3C%2FAPI%3E%0A%3C%2FMultiApi%3E&amp;timeout=30 
 headers={'User-Agent': 'python-requests/2.32.3', 'Accept-Encoding': 'gzip, deflate', 'Accept': '*/*', 'Connection': 'keep-alive', 'Content-Length': '0'} 
 body=None 
 </msg>
<msg time="2025-03-09T23:18:49.953929" level="INFO">POST Response : url=http://9.30.252.13:9080/smcfs/interop/InteropHttpServlet?YFSEnvironment.progId=Test&amp;InteropApiName=multiApi&amp;ApiName=MultiApi&amp;YFSEnvironment.userId=admin&amp;YFSEnvironment.password=password&amp;InteropApiData=%3CMultiApi%3E%0A%09%3CAPI+Name%3D%22getOrderDetails%22%3E%0A%09%09%3CInput%3E%0A%09%09%09%3COrder+DocumentType%3D%220001%22++EnterpriseCode%3D%22CCULTA%22+OrderNo%3D%22T100002487%22+%2F%3E%0A%09%09%3C%2FInput%3E%0A%09%09%3CTemplate%3E%0A%09%09%09%3COrder+OrderHeaderKey%3D%22%22++MaxOrderStatus%3D%22%22+Status%3D%22%22%3E%0A%09%09%09%09%3COrderLines%3E%0A%09%09%09%09%09%3COrderLine+OrderLineKey%3D%22%22+OrderedQty%3D%22%22%2F%3E%0A%09%09%09%09%3C%2FOrderLines%3E%0A%09%09%09%3C%2FOrder%3E%0A%09%09%3C%2FTemplate%3E%0A%09%3C%2FAPI%3E%0A%3C%2FMultiApi%3E&amp;timeout=30 
 status=200, reason=OK 
 headers={'X-FRAME-OPTIONS': 'SAMEORIGIN', 'X-UA-Compatible': 'IE=EmulateIE8', 'InteropSentData': 'true', 'Content-Type': 'text/xml; charset=UTF-8', 'Content-Language': 'en-US', 'Vary': 'Accept-Encoding', 'Content-Encoding': 'gzip', 'Set-Cookie': 'JSESSIONID=0000TisAp4m1qH7AxD9FzaDOtkY:1da3c8a0-fe1e-4c1e-8843-949a13de123e; Path=/; HttpOnly', 'Transfer-Encoding': 'chunked', 'Date': 'Sun, 09 Mar 2025 17:48:50 GMT', 'Expires': 'Thu, 01 Dec 1994 16:00:00 GMT', 'Cache-Control': 'no-cache="set-cookie, set-cookie2"'} 
 body=&lt;?xml version="1.0" encoding="UTF-8"?&gt;
&lt;MultiApi&gt;&lt;API Name="getOrderDetails"&gt;&lt;Output&gt;&lt;Order MaxOrderStatus="1100" OrderHeaderKey="20250309174846359218" Status="Created"&gt;&lt;OrderLines&gt;&lt;OrderLine OrderLineKey="20250309174846359219" OrderedQty="3"/&gt;&lt;/OrderLines&gt;&lt;/Order&gt;&lt;/Output&gt;&lt;/API&gt;&lt;/MultiApi&gt; 
 </msg>
<msg time="2025-03-09T23:18:49.954020" level="INFO">${resp} = &lt;Response [200]&gt;</msg>
<var>${resp}</var>
<arg>${AddData}</arg>
<arg>${req_uri}</arg>
<arg>params=${params}</arg>
<doc>Sends a POST request on a previously created HTTP Session.</doc>
<status status="PASS" start="2025-03-09T23:18:47.398474" elapsed="2.555563"/>
</kw>
<return>
<value>${resp}</value>
<status status="PASS" start="2025-03-09T23:18:49.954088" elapsed="0.000028"/>
</return>
<msg time="2025-03-09T23:18:49.954205" level="INFO">${getOrderDetailResp} = &lt;Response [200]&gt;</msg>
<var>${getOrderDetailResp}</var>
<arg>${getOrderDetailsxmlRequest}</arg>
<arg>${getOrderDetailsxmlRequest}</arg>
<status status="PASS" start="2025-03-09T23:18:47.396850" elapsed="2.557368"/>
</kw>
<kw name="Get Element" owner="XML">
<msg time="2025-03-09T23:18:49.954733" level="INFO">${order} = &lt;Element 'Order' at 0x000001F60939B240&gt;</msg>
<var>${order}</var>
<arg>${getOrderDetailResp.content}</arg>
<arg>.//Order</arg>
<doc>Returns an element in the ``source`` matching the ``xpath``.</doc>
<status status="PASS" start="2025-03-09T23:18:49.954311" elapsed="0.000449"/>
</kw>
<kw name="Get Element Attribute" owner="XML">
<msg time="2025-03-09T23:18:49.955025" level="INFO">${Status} = Created</msg>
<var>${Status}</var>
<arg>${order}</arg>
<arg>Status</arg>
<doc>Returns the named attribute of the specified element.</doc>
<status status="PASS" start="2025-03-09T23:18:49.954882" elapsed="0.000165"/>
</kw>
<kw name="Should Be Equal As Strings" owner="BuiltIn">
<msg time="2025-03-09T23:18:49.955375" level="FAIL">Created != Scheduled</msg>
<arg>${Status}</arg>
<arg>${status_name}</arg>
<doc>Fails if objects are unequal after converting them to strings.</doc>
<status status="FAIL" start="2025-03-09T23:18:49.955159" elapsed="0.000352">Created != Scheduled</status>
</kw>
<return>
<value>${getOrderDetailResp}</value>
<status status="NOT RUN" start="2025-03-09T23:18:49.955572" elapsed="0.000017"/>
</return>
<arg>${CUR_DIR}</arg>
<arg>Scheduled</arg>
<arg>${OrderNo}</arg>
<status status="FAIL" start="2025-03-09T23:18:47.395280" elapsed="2.560412">Created != Scheduled</status>
</kw>
<tag>HAPPYFLOW</tag>
<tag>REGRESSION</tag>
<tag>SCHEDULEORDER</tag>
<tag>skip</tag>
<tag>ULTA</tag>
<status status="FAIL" start="2025-03-09T23:18:43.740799" elapsed="6.215327">Created != Scheduled</status>
</test>
<test id="s1-s1-s1-s1-t3" name="Release Order TC_001" line="26">
<kw name="Create Order" owner="setUpForCreateOrder">
<kw name="Generic Input File" owner="Prepare_Xml_Content">
<msg time="2025-03-09T23:18:49.958039" level="INFO">${createOrderReq} = &lt;!-- ExecuteType:SterlingApi --&gt;
&lt;!-- ExecuteMethod:multiApi --&gt;
&lt;!--TestDesc:  --&gt;
&lt;MultiApi&gt;
	&lt;API FlowName="UltaCreateOrder"&gt;
		&lt;Input&gt;
			&lt;Order xmlns:tns="http://tns.tibco.com/bw/json/16800171152...</msg>
<var>${createOrderReq}</var>
<arg>${CUR_DIR}</arg>
<arg>${createOrder_Input_file_Name}</arg>
<status status="PASS" start="2025-03-09T23:18:49.957706" elapsed="0.000359"/>
</kw>
<kw name="Creating Session Sample1" owner="createSession">
<kw name="Create Session" owner="RequestsLibrary">
<msg time="2025-03-09T23:18:49.958484" level="INFO">Creating Session using : alias=createOrder, url=http://9.30.252.13:9080, headers={},                     cookies={}, auth=None, timeout=None, proxies=None, verify=False,                     debug=0 </msg>
<arg>${AddData}</arg>
<arg>${BASE_URL}</arg>
<doc>Create Session: create a HTTP session to a server</doc>
<status status="PASS" start="2025-03-09T23:18:49.958389" elapsed="0.000208"/>
</kw>
<kw name="Create Dictionary" owner="BuiltIn">
<msg time="2025-03-09T23:18:49.958909" level="INFO">${params} = {'YFSEnvironment.progId': 'Test', 'InteropApiName': 'multiApi', 'ApiName': 'MultiApi', 'YFSEnvironment.userId': 'admin', 'YFSEnvironment.password': 'password', 'InteropApiData': '&lt;!-- ExecuteType:Ster...</msg>
<var>${params}</var>
<arg>YFSEnvironment.progId=Test</arg>
<arg>InteropApiName=multiApi</arg>
<arg>ApiName=MultiApi</arg>
<arg>YFSEnvironment.userId=admin</arg>
<arg>YFSEnvironment.password=password</arg>
<arg>InteropApiData=${xmlRequest}</arg>
<arg>timeout=30</arg>
<doc>Creates and returns a dictionary based on the given ``items``.</doc>
<status status="PASS" start="2025-03-09T23:18:49.958694" elapsed="0.000234"/>
</kw>
<kw name="POST On Session" owner="RequestsLibrary">
<msg time="2025-03-09T23:18:52.786064" level="INFO">POST Request : url=http://9.30.252.13:9080/smcfs/interop/InteropHttpServlet?YFSEnvironment.progId=Test&amp;InteropApiName=multiApi&amp;ApiName=MultiApi&amp;YFSEnvironment.userId=admin&amp;YFSEnvironment.password=password&amp;InteropApiData=%3C%21--+ExecuteType%3ASterlingApi+--%3E%0A%3C%21--+ExecuteMethod%3AmultiApi+--%3E%0A%3C%21--TestDesc%3A++--%3E%0A%3CMultiApi%3E%0A%09%3CAPI+FlowName%3D%22UltaCreateOrder%22%3E%0A%09%09%3CInput%3E%0A%09%09%09%3COrder+xmlns%3Atns%3D%22http%3A%2F%2Ftns.tibco.com%2Fbw%2Fjson%2F1680017115271%22+xmlns%3Atns1%3D%22http%3A%2F%2Fwww.example.com%2Fnamespaces%2Ftns%2F1680017352441%22+xmlns%3Axsd%3D%22http%3A%2F%2Fwww.w3.org%2F2001%2FXMLSchema%22+xmlns%3Axsi%3D%22http%3A%2F%2Fwww.w3.org%2F2001%2FXMLSchema-instance%22+xmlns%3Atib%3D%22http%3A%2F%2Fwww.tibco.com%2Fbw%2Fxslt%2Fcustom-functions%22+AuthorizedClient%3D%22ONL%22+ReqDeliveryDate%3D%222025-01-30T13%3A11%3A00.209%2B00%3A00%22+ExtnIsOrderBorderfree%3D%22N%22+DocumentType%3D%220001%22+BypassPricing%3D%22Y%22++ExtnIsPaymentPaypal%3D%22Y%22+OrderDate%3D%222024-12-23T13%3A11%3A00.441%2B00%3A00%22+ExtnIsOrderInternational%3D%22N%22+ExtnIsGiftWrap%3D%22N%22+EntryType%3D%22WEB%22+OrderType%3D%22REGULAR%22+ValidatePromotionAward%3D%22N%22+SellerOrganizationCode%3D%22CCULTA%22+PaymentRuleId%3D%22ULTA_PMT_RULE%22+EnterpriseCode%3D%22CCULTA%22%3E%0A%09%09%09%09%3COrderLines%3E%0A%09%09%09%09%09%3COrderLine+CarrierServiceCode%3D%22STD%22+DeliveryMethod%3D%22SHP%22+PrimeLineNo%3D%221%22+ExtnIsItemHazmat%3D%22N%22+SubLineNo%3D%221%22+SCAC%3D%2202%22+OrderedQty%3D%223.0%22+LineType%3D%22%22+FulfillmentType%3D%22SHIPTOHOME%22+ShipNode%3D%220888%22%3E%0A%09%09%09%09%09%3CItem+UnitOfMeasure%3D%22EACH%22+ItemDesc%3D%22Shea+Butter+Hand+Cream%22+ItemID%3D%222500553%22%2F%3E%0A%09%09%09%09%09%3CLinePriceInfo+IsPriceLocked%3D%22Y%22+ListPrice%3D%2210.0%22+UnitPrice%3D%2210.0%22+%2F%3E%0A%09%09%09%09%09%3CExtn+ExtnIsItemOnSale%3D%22N%22+ExtnATGUnitPriceJson%3D%22%7B%26quot%3BskuPriceDetail%26quot%3B%3A%7B%26quot%3BskuID%26quot%3B%3A%26quot%3B2241131%26quot%3B%2C%26quot%3BpriceDetails%26quot%3B%3A%5B%7B%26quot%3Bprice%26quot%3B%3A30.0%2C%26quot%3Bqty%26quot%3B%3A1%7D%5D%7D%7D%22+ExtnOverriddenDeliveryMethod%3D%22%22+ExtnHazmatStatus%3D%22N%22+ExtnATGLineItemID%3D%226f3063b4-0f4d-4aa7-a94c-c9662c2d71ef%22+%2F%3E%0A%09%09%09%09%3C%2FOrderLine%3E%0A%09%09%09%09%3C%2FOrderLines%3E%0A%09%09%09%09%3CReferences%3E%0A%09%09%09%09%09%3CReference+Name%3D%22EmailOptIn%22+Value%3D%22N%22+%2F%3E%0A%09%09%09%09%09%3CReference+Name%3D%22CardType%22+Value%3D%22VISA%22+%2F%3E%0A%09%09%09%09%09%3CReference+Name%3D%22ChargeAmount%22+Value%3D%2250.00%22+%2F%3E%0A%09%09%09%09%3C%2FReferences%3E%0A%09%09%09%09%3CPersonInfoBillTo+FirstName%3D%22ECOMQA%22+ZipCode%3D%2262249%22+City%3D%22Highland%22+EMailID%3D%22ecomqaoffshore%40ulta.com%22+DayPhone%3D%224086331345%22+MobilePhone%3D%224086331345%22+AddressLine2%3D%22%22+AddressLine1%3D%22104+Autumn+Oaks+Lane%22+State%3D%22IL%22+Country%3D%22US%22+LastName%3D%22ECOMQA%22+%2F%3E%0A%09%09%09%09%3CPersonInfoShipTo+FirstName%3D%22ABCD%22+ZipCode%3D%2260440%22+City%3D%22bolingbrook%22+EMailID%3D%229107081%40ulta.com%22+MobilePhone%3D%229188888888%22+AddressLine1%3D%221000+remington+blvd%22+State%3D%22IL%22+Country%3D%22US%22+LastName%3D%22EFGH%22+%2F%3E%0A%09%09%09%09%3CPaymentMethods%3E%0A%09%09%09%09%09%3CPaymentMethod+MaxChargeLimit%3D%2250.00%22+FirstName%3D%22%22+CreditCardType%3D%22CBCC%22+CreditCardNo%3D%22222360%2A%2A%2A%2A%2A%2A0329%22+ChargeSequence%3D%220%22+DisplayCreditCardNo%3D%220329%22+CreditCardExpDate%3D%22202512%22+CreditCardName%3D%22CREDIT_CARD%22+PaymentType%3D%22CREDIT_CARD%22+LastName%3D%22%22%3E%0A%09%09%09%09%3CPaymentDetailsList%3E%0A%09%09%09%09%09%3CPaymentDetails+RequestAmount%3D%2250.00%22+AuthorizationID%3D%22607893%22+ProcessedAmount%3D%2250.00%22+ChargeType%3D%22AUTHORIZATION%22+%2F%3E%0A%09%09%09%09%3C%2FPaymentDetailsList%3E%0A%09%09%09%09%3CPersonInfoBillTo+FirstName%3D%22Archana%22+ZipCode%3D%2260440%22+City%3D%22BOLINGBROOK%22+EMailID%3D%22sharmaarc83%40gmail.com%22+MobilePhone%3D%228855568885%22+AddressLine2%3D%22%22+AddressLine1%3D%221000+REMINGTON+BLVD%22+State%3D%22IL%22+Country%3D%22US%22+LastName%3D%22Sharma%22+%2F%3E%0A%09%09%09%3C%2FPaymentMethod%3E%0A%09%09%09%09%3C%2FPaymentMethods%3E%0A%09%09%09%09%3CExtn+ExtnIsNonSTDShippingEligible%3D%22Y%22+ExtnOMSSettledOrder%3D%22Y%22+ExtnIsSignatureRequired%3D%22N%22+ExtnReleaseVersion%3D%22R2_2_5%22+ExtnIsGiftWrap%3D%22N%22+ExtnATGOrderTotal%3D%2230.00%22+ExtnDeliveryNotificationPreference%3D%22N%22+ExtnMemberStatus%3D%22%22+ExtnSplitUniqueId%3D%22SC202501159%22%3E%0A%09%09%09%09%09%3CExtnOrderWavingDataList%3E%0A%09%09%09%09%09%09%3CExtnOrderWavingData+ExtnWavingAttrName%3D%22TEST_WAVING_ATTRIBUTE1%22+ExtnWavingAttrValue%3D%22W31%22+%2F%3E%0A%09%09%09%09%09%09%3CExtnOrderWavingData+ExtnWavingAttrName%3D%22TEST_WAVING_ATTRIBUTE2%22+ExtnWavingAttrValue%3D%22W41%22+%2F%3E%0A%09%09%09%09%09%3C%2FExtnOrderWavingDataList%3E%0A%09%09%09%09%3C%2FExtn%3E%0A%09%09%09%3C%2FOrder%3E%0A%09%09%3C%2FInput%3E%0A%09%3C%2FAPI%3E%0A%3C%2FMultiApi%3E&amp;timeout=30 
 path_url=/smcfs/interop/InteropHttpServlet?YFSEnvironment.progId=Test&amp;InteropApiName=multiApi&amp;ApiName=MultiApi&amp;YFSEnvironment.userId=admin&amp;YFSEnvironment.password=password&amp;InteropApiData=%3C%21--+ExecuteType%3ASterlingApi+--%3E%0A%3C%21--+ExecuteMethod%3AmultiApi+--%3E%0A%3C%21--TestDesc%3A++--%3E%0A%3CMultiApi%3E%0A%09%3CAPI+FlowName%3D%22UltaCreateOrder%22%3E%0A%09%09%3CInput%3E%0A%09%09%09%3COrder+xmlns%3Atns%3D%22http%3A%2F%2Ftns.tibco.com%2Fbw%2Fjson%2F1680017115271%22+xmlns%3Atns1%3D%22http%3A%2F%2Fwww.example.com%2Fnamespaces%2Ftns%2F1680017352441%22+xmlns%3Axsd%3D%22http%3A%2F%2Fwww.w3.org%2F2001%2FXMLSchema%22+xmlns%3Axsi%3D%22http%3A%2F%2Fwww.w3.org%2F2001%2FXMLSchema-instance%22+xmlns%3Atib%3D%22http%3A%2F%2Fwww.tibco.com%2Fbw%2Fxslt%2Fcustom-functions%22+AuthorizedClient%3D%22ONL%22+ReqDeliveryDate%3D%222025-01-30T13%3A11%3A00.209%2B00%3A00%22+ExtnIsOrderBorderfree%3D%22N%22+DocumentType%3D%220001%22+BypassPricing%3D%22Y%22++ExtnIsPaymentPaypal%3D%22Y%22+OrderDate%3D%222024-12-23T13%3A11%3A00.441%2B00%3A00%22+ExtnIsOrderInternational%3D%22N%22+ExtnIsGiftWrap%3D%22N%22+EntryType%3D%22WEB%22+OrderType%3D%22REGULAR%22+ValidatePromotionAward%3D%22N%22+SellerOrganizationCode%3D%22CCULTA%22+PaymentRuleId%3D%22ULTA_PMT_RULE%22+EnterpriseCode%3D%22CCULTA%22%3E%0A%09%09%09%09%3COrderLines%3E%0A%09%09%09%09%09%3COrderLine+CarrierServiceCode%3D%22STD%22+DeliveryMethod%3D%22SHP%22+PrimeLineNo%3D%221%22+ExtnIsItemHazmat%3D%22N%22+SubLineNo%3D%221%22+SCAC%3D%2202%22+OrderedQty%3D%223.0%22+LineType%3D%22%22+FulfillmentType%3D%22SHIPTOHOME%22+ShipNode%3D%220888%22%3E%0A%09%09%09%09%09%3CItem+UnitOfMeasure%3D%22EACH%22+ItemDesc%3D%22Shea+Butter+Hand+Cream%22+ItemID%3D%222500553%22%2F%3E%0A%09%09%09%09%09%3CLinePriceInfo+IsPriceLocked%3D%22Y%22+ListPrice%3D%2210.0%22+UnitPrice%3D%2210.0%22+%2F%3E%0A%09%09%09%09%09%3CExtn+ExtnIsItemOnSale%3D%22N%22+ExtnATGUnitPriceJson%3D%22%7B%26quot%3BskuPriceDetail%26quot%3B%3A%7B%26quot%3BskuID%26quot%3B%3A%26quot%3B2241131%26quot%3B%2C%26quot%3BpriceDetails%26quot%3B%3A%5B%7B%26quot%3Bprice%26quot%3B%3A30.0%2C%26quot%3Bqty%26quot%3B%3A1%7D%5D%7D%7D%22+ExtnOverriddenDeliveryMethod%3D%22%22+ExtnHazmatStatus%3D%22N%22+ExtnATGLineItemID%3D%226f3063b4-0f4d-4aa7-a94c-c9662c2d71ef%22+%2F%3E%0A%09%09%09%09%3C%2FOrderLine%3E%0A%09%09%09%09%3C%2FOrderLines%3E%0A%09%09%09%09%3CReferences%3E%0A%09%09%09%09%09%3CReference+Name%3D%22EmailOptIn%22+Value%3D%22N%22+%2F%3E%0A%09%09%09%09%09%3CReference+Name%3D%22CardType%22+Value%3D%22VISA%22+%2F%3E%0A%09%09%09%09%09%3CReference+Name%3D%22ChargeAmount%22+Value%3D%2250.00%22+%2F%3E%0A%09%09%09%09%3C%2FReferences%3E%0A%09%09%09%09%3CPersonInfoBillTo+FirstName%3D%22ECOMQA%22+ZipCode%3D%2262249%22+City%3D%22Highland%22+EMailID%3D%22ecomqaoffshore%40ulta.com%22+DayPhone%3D%224086331345%22+MobilePhone%3D%224086331345%22+AddressLine2%3D%22%22+AddressLine1%3D%22104+Autumn+Oaks+Lane%22+State%3D%22IL%22+Country%3D%22US%22+LastName%3D%22ECOMQA%22+%2F%3E%0A%09%09%09%09%3CPersonInfoShipTo+FirstName%3D%22ABCD%22+ZipCode%3D%2260440%22+City%3D%22bolingbrook%22+EMailID%3D%229107081%40ulta.com%22+MobilePhone%3D%229188888888%22+AddressLine1%3D%221000+remington+blvd%22+State%3D%22IL%22+Country%3D%22US%22+LastName%3D%22EFGH%22+%2F%3E%0A%09%09%09%09%3CPaymentMethods%3E%0A%09%09%09%09%09%3CPaymentMethod+MaxChargeLimit%3D%2250.00%22+FirstName%3D%22%22+CreditCardType%3D%22CBCC%22+CreditCardNo%3D%22222360%2A%2A%2A%2A%2A%2A0329%22+ChargeSequence%3D%220%22+DisplayCreditCardNo%3D%220329%22+CreditCardExpDate%3D%22202512%22+CreditCardName%3D%22CREDIT_CARD%22+PaymentType%3D%22CREDIT_CARD%22+LastName%3D%22%22%3E%0A%09%09%09%09%3CPaymentDetailsList%3E%0A%09%09%09%09%09%3CPaymentDetails+RequestAmount%3D%2250.00%22+AuthorizationID%3D%22607893%22+ProcessedAmount%3D%2250.00%22+ChargeType%3D%22AUTHORIZATION%22+%2F%3E%0A%09%09%09%09%3C%2FPaymentDetailsList%3E%0A%09%09%09%09%3CPersonInfoBillTo+FirstName%3D%22Archana%22+ZipCode%3D%2260440%22+City%3D%22BOLINGBROOK%22+EMailID%3D%22sharmaarc83%40gmail.com%22+MobilePhone%3D%228855568885%22+AddressLine2%3D%22%22+AddressLine1%3D%221000+REMINGTON+BLVD%22+State%3D%22IL%22+Country%3D%22US%22+LastName%3D%22Sharma%22+%2F%3E%0A%09%09%09%3C%2FPaymentMethod%3E%0A%09%09%09%09%3C%2FPaymentMethods%3E%0A%09%09%09%09%3CExtn+ExtnIsNonSTDShippingEligible%3D%22Y%22+ExtnOMSSettledOrder%3D%22Y%22+ExtnIsSignatureRequired%3D%22N%22+ExtnReleaseVersion%3D%22R2_2_5%22+ExtnIsGiftWrap%3D%22N%22+ExtnATGOrderTotal%3D%2230.00%22+ExtnDeliveryNotificationPreference%3D%22N%22+ExtnMemberStatus%3D%22%22+ExtnSplitUniqueId%3D%22SC202501159%22%3E%0A%09%09%09%09%09%3CExtnOrderWavingDataList%3E%0A%09%09%09%09%09%09%3CExtnOrderWavingData+ExtnWavingAttrName%3D%22TEST_WAVING_ATTRIBUTE1%22+ExtnWavingAttrValue%3D%22W31%22+%2F%3E%0A%09%09%09%09%09%09%3CExtnOrderWavingData+ExtnWavingAttrName%3D%22TEST_WAVING_ATTRIBUTE2%22+ExtnWavingAttrValue%3D%22W41%22+%2F%3E%0A%09%09%09%09%09%3C%2FExtnOrderWavingDataList%3E%0A%09%09%09%09%3C%2FExtn%3E%0A%09%09%09%3C%2FOrder%3E%0A%09%09%3C%2FInput%3E%0A%09%3C%2FAPI%3E%0A%3C%2FMultiApi%3E&amp;timeout=30 
 headers={'User-Agent': 'python-requests/2.32.3', 'Accept-Encoding': 'gzip, deflate', 'Accept': '*/*', 'Connection': 'keep-alive', 'Content-Length': '0'} 
 body=None 
 </msg>
<msg time="2025-03-09T23:18:52.786569" level="INFO">POST Response : url=http://9.30.252.13:9080/smcfs/interop/InteropHttpServlet?YFSEnvironment.progId=Test&amp;InteropApiName=multiApi&amp;ApiName=MultiApi&amp;YFSEnvironment.userId=admin&amp;YFSEnvironment.password=password&amp;InteropApiData=%3C%21--+ExecuteType%3ASterlingApi+--%3E%0A%3C%21--+ExecuteMethod%3AmultiApi+--%3E%0A%3C%21--TestDesc%3A++--%3E%0A%3CMultiApi%3E%0A%09%3CAPI+FlowName%3D%22UltaCreateOrder%22%3E%0A%09%09%3CInput%3E%0A%09%09%09%3COrder+xmlns%3Atns%3D%22http%3A%2F%2Ftns.tibco.com%2Fbw%2Fjson%2F1680017115271%22+xmlns%3Atns1%3D%22http%3A%2F%2Fwww.example.com%2Fnamespaces%2Ftns%2F1680017352441%22+xmlns%3Axsd%3D%22http%3A%2F%2Fwww.w3.org%2F2001%2FXMLSchema%22+xmlns%3Axsi%3D%22http%3A%2F%2Fwww.w3.org%2F2001%2FXMLSchema-instance%22+xmlns%3Atib%3D%22http%3A%2F%2Fwww.tibco.com%2Fbw%2Fxslt%2Fcustom-functions%22+AuthorizedClient%3D%22ONL%22+ReqDeliveryDate%3D%222025-01-30T13%3A11%3A00.209%2B00%3A00%22+ExtnIsOrderBorderfree%3D%22N%22+DocumentType%3D%220001%22+BypassPricing%3D%22Y%22++ExtnIsPaymentPaypal%3D%22Y%22+OrderDate%3D%222024-12-23T13%3A11%3A00.441%2B00%3A00%22+ExtnIsOrderInternational%3D%22N%22+ExtnIsGiftWrap%3D%22N%22+EntryType%3D%22WEB%22+OrderType%3D%22REGULAR%22+ValidatePromotionAward%3D%22N%22+SellerOrganizationCode%3D%22CCULTA%22+PaymentRuleId%3D%22ULTA_PMT_RULE%22+EnterpriseCode%3D%22CCULTA%22%3E%0A%09%09%09%09%3COrderLines%3E%0A%09%09%09%09%09%3COrderLine+CarrierServiceCode%3D%22STD%22+DeliveryMethod%3D%22SHP%22+PrimeLineNo%3D%221%22+ExtnIsItemHazmat%3D%22N%22+SubLineNo%3D%221%22+SCAC%3D%2202%22+OrderedQty%3D%223.0%22+LineType%3D%22%22+FulfillmentType%3D%22SHIPTOHOME%22+ShipNode%3D%220888%22%3E%0A%09%09%09%09%09%3CItem+UnitOfMeasure%3D%22EACH%22+ItemDesc%3D%22Shea+Butter+Hand+Cream%22+ItemID%3D%222500553%22%2F%3E%0A%09%09%09%09%09%3CLinePriceInfo+IsPriceLocked%3D%22Y%22+ListPrice%3D%2210.0%22+UnitPrice%3D%2210.0%22+%2F%3E%0A%09%09%09%09%09%3CExtn+ExtnIsItemOnSale%3D%22N%22+ExtnATGUnitPriceJson%3D%22%7B%26quot%3BskuPriceDetail%26quot%3B%3A%7B%26quot%3BskuID%26quot%3B%3A%26quot%3B2241131%26quot%3B%2C%26quot%3BpriceDetails%26quot%3B%3A%5B%7B%26quot%3Bprice%26quot%3B%3A30.0%2C%26quot%3Bqty%26quot%3B%3A1%7D%5D%7D%7D%22+ExtnOverriddenDeliveryMethod%3D%22%22+ExtnHazmatStatus%3D%22N%22+ExtnATGLineItemID%3D%226f3063b4-0f4d-4aa7-a94c-c9662c2d71ef%22+%2F%3E%0A%09%09%09%09%3C%2FOrderLine%3E%0A%09%09%09%09%3C%2FOrderLines%3E%0A%09%09%09%09%3CReferences%3E%0A%09%09%09%09%09%3CReference+Name%3D%22EmailOptIn%22+Value%3D%22N%22+%2F%3E%0A%09%09%09%09%09%3CReference+Name%3D%22CardType%22+Value%3D%22VISA%22+%2F%3E%0A%09%09%09%09%09%3CReference+Name%3D%22ChargeAmount%22+Value%3D%2250.00%22+%2F%3E%0A%09%09%09%09%3C%2FReferences%3E%0A%09%09%09%09%3CPersonInfoBillTo+FirstName%3D%22ECOMQA%22+ZipCode%3D%2262249%22+City%3D%22Highland%22+EMailID%3D%22ecomqaoffshore%40ulta.com%22+DayPhone%3D%224086331345%22+MobilePhone%3D%224086331345%22+AddressLine2%3D%22%22+AddressLine1%3D%22104+Autumn+Oaks+Lane%22+State%3D%22IL%22+Country%3D%22US%22+LastName%3D%22ECOMQA%22+%2F%3E%0A%09%09%09%09%3CPersonInfoShipTo+FirstName%3D%22ABCD%22+ZipCode%3D%2260440%22+City%3D%22bolingbrook%22+EMailID%3D%229107081%40ulta.com%22+MobilePhone%3D%229188888888%22+AddressLine1%3D%221000+remington+blvd%22+State%3D%22IL%22+Country%3D%22US%22+LastName%3D%22EFGH%22+%2F%3E%0A%09%09%09%09%3CPaymentMethods%3E%0A%09%09%09%09%09%3CPaymentMethod+MaxChargeLimit%3D%2250.00%22+FirstName%3D%22%22+CreditCardType%3D%22CBCC%22+CreditCardNo%3D%22222360%2A%2A%2A%2A%2A%2A0329%22+ChargeSequence%3D%220%22+DisplayCreditCardNo%3D%220329%22+CreditCardExpDate%3D%22202512%22+CreditCardName%3D%22CREDIT_CARD%22+PaymentType%3D%22CREDIT_CARD%22+LastName%3D%22%22%3E%0A%09%09%09%09%3CPaymentDetailsList%3E%0A%09%09%09%09%09%3CPaymentDetails+RequestAmount%3D%2250.00%22+AuthorizationID%3D%22607893%22+ProcessedAmount%3D%2250.00%22+ChargeType%3D%22AUTHORIZATION%22+%2F%3E%0A%09%09%09%09%3C%2FPaymentDetailsList%3E%0A%09%09%09%09%3CPersonInfoBillTo+FirstName%3D%22Archana%22+ZipCode%3D%2260440%22+City%3D%22BOLINGBROOK%22+EMailID%3D%22sharmaarc83%40gmail.com%22+MobilePhone%3D%228855568885%22+AddressLine2%3D%22%22+AddressLine1%3D%221000+REMINGTON+BLVD%22+State%3D%22IL%22+Country%3D%22US%22+LastName%3D%22Sharma%22+%2F%3E%0A%09%09%09%3C%2FPaymentMethod%3E%0A%09%0
[...]
 status=200, reason=OK 
 headers={'X-FRAME-OPTIONS': 'SAMEORIGIN', 'X-UA-Compatible': 'IE=EmulateIE8', 'InteropSentData': 'true', 'Content-Type': 'text/xml; charset=UTF-8', 'Content-Language': 'en-US', 'Vary': 'Accept-Encoding', 'Content-Encoding': 'gzip', 'Set-Cookie': 'JSESSIONID=0000Wrdj6lxM5R4umtBX28NXBXg:1da3c8a0-fe1e-4c1e-8843-949a13de123e; Path=/; HttpOnly', 'Transfer-Encoding': 'chunked', 'Date': 'Sun, 09 Mar 2025 17:48:59 GMT', 'Expires': 'Thu, 01 Dec 1994 16:00:00 GMT', 'Cache-Control': 'no-cache="set-cookie, set-cookie2"'} 
 body=&lt;?xml version="1.0" encoding="UTF-8"?&gt;
&lt;MultiApi&gt;&lt;API Name=""&gt;&lt;Output&gt;&lt;Order DocumentType="0001" EnterpriseCode="CCULTA" OrderHeaderKey="20250309174858359252" OrderNo="T100002489"/&gt;&lt;/Output&gt;&lt;/API&gt;&lt;/MultiApi&gt; 
 </msg>
<msg time="2025-03-09T23:18:59.077047" level="INFO">${resp} = &lt;Response [200]&gt;</msg>
<var>${resp}</var>
<arg>${AddData}</arg>
<arg>${req_uri}</arg>
<arg>params=${params}</arg>
<doc>Sends a POST request on a previously created HTTP Session.</doc>
<status status="PASS" start="2025-03-09T23:18:56.243387" elapsed="2.833711"/>
</kw>
<return>
<value>${resp}</value>
<status status="PASS" start="2025-03-09T23:18:59.077242" elapsed="0.000071"/>
</return>
<msg time="2025-03-09T23:18:59.077572" level="INFO">${createOrderResp} = &lt;Response [200]&gt;</msg>
<var>${createOrderResp}</var>
<arg>${createOrder_Input_file_Name}</arg>
<arg>${createOrderReq}</arg>
<status status="PASS" start="2025-03-09T23:18:56.242243" elapsed="2.835375"/>
</kw>
<return>
<value>${createOrderResp}</value>
<status status="PASS" start="2025-03-09T23:18:59.077713" elapsed="0.000047"/>
</return>
<msg time="2025-03-09T23:18:59.077980" level="INFO">${createOrderResp} = &lt;Response [200]&gt;</msg>
<var>${createOrderResp}</var>
<arg>${CUR_DIR}</arg>
<status status="PASS" start="2025-03-09T23:18:56.241313" elapsed="2.836711"/>
</kw>
<kw name="Fetch Order No" owner="setUpForCreateOrder">
<kw name="Get Element" owner="XML">
<msg time="2025-03-09T23:18:59.080680" level="INFO">${order} = &lt;Element 'Order' at 0x000001F6093C2250&gt;</msg>
<var>${order}</var>
<arg>${createOrderResp.content}</arg>
<arg>.//Order</arg>
<doc>Returns an element in the ``source`` matching the ``xpath``.</doc>
<status status="PASS" start="2025-03-09T23:18:59.079428" elapsed="0.001300"/>
</kw>
<kw name="Get Element Attribute" owner="XML">
<msg time="2025-03-09T23:18:59.081205" level="INFO">${OrderNo} = T100002489</msg>
<var>${OrderNo}</var>
<arg>${order}</arg>
<arg>OrderNo</arg>
<doc>Returns the named attribute of the specified element.</doc>
<status status="PASS" start="2025-03-09T23:18:59.080949" elapsed="0.000295"/>
</kw>
<return>
<value>${OrderNo}</value>
<status status="PASS" start="2025-03-09T23:18:59.081326" elapsed="0.000047"/>
</return>
<msg time="2025-03-09T23:18:59.081569" level="INFO">${OrderNo} = T100002489</msg>
<var>${OrderNo}</var>
<arg>${createOrderResp}</arg>
<status status="PASS" start="2025-03-09T23:18:59.078816" elapsed="0.002789"/>
</kw>
<kw name="Fetch OrderHeaderKey" owner="setUpForCreateOrder">
<kw name="Get Element" owner="XML">
<msg time="2025-03-09T23:18:59.083883" level="INFO">${order} = &lt;Element 'Order' at 0x000001F6093C2480&gt;</msg>
<var>${order}</var>
<arg>${createOrderResp.content}</arg>
<arg>.//Order</arg>
<doc>Returns an element in the ``source`` matching the ``xpath``.</doc>
<status status="PASS" start="2025-03-09T23:18:59.082831" elapsed="0.001082"/>
</kw>
<kw name="Get Element Attribute" owner="XML">
<msg time="2025-03-09T23:18:59.084203" level="INFO">${OrderHeaderKey} = 20250309174858359252</msg>
<var>${OrderHeaderKey}</var>
<arg>${order}</arg>
<arg>OrderHeaderKey</arg>
<doc>Returns the named attribute of the specified element.</doc>
<status status="PASS" start="2025-03-09T23:18:59.084048" elapsed="0.000179"/>
</kw>
<return>
<value>${OrderHeaderKey}</value>
<status status="PASS" start="2025-03-09T23:18:59.084278" elapsed="0.000028"/>
</return>
<msg time="2025-03-09T23:18:59.084419" level="INFO">${OrderHeaderKey} = 20250309174858359252</msg>
<var>${OrderHeaderKey}</var>
<arg>${createOrderResp}</arg>
<status status="PASS" start="2025-03-09T23:18:59.082340" elapsed="0.002101"/>
</kw>
<kw name="Manage MultiApi Ulta" owner="setUpForCreateOrder">
<kw name="Creating Session ULTA" owner="createSession">
<kw name="Create List" owner="BuiltIn">
<msg time="2025-03-09T23:18:59.085633" level="INFO">${auth} = ['admin', 'password']</msg>
<var>${auth}</var>
<arg>${user}</arg>
<arg>${passwd}</arg>
<doc>Returns a list containing given items.</doc>
<status status="PASS" start="2025-03-09T23:18:59.085470" elapsed="0.000190"/>
</kw>
<kw name="Create Session" owner="RequestsLibrary">
<msg time="2025-03-09T23:18:59.086084" level="INFO">Creating Session using : alias=scheduleOrder, url=http://9.30.252.13:9080/smcfs/restapi/invoke/scheduleOrder, headers={'Content-Type': 'application/xml', 'Authorization': 'Basic YWRtaW46cGFzc3dvcmQ='},                     cookies={}, auth=&lt;requests.auth.HTTPBasicAuth object at 0x000001F609365BD0&gt;, timeout=None, proxies=None, verify=False,                     debug=0 </msg>
<arg>${AddData}</arg>
<arg>url=${base_url_api1}${name}</arg>
<arg>headers=${headers}</arg>
<arg>auth=${auth}</arg>
<doc>Create Session: create a HTTP session to a server</doc>
<status status="PASS" start="2025-03-09T23:18:59.085781" elapsed="0.000451"/>
</kw>
<arg>${input_file_Name1}</arg>
<arg>${input_file_Name1}</arg>
<status status="PASS" start="2025-03-09T23:18:59.085181" elapsed="0.001120"/>
</kw>
<kw name="Generic Input File" owner="Prepare_Xml_Content">
<msg time="2025-03-09T23:18:59.086761" level="INFO">${Json} = &lt;!-- ExecuteType:SterlingApi --&gt;
&lt;!-- ExecuteMethod:multiApi --&gt;
&lt;!--TestDesc:  --&gt;
&lt;MultiApi&gt;
	&lt;API Name="triggerAgent"&gt;
		&lt;Input&gt;
			&lt;TriggerAgent CriteriaId="ULTA_SCHEDULE.0001" /&gt;
		&lt;/Input&gt;
	&lt;/AP...</msg>
<var>${Json}</var>
<arg>${CUR_DIR}</arg>
<arg>${input_file_Name1}</arg>
<status status="PASS" start="2025-03-09T23:18:59.086415" elapsed="0.000366"/>
</kw>
<kw name="POST On Session" owner="RequestsLibrary">
<msg time="2025-03-09T23:18:59.983471" level="INFO">POST Request : url=http://9.30.252.13:9080/smcfs/restapi/invoke/multiApi 
 path_url=/smcfs/restapi/invoke/multiApi 
 headers={'User-Agent': 'python-requests/2.32.3', 'Accept-Encoding': 'gzip, deflate', 'Accept': '*/*', 'Connection': 'keep-alive', 'Content-Type': 'application/xml', 'Authorization': 'Basic YWRtaW46cGFzc3dvcmQ=', 'Content-Length': '214'} 
 body=&lt;!-- ExecuteType:SterlingApi --&gt;
&lt;!-- ExecuteMethod:multiApi --&gt;
&lt;!--TestDesc:  --&gt;
&lt;MultiApi&gt;
	&lt;API Name="triggerAgent"&gt;
		&lt;Input&gt;
			&lt;TriggerAgent CriteriaId="ULTA_SCHEDULE.0001" /&gt;
		&lt;/Input&gt;
	&lt;/API&gt;
&lt;/MultiApi&gt; 
 </msg>
<msg time="2025-03-09T23:18:59.983658" level="INFO">POST Response : url=http://9.30.252.13:9080/smcfs/restapi/invoke/multiApi 
 status=200, reason=OK 
 headers={'X-FRAME-OPTIONS': 'SAMEORIGIN', 'X-UA-Compatible': 'IE=EmulateIE8', 'Access-Control-Allow-Credentials': 'true', 'Access-Control-Allow-Origin': '*', 'Access-Control-Max-Age': '3600', 'Content-Type': 'application/json; charset=UTF-8', 'Content-Encoding': 'gzip', 'Content-Language': 'en-US', 'Vary': 'Accept-Encoding', 'Content-Length': '61', 'Date': 'Sun, 09 Mar 2025 17:49:00 GMT'} 
 body={"API":{"Output":{},"Name":"triggerAgent"}} 
 </msg>
<msg time="2025-03-09T23:18:59.983883" level="INFO">${response} = &lt;Response [200]&gt;</msg>
<var>${response}</var>
<arg>${input_file_Name1}</arg>
<arg>${base_url_api1}${multiApi}</arg>
<arg>data=${Json}</arg>
<doc>Sends a POST request on a previously created HTTP Session.</doc>
<status status="PASS" start="2025-03-09T23:18:59.086860" elapsed="0.897075"/>
</kw>
<kw name="Status Should Be" owner="RequestsLibrary">
<arg>200</arg>
<arg>${response}</arg>
<doc>Fails if response status code is different than the expected.</doc>
<status status="PASS" start="2025-03-09T23:18:59.984276" elapsed="0.000374"/>
</kw>
<kw name="Convert Json To Xml" owner="Prepare_Xml_Content">
<msg time="2025-03-09T23:18:59.986447" level="INFO">${response1} = &lt;?xml version="1.0" ?&gt;
&lt;Root&gt;
	&lt;API Name="triggerAgent"&gt;
		&lt;Output/&gt;
	&lt;/API&gt;
&lt;/Root&gt;
</msg>
<var>${response1}</var>
<arg>${response.json()}</arg>
<doc>Convert JSON string to XML format.</doc>
<status status="PASS" start="2025-03-09T23:18:59.984918" elapsed="0.001592"/>
</kw>
<return>
<value>${response}</value>
<status status="PASS" start="2025-03-09T23:18:59.986624" elapsed="0.000069"/>
</return>
<arg>${CUR_DIR}</arg>
<arg>${scheduleOrder_Input_file_Name}</arg>
<status status="PASS" start="2025-03-09T23:18:59.084845" elapsed="0.902040"/>
</kw>
<kw name="Get Order Details" owner="setUpForCreateOrder">
<kw name="Generic Input File Ord" owner="Prepare_Xml_Content">
<msg time="2025-03-09T23:18:59.989117" level="INFO">${getOrderDetailsxmlRequest} = &lt;MultiApi&gt;
	&lt;API Name="getOrderDetails"&gt;
		&lt;Input&gt;
			&lt;Order DocumentType="0001"  EnterpriseCode="CCULTA" OrderNo="T100002489" /&gt;
		&lt;/Input&gt;
		&lt;Template&gt;
			&lt;Order OrderHeaderKey=""  MaxOrderStatus=""...</msg>
<var>${getOrderDetailsxmlRequest}</var>
<arg>${CUR_DIR}</arg>
<arg>${getOrderDetails_Input_file_Name}</arg>
<arg>${OrderNo}</arg>
<status status="PASS" start="2025-03-09T23:18:59.988362" elapsed="0.000812"/>
</kw>
<kw name="Creating Session Sample1" owner="createSession">
<kw name="Create Session" owner="RequestsLibrary">
<msg time="2025-03-09T23:18:59.990190" level="INFO">Creating Session using : alias=&lt;MultiApi&gt;
	&lt;API Name="getOrderDetails"&gt;
		&lt;Input&gt;
			&lt;Order DocumentType="0001"  EnterpriseCode="CCULTA" OrderNo="T100002489" /&gt;
		&lt;/Input&gt;
		&lt;Template&gt;
			&lt;Order OrderHeaderKey=""  MaxOrderStatus="" Status=""&gt;
				&lt;OrderLines&gt;
					&lt;OrderLine OrderLineKey="" OrderedQty=""/&gt;
				&lt;/OrderLines&gt;
			&lt;/Order&gt;
		&lt;/Template&gt;
	&lt;/API&gt;
&lt;/MultiApi&gt;, url=http://9.30.252.13:9080, headers={},                     cookies={}, auth=None, timeout=None, proxies=None, verify=False,                     debug=0 </msg>
<arg>${AddData}</arg>
<arg>${BASE_URL}</arg>
<doc>Create Session: create a HTTP session to a server</doc>
<status status="PASS" start="2025-03-09T23:18:59.989960" elapsed="0.000484"/>
</kw>
<kw name="Create Dictionary" owner="BuiltIn">
<msg time="2025-03-09T23:18:59.991017" level="INFO">${params} = {'YFSEnvironment.progId': 'Test', 'InteropApiName': 'multiApi', 'ApiName': 'MultiApi', 'YFSEnvironment.userId': 'admin', 'YFSEnvironment.password': 'password', 'InteropApiData': '&lt;MultiApi&gt;\n\t&lt;API Na...</msg>
<var>${params}</var>
<arg>YFSEnvironment.progId=Test</arg>
<arg>InteropApiName=multiApi</arg>
<arg>ApiName=MultiApi</arg>
<arg>YFSEnvironment.userId=admin</arg>
<arg>YFSEnvironment.password=password</arg>
<arg>InteropApiData=${xmlRequest}</arg>
<arg>timeout=30</arg>
<doc>Creates and returns a dictionary based on the given ``items``.</doc>
<status status="PASS" start="2025-03-09T23:18:59.990658" elapsed="0.000387"/>
</kw>
<kw name="POST On Session" owner="RequestsLibrary">
<msg time="2025-03-09T23:19:02.618563" level="INFO">POST Request : url=http://9.30.252.13:9080/smcfs/interop/InteropHttpServlet?YFSEnvironment.progId=Test&amp;InteropApiName=multiApi&amp;ApiName=MultiApi&amp;YFSEnvironment.userId=admin&amp;YFSEnvironment.password=password&amp;InteropApiData=%3CMultiApi%3E%0A%09%3CAPI+Name%3D%22getOrderDetails%22%3E%0A%09%09%3CInput%3E%0A%09%09%09%3COrder+DocumentType%3D%220001%22++EnterpriseCode%3D%22CCULTA%22+OrderNo%3D%22T100002489%22+%2F%3E%0A%09%09%3C%2FInput%3E%0A%09%09%3CTemplate%3E%0A%09%09%09%3COrder+OrderHeaderKey%3D%22%22++MaxOrderStatus%3D%22%22+Status%3D%22%22%3E%0A%09%09%09%09%3COrderLines%3E%0A%09%09%09%09%09%3COrderLine+OrderLineKey%3D%22%22+OrderedQty%3D%22%22%2F%3E%0A%09%09%09%09%3C%2FOrderLines%3E%0A%09%09%09%3C%2FOrder%3E%0A%09%09%3C%2FTemplate%3E%0A%09%3C%2FAPI%3E%0A%3C%2FMultiApi%3E&amp;timeout=30 
 path_url=/smcfs/interop/InteropHttpServlet?YFSEnvironment.progId=Test&amp;InteropApiName=multiApi&amp;ApiName=MultiApi&amp;YFSEnvironment.userId=admin&amp;YFSEnvironment.password=password&amp;InteropApiData=%3CMultiApi%3E%0A%09%3CAPI+Name%3D%22getOrderDetails%22%3E%0A%09%09%3CInput%3E%0A%09%09%09%3COrder+DocumentType%3D%220001%22++EnterpriseCode%3D%22CCULTA%22+OrderNo%3D%22T100002489%22+%2F%3E%0A%09%09%3C%2FInput%3E%0A%09%09%3CTemplate%3E%0A%09%09%09%3COrder+OrderHeaderKey%3D%22%22++MaxOrderStatus%3D%22%22+Status%3D%22%22%3E%0A%09%09%09%09%3COrderLines%3E%0A%09%09%09%09%09%3COrderLine+OrderLineKey%3D%22%22+OrderedQty%3D%22%22%2F%3E%0A%09%09%09%09%3C%2FOrderLines%3E%0A%09%09%09%3C%2FOrder%3E%0A%09%09%3C%2FTemplate%3E%0A%09%3C%2FAPI%3E%0A%3C%2FMultiApi%3E&amp;timeout=30 
 headers={'User-Agent': 'python-requests/2.32.3', 'Accept-Encoding': 'gzip, deflate', 'Accept': '*/*', 'Connection': 'keep-alive', 'Content-Length': '0'} 
 body=None 
 </msg>
<msg time="2025-03-09T23:19:02.618778" level="INFO">POST Response : url=http://9.30.252.13:9080/smcfs/interop/InteropHttpServlet?YFSEnvironment.progId=Test&amp;InteropApiName=multiApi&amp;ApiName=MultiApi&amp;YFSEnvironment.userId=admin&amp;YFSEnvironment.password=password&amp;InteropApiData=%3CMultiApi%3E%0A%09%3CAPI+Name%3D%22getOrderDetails%22%3E%0A%09%09%3CInput%3E%0A%09%09%09%3COrder+DocumentType%3D%220001%22++EnterpriseCode%3D%22CCULTA%22+OrderNo%3D%22T100002489%22+%2F%3E%0A%09%09%3C%2FInput%3E%0A%09%09%3CTemplate%3E%0A%09%09%09%3COrder+OrderHeaderKey%3D%22%22++MaxOrderStatus%3D%22%22+Status%3D%22%22%3E%0A%09%09%09%09%3COrderLines%3E%0A%09%09%09%09%09%3COrderLine+OrderLineKey%3D%22%22+OrderedQty%3D%22%22%2F%3E%0A%09%09%09%09%3C%2FOrderLines%3E%0A%09%09%09%3C%2FOrder%3E%0A%09%09%3C%2FTemplate%3E%0A%09%3C%2FAPI%3E%0A%3C%2FMultiApi%3E&amp;timeout=30 
 status=200, reason=OK 
 headers={'X-FRAME-OPTIONS': 'SAMEORIGIN', 'X-UA-Compatible': 'IE=EmulateIE8', 'InteropSentData': 'true', 'Content-Type': 'text/xml; charset=UTF-8', 'Content-Language': 'en-US', 'Vary': 'Accept-Encoding', 'Content-Encoding': 'gzip', 'Set-Cookie': 'JSESSIONID=0000Am0Ht0tJGnQVoLuQ8hHmget:1da3c8a0-fe1e-4c1e-8843-949a13de123e; Path=/; HttpOnly', 'Transfer-Encoding': 'chunked', 'Date': 'Sun, 09 Mar 2025 17:49:02 GMT', 'Expires': 'Thu, 01 Dec 1994 16:00:00 GMT', 'Cache-Control': 'no-cache="set-cookie, set-cookie2"'} 
 body=&lt;?xml version="1.0" encoding="UTF-8"?&gt;
&lt;MultiApi&gt;&lt;API Name="getOrderDetails"&gt;&lt;Output&gt;&lt;Order MaxOrderStatus="1100" OrderHeaderKey="20250309174858359252" Status="Created"&gt;&lt;OrderLines&gt;&lt;OrderLine OrderLineKey="20250309174858359253" OrderedQty="3"/&gt;&lt;/OrderLines&gt;&lt;/Order&gt;&lt;/Output&gt;&lt;/API&gt;&lt;/MultiApi&gt; 
 </msg>
<msg time="2025-03-09T23:19:02.619037" level="INFO">${resp} = &lt;Response [200]&gt;</msg>
<var>${resp}</var>
<arg>${AddData}</arg>
<arg>${req_uri}</arg>
<arg>params=${params}</arg>
<doc>Sends a POST request on a previously created HTTP Session.</doc>
<status status="PASS" start="2025-03-09T23:18:59.991330" elapsed="2.627763"/>
</kw>
<return>
<value>${resp}</value>
<status status="PASS" start="2025-03-09T23:19:02.619245" elapsed="0.000071"/>
</return>
<msg time="2025-03-09T23:19:02.619573" level="INFO">${getOrderDetailResp} = &lt;Response [200]&gt;</msg>
<var>${getOrderDetailResp}</var>
<arg>${getOrderDetailsxmlRequest}</arg>
<arg>${getOrderDetailsxmlRequest}</arg>
<status status="PASS" start="2025-03-09T23:18:59.989448" elapsed="2.630170"/>
</kw>
<kw name="Get Element" owner="XML">
<msg time="2025-03-09T23:19:02.621213" level="INFO">${order} = &lt;Element 'Order' at 0x000001F6093C39C0&gt;</msg>
<var>${order}</var>
<arg>${getOrderDetailResp.content}</arg>
<arg>.//Order</arg>
<doc>Returns an element in the ``source`` matching the ``xpath``.</doc>
<status status="PASS" start="2025-03-09T23:19:02.619891" elapsed="0.001375"/>
</kw>
<kw name="Get Element Attribute" owner="XML">
<msg time="2025-03-09T23:19:02.621829" level="INFO">${Status} = Created</msg>
<var>${Status}</var>
<arg>${order}</arg>
<arg>Status</arg>
<doc>Returns the named attribute of the specified element.</doc>
<status status="PASS" start="2025-03-09T23:19:02.621516" elapsed="0.000359"/>
</kw>
<kw name="Should Be Equal As Strings" owner="BuiltIn">
<msg time="2025-03-09T23:19:02.622513" level="FAIL">Created != Scheduled</msg>
<arg>${Status}</arg>
<arg>${status_name}</arg>
<doc>Fails if objects are unequal after converting them to strings.</doc>
<status status="FAIL" start="2025-03-09T23:19:02.622110" elapsed="0.000539">Created != Scheduled</status>
</kw>
<return>
<value>${getOrderDetailResp}</value>
<status status="NOT RUN" start="2025-03-09T23:19:02.622833" elapsed="0.000031"/>
</return>
<arg>${CUR_DIR}</arg>
<arg>Scheduled</arg>
<arg>${OrderNo}</arg>
<status status="FAIL" start="2025-03-09T23:18:59.987747" elapsed="2.635289">Created != Scheduled</status>
</kw>
<kw name="Manage MultiApi Ulta" owner="setUpForCreateOrder">
<arg>${CUR_DIR}</arg>
<arg>${releaseOrder_Input_file_Name}</arg>
<status status="NOT RUN" start="2025-03-09T23:19:02.623705" elapsed="0.000017"/>
</kw>
<kw name="Get Order Details" owner="setUpForCreateOrder">
<arg>${CUR_DIR}</arg>
<arg>Released</arg>
<arg>${OrderNo}</arg>
<status status="NOT RUN" start="2025-03-09T23:19:02.624033" elapsed="0.000016"/>
</kw>
<kw name="Confirm Shipment" owner="setUpForCreateOrder">
<var>${confirmShipmentXmlRequest}</var>
<arg>${OrderNo}</arg>
<arg>${OrderHeaderKey}</arg>
<status status="NOT RUN" start="2025-03-09T23:19:02.624322" elapsed="0.000016"/>
</kw>
<kw name="Creating Session Sample1" owner="createSession">
<var>${confirmShipmentResp}</var>
<arg>${confirmShipment_Input_file_Name}</arg>
<arg>${confirmShipmentXmlRequest}</arg>
<status status="NOT RUN" start="2025-03-09T23:19:02.624573" elapsed="0.000016"/>
</kw>
<kw name="Get Order Details" owner="setUpForCreateOrder">
<arg>${CUR_DIR}</arg>
<arg>Shipped</arg>
<arg>${OrderNo}</arg>
<status status="NOT RUN" start="2025-03-09T23:19:02.625100" elapsed="0.000295"/>
</kw>
<tag>HAPPYFLOW</tag>
<tag>REGRESSION</tag>
<tag>RELEASEORDER</tag>
<tag>skip</tag>
<tag>ULTA</tag>
<status status="FAIL" start="2025-03-09T23:18:56.240641" elapsed="6.385039">Created != Scheduled</status>
</test>
<status status="FAIL" start="2025-03-09T23:18:37.079003" elapsed="25.548443"/>
</suite>
<status status="FAIL" start="2025-03-09T23:18:37.077850" elapsed="25.551853"/>
</suite>
<status status="FAIL" start="2025-03-09T23:18:37.076572" elapsed="25.555143"/>
</suite>
<status status="FAIL" start="2025-03-09T23:18:37.047460" elapsed="25.586130"/>
</suite>
<statistics>
<total>
<stat pass="1" fail="3" skip="0">All Tests</stat>
</total>
<tag>
<stat pass="1" fail="0" skip="0">CREATEORDER</stat>
<stat pass="1" fail="3" skip="0">HAPPYFLOW</stat>
<stat pass="1" fail="3" skip="0">REGRESSION</stat>
<stat pass="0" fail="2" skip="0">RELEASEORDER</stat>
<stat pass="0" fail="1" skip="0">SCHEDULEORDER</stat>
<stat pass="1" fail="3" skip="0">skip</stat>
<stat pass="1" fail="3" skip="0">ULTA</stat>
</tag>
<suite>
<stat pass="1" fail="3" skip="0" id="s1" name="TestCase1">TestCase1</stat>
<stat pass="1" fail="3" skip="0" id="s1-s1" name="CreateOrder">TestCase1.CreateOrder</stat>
<stat pass="1" fail="3" skip="0" id="s1-s1-s1" name="Test">TestCase1.CreateOrder.Test</stat>
<stat pass="1" fail="3" skip="0" id="s1-s1-s1-s1" name="TC 001">TestCase1.CreateOrder.Test.TC 001</stat>
</suite>
</statistics>
<errors>
</errors>
</robot>
