<?xml version="1.0" encoding="UTF-8"?>
<robot generator="Robot 7.1.1 (Python 3.13.1 on win32)" generated="2025-03-09T22:30:05.284070" rpa="false" schemaversion="5">
<suite id="s1" name="CreateOrder" source="C:\automation\AutomationGeneric\LvrplSL\CreateOrder">
<suite id="s1-s1" name="CreateOrderApp create normal order TC 008" source="C:\automation\AutomationGeneric\LvrplSL\CreateOrder\CreateOrderApp_create_normal_order_TC_008">
<suite id="s1-s1-s1" name="Test" source="C:\automation\AutomationGeneric\LvrplSL\CreateOrder\CreateOrderApp_create_normal_order_TC_008\test">
<suite id="s1-s1-s1-s1" name="TC 008" source="C:\automation\AutomationGeneric\LvrplSL\CreateOrder\CreateOrderApp_create_normal_order_TC_008\test\TC_008.robot">
<test id="s1-s1-s1-s1-t1" name="Create Order TC_001" line="13">
<kw name="Creating Session1" owner="createSession">
<kw name="Create List" owner="BuiltIn">
<msg time="2025-03-09T22:30:06.213582" level="INFO">${auth} = ['admin', 'password']</msg>
<var>${auth}</var>
<arg>${user}</arg>
<arg>${passwd}</arg>
<doc>Returns a list containing given items.</doc>
<status status="PASS" start="2025-03-09T22:30:06.213336" elapsed="0.000280"/>
</kw>
<kw name="Create Session" owner="RequestsLibrary">
<msg time="2025-03-09T22:30:06.214082" level="INFO">Creating Session using : alias=AddData, url=http://9.30.26.220:9080/smcfs/restapi/invoke/createOrder, headers={'Content-Type': 'application/xml', 'Authorization': 'Basic YWRtaW46cGFzc3dvcmQ='},                     cookies={}, auth=&lt;requests.auth.HTTPBasicAuth object at 0x0000023278A79D30&gt;, timeout=None, proxies=None, verify=False,                     debug=0 </msg>
<arg>${AddData}</arg>
<arg>url=${base_url_api}${createOrder}</arg>
<arg>headers=${headers}</arg>
<arg>auth=${auth}</arg>
<doc>Create Session: create a HTTP session to a server</doc>
<status status="PASS" start="2025-03-09T22:30:06.213746" elapsed="0.000533"/>
</kw>
<arg>AddData</arg>
<status status="PASS" start="2025-03-09T22:30:06.212616" elapsed="0.001770"/>
</kw>
<kw name="Manage Item With Dynamic Item" owner="Prepare_Xml_Content">
<msg time="2025-03-09T22:30:08.215960" level="INFO">before mod &lt;ItemList&gt;
	&lt;Item Action="Manage" GlobalItemID="12439482" ItemID="$ItemID" OrganizationCode="Liverpool" UnitOfMeasure="UN"&gt;
		&lt;Extn ExtnActive="01" ExtnItemSF="Y" ExtnItemSFDesc="ACTIVO" ExtnSuggestedPackage="" ExtnSkuPackage=""/&gt;
		&lt;PrimaryInformation DefaultProductClass="SL" Description="CHAROLA GIRATORIA AILE, 48CM, NATURAL H" ShortDescription="CHAROLA GIRATORIA AILE, 48CM, NATURAL H" ExtendedDisplayDescription="CHAROLA GIRATORIA REDO, 48 CM, NATURAL (12439482)" IsDeliveryAllowed="Y" IsPickupAllowed="Y" IsShippingAllowed="Y" PrimaryEnterpriseCode="Liverpool" SerializedFlag="N" Status="3000" UnitCost="829" ItemType=""/&gt;
		&lt;ClassificationCodes ECCNNo="HAUS" Model="18917" NAICSCode="7502008630089" NMFCClass="152" NMFCCode="15204"/&gt;
		&lt;InventoryParameters ATPRule="Liverpool_ATP" InventoryMonitorRule="EPL_ATP_MONITOR_RULE" NodeLevelInventoryMonitorRule="EPL_ATP_MONITOR_RULE"/&gt;
		&lt;ItemAliasList Reset="Y"&gt;
			&lt;ItemAlias AliasName="EAN1" AliasValue="7502008630089"/&gt;
		&lt;/ItemAliasList&gt;
	&lt;/Item&gt;
&lt;/ItemList&gt;
after mod &lt;ItemList&gt;
	&lt;Item Action="Manage" GlobalItemID="12439482" ItemID="20250309223006214" OrganizationCode="Liverpool" UnitOfMeasure="UN"&gt;
		&lt;Extn ExtnActive="01" ExtnItemSF="Y" ExtnItemSFDesc="ACTIVO" ExtnSuggestedPackage="" ExtnSkuPackage=""/&gt;
		&lt;PrimaryInformation DefaultProductClass="SL" Description="CHAROLA GIRATORIA AILE, 48CM, NATURAL H" ShortDescription="CHAROLA GIRATORIA AILE, 48CM, NATURAL H" ExtendedDisplayDescription="CHAROLA GIRATORIA REDO, 48 CM, NATURAL (12439482)" IsDeliveryAllowed="Y" IsPickupAllowed="Y" IsShippingAllowed="Y" PrimaryEnterpriseCode="Liverpool" SerializedFlag="N" Status="3000" UnitCost="829" ItemType=""/&gt;
		&lt;ClassificationCodes ECCNNo="HAUS" Model="18917" NAICSCode="7502008630089" NMFCClass="152" NMFCCode="15204"/&gt;
		&lt;InventoryParameters ATPRule="Liverpool_ATP" InventoryMonitorRule="EPL_ATP_MONITOR_RULE" NodeLevelInventoryMonitorRule="EPL_ATP_MONITOR_RULE"/&gt;
		&lt;ItemAliasList Reset="Y"&gt;
			&lt;ItemAlias AliasName="EAN1" AliasValue="7502008630089"/&gt;
		&lt;/ItemAliasList&gt;
	&lt;/Item&gt;
&lt;/ItemList&gt;</msg>
<msg time="2025-03-09T22:30:08.216174" level="INFO">${manageItemJson} = &lt;ItemList&gt;
	&lt;Item Action="Manage" GlobalItemID="12439482" ItemID="20250309223006214" OrganizationCode="Liverpool" UnitOfMeasure="UN"&gt;
		&lt;Extn ExtnActive="01" ExtnItemSF="Y" ExtnItemSFDesc="ACTIVO" Ext...</msg>
<var>${manageItemJson}</var>
<arg>C:\\automation\\AutomationGeneric\\LvrplSL\\CreateOrder\\CreateOrderApp_create_normal_order_TC_008\\test</arg>
<status status="PASS" start="2025-03-09T22:30:06.214485" elapsed="2.001747"/>
</kw>
<kw name="POST On Session" owner="RequestsLibrary">
<msg time="2025-03-09T22:30:08.876446" level="INFO">POST Request : url=http://9.30.26.220:9080/smcfs/restapi/invoke/manageItem 
 path_url=/smcfs/restapi/invoke/manageItem 
 headers={'User-Agent': 'python-requests/2.32.3', 'Accept-Encoding': 'gzip, deflate', 'Accept': '*/*', 'Connection': 'keep-alive', 'Content-Type': 'application/xml', 'Authorization': 'Basic YWRtaW46cGFzc3dvcmQ=', 'Content-Length': '1025'} 
 body=&lt;ItemList&gt;
	&lt;Item Action="Manage" GlobalItemID="12439482" ItemID="20250309223006214" OrganizationCode="Liverpool" UnitOfMeasure="UN"&gt;
		&lt;Extn ExtnActive="01" ExtnItemSF="Y" ExtnItemSFDesc="ACTIVO" ExtnSuggestedPackage="" ExtnSkuPackage=""/&gt;
		&lt;PrimaryInformation DefaultProductClass="SL" Description="CHAROLA GIRATORIA AILE, 48CM, NATURAL H" ShortDescription="CHAROLA GIRATORIA AILE, 48CM, NATURAL H" ExtendedDisplayDescription="CHAROLA GIRATORIA REDO, 48 CM, NATURAL (12439482)" IsDeliveryAllowed="Y" IsPickupAllowed="Y" IsShippingAllowed="Y" PrimaryEnterpriseCode="Liverpool" SerializedFlag="N" Status="3000" UnitCost="829" ItemType=""/&gt;
		&lt;ClassificationCodes ECCNNo="HAUS" Model="18917" NAICSCode="7502008630089" NMFCClass="152" NMFCCode="15204"/&gt;
		&lt;InventoryParameters ATPRule="Liverpool_ATP" InventoryMonitorRule="EPL_ATP_MONITOR_RULE" NodeLevelInventoryMonitorRule="EPL_ATP_MONITOR_RULE"/&gt;
		&lt;ItemAliasList Reset="Y"&gt;
			&lt;ItemAlias AliasName="EAN1" AliasValue="7502008630089"/&gt;
		&lt;/ItemAliasList&gt;
	&lt;/Item&gt;
&lt;/ItemList&gt; 
 </msg>
<msg time="2025-03-09T22:30:08.876547" level="INFO">POST Response : url=http://9.30.26.220:9080/smcfs/restapi/invoke/manageItem 
 status=204, reason=No Content 
 headers={'X-Powered-By': 'Servlet/4.0', 'X-FRAME-OPTIONS': 'SAMEORIGIN', 'X-UA-Compatible': 'IE=EmulateIE8', 'Access-Control-Allow-Origin': '*', 'Access-Control-Max-Age': '3600', 'Access-Control-Allow-Credentials': 'true', 'Content-Language': 'en-US', 'Content-Length': '0', 'Date': 'Sun, 09 Mar 2025 17:00:09 GMT'} 
 body=None 
 </msg>
<msg time="2025-03-09T22:30:08.876643" level="INFO">${manageItemResponse} = &lt;Response [204]&gt;</msg>
<var>${manageItemResponse}</var>
<arg>AddData</arg>
<arg>${base_url_api}${manageItem}</arg>
<arg>data=${manageItemJson}</arg>
<doc>Sends a POST request on a previously created HTTP Session.</doc>
<status status="PASS" start="2025-03-09T22:30:08.216487" elapsed="0.660194"/>
</kw>
<kw name="Status Should Be" owner="RequestsLibrary">
<arg>204</arg>
<arg>${manageItemResponse}</arg>
<doc>Fails if response status code is different than the expected.</doc>
<status status="PASS" start="2025-03-09T22:30:08.876857" elapsed="0.000289"/>
</kw>
<kw name="Manage Item With Dynamic Item1" owner="Prepare_Xml_Content">
<msg time="2025-03-09T22:30:08.877767" level="INFO">after mod &lt;ItemList&gt;
	&lt;Item Action="Manage" GlobalItemID="12439482" ItemID="20250309223006214" OrganizationCode="Liverpool" UnitOfMeasure="UN"&gt;
		&lt;Extn ExtnActive="01" ExtnItemSF="Y" ExtnItemSFDesc="ACTIVO" ExtnSuggestedPackage="" ExtnSkuPackage=""/&gt;
		&lt;PrimaryInformation DefaultProductClass="SL" Description="CHAROLA GIRATORIA AILE, 48CM, NATURAL H" ShortDescription="CHAROLA GIRATORIA AILE, 48CM, NATURAL H" ExtendedDisplayDescription="CHAROLA GIRATORIA REDO, 48 CM, NATURAL (12439482)" IsDeliveryAllowed="Y" IsPickupAllowed="Y" IsShippingAllowed="Y" PrimaryEnterpriseCode="Liverpool" SerializedFlag="N" Status="3000" UnitCost="829" ItemType=""/&gt;
		&lt;ClassificationCodes ECCNNo="HAUS" Model="18917" NAICSCode="7502008630089" NMFCClass="152" NMFCCode="15204"/&gt;
		&lt;InventoryParameters ATPRule="Liverpool_ATP" InventoryMonitorRule="EPL_ATP_MONITOR_RULE" NodeLevelInventoryMonitorRule="EPL_ATP_MONITOR_RULE"/&gt;
		&lt;ItemAliasList Reset="Y"&gt;
			&lt;ItemAlias AliasName="EAN1" AliasValue="7502008630089"/&gt;
		&lt;/ItemAliasList&gt;
	&lt;/Item&gt;
&lt;/ItemList&gt;</msg>
<msg time="2025-03-09T22:30:08.878016" level="INFO">${jsonItemId} = {'ItemList': {'Item': {'_Action': 'Manage', '_GlobalItemID': '12439482', '_ItemID': '20250309223006214', '_OrganizationCode': 'Liverpool', '_UnitOfMeasure': 'UN', 'Extn': {'_ExtnActive': '01', '_ExtnI...</msg>
<var>${jsonItemId}</var>
<arg>C:\\automation\\AutomationGeneric\\LvrplSL\\CreateOrder\\CreateOrderApp_create_normal_order_TC_008\\test</arg>
<status status="PASS" start="2025-03-09T22:30:08.877263" elapsed="0.000780"/>
</kw>
<kw name="Dictionary Should Contain Key" owner="Collections">
<arg>${jsonItemId}</arg>
<arg>ItemList</arg>
<doc>Fails if ``key`` is not found from ``dictionary``.</doc>
<status status="PASS" start="2025-03-09T22:30:08.878173" elapsed="0.000184"/>
</kw>
<kw name="Get From Dictionary" owner="Collections">
<msg time="2025-03-09T22:30:08.878635" level="INFO">${Item_ID_Path} = {'Item': {'_Action': 'Manage', '_GlobalItemID': '12439482', '_ItemID': '20250309223006214', '_OrganizationCode': 'Liverpool', '_UnitOfMeasure': 'UN', 'Extn': {'_ExtnActive': '01', '_ExtnItemSF': 'Y', ...</msg>
<var>${Item_ID_Path}</var>
<arg>${jsonItemId}</arg>
<arg>ItemList</arg>
<doc>Returns a value from the given ``dictionary`` based on the given ``key``.</doc>
<status status="PASS" start="2025-03-09T22:30:08.878454" elapsed="0.000208"/>
</kw>
<kw name="Adjust Inventory File" owner="Prepare_Xml_Content">
<msg time="2025-03-09T22:30:08.879080" level="INFO">${jsonAdjInv} = &lt;Items&gt;
	&lt;Item AdjustmentType="ABSOLUTE" Availability="TRACK" ItemID="20250309223006214" OrganizationCode="Liverpool" Quantity="100" ReasonCode="itemSLRTAMS19t2" ReasonText="Ajuste GoldenGate" ShipNod...</msg>
<var>${jsonAdjInv}</var>
<arg>${jsonItemId}[ItemList][Item][_ItemID]</arg>
<arg>C:\\automation\\AutomationGeneric\\LvrplSL\\CreateOrder\\CreateOrderApp_create_normal_order_TC_008\\test</arg>
<status status="PASS" start="2025-03-09T22:30:08.878765" elapsed="0.000338"/>
</kw>
<kw name="POST On Session" owner="RequestsLibrary">
<msg time="2025-03-09T22:30:09.232389" level="INFO">POST Request : url=http://9.30.26.220:9080/smcfs/restapi/invoke/adjustInventory 
 path_url=/smcfs/restapi/invoke/adjustInventory 
 headers={'User-Agent': 'python-requests/2.32.3', 'Accept-Encoding': 'gzip, deflate', 'Accept': '*/*', 'Connection': 'keep-alive', 'Content-Type': 'application/xml', 'Authorization': 'Basic YWRtaW46cGFzc3dvcmQ=', 'Content-Length': '256'} 
 body=&lt;Items&gt;
	&lt;Item AdjustmentType="ABSOLUTE" Availability="TRACK" ItemID="20250309223006214" OrganizationCode="Liverpool" Quantity="100" ReasonCode="itemSLRTAMS19t2" ReasonText="Ajuste GoldenGate" ShipNode="77" SupplyType="ONHAND" UnitOfMeasure="UN"/&gt;
&lt;/Items&gt; 
 </msg>
<msg time="2025-03-09T22:30:09.232581" level="INFO">POST Response : url=http://9.30.26.220:9080/smcfs/restapi/invoke/adjustInventory 
 status=204, reason=No Content 
 headers={'X-Powered-By': 'Servlet/4.0', 'X-FRAME-OPTIONS': 'SAMEORIGIN', 'X-UA-Compatible': 'IE=EmulateIE8', 'Access-Control-Allow-Origin': '*', 'Access-Control-Max-Age': '3600', 'Access-Control-Allow-Credentials': 'true', 'Content-Language': 'en-US', 'Content-Length': '0', 'Date': 'Sun, 09 Mar 2025 17:00:09 GMT'} 
 body=None 
 </msg>
<msg time="2025-03-09T22:30:09.232820" level="INFO">${adjInvresponse} = &lt;Response [204]&gt;</msg>
<var>${adjInvresponse}</var>
<arg>AddData</arg>
<arg>${base_url_api}${adjustInventory}</arg>
<arg>data=${jsonAdjInv}</arg>
<arg>headers=${headers}</arg>
<doc>Sends a POST request on a previously created HTTP Session.</doc>
<status status="PASS" start="2025-03-09T22:30:08.879197" elapsed="0.353688"/>
</kw>
<kw name="Status Should Be" owner="RequestsLibrary">
<arg>204</arg>
<arg>${adjInvresponse}</arg>
<doc>Fails if response status code is different than the expected.</doc>
<status status="PASS" start="2025-03-09T22:30:09.233258" elapsed="0.000643"/>
</kw>
<kw name="Create Order File" owner="Prepare_Xml_Content">
<msg time="2025-03-09T22:30:09.235180" level="INFO">${jsonCreateOrder} = &lt;Order Action="CREATE" AllocationRuleID="FWD_RULES" CustomerPONo=""
    CustomerRewardsNo="" DepartmentCode="" Division=""
    DocumentType="0001" DraftOrderFlag="Y" EnterpriseCode="Liverpool"
    Ord...</msg>
<var>${jsonCreateOrder}</var>
<arg>${jsonItemId}[ItemList][Item][_ItemID]</arg>
<arg>C:\\automation\\AutomationGeneric\\LvrplSL\\CreateOrder\\CreateOrderApp_create_normal_order_TC_008\\test</arg>
<status status="PASS" start="2025-03-09T22:30:09.234201" elapsed="0.001059"/>
</kw>
<kw name="POST On Session" owner="RequestsLibrary">
<msg time="2025-03-09T22:30:09.673793" level="INFO">POST Request : url=http://9.30.26.220:9080/smcfs/restapi/invoke/createOrder 
 path_url=/smcfs/restapi/invoke/createOrder 
 headers={'User-Agent': 'python-requests/2.32.3', 'Accept-Encoding': 'gzip, deflate', 'Accept': '*/*', 'Connection': 'keep-alive', 'Content-Type': 'application/xml', 'Authorization': 'Basic YWRtaW46cGFzc3dvcmQ=', 'Content-Length': '1733'} 
 body=&lt;Order Action="CREATE" AllocationRuleID="FWD_RULES" CustomerPONo=""
    CustomerRewardsNo="" DepartmentCode="" Division=""
    DocumentType="0001" DraftOrderFlag="Y" EnterpriseCode="Liverpool"
    OrderDate="2024-06-24T11:12:38-05:00" OrderName="83"
    OrderNo="20250309223006214" OrderType="Personal"&gt;
    &lt;OrderLines&gt;
        &lt;OrderLine FulfillmentType="Fulfillment_Type_Liverpool" OrderedQty="1"&gt;
            &lt;Item ItemID="20250309223006214" UnitOfMeasure="UN"/&gt;
            &lt;LinePriceInfo IsPriceLocked="Y" UnitPrice="171.75"/&gt;
        &lt;/OrderLine&gt;
    &lt;/OrderLines&gt;
    &lt;PersonInfoBillTo AddressLine1="ESTIBADORES" AddressLine2="84"
        AddressLine3="302" AddressLine4="ROSARIO 1 SECTOR CROC 2"
        AddressLine5="TLALNEPANTLA DE BAZ"
        City="ROSARIO 1 SECTOR CROC 2" Country="MX"
        DayPhone="5585703129" EMailID="ALEJANDRO-TORIZM@HOTMAIL.COM"
        FirstName="RICARDO TORIZ ARRIAGA" LastName="" State="MEXICO" ZipCode="54090"/&gt;
    &lt;PersonInfoShipTo AddressLine1="ESTIBADORES" AddressLine2="84"
        AddressLine3="302" AddressLine4="ROSARIO 1 SECTOR CROC 2"
        AddressLine5="TLALNEPANTLA DE BAZ"
        City="ROSARIO 1 SECTOR CROC 2" Country="MX"
        DayPhone="5585703129" EMailID="ALEJANDRO-TORIZM@HOTMAIL.COM"
        FirstName="RICARDO TORIZ ARRIAGA" LastName="" State="MEXICO" ZipCode="54090"/&gt;
    &lt;PersonInfoContact AddressLine1="ESTIBADORES" AddressLine2="84"
        AddressLine3="302" AddressLine4="ROSARIO 1 SECTOR CROC 2"
        AddressLine5="TLALNEPANTLA DE BAZ"
        City="ROSARIO 1 SECTOR CROC 2" Country="MX"
        DayPhone="5585703129" EMailID="ALEJANDRO-TORIZM@HOTMAIL.COM"
        FirstName="RICARDO TORIZ ARRIAGA" LastName="" State="MEXICO" ZipCode="54090"/&gt;
&lt;/Order&gt; 
 </msg>
<msg time="2025-03-09T22:30:09.673894" level="INFO">POST Response : url=http://9.30.26.220:9080/smcfs/restapi/invoke/createOrder 
 status=200, reason=OK 
 headers={'X-Powered-By': 'Servlet/4.0', 'X-FRAME-OPTIONS': 'SAMEORIGIN', 'X-UA-Compatible': 'IE=EmulateIE8', 'Access-Control-Allow-Origin': '*', 'Access-Control-Max-Age': '3600', 'Access-Control-Allow-Credentials': 'true', 'Content-Type': 'application/json; charset=UTF-8', 'Content-Encoding': 'gzip', 'Content-Language': 'en-US', 'Content-Length': '119', 'Date': 'Sun, 09 Mar 2025 17:00:09 GMT'} 
 body={"DocumentType":"0001","OrderNo":"20250309223006214","OrderHeaderKey":"202503091000091360372","EnterpriseCode":"Liverpool"} 
 </msg>
<msg time="2025-03-09T22:30:09.673976" level="INFO">${createOrderResponse} = &lt;Response [200]&gt;</msg>
<var>${createOrderResponse}</var>
<arg>AddData</arg>
<arg>${base_url_api}${createOrder}</arg>
<arg>data=${jsonCreateOrder}</arg>
<arg>headers=${headers}</arg>
<doc>Sends a POST request on a previously created HTTP Session.</doc>
<status status="PASS" start="2025-03-09T22:30:09.235548" elapsed="0.438446"/>
</kw>
<kw name="Convert To String" owner="BuiltIn">
<msg time="2025-03-09T22:30:09.675070" level="INFO">${resp2} = {'DocumentType': '0001', 'OrderNo': '20250309223006214', 'OrderHeaderKey': '202503091000091360372', 'EnterpriseCode': 'Liverpool'}</msg>
<var>${resp2}</var>
<arg>${createOrderResponse.json()}</arg>
<doc>Converts the given item to a Unicode string.</doc>
<status status="PASS" start="2025-03-09T22:30:09.674130" elapsed="0.001104"/>
</kw>
<kw name="Write Output File" owner="Prepare_Xml_Content">
<arg>${resp2}</arg>
<arg>'createOrder'</arg>
<arg>C:\\automation\\AutomationGeneric\\LvrplSL\\CreateOrder\\CreateOrderApp_create_normal_order_TC_008\\test</arg>
<status status="PASS" start="2025-03-09T22:30:09.675428" elapsed="0.000991"/>
</kw>
<kw name="Log To Console" owner="BuiltIn">
<arg>${createOrderResponse}</arg>
<doc>Logs the given message to the console.</doc>
<status status="PASS" start="2025-03-09T22:30:09.676631" elapsed="0.000388"/>
</kw>
<kw name="Get Current Date" owner="DateTime">
<msg time="2025-03-09T22:30:09.677427" level="INFO">${timestamp} = 20250309-2230</msg>
<var>${timestamp}</var>
<arg>result_format=%Y%m%d-%H%M</arg>
<doc>Returns current local or UTC time with an optional increment.</doc>
<status status="PASS" start="2025-03-09T22:30:09.677174" elapsed="0.000284"/>
</kw>
<kw name="Dictionary Should Contain Key" owner="Collections">
<arg>${createOrderResponse.json()}</arg>
<arg>OrderNo</arg>
<doc>Fails if ``key`` is not found from ``dictionary``.</doc>
<status status="PASS" start="2025-03-09T22:30:09.677588" elapsed="0.000767"/>
</kw>
<kw name="Get From Dictionary" owner="Collections">
<msg time="2025-03-09T22:30:09.679144" level="INFO">${Order_No} = 20250309223006214</msg>
<var>${Order_No}</var>
<arg>${createOrderResponse.json()}</arg>
<arg>OrderNo</arg>
<doc>Returns a value from the given ``dictionary`` based on the given ``key``.</doc>
<status status="PASS" start="2025-03-09T22:30:09.678480" elapsed="0.000695"/>
</kw>
<kw name="Dictionary Should Contain Key" owner="Collections">
<arg>${createOrderResponse.json()}</arg>
<arg>OrderHeaderKey</arg>
<doc>Fails if ``key`` is not found from ``dictionary``.</doc>
<status status="PASS" start="2025-03-09T22:30:09.679289" elapsed="0.000745"/>
</kw>
<kw name="Get From Dictionary" owner="Collections">
<msg time="2025-03-09T22:30:09.680642" level="INFO">${Order_Header_Key} = 202503091000091360372</msg>
<var>${Order_Header_Key}</var>
<arg>${createOrderResponse.json()}</arg>
<arg>OrderHeaderKey</arg>
<doc>Returns a value from the given ``dictionary`` based on the given ``key``.</doc>
<status status="PASS" start="2025-03-09T22:30:09.680164" elapsed="0.000499"/>
</kw>
<kw name="Append Excel File1" owner="read_write_all_excel">
<arg>${file}</arg>
<arg>${Order_No}</arg>
<arg>${TEST NAME}</arg>
<arg>${timestamp}</arg>
<arg>${jsonCreateOrder}</arg>
<arg>${createOrderResponse.json()}</arg>
<status status="PASS" start="2025-03-09T22:30:09.680743" elapsed="0.001005"/>
</kw>
<tag>CREATEORDER</tag>
<tag>HAPPYFLOW</tag>
<tag>REGRESSION</tag>
<status status="PASS" start="2025-03-09T22:30:06.211997" elapsed="3.469906"/>
</test>
<status status="PASS" start="2025-03-09T22:30:05.324248" elapsed="4.358035"/>
</suite>
<status status="PASS" start="2025-03-09T22:30:05.323233" elapsed="4.359447"/>
</suite>
<status status="PASS" start="2025-03-09T22:30:05.322052" elapsed="4.360972"/>
</suite>
<status status="PASS" start="2025-03-09T22:30:05.305119" elapsed="4.378219"/>
</suite>
<statistics>
<total>
<stat pass="1" fail="0" skip="0">All Tests</stat>
</total>
<tag>
<stat pass="1" fail="0" skip="0">CREATEORDER</stat>
<stat pass="1" fail="0" skip="0">HAPPYFLOW</stat>
<stat pass="1" fail="0" skip="0">REGRESSION</stat>
</tag>
<suite>
<stat pass="1" fail="0" skip="0" id="s1" name="CreateOrder">CreateOrder</stat>
<stat pass="1" fail="0" skip="0" id="s1-s1" name="CreateOrderApp create normal order TC 008">CreateOrder.CreateOrderApp create normal order TC 008</stat>
<stat pass="1" fail="0" skip="0" id="s1-s1-s1" name="Test">CreateOrder.CreateOrderApp create normal order TC 008.Test</stat>
<stat pass="1" fail="0" skip="0" id="s1-s1-s1-s1" name="TC 008">CreateOrder.CreateOrderApp create normal order TC 008.Test.TC 008</stat>
</suite>
</statistics>
<errors>
</errors>
</robot>
