<?xml version="1.0" encoding="UTF-8"?>
<robot generator="Robot 7.1.1 (Python 3.13.1 on win32)" generated="2025-03-09T22:30:08.226854" rpa="false" schemaversion="5">
<suite id="s1" name="CreateOrder" source="C:\automation\AutomationGeneric\LvrplSL\CreateOrder">
<suite id="s1-s1" name="CreateOrderPos create normal order TC 010" source="C:\automation\AutomationGeneric\LvrplSL\CreateOrder\CreateOrderPos_create_normal_order_TC_010">
<suite id="s1-s1-s1" name="Test" source="C:\automation\AutomationGeneric\LvrplSL\CreateOrder\CreateOrderPos_create_normal_order_TC_010\test">
<suite id="s1-s1-s1-s1" name="TC 010" source="C:\automation\AutomationGeneric\LvrplSL\CreateOrder\CreateOrderPos_create_normal_order_TC_010\test\TC_010.robot">
<test id="s1-s1-s1-s1-t1" name="Create Order TC_001" line="13">
<kw name="Creating Session1" owner="createSession">
<kw name="Create List" owner="BuiltIn">
<msg time="2025-03-09T22:30:09.116796" level="INFO">${auth} = ['admin', 'password']</msg>
<var>${auth}</var>
<arg>${user}</arg>
<arg>${passwd}</arg>
<doc>Returns a list containing given items.</doc>
<status status="PASS" start="2025-03-09T22:30:09.116596" elapsed="0.000230"/>
</kw>
<kw name="Create Session" owner="RequestsLibrary">
<msg time="2025-03-09T22:30:09.117209" level="INFO">Creating Session using : alias=AddData, url=http://9.30.26.220:9080/smcfs/restapi/invoke/createOrder, headers={'Content-Type': 'application/xml', 'Authorization': 'Basic YWRtaW46cGFzc3dvcmQ='},                     cookies={}, auth=&lt;requests.auth.HTTPBasicAuth object at 0x000001CDF1BD9D30&gt;, timeout=None, proxies=None, verify=False,                     debug=0 </msg>
<arg>${AddData}</arg>
<arg>url=${base_url_api}${createOrder}</arg>
<arg>headers=${headers}</arg>
<arg>auth=${auth}</arg>
<doc>Create Session: create a HTTP session to a server</doc>
<status status="PASS" start="2025-03-09T22:30:09.116935" elapsed="0.000418"/>
</kw>
<arg>AddData</arg>
<status status="PASS" start="2025-03-09T22:30:09.116006" elapsed="0.001416"/>
</kw>
<kw name="Manage Item With Dynamic Item" owner="Prepare_Xml_Content">
<msg time="2025-03-09T22:30:11.119216" level="INFO">before mod &lt;ItemList&gt;
	&lt;Item Action="Manage" GlobalItemID="12439482" ItemID="$ItemID" OrganizationCode="Liverpool" UnitOfMeasure="UN"&gt;
		&lt;Extn ExtnActive="01" ExtnItemSF="Y" ExtnItemSFDesc="ACTIVO" ExtnSuggestedPackage="" ExtnSkuPackage=""/&gt;
		&lt;PrimaryInformation DefaultProductClass="SL" Description="CHAROLA GIRATORIA AILE, 48CM, NATURAL H" ShortDescription="CHAROLA GIRATORIA AILE, 48CM, NATURAL H" ExtendedDisplayDescription="CHAROLA GIRATORIA REDO, 48 CM, NATURAL (12439482)" IsDeliveryAllowed="Y" IsPickupAllowed="Y" IsShippingAllowed="Y" PrimaryEnterpriseCode="Liverpool" SerializedFlag="N" Status="3000" UnitCost="829" ItemType=""/&gt;
		&lt;ClassificationCodes ECCNNo="HAUS" Model="18917" NAICSCode="7502008630089" NMFCClass="152" NMFCCode="15204"/&gt;
		&lt;InventoryParameters ATPRule="Liverpool_ATP" InventoryMonitorRule="EPL_ATP_MONITOR_RULE" NodeLevelInventoryMonitorRule="EPL_ATP_MONITOR_RULE"/&gt;
		&lt;ItemAliasList Reset="Y"&gt;
			&lt;ItemAlias AliasName="EAN1" AliasValue="7502008630089"/&gt;
		&lt;/ItemAliasList&gt;
	&lt;/Item&gt;
&lt;/ItemList&gt;
after mod &lt;ItemList&gt;
	&lt;Item Action="Manage" GlobalItemID="12439482" ItemID="20250309223009117" OrganizationCode="Liverpool" UnitOfMeasure="UN"&gt;
		&lt;Extn ExtnActive="01" ExtnItemSF="Y" ExtnItemSFDesc="ACTIVO" ExtnSuggestedPackage="" ExtnSkuPackage=""/&gt;
		&lt;PrimaryInformation DefaultProductClass="SL" Description="CHAROLA GIRATORIA AILE, 48CM, NATURAL H" ShortDescription="CHAROLA GIRATORIA AILE, 48CM, NATURAL H" ExtendedDisplayDescription="CHAROLA GIRATORIA REDO, 48 CM, NATURAL (12439482)" IsDeliveryAllowed="Y" IsPickupAllowed="Y" IsShippingAllowed="Y" PrimaryEnterpriseCode="Liverpool" SerializedFlag="N" Status="3000" UnitCost="829" ItemType=""/&gt;
		&lt;ClassificationCodes ECCNNo="HAUS" Model="18917" NAICSCode="7502008630089" NMFCClass="152" NMFCCode="15204"/&gt;
		&lt;InventoryParameters ATPRule="Liverpool_ATP" InventoryMonitorRule="EPL_ATP_MONITOR_RULE" NodeLevelInventoryMonitorRule="EPL_ATP_MONITOR_RULE"/&gt;
		&lt;ItemAliasList Reset="Y"&gt;
			&lt;ItemAlias AliasName="EAN1" AliasValue="7502008630089"/&gt;
		&lt;/ItemAliasList&gt;
	&lt;/Item&gt;
&lt;/ItemList&gt;</msg>
<msg time="2025-03-09T22:30:11.119377" level="INFO">${manageItemJson} = &lt;ItemList&gt;
	&lt;Item Action="Manage" GlobalItemID="12439482" ItemID="20250309223009117" OrganizationCode="Liverpool" UnitOfMeasure="UN"&gt;
		&lt;Extn ExtnActive="01" ExtnItemSF="Y" ExtnItemSFDesc="ACTIVO" Ext...</msg>
<var>${manageItemJson}</var>
<arg>C:\\automation\\AutomationGeneric\\LvrplSL\\CreateOrder\\CreateOrderPos_create_normal_order_TC_010\\test</arg>
<status status="PASS" start="2025-03-09T22:30:09.117504" elapsed="2.001898"/>
</kw>
<kw name="POST On Session" owner="RequestsLibrary">
<msg time="2025-03-09T22:30:11.852846" level="INFO">POST Request : url=http://9.30.26.220:9080/smcfs/restapi/invoke/manageItem 
 path_url=/smcfs/restapi/invoke/manageItem 
 headers={'User-Agent': 'python-requests/2.32.3', 'Accept-Encoding': 'gzip, deflate', 'Accept': '*/*', 'Connection': 'keep-alive', 'Content-Type': 'application/xml', 'Authorization': 'Basic YWRtaW46cGFzc3dvcmQ=', 'Content-Length': '1025'} 
 body=&lt;ItemList&gt;
	&lt;Item Action="Manage" GlobalItemID="12439482" ItemID="20250309223009117" OrganizationCode="Liverpool" UnitOfMeasure="UN"&gt;
		&lt;Extn ExtnActive="01" ExtnItemSF="Y" ExtnItemSFDesc="ACTIVO" ExtnSuggestedPackage="" ExtnSkuPackage=""/&gt;
		&lt;PrimaryInformation DefaultProductClass="SL" Description="CHAROLA GIRATORIA AILE, 48CM, NATURAL H" ShortDescription="CHAROLA GIRATORIA AILE, 48CM, NATURAL H" ExtendedDisplayDescription="CHAROLA GIRATORIA REDO, 48 CM, NATURAL (12439482)" IsDeliveryAllowed="Y" IsPickupAllowed="Y" IsShippingAllowed="Y" PrimaryEnterpriseCode="Liverpool" SerializedFlag="N" Status="3000" UnitCost="829" ItemType=""/&gt;
		&lt;ClassificationCodes ECCNNo="HAUS" Model="18917" NAICSCode="7502008630089" NMFCClass="152" NMFCCode="15204"/&gt;
		&lt;InventoryParameters ATPRule="Liverpool_ATP" InventoryMonitorRule="EPL_ATP_MONITOR_RULE" NodeLevelInventoryMonitorRule="EPL_ATP_MONITOR_RULE"/&gt;
		&lt;ItemAliasList Reset="Y"&gt;
			&lt;ItemAlias AliasName="EAN1" AliasValue="7502008630089"/&gt;
		&lt;/ItemAliasList&gt;
	&lt;/Item&gt;
&lt;/ItemList&gt; 
 </msg>
<msg time="2025-03-09T22:30:11.853068" level="INFO">POST Response : url=http://9.30.26.220:9080/smcfs/restapi/invoke/manageItem 
 status=204, reason=No Content 
 headers={'X-Powered-By': 'Servlet/4.0', 'X-FRAME-OPTIONS': 'SAMEORIGIN', 'X-UA-Compatible': 'IE=EmulateIE8', 'Access-Control-Allow-Origin': '*', 'Access-Control-Max-Age': '3600', 'Access-Control-Allow-Credentials': 'true', 'Content-Language': 'en-US', 'Content-Length': '0', 'Date': 'Sun, 09 Mar 2025 17:00:12 GMT'} 
 body=None 
 </msg>
<msg time="2025-03-09T22:30:11.853321" level="INFO">${manageItemResponse} = &lt;Response [204]&gt;</msg>
<var>${manageItemResponse}</var>
<arg>AddData</arg>
<arg>${base_url_api}${manageItem}</arg>
<arg>data=${manageItemJson}</arg>
<doc>Sends a POST request on a previously created HTTP Session.</doc>
<status status="PASS" start="2025-03-09T22:30:11.119571" elapsed="0.733817"/>
</kw>
<kw name="Status Should Be" owner="RequestsLibrary">
<arg>204</arg>
<arg>${manageItemResponse}</arg>
<doc>Fails if response status code is different than the expected.</doc>
<status status="PASS" start="2025-03-09T22:30:11.853776" elapsed="0.000784"/>
</kw>
<kw name="Manage Item With Dynamic Item1" owner="Prepare_Xml_Content">
<msg time="2025-03-09T22:30:11.856316" level="INFO">after mod &lt;ItemList&gt;
	&lt;Item Action="Manage" GlobalItemID="12439482" ItemID="20250309223009117" OrganizationCode="Liverpool" UnitOfMeasure="UN"&gt;
		&lt;Extn ExtnActive="01" ExtnItemSF="Y" ExtnItemSFDesc="ACTIVO" ExtnSuggestedPackage="" ExtnSkuPackage=""/&gt;
		&lt;PrimaryInformation DefaultProductClass="SL" Description="CHAROLA GIRATORIA AILE, 48CM, NATURAL H" ShortDescription="CHAROLA GIRATORIA AILE, 48CM, NATURAL H" ExtendedDisplayDescription="CHAROLA GIRATORIA REDO, 48 CM, NATURAL (12439482)" IsDeliveryAllowed="Y" IsPickupAllowed="Y" IsShippingAllowed="Y" PrimaryEnterpriseCode="Liverpool" SerializedFlag="N" Status="3000" UnitCost="829" ItemType=""/&gt;
		&lt;ClassificationCodes ECCNNo="HAUS" Model="18917" NAICSCode="7502008630089" NMFCClass="152" NMFCCode="15204"/&gt;
		&lt;InventoryParameters ATPRule="Liverpool_ATP" InventoryMonitorRule="EPL_ATP_MONITOR_RULE" NodeLevelInventoryMonitorRule="EPL_ATP_MONITOR_RULE"/&gt;
		&lt;ItemAliasList Reset="Y"&gt;
			&lt;ItemAlias AliasName="EAN1" AliasValue="7502008630089"/&gt;
		&lt;/ItemAliasList&gt;
	&lt;/Item&gt;
&lt;/ItemList&gt;</msg>
<msg time="2025-03-09T22:30:11.856889" level="INFO">${jsonItemId} = {'ItemList': {'Item': {'_Action': 'Manage', '_GlobalItemID': '12439482', '_ItemID': '20250309223009117', '_OrganizationCode': 'Liverpool', '_UnitOfMeasure': 'UN', 'Extn': {'_ExtnActive': '01', '_ExtnI...</msg>
<var>${jsonItemId}</var>
<arg>C:\\automation\\AutomationGeneric\\LvrplSL\\CreateOrder\\CreateOrderPos_create_normal_order_TC_010\\test</arg>
<status status="PASS" start="2025-03-09T22:30:11.854895" elapsed="0.002070"/>
</kw>
<kw name="Dictionary Should Contain Key" owner="Collections">
<arg>${jsonItemId}</arg>
<arg>ItemList</arg>
<doc>Fails if ``key`` is not found from ``dictionary``.</doc>
<status status="PASS" start="2025-03-09T22:30:11.857270" elapsed="0.000167"/>
</kw>
<kw name="Get From Dictionary" owner="Collections">
<msg time="2025-03-09T22:30:11.857670" level="INFO">${Item_ID_Path} = {'Item': {'_Action': 'Manage', '_GlobalItemID': '12439482', '_ItemID': '20250309223009117', '_OrganizationCode': 'Liverpool', '_UnitOfMeasure': 'UN', 'Extn': {'_ExtnActive': '01', '_ExtnItemSF': 'Y', ...</msg>
<var>${Item_ID_Path}</var>
<arg>${jsonItemId}</arg>
<arg>ItemList</arg>
<doc>Returns a value from the given ``dictionary`` based on the given ``key``.</doc>
<status status="PASS" start="2025-03-09T22:30:11.857519" elapsed="0.000169"/>
</kw>
<kw name="Adjust Inventory File" owner="Prepare_Xml_Content">
<msg time="2025-03-09T22:30:11.858030" level="INFO">${jsonAdjInv} = &lt;Items&gt;
	&lt;Item AdjustmentType="ABSOLUTE" Availability="TRACK" ItemID="20250309223009117" OrganizationCode="Liverpool" Quantity="100" ReasonCode="itemSLRTAMS19t2" ReasonText="Ajuste GoldenGate" ShipNod...</msg>
<var>${jsonAdjInv}</var>
<arg>${jsonItemId}[ItemList][Item][_ItemID]</arg>
<arg>C:\\automation\\AutomationGeneric\\LvrplSL\\CreateOrder\\CreateOrderPos_create_normal_order_TC_010\\test</arg>
<status status="PASS" start="2025-03-09T22:30:11.857762" elapsed="0.000290"/>
</kw>
<kw name="POST On Session" owner="RequestsLibrary">
<msg time="2025-03-09T22:30:12.223737" level="INFO">POST Request : url=http://9.30.26.220:9080/smcfs/restapi/invoke/adjustInventory 
 path_url=/smcfs/restapi/invoke/adjustInventory 
 headers={'User-Agent': 'python-requests/2.32.3', 'Accept-Encoding': 'gzip, deflate', 'Accept': '*/*', 'Connection': 'keep-alive', 'Content-Type': 'application/xml', 'Authorization': 'Basic YWRtaW46cGFzc3dvcmQ=', 'Content-Length': '256'} 
 body=&lt;Items&gt;
	&lt;Item AdjustmentType="ABSOLUTE" Availability="TRACK" ItemID="20250309223009117" OrganizationCode="Liverpool" Quantity="100" ReasonCode="itemSLRTAMS19t2" ReasonText="Ajuste GoldenGate" ShipNode="77" SupplyType="ONHAND" UnitOfMeasure="UN"/&gt;
&lt;/Items&gt; 
 </msg>
<msg time="2025-03-09T22:30:12.223929" level="INFO">POST Response : url=http://9.30.26.220:9080/smcfs/restapi/invoke/adjustInventory 
 status=204, reason=No Content 
 headers={'X-Powered-By': 'Servlet/4.0', 'X-FRAME-OPTIONS': 'SAMEORIGIN', 'X-UA-Compatible': 'IE=EmulateIE8', 'Access-Control-Allow-Origin': '*', 'Access-Control-Max-Age': '3600', 'Access-Control-Allow-Credentials': 'true', 'Content-Language': 'en-US', 'Content-Length': '0', 'Date': 'Sun, 09 Mar 2025 17:00:12 GMT'} 
 body=None 
 </msg>
<msg time="2025-03-09T22:30:12.224171" level="INFO">${adjInvresponse} = &lt;Response [204]&gt;</msg>
<var>${adjInvresponse}</var>
<arg>AddData</arg>
<arg>${base_url_api}${adjustInventory}</arg>
<arg>data=${jsonAdjInv}</arg>
<arg>headers=${headers}</arg>
<doc>Sends a POST request on a previously created HTTP Session.</doc>
<status status="PASS" start="2025-03-09T22:30:11.858142" elapsed="0.366092"/>
</kw>
<kw name="Status Should Be" owner="RequestsLibrary">
<arg>204</arg>
<arg>${adjInvresponse}</arg>
<doc>Fails if response status code is different than the expected.</doc>
<status status="PASS" start="2025-03-09T22:30:12.224625" elapsed="0.000674"/>
</kw>
<kw name="Find Inventory File" owner="Prepare_Xml_Content">
<msg time="2025-03-09T22:30:12.226597" level="INFO">${jsonfindInventory} = &lt;Promise AllocationRuleID="FWD_RULES" CheckInventory="Y" EnterpriseCode="Liverpool" FulfillmentType="Fulfillment_Type_Liverpool"
 OrganizationCode="Liverpool"&gt;
	&lt;ShipToAddress Country="MX" ZipCode="98...</msg>
<var>${jsonfindInventory}</var>
<arg>${jsonItemId}[ItemList][Item][_ItemID]</arg>
<arg>C:\\automation\\AutomationGeneric\\LvrplSL\\CreateOrder\\CreateOrderPos_create_normal_order_TC_010\\test</arg>
<status status="PASS" start="2025-03-09T22:30:12.225625" elapsed="0.001061"/>
</kw>
<kw name="Create Order File" owner="Prepare_Xml_Content">
<msg time="2025-03-09T22:30:12.227847" level="INFO">${jsonCreateOrder} = &lt;Order Action="CREATE" AllocationRuleID="FWD_RULES" CustomerPONo=""
    CustomerRewardsNo="" DepartmentCode="" Division=""
    DocumentType="0001" DraftOrderFlag="Y" EnterpriseCode="Liverpool"
    Ord...</msg>
<var>${jsonCreateOrder}</var>
<arg>${jsonItemId}[ItemList][Item][_ItemID]</arg>
<arg>C:\\automation\\AutomationGeneric\\LvrplSL\\CreateOrder\\CreateOrderPos_create_normal_order_TC_010\\test</arg>
<status status="PASS" start="2025-03-09T22:30:12.226974" elapsed="0.000946"/>
</kw>
<kw name="POST On Session" owner="RequestsLibrary">
<msg time="2025-03-09T22:30:12.687864" level="INFO">POST Request : url=http://9.30.26.220:9080/smcfs/restapi/invoke/createOrder 
 path_url=/smcfs/restapi/invoke/createOrder 
 headers={'User-Agent': 'python-requests/2.32.3', 'Accept-Encoding': 'gzip, deflate', 'Accept': '*/*', 'Connection': 'keep-alive', 'Content-Type': 'application/xml', 'Authorization': 'Basic YWRtaW46cGFzc3dvcmQ=', 'Content-Length': '1686'} 
 body=&lt;Order Action="CREATE" AllocationRuleID="FWD_RULES" CustomerPONo=""
    CustomerRewardsNo="" DepartmentCode="" Division=""
    DocumentType="0001" DraftOrderFlag="Y" EnterpriseCode="Liverpool"
    OrderDate="2024-06-24T11:07:46-0500" OrderName="106"
    OrderNo="20250309223009117" OrderType="Personal"&gt;
    &lt;OrderLines&gt;
        &lt;OrderLine FulfillmentType="Fulfillment_Type_Liverpool" OrderedQty="1"&gt;
            &lt;Item ItemDesc="FAMOSA NANCY BAIL" ItemID="20250309223009117" UnitOfMeasure="UN"/&gt;
            &lt;LinePriceInfo IsPriceLocked="Y" UnitPrice="899.00"/&gt;
        &lt;/OrderLine&gt;
    &lt;/OrderLines&gt;
    &lt;PersonInfoBillTo AddressLine1="AVENIDA 33 PONIENTE"
        AddressLine2="2305 " AddressLine3=""
        AddressLine4="BENITO JUAREZ" AddressLine5="PUEBLA" City="PUEBLA"
        Country="MX" DayPhone="222 03888534"
        EMailID="ISAVELA0102@GMAIL.COM"
        FirstName="MARIA ISABEL  VELAZCO CRUZ  " LastName=""
        MobilePhone="" State="PUE" ZipCode="72410"/&gt;
    &lt;PersonInfoShipTo AddressLine1="AVENIDA 33 PONIENTE"
        AddressLine2="2305 " AddressLine3=""
        AddressLine4="BENITO JUAREZ" AddressLine5="PUEBLA" City="PUEBLA"
        Country="MX" DayPhone="222 03888534"
        EMailID="ISAVELA0102@GMAIL.COM"
        FirstName="MARIA ISABEL  VELAZCO CRUZ  " LastName="" State="PUE" ZipCode="72410"/&gt;
    &lt;PersonInfoContact AddressLine1="AVENIDA 33 PONIENTE"
        AddressLine2="2305 " AddressLine3=""
        AddressLine4="BENITO JUAREZ" AddressLine5="PUEBLA" City="PUEBLA"
        Country="MX" DayPhone="222 03888534"
        EMailID="ISAVELA0102@GMAIL.COM"
        FirstName="MARIA ISABEL  VELAZCO CRUZ  " LastName="" State="PUE" ZipCode="72410"/&gt;
&lt;/Order&gt; 
 </msg>
<msg time="2025-03-09T22:30:12.688092" level="INFO">POST Response : url=http://9.30.26.220:9080/smcfs/restapi/invoke/createOrder 
 status=200, reason=OK 
 headers={'X-Powered-By': 'Servlet/4.0', 'X-FRAME-OPTIONS': 'SAMEORIGIN', 'X-UA-Compatible': 'IE=EmulateIE8', 'Access-Control-Allow-Origin': '*', 'Access-Control-Max-Age': '3600', 'Access-Control-Allow-Credentials': 'true', 'Content-Type': 'application/json; charset=UTF-8', 'Content-Encoding': 'gzip', 'Content-Language': 'en-US', 'Content-Length': '119', 'Date': 'Sun, 09 Mar 2025 17:00:12 GMT'} 
 body={"DocumentType":"0001","OrderNo":"20250309223009117","OrderHeaderKey":"202503091000121360383","EnterpriseCode":"Liverpool"} 
 </msg>
<msg time="2025-03-09T22:30:12.688327" level="INFO">${createOrderResponse} = &lt;Response [200]&gt;</msg>
<var>${createOrderResponse}</var>
<arg>AddData</arg>
<arg>${base_url_api}${createOrder}</arg>
<arg>data=${jsonCreateOrder}</arg>
<arg>headers=${headers}</arg>
<doc>Sends a POST request on a previously created HTTP Session.</doc>
<status status="PASS" start="2025-03-09T22:30:12.228219" elapsed="0.460377"/>
</kw>
<kw name="Convert To String" owner="BuiltIn">
<msg time="2025-03-09T22:30:12.690975" level="INFO">${resp2} = {'DocumentType': '0001', 'OrderNo': '20250309223009117', 'OrderHeaderKey': '202503091000121360383', 'EnterpriseCode': 'Liverpool'}</msg>
<var>${resp2}</var>
<arg>${createOrderResponse.json()}</arg>
<doc>Converts the given item to a Unicode string.</doc>
<status status="PASS" start="2025-03-09T22:30:12.688979" elapsed="0.002066"/>
</kw>
<kw name="Write Output File" owner="Prepare_Xml_Content">
<arg>${resp2}</arg>
<arg>'createOrder'</arg>
<arg>C:\\automation\\AutomationGeneric\\LvrplSL\\CreateOrder\\CreateOrderPos_create_normal_order_TC_010\\test</arg>
<status status="PASS" start="2025-03-09T22:30:12.691328" elapsed="0.001716"/>
</kw>
<kw name="Log To Console" owner="BuiltIn">
<arg>${createOrderResponse}</arg>
<doc>Logs the given message to the console.</doc>
<status status="PASS" start="2025-03-09T22:30:12.693355" elapsed="0.000503"/>
</kw>
<kw name="Get Current Date" owner="DateTime">
<msg time="2025-03-09T22:30:12.694670" level="INFO">${timestamp} = 20250309-2230</msg>
<var>${timestamp}</var>
<arg>result_format=%Y%m%d-%H%M</arg>
<doc>Returns current local or UTC time with an optional increment.</doc>
<status status="PASS" start="2025-03-09T22:30:12.694075" elapsed="0.000658"/>
</kw>
<kw name="Dictionary Should Contain Key" owner="Collections">
<arg>${createOrderResponse.json()}</arg>
<arg>OrderNo</arg>
<doc>Fails if ``key`` is not found from ``dictionary``.</doc>
<status status="PASS" start="2025-03-09T22:30:12.694995" elapsed="0.001392"/>
</kw>
<kw name="Get From Dictionary" owner="Collections">
<msg time="2025-03-09T22:30:12.697468" level="INFO">${Order_No} = 20250309223009117</msg>
<var>${Order_No}</var>
<arg>${createOrderResponse.json()}</arg>
<arg>OrderNo</arg>
<doc>Returns a value from the given ``dictionary`` based on the given ``key``.</doc>
<status status="PASS" start="2025-03-09T22:30:12.696554" elapsed="0.000958"/>
</kw>
<kw name="Dictionary Should Contain Key" owner="Collections">
<arg>${createOrderResponse.json()}</arg>
<arg>OrderHeaderKey</arg>
<doc>Fails if ``key`` is not found from ``dictionary``.</doc>
<status status="PASS" start="2025-03-09T22:30:12.697675" elapsed="0.000847"/>
</kw>
<kw name="Get From Dictionary" owner="Collections">
<msg time="2025-03-09T22:30:12.699378" level="INFO">${Order_Header_Key} = 202503091000121360383</msg>
<var>${Order_Header_Key}</var>
<arg>${createOrderResponse.json()}</arg>
<arg>OrderHeaderKey</arg>
<doc>Returns a value from the given ``dictionary`` based on the given ``key``.</doc>
<status status="PASS" start="2025-03-09T22:30:12.698673" elapsed="0.000731"/>
</kw>
<kw name="Append Excel File1" owner="read_write_all_excel">
<arg>${file}</arg>
<arg>${Order_No}</arg>
<arg>${TEST NAME}</arg>
<arg>${timestamp}</arg>
<arg>${jsonCreateOrder}</arg>
<arg>${createOrderResponse.json()}</arg>
<status status="PASS" start="2025-03-09T22:30:12.699500" elapsed="0.001072"/>
</kw>
<tag>CREATEORDER</tag>
<tag>HAPPYFLOW</tag>
<tag>REGRESSION</tag>
<status status="PASS" start="2025-03-09T22:30:09.115484" elapsed="3.585238"/>
</test>
<status status="PASS" start="2025-03-09T22:30:08.269670" elapsed="4.431495"/>
</suite>
<status status="PASS" start="2025-03-09T22:30:08.268681" elapsed="4.433014"/>
</suite>
<status status="PASS" start="2025-03-09T22:30:08.267492" elapsed="4.434641"/>
</suite>
<status status="PASS" start="2025-03-09T22:30:08.252584" elapsed="4.449955"/>
</suite>
<statistics>
<total>
<stat pass="1" fail="0" skip="0">All Tests</stat>
</total>
<tag>
<stat pass="1" fail="0" skip="0">CREATEORDER</stat>
<stat pass="1" fail="0" skip="0">HAPPYFLOW</stat>
<stat pass="1" fail="0" skip="0">REGRESSION</stat>
</tag>
<suite>
<stat pass="1" fail="0" skip="0" id="s1" name="CreateOrder">CreateOrder</stat>
<stat pass="1" fail="0" skip="0" id="s1-s1" name="CreateOrderPos create normal order TC 010">CreateOrder.CreateOrderPos create normal order TC 010</stat>
<stat pass="1" fail="0" skip="0" id="s1-s1-s1" name="Test">CreateOrder.CreateOrderPos create normal order TC 010.Test</stat>
<stat pass="1" fail="0" skip="0" id="s1-s1-s1-s1" name="TC 010">CreateOrder.CreateOrderPos create normal order TC 010.Test.TC 010</stat>
</suite>
</statistics>
<errors>
</errors>
</robot>
