<?xml version="1.0" encoding="UTF-8"?>
<robot generator="Robot 7.1.1 (Python 3.13.1 on win32)" generated="2025-01-28T17:50:33.821734" rpa="false" schemaversion="5">
<suite id="s1" name="Test" source="C:\EPL-Liverpool-SL\LvrplSL\SL24_57_EPLFindInventory_logic_change_for_EPLChangeFlashStoreSyncService\SL24_57_T_001\test">
<suite id="s1-s1" name="EPLFindInventory" source="C:\EPL-Liverpool-SL\LvrplSL\SL24_57_EPLFindInventory_logic_change_for_EPLChangeFlashStoreSyncService\SL24_57_T_001\test\EPLFindInventory.robot">
<test id="s1-s1-t1" name="Create Order TC_001" line="13">
<kw name="Creating Session1" owner="createSession">
<kw name="Create List" owner="BuiltIn">
<msg time="2025-01-28T17:50:35.780719" level="INFO">${auth} = ['admin', 'ChangeIt4m3']</msg>
<var>${auth}</var>
<arg>${user}</arg>
<arg>${passwd}</arg>
<doc>Returns a list containing given items.</doc>
<status status="PASS" start="2025-01-28T17:50:35.780513" elapsed="0.000241"/>
</kw>
<kw name="Create Session" owner="RequestsLibrary">
<msg time="2025-01-28T17:50:35.781227" level="INFO">Creating Session using : alias=AddData, url=http://localhost:9080/smcfs/restapi/invoke/createOrder, headers={'Content-Type': 'application/xml', 'Authorization': 'Basic YWRtaW46cGFzc3dvcmQ='},                     cookies={}, auth=&lt;requests.auth.HTTPBasicAuth object at 0x00000262B5189400&gt;, timeout=None, proxies=None, verify=False,                     debug=0 </msg>
<arg>${AddData}</arg>
<arg>url=${base_url_api}${createOrder}</arg>
<arg>headers=${headers}</arg>
<arg>auth=${auth}</arg>
<doc>Create Session: create a HTTP session to a server</doc>
<status status="PASS" start="2025-01-28T17:50:35.780899" elapsed="0.000555"/>
</kw>
<arg>AddData</arg>
<status status="PASS" start="2025-01-28T17:50:35.779629" elapsed="0.001906"/>
</kw>
<kw name="Manage Item With Dynamic Item" owner="Prepare_Xml_Content">
<msg time="2025-01-28T17:50:35.798611" level="INFO">before mod &lt;ItemList&gt;
	&lt;Item Action="Manage" GlobalItemID="12439482" ItemID="$ItemID" OrganizationCode="Liverpool" UnitOfMeasure="UN"&gt;
		&lt;Extn ExtnActive="01" ExtnItemSF="Y" ExtnItemSFDesc="ACTIVO" ExtnSuggestedPackage="" ExtnSkuPackage=""/&gt;
		&lt;PrimaryInformation DefaultProductClass="SL" Description="CHAROLA GIRATORIA AILE, 48CM, NATURAL H" ShortDescription="CHAROLA GIRATORIA AILE, 48CM, NATURAL H" ExtendedDisplayDescription="CHAROLA GIRATORIA REDO, 48 CM, NATURAL (12439482)" IsDeliveryAllowed="Y" IsPickupAllowed="Y" IsShippingAllowed="Y" PrimaryEnterpriseCode="Liverpool" SerializedFlag="N" Status="3000" UnitCost="829" ItemType=""/&gt;
		&lt;ClassificationCodes ECCNNo="HAUS" Model="18917" NAICSCode="7502008630089" NMFCClass="152" NMFCCode="15204"/&gt;
		&lt;InventoryParameters ATPRule="Liverpool_ATP" InventoryMonitorRule="EPL_ATP_MONITOR_RULE" NodeLevelInventoryMonitorRule="EPL_ATP_MONITOR_RULE"/&gt;
		&lt;ItemAliasList Reset="Y"&gt;
			&lt;ItemAlias AliasName="EAN1" AliasValue="7502008630089"/&gt;
		&lt;/ItemAliasList&gt;
	&lt;/Item&gt;
&lt;/ItemList&gt;
after mod &lt;ItemList&gt;
	&lt;Item Action="Manage" GlobalItemID="12439482" ItemID="20250128175035" OrganizationCode="Liverpool" UnitOfMeasure="UN"&gt;
		&lt;Extn ExtnActive="01" ExtnItemSF="Y" ExtnItemSFDesc="ACTIVO" ExtnSuggestedPackage="" ExtnSkuPackage=""/&gt;
		&lt;PrimaryInformation DefaultProductClass="SL" Description="CHAROLA GIRATORIA AILE, 48CM, NATURAL H" ShortDescription="CHAROLA GIRATORIA AILE, 48CM, NATURAL H" ExtendedDisplayDescription="CHAROLA GIRATORIA REDO, 48 CM, NATURAL (12439482)" IsDeliveryAllowed="Y" IsPickupAllowed="Y" IsShippingAllowed="Y" PrimaryEnterpriseCode="Liverpool" SerializedFlag="N" Status="3000" UnitCost="829" ItemType=""/&gt;
		&lt;ClassificationCodes ECCNNo="HAUS" Model="18917" NAICSCode="7502008630089" NMFCClass="152" NMFCCode="15204"/&gt;
		&lt;InventoryParameters ATPRule="Liverpool_ATP" InventoryMonitorRule="EPL_ATP_MONITOR_RULE" NodeLevelInventoryMonitorRule="EPL_ATP_MONITOR_RULE"/&gt;
		&lt;ItemAliasList Reset="Y"&gt;
			&lt;ItemAlias AliasName="EAN1" AliasValue="7502008630089"/&gt;
		&lt;/ItemAliasList&gt;
	&lt;/Item&gt;
&lt;/ItemList&gt;</msg>
<msg time="2025-01-28T17:50:35.798823" level="INFO">${manageItemJson} = &lt;ItemList&gt;
	&lt;Item Action="Manage" GlobalItemID="12439482" ItemID="20250128175035" OrganizationCode="Liverpool" UnitOfMeasure="UN"&gt;
		&lt;Extn ExtnActive="01" ExtnItemSF="Y" ExtnItemSFDesc="ACTIVO" ExtnSu...</msg>
<var>${manageItemJson}</var>
<arg>C:\\EPL-Liverpool-SL\\LvrplSL\\SL24_57_EPLFindInventory_logic_change_for_EPLChangeFlashStoreSyncService\\SL24_57_T_001\\test</arg>
<status status="PASS" start="2025-01-28T17:50:35.781895" elapsed="0.016967"/>
</kw>
<kw name="POST On Session" owner="RequestsLibrary">
<msg time="2025-01-28T17:50:36.392941" level="INFO">POST Request : url=http://localhost:9080/smcfs/restapi/invoke/manageItem 
 path_url=/smcfs/restapi/invoke/manageItem 
 headers={'User-Agent': 'python-requests/2.32.3', 'Accept-Encoding': 'gzip, deflate', 'Accept': '*/*', 'Connection': 'keep-alive', 'Content-Type': 'application/xml', 'Authorization': 'Basic YWRtaW46Q2hhbmdlSXQ0bTM=', 'Content-Length': '1022'} 
 body=&lt;ItemList&gt;
	&lt;Item Action="Manage" GlobalItemID="12439482" ItemID="20250128175035" OrganizationCode="Liverpool" UnitOfMeasure="UN"&gt;
		&lt;Extn ExtnActive="01" ExtnItemSF="Y" ExtnItemSFDesc="ACTIVO" ExtnSuggestedPackage="" ExtnSkuPackage=""/&gt;
		&lt;PrimaryInformation DefaultProductClass="SL" Description="CHAROLA GIRATORIA AILE, 48CM, NATURAL H" ShortDescription="CHAROLA GIRATORIA AILE, 48CM, NATURAL H" ExtendedDisplayDescription="CHAROLA GIRATORIA REDO, 48 CM, NATURAL (12439482)" IsDeliveryAllowed="Y" IsPickupAllowed="Y" IsShippingAllowed="Y" PrimaryEnterpriseCode="Liverpool" SerializedFlag="N" Status="3000" UnitCost="829" ItemType=""/&gt;
		&lt;ClassificationCodes ECCNNo="HAUS" Model="18917" NAICSCode="7502008630089" NMFCClass="152" NMFCCode="15204"/&gt;
		&lt;InventoryParameters ATPRule="Liverpool_ATP" InventoryMonitorRule="EPL_ATP_MONITOR_RULE" NodeLevelInventoryMonitorRule="EPL_ATP_MONITOR_RULE"/&gt;
		&lt;ItemAliasList Reset="Y"&gt;
			&lt;ItemAlias AliasName="EAN1" AliasValue="7502008630089"/&gt;
		&lt;/ItemAliasList&gt;
	&lt;/Item&gt;
&lt;/ItemList&gt; 
 </msg>
<msg time="2025-01-28T17:50:36.393112" level="INFO">POST Response : url=http://localhost:9080/smcfs/restapi/invoke/manageItem 
 status=204, reason=No Content 
 headers={'X-FRAME-OPTIONS': 'SAMEORIGIN', 'X-UA-Compatible': 'IE=EmulateIE8', 'Access-Control-Allow-Origin': '*', 'Access-Control-Max-Age': '3600', 'Access-Control-Allow-Credentials': 'true', 'Content-Language': 'en-US', 'Vary': 'Accept-Encoding', 'Content-Length': '0', 'Date': 'Tue, 28 Jan 2025 12:20:36 GMT'} 
 body=None 
 </msg>
<msg time="2025-01-28T17:50:36.393244" level="INFO">${manageItemResponse} = &lt;Response [204]&gt;</msg>
<var>${manageItemResponse}</var>
<arg>AddData</arg>
<arg>${base_url_api}${manageItem}</arg>
<arg>data=${manageItemJson}</arg>
<doc>Sends a POST request on a previously created HTTP Session.</doc>
<status status="PASS" start="2025-01-28T17:50:35.799274" elapsed="0.593997"/>
</kw>
<kw name="Status Should Be" owner="RequestsLibrary">
<arg>204</arg>
<arg>${manageItemResponse}</arg>
<doc>Fails if response status code is different than the expected.</doc>
<status status="PASS" start="2025-01-28T17:50:36.393609" elapsed="0.000252"/>
</kw>
<kw name="Manage Item With Dynamic Item1" owner="Prepare_Xml_Content">
<msg time="2025-01-28T17:50:36.402105" level="INFO">after mod &lt;ItemList&gt;
	&lt;Item Action="Manage" GlobalItemID="12439482" ItemID="20250128175035" OrganizationCode="Liverpool" UnitOfMeasure="UN"&gt;
		&lt;Extn ExtnActive="01" ExtnItemSF="Y" ExtnItemSFDesc="ACTIVO" ExtnSuggestedPackage="" ExtnSkuPackage=""/&gt;
		&lt;PrimaryInformation DefaultProductClass="SL" Description="CHAROLA GIRATORIA AILE, 48CM, NATURAL H" ShortDescription="CHAROLA GIRATORIA AILE, 48CM, NATURAL H" ExtendedDisplayDescription="CHAROLA GIRATORIA REDO, 48 CM, NATURAL (12439482)" IsDeliveryAllowed="Y" IsPickupAllowed="Y" IsShippingAllowed="Y" PrimaryEnterpriseCode="Liverpool" SerializedFlag="N" Status="3000" UnitCost="829" ItemType=""/&gt;
		&lt;ClassificationCodes ECCNNo="HAUS" Model="18917" NAICSCode="7502008630089" NMFCClass="152" NMFCCode="15204"/&gt;
		&lt;InventoryParameters ATPRule="Liverpool_ATP" InventoryMonitorRule="EPL_ATP_MONITOR_RULE" NodeLevelInventoryMonitorRule="EPL_ATP_MONITOR_RULE"/&gt;
		&lt;ItemAliasList Reset="Y"&gt;
			&lt;ItemAlias AliasName="EAN1" AliasValue="7502008630089"/&gt;
		&lt;/ItemAliasList&gt;
	&lt;/Item&gt;
&lt;/ItemList&gt;</msg>
<msg time="2025-01-28T17:50:36.402407" level="INFO">${jsonItemId} = {'ItemList': {'Item': {'_Action': 'Manage', '_GlobalItemID': '12439482', '_ItemID': '20250128175035', '_OrganizationCode': 'Liverpool', '_UnitOfMeasure': 'UN', 'Extn': {'_ExtnActive': '01', '_ExtnItem...</msg>
<var>${jsonItemId}</var>
<arg>C:\\EPL-Liverpool-SL\\LvrplSL\\SL24_57_EPLFindInventory_logic_change_for_EPLChangeFlashStoreSyncService\\SL24_57_T_001\\test</arg>
<status status="PASS" start="2025-01-28T17:50:36.394073" elapsed="0.008363"/>
</kw>
<kw name="Dictionary Should Contain Key" owner="Collections">
<arg>${jsonItemId}</arg>
<arg>ItemList</arg>
<doc>Fails if ``key`` is not found from ``dictionary``.</doc>
<status status="PASS" start="2025-01-28T17:50:36.402666" elapsed="0.000151"/>
</kw>
<kw name="Get From Dictionary" owner="Collections">
<msg time="2025-01-28T17:50:36.403139" level="INFO">${Item_ID_Path} = {'Item': {'_Action': 'Manage', '_GlobalItemID': '12439482', '_ItemID': '20250128175035', '_OrganizationCode': 'Liverpool', '_UnitOfMeasure': 'UN', 'Extn': {'_ExtnActive': '01', '_ExtnItemSF': 'Y', '_E...</msg>
<var>${Item_ID_Path}</var>
<arg>${jsonItemId}</arg>
<arg>ItemList</arg>
<doc>Returns a value from the given ``dictionary`` based on the given ``key``.</doc>
<status status="PASS" start="2025-01-28T17:50:36.402990" elapsed="0.000167"/>
</kw>
<kw name="Adjust Inventory File" owner="Prepare_Xml_Content">
<msg time="2025-01-28T17:50:36.411117" level="INFO">${jsonAdjInv} = &lt;Items&gt;
	&lt;Item AdjustmentType="ABSOLUTE" Availability="TRACK" ItemID="20250128175035" OrganizationCode="Liverpool" Quantity="100" ReasonCode="itemSLRTAMS19t2" ReasonText="Ajuste GoldenGate" ShipNode="...</msg>
<var>${jsonAdjInv}</var>
<arg>${jsonItemId}[ItemList][Item][_ItemID]</arg>
<arg>C:\\EPL-Liverpool-SL\\LvrplSL\\SL24_57_EPLFindInventory_logic_change_for_EPLChangeFlashStoreSyncService\\SL24_57_T_001\\test</arg>
<status status="PASS" start="2025-01-28T17:50:36.403301" elapsed="0.007865"/>
</kw>
<kw name="POST On Session" owner="RequestsLibrary">
<msg time="2025-01-28T17:50:36.723713" level="INFO">POST Request : url=http://localhost:9080/smcfs/restapi/invoke/adjustInventory 
 path_url=/smcfs/restapi/invoke/adjustInventory 
 headers={'User-Agent': 'python-requests/2.32.3', 'Accept-Encoding': 'gzip, deflate', 'Accept': '*/*', 'Connection': 'keep-alive', 'Content-Type': 'application/xml', 'Authorization': 'Basic YWRtaW46Q2hhbmdlSXQ0bTM=', 'Content-Length': '254'} 
 body=&lt;Items&gt;
	&lt;Item AdjustmentType="ABSOLUTE" Availability="TRACK" ItemID="20250128175035" OrganizationCode="Liverpool" Quantity="100" ReasonCode="itemSLRTAMS19t2" ReasonText="Ajuste GoldenGate" ShipNode="127" SupplyType="ONHAND" UnitOfMeasure="UN"/&gt;
&lt;/Items&gt; 
 </msg>
<msg time="2025-01-28T17:50:36.723781" level="INFO">POST Response : url=http://localhost:9080/smcfs/restapi/invoke/adjustInventory 
 status=204, reason=No Content 
 headers={'X-FRAME-OPTIONS': 'SAMEORIGIN', 'X-UA-Compatible': 'IE=EmulateIE8', 'Access-Control-Allow-Origin': '*', 'Access-Control-Max-Age': '3600', 'Access-Control-Allow-Credentials': 'true', 'Content-Language': 'en-US', 'Vary': 'Accept-Encoding', 'Content-Length': '0', 'Date': 'Tue, 28 Jan 2025 12:20:36 GMT'} 
 body=None 
 </msg>
<msg time="2025-01-28T17:50:36.723875" level="INFO">${adjInvresponse} = &lt;Response [204]&gt;</msg>
<var>${adjInvresponse}</var>
<arg>AddData</arg>
<arg>${base_url_api}${adjustInventory}</arg>
<arg>data=${jsonAdjInv}</arg>
<arg>headers=${headers}</arg>
<doc>Sends a POST request on a previously created HTTP Session.</doc>
<status status="PASS" start="2025-01-28T17:50:36.411522" elapsed="0.312371"/>
</kw>
<kw name="Status Should Be" owner="RequestsLibrary">
<arg>204</arg>
<arg>${adjInvresponse}</arg>
<doc>Fails if response status code is different than the expected.</doc>
<status status="PASS" start="2025-01-28T17:50:36.724217" elapsed="0.000180"/>
</kw>
<kw name="Find Inventory File" owner="Prepare_Xml_Content">
<msg time="2025-01-28T17:50:36.734708" level="INFO">${jsonfindInventory} = &lt;Promise AllocationRuleID="FWD_RULES" CheckInventory="Y" EnterpriseCode="Liverpool" FulfillmentType="Fulfillment_Type_Liverpool"
 OrganizationCode="Liverpool"&gt;
	&lt;ShipToAddress Country="MX" ZipCode="98...</msg>
<var>${jsonfindInventory}</var>
<arg>${jsonItemId}[ItemList][Item][_ItemID]</arg>
<arg>C:\\EPL-Liverpool-SL\\LvrplSL\\SL24_57_EPLFindInventory_logic_change_for_EPLChangeFlashStoreSyncService\\SL24_57_T_001\\test</arg>
<status status="PASS" start="2025-01-28T17:50:36.724562" elapsed="0.010188"/>
</kw>
<kw name="POST On Session" owner="RequestsLibrary">
<msg time="2025-01-28T17:50:38.102558" level="INFO">POST Request : url=http://localhost:9080/smcfs/restapi/invoke/findInventory 
 path_url=/smcfs/restapi/invoke/findInventory 
 headers={'User-Agent': 'python-requests/2.32.3', 'Accept-Encoding': 'gzip, deflate', 'Accept': '*/*', 'Connection': 'keep-alive', 'Content-Type': 'application/xml', 'Authorization': 'Basic YWRtaW46Q2hhbmdlSXQ0bTM=', 'Content-Length': '338'} 
 body=&lt;Promise AllocationRuleID="FWD_RULES" CheckInventory="Y" EnterpriseCode="Liverpool" FulfillmentType="Fulfillment_Type_Liverpool"
 OrganizationCode="Liverpool"&gt;
	&lt;ShipToAddress Country="MX" ZipCode="98047"/&gt;
	&lt;PromiseLines&gt;
		&lt;PromiseLine ItemID="20250128175035" LineId="1" RequiredQty="20" UnitOfMeasure="UN"/&gt;
	&lt;/PromiseLines&gt;
&lt;/Promise&gt; 
 </msg>
<msg time="2025-01-28T17:50:38.102642" level="INFO">POST Response : url=http://localhost:9080/smcfs/restapi/invoke/findInventory 
 status=200, reason=OK 
 headers={'X-FRAME-OPTIONS': 'SAMEORIGIN', 'X-UA-Compatible': 'IE=EmulateIE8', 'Access-Control-Allow-Origin': '*', 'Access-Control-Max-Age': '3600', 'Access-Control-Allow-Credentials': 'true', 'Content-Type': 'application/json; charset=UTF-8', 'Content-Encoding': 'gzip', 'Content-Language': 'en-US', 'Vary': 'Accept-Encoding', 'Content-Length': '941', 'Date': 'Tue, 28 Jan 2025 12:20:38 GMT'} 
 body={"Options":{"TotalNumberOfRecords":"0"},"OptimizationType":"02","CheckInventory":"Y","AllocationRuleID":"FWD_RULES","SuggestedOption":{"Option":{"LastDate":"2025-01-28T12:20:36+00:00","OptionNo":"2","NodeQty":"20.00","FirstDate":"2025-01-28T12:20:36+00:00","AvailableFromUnplannedInventory":"N","TotalShipments":"1","Interactions":{"Interaction":[{"IsDelivery":"N","CarrierServiceCode":"","DeliveryMethod":"SHP","Node":"127","DeliveryDate":"2025-01-28T12:20:36+00:00","ShipDate":"2025-01-28T12:20:36+00:00","EarliestDate":"2025-01-28T00:00:00+00:00","LastDate":"2025-02-27T23:59:59+00:00","ItemGroupCode":"PROD","PersonInfoShipTo":{"VerificationStatus":"","Company":"","OtherPhone":"","UseCount":"0","EMailID":"","DayPhone":"","JobTitle":"","MobilePhone":"","Department":"","AlternateEmailID":"","PersonID":"","PreferredShipAddress":"","Beeper":"","FirstName":"","ZipCode":"98047","Title":"","City":"","MiddleName":"","DayFaxNo":"","HttpUrl":"","AddressLine3":"","AddressLine2":"","AddressLine1":"","Suffix":"","AddressLine6":"","AddressLine5":"","State":"","AddressLine4":"","EveningFaxNo":"","EveningPhone":"","Country":"MX","ErrorTxt":"","LastName":"","isHistory":"N"},"OrganizationCode":"","Carrier":"","TotalHandlingUnits":"0.00","InteractionNo":"1"}],"TotalNumberOfRecords":"1"},"LeastPriority":"0.00","PromiseLines":{"PromiseLine":[{"CarrierServiceCode":"","DeliveryMethod":"SHP","LineId":"1","UnitOfMeasure":"UN","Assignments":{"Assignment":[{"Procurements":{},"IsIdleAsset":"N","SegmentChangeQty":"0.00","ExternalNode":"N","ReservedQty":"0.00","AvailableFromUnplannedInventory":"N","ProcuredQty":"0.00","Quantity":"20.00","DeliveryDate":"2025-01-28T12:20:36+00:00","ShipDate":"2025-01-28T12:20:36+00:00","SubstituteItems":{},"MergeNode":"","SCAC":"","NodePriority":"0.00","ShipNode":"127","InteractionNo":"1","ProductAvailDate":"2025-01-28","Distance":"0.00","SubstitutedQty":"0.00"}],"TotalNumberOfRecords":"1"},"ReceivingNode":"","IsBundleParent":"N","ItemID":"20250128175035","Segment":"","SegmentType":"","NewItemID":"","SCAC":"","BundleParentLineId":"","KitQty":"1","RequiredQty":"20","AutoReplacedByPreferredSubstitute":"N","DistributionRuleId":"","ShipNode":"","ProductClass":"","FulfillmentType":"Fulfillment_Type_Liverpool"}],"TotalNumberOfRecords":"1"},"MaxPriority":"0.00","PromiseServiceLines":{"TotalNumberOfRecords":"0"},"HasAnyUnavailableQty":"N"}},"OrganizationCode":"Liverpool","EnterpriseCode":"Liverpool","FulfillmentType":"Fulfillment_Type_Liverpool"} 
 </msg>
<msg time="2025-01-28T17:50:38.102841" level="INFO">${findInventoryResponse} = &lt;Response [200]&gt;</msg>
<var>${findInventoryResponse}</var>
<arg>AddData</arg>
<arg>${base_url_api}${findInventory}</arg>
<arg>data=${jsonfindInventory}</arg>
<arg>headers=${headers}</arg>
<doc>Sends a POST request on a previously created HTTP Session.</doc>
<status status="PASS" start="2025-01-28T17:50:36.735009" elapsed="1.367852"/>
</kw>
<kw name="Convert To String" owner="BuiltIn">
<msg time="2025-01-28T17:50:38.103782" level="INFO">${resp} = {'Options': {'TotalNumberOfRecords': '0'}, 'OptimizationType': '02', 'CheckInventory': 'Y', 'AllocationRuleID': 'FWD_RULES', 'SuggestedOption': {'Option': {'LastDate': '2025-01-28T12:20:36+00:00', 'Op...</msg>
<var>${resp}</var>
<arg>${findInventoryResponse.json()}</arg>
<doc>Converts the given item to a Unicode string.</doc>
<status status="PASS" start="2025-01-28T17:50:38.103121" elapsed="0.000681"/>
</kw>
<kw name="Write Output File" owner="Prepare_Xml_Content">
<arg>${resp}</arg>
<arg>'findInv'</arg>
<arg>C:\\EPL-Liverpool-SL\\LvrplSL\\SL24_57_EPLFindInventory_logic_change_for_EPLChangeFlashStoreSyncService\\SL24_57_T_001\\test</arg>
<status status="PASS" start="2025-01-28T17:50:38.103986" elapsed="0.000741"/>
</kw>
<kw name="Log To Console" owner="BuiltIn">
<arg>${findInventoryResponse.json()}Assignments/Assignment</arg>
<doc>Logs the given message to the console.</doc>
<status status="PASS" start="2025-01-28T17:50:38.105016" elapsed="0.001279"/>
</kw>
<kw name="Dictionary Should Contain Key" owner="Collections">
<msg time="2025-01-28T17:50:38.107036" level="FAIL">Dictionary does not contain key 'Assignment[0]'.</msg>
<arg>${findInventoryResponse.json()}</arg>
<arg>Assignment[0]</arg>
<doc>Fails if ``key`` is not found from ``dictionary``.</doc>
<status status="FAIL" start="2025-01-28T17:50:38.106492" elapsed="0.000671">Dictionary does not contain key 'Assignment[0]'.</status>
</kw>
<kw name="Log To Console" owner="BuiltIn">
<arg>'**************************************'</arg>
<doc>Logs the given message to the console.</doc>
<status status="NOT RUN" start="2025-01-28T17:50:38.107351" elapsed="0.000017"/>
</kw>
<kw name="Get From Dictionary" owner="Collections">
<var>${Order_No}</var>
<arg>${findInventoryResponse.json()}</arg>
<arg>Assignment[0]</arg>
<doc>Returns a value from the given ``dictionary`` based on the given ``key``.</doc>
<status status="NOT RUN" start="2025-01-28T17:50:38.107539" elapsed="0.000013"/>
</kw>
<kw name="Log To Console" owner="BuiltIn">
<arg>'##########################################3'</arg>
<doc>Logs the given message to the console.</doc>
<status status="NOT RUN" start="2025-01-28T17:50:38.107656" elapsed="0.000012"/>
</kw>
<kw name="Log To Console" owner="BuiltIn">
<arg>${Order_No}</arg>
<doc>Logs the given message to the console.</doc>
<status status="NOT RUN" start="2025-01-28T17:50:38.107768" elapsed="0.000011"/>
</kw>
<tag>CREATEORDER</tag>
<tag>HAPPYFLOW</tag>
<tag>REGRESSION</tag>
<status status="FAIL" start="2025-01-28T17:50:35.778784" elapsed="2.329145">Dictionary does not contain key 'Assignment[0]'.</status>
</test>
<status status="FAIL" start="2025-01-28T17:50:33.860680" elapsed="4.247691"/>
</suite>
<status status="FAIL" start="2025-01-28T17:50:33.823298" elapsed="4.285775"/>
</suite>
<statistics>
<total>
<stat pass="0" fail="1" skip="0">All Tests</stat>
</total>
<tag>
<stat pass="0" fail="1" skip="0">CREATEORDER</stat>
<stat pass="0" fail="1" skip="0">HAPPYFLOW</stat>
<stat pass="0" fail="1" skip="0">REGRESSION</stat>
</tag>
<suite>
<stat pass="0" fail="1" skip="0" id="s1" name="Test">Test</stat>
<stat pass="0" fail="1" skip="0" id="s1-s1" name="EPLFindInventory">Test.EPLFindInventory</stat>
</suite>
</statistics>
<errors>
</errors>
</robot>
